2026-02-11T16:46:50.448852+00:00 START mode=run config=config/migration.yaml
2026-02-11T16:46:50.451876+00:00 RUN  preflight_one_step (Preflight checks (one_step)) -> scripts/00_preflight_one_step.sh
2026-02-11T16:46:50.452736+00:00 CMD /Users/balajin/Documents/GitHub/Mysql-to-MariaDB-Migration/scripts/00_preflight_one_step.sh
2026-02-11T16:46:50.458266+00:00 OUT ==> Preflight checks (one_step)
2026-02-11T16:46:50.463945+00:00 OUT mariadb-dump not found; mysqldump is available (OK).
2026-02-11T16:46:50.463984+00:00 OUT Checking source connectivity...
2026-02-11T16:46:50.521946+00:00 OUT Checking target SSH connectivity...
2026-02-11T16:46:50.916444+00:00 OUT Checking target mariadb client...
2026-02-11T16:46:51.139023+00:00 OUT Checking target TCP connectivity...
2026-02-11T16:46:51.374119+00:00 OUT pv not found (optional).
2026-02-11T16:46:51.374469+00:00 OUT Preflight complete.
2026-02-11T16:46:51.376087+00:00 RUN  create_migration_user (Create migration user on source and target) -> scripts/09_create_migration_user.sh
2026-02-11T16:46:51.376975+00:00 CMD /Users/balajin/Documents/GitHub/Mysql-to-MariaDB-Migration/scripts/09_create_migration_user.sh
2026-02-11T16:46:51.386851+00:00 OUT ==> Create migration user on source and target
2026-02-11T16:46:51.400256+00:00 OUT Creating migration user on source: 192.168.68.107:3306
2026-02-11T16:46:51.435437+00:00 OUT Creating migration user on target: 192.168.64.4:3306
2026-02-11T16:46:52.174577+00:00 OUT Migrating application users to target (default password)
2026-02-11T16:46:52.902128+00:00 OUT Migration user setup completed.
2026-02-11T16:46:52.903667+00:00 RUN  precheck (Precheck source variables and blockers) -> scripts/00_precheck.sh
2026-02-11T16:46:52.904543+00:00 CMD /Users/balajin/Documents/GitHub/Mysql-to-MariaDB-Migration/scripts/00_precheck.sh
2026-02-11T16:46:52.924509+00:00 OUT == Precheck runner ==
2026-02-11T16:46:52.926615+00:00 OUT Host: 192.168.68.107  Port: 3306  User: migrate
2026-02-11T16:46:52.928455+00:00 OUT Checks dir: /Users/balajin/Documents/GitHub/Mysql-to-MariaDB-Migration/sql/checks
2026-02-11T16:46:52.930469+00:00 OUT Outdir: /Users/balajin/Documents/GitHub/Mysql-to-MariaDB-Migration/artifacts/precheck
2026-02-11T16:46:52.932700+00:00 OUT 
2026-02-11T16:46:52.935159+00:00 OUT NOTE: mariadb-migrate-config-file not found; skipping config check.
2026-02-11T16:46:52.940872+00:00 OUT ---- mysql_version ----
2026-02-11T16:46:52.966905+00:00 OUT 8.4.8
2026-02-11T16:46:52.971473+00:00 OUT 
2026-02-11T16:46:52.974974+00:00 OUT ---- innodb_settings ----
2026-02-11T16:46:52.996096+00:00 OUT 1	1
2026-02-11T16:46:53.000364+00:00 OUT 
2026-02-11T16:46:53.003684+00:00 OUT ---- auth_plugins ----
2026-02-11T16:46:53.031613+00:00 OUT migrate	%	caching_sha2_password
2026-02-11T16:46:53.031677+00:00 OUT migrate	192.168.64.2	caching_sha2_password
2026-02-11T16:46:53.031717+00:00 OUT packer	%	caching_sha2_password
2026-02-11T16:46:53.031752+00:00 OUT root	localhost	caching_sha2_password
2026-02-11T16:46:53.035076+00:00 OUT 
2026-02-11T16:46:53.038552+00:00 OUT ---- json_columns ----
2026-02-11T16:46:53.065429+00:00 OUT testdb	orders_json	data_json	json
2026-02-11T16:46:53.069025+00:00 OUT 
2026-02-11T16:46:53.072259+00:00 OUT ---- compression_encryption ----
2026-02-11T16:46:53.098291+00:00 OUT (no rows)
2026-02-11T16:46:53.099979+00:00 OUT 
2026-02-11T16:46:53.103713+00:00 OUT ---- engines_summary ----
2026-02-11T16:46:53.133636+00:00 OUT PERFORMANCE_SCHEMA	113
2026-02-11T16:46:53.133694+00:00 OUT InnoDB	65
2026-02-11T16:46:53.133725+00:00 OUT CSV	2
2026-02-11T16:46:53.137468+00:00 OUT 
2026-02-11T16:46:53.140721+00:00 OUT ---- schema_sizes ----
2026-02-11T16:46:53.212223+00:00 OUT testdb	38.56
2026-02-11T16:46:53.212322+00:00 OUT sakila	6.45
2026-02-11T16:46:53.216285+00:00 OUT mysql	2.61
2026-02-11T16:46:53.216350+00:00 OUT world	0.77
2026-02-11T16:46:53.216393+00:00 OUT classicmodels	0.50
2026-02-11T16:46:53.216431+00:00 OUT sys	0.02
2026-02-11T16:46:53.216470+00:00 OUT information_schema	0.00
2026-02-11T16:46:53.216511+00:00 OUT performance_schema	0.00
2026-02-11T16:46:53.220498+00:00 OUT 
2026-02-11T16:46:53.224636+00:00 OUT ---- schema_charsets ----
2026-02-11T16:46:53.249644+00:00 OUT classicmodels	latin1	latin1_swedish_ci
2026-02-11T16:46:53.249722+00:00 OUT sakila	utf8mb4	utf8mb4_0900_ai_ci
2026-02-11T16:46:53.249769+00:00 OUT testdb	utf8mb4	utf8mb4_0900_ai_ci
2026-02-11T16:46:53.249808+00:00 OUT world	utf8mb4	utf8mb4_0900_ai_ci
2026-02-11T16:46:53.253697+00:00 OUT 
2026-02-11T16:46:53.257508+00:00 OUT ---- mysql8_collations ----
2026-02-11T16:46:53.280876+00:00 OUT sakila	actor	utf8mb4_0900_ai_ci
2026-02-11T16:46:53.280942+00:00 OUT sakila	address	utf8mb4_0900_ai_ci
2026-02-11T16:46:53.280982+00:00 OUT sakila	category	utf8mb4_0900_ai_ci
2026-02-11T16:46:53.281023+00:00 OUT sakila	city	utf8mb4_0900_ai_ci
2026-02-11T16:46:53.281057+00:00 OUT sakila	country	utf8mb4_0900_ai_ci
2026-02-11T16:46:53.281087+00:00 OUT sakila	customer	utf8mb4_0900_ai_ci
2026-02-11T16:46:53.281139+00:00 OUT sakila	film	utf8mb4_0900_ai_ci
2026-02-11T16:46:53.281165+00:00 OUT sakila	film_actor	utf8mb4_0900_ai_ci
2026-02-11T16:46:53.281191+00:00 OUT sakila	film_category	utf8mb4_0900_ai_ci
2026-02-11T16:46:53.281216+00:00 OUT sakila	film_text	utf8mb4_0900_ai_ci
2026-02-11T16:46:53.281241+00:00 OUT sakila	inventory	utf8mb4_0900_ai_ci
2026-02-11T16:46:53.281265+00:00 OUT sakila	language	utf8mb4_0900_ai_ci
2026-02-11T16:46:53.281288+00:00 OUT sakila	payment	utf8mb4_0900_ai_ci
2026-02-11T16:46:53.281312+00:00 OUT sakila	rental	utf8mb4_0900_ai_ci
2026-02-11T16:46:53.281336+00:00 OUT sakila	staff	utf8mb4_0900_ai_ci
2026-02-11T16:46:53.281360+00:00 OUT sakila	store	utf8mb4_0900_ai_ci
2026-02-11T16:46:53.281383+00:00 OUT testdb	orders_json	utf8mb4_0900_ai_ci
2026-02-11T16:46:53.281407+00:00 OUT world	city	utf8mb4_0900_ai_ci
2026-02-11T16:46:53.281437+00:00 OUT world	country	utf8mb4_0900_ai_ci
2026-02-11T16:46:53.281461+00:00 OUT world	countrylanguage	utf8mb4_0900_ai_ci
2026-02-11T16:46:53.284513+00:00 OUT 
2026-02-11T16:46:53.287737+00:00 OUT ---- mysql8_column_collations ----
2026-02-11T16:46:53.323482+00:00 OUT sakila	actor	first_name	utf8mb4_0900_ai_ci
2026-02-11T16:46:53.323568+00:00 OUT sakila	actor	last_name	utf8mb4_0900_ai_ci
2026-02-11T16:46:53.323608+00:00 OUT sakila	actor_info	film_info	utf8mb4_0900_ai_ci
2026-02-11T16:46:53.323638+00:00 OUT sakila	actor_info	first_name	utf8mb4_0900_ai_ci
2026-02-11T16:46:53.323665+00:00 OUT sakila	actor_info	last_name	utf8mb4_0900_ai_ci
2026-02-11T16:46:53.323693+00:00 OUT sakila	address	address	utf8mb4_0900_ai_ci
2026-02-11T16:46:53.323725+00:00 OUT sakila	address	address2	utf8mb4_0900_ai_ci
2026-02-11T16:46:53.323758+00:00 OUT sakila	address	district	utf8mb4_0900_ai_ci
2026-02-11T16:46:53.323787+00:00 OUT sakila	address	phone	utf8mb4_0900_ai_ci
2026-02-11T16:46:53.323822+00:00 OUT sakila	address	postal_code	utf8mb4_0900_ai_ci
2026-02-11T16:46:53.323857+00:00 OUT sakila	category	name	utf8mb4_0900_ai_ci
2026-02-11T16:46:53.323884+00:00 OUT sakila	city	city	utf8mb4_0900_ai_ci
2026-02-11T16:46:53.323913+00:00 OUT sakila	country	country	utf8mb4_0900_ai_ci
2026-02-11T16:46:53.323937+00:00 OUT sakila	customer	email	utf8mb4_0900_ai_ci
2026-02-11T16:46:53.323961+00:00 OUT sakila	customer	first_name	utf8mb4_0900_ai_ci
2026-02-11T16:46:53.323994+00:00 OUT sakila	customer	last_name	utf8mb4_0900_ai_ci
2026-02-11T16:46:53.324020+00:00 OUT sakila	customer_list	address	utf8mb4_0900_ai_ci
2026-02-11T16:46:53.324049+00:00 OUT sakila	customer_list	city	utf8mb4_0900_ai_ci
2026-02-11T16:46:53.324073+00:00 OUT sakila	customer_list	country	utf8mb4_0900_ai_ci
2026-02-11T16:46:53.324097+00:00 OUT sakila	customer_list	name	utf8mb4_0900_ai_ci
2026-02-11T16:46:53.324121+00:00 OUT sakila	customer_list	notes	utf8mb4_0900_ai_ci
2026-02-11T16:46:53.324152+00:00 OUT sakila	customer_list	phone	utf8mb4_0900_ai_ci
2026-02-11T16:46:53.324182+00:00 OUT sakila	customer_list	zip code	utf8mb4_0900_ai_ci
2026-02-11T16:46:53.324210+00:00 OUT sakila	film	description	utf8mb4_0900_ai_ci
2026-02-11T16:46:53.324376+00:00 OUT sakila	film	rating	utf8mb4_0900_ai_ci
2026-02-11T16:46:53.324418+00:00 OUT sakila	film	special_features	utf8mb4_0900_ai_ci
2026-02-11T16:46:53.324481+00:00 OUT sakila	film	title	utf8mb4_0900_ai_ci
2026-02-11T16:46:53.324518+00:00 OUT sakila	film_list	actors	utf8mb4_0900_ai_ci
2026-02-11T16:46:53.324558+00:00 OUT sakila	film_list	category	utf8mb4_0900_ai_ci
2026-02-11T16:46:53.324606+00:00 OUT sakila	film_list	description	utf8mb4_0900_ai_ci
2026-02-11T16:46:53.324633+00:00 OUT sakila	film_list	rating	utf8mb4_0900_ai_ci
2026-02-11T16:46:53.324664+00:00 OUT sakila	film_list	title	utf8mb4_0900_ai_ci
2026-02-11T16:46:53.324700+00:00 OUT sakila	film_text	description	utf8mb4_0900_ai_ci
2026-02-11T16:46:53.324730+00:00 OUT sakila	film_text	title	utf8mb4_0900_ai_ci
2026-02-11T16:46:53.324757+00:00 OUT sakila	language	name	utf8mb4_0900_ai_ci
2026-02-11T16:46:53.324785+00:00 OUT sakila	nicer_but_slower_film_list	actors	utf8mb4_0900_ai_ci
2026-02-11T16:46:53.324814+00:00 OUT sakila	nicer_but_slower_film_list	category	utf8mb4_0900_ai_ci
2026-02-11T16:46:53.324874+00:00 OUT sakila	nicer_but_slower_film_list	description	utf8mb4_0900_ai_ci
2026-02-11T16:46:53.324951+00:00 OUT sakila	nicer_but_slower_film_list	rating	utf8mb4_0900_ai_ci
2026-02-11T16:46:53.324981+00:00 OUT sakila	nicer_but_slower_film_list	title	utf8mb4_0900_ai_ci
2026-02-11T16:46:53.325020+00:00 OUT sakila	sales_by_film_category	category	utf8mb4_0900_ai_ci
2026-02-11T16:46:53.325047+00:00 OUT sakila	sales_by_store	manager	utf8mb4_0900_ai_ci
2026-02-11T16:46:53.325076+00:00 OUT sakila	sales_by_store	store	utf8mb4_0900_ai_ci
2026-02-11T16:46:53.325108+00:00 OUT sakila	staff	email	utf8mb4_0900_ai_ci
2026-02-11T16:46:53.325145+00:00 OUT sakila	staff	first_name	utf8mb4_0900_ai_ci
2026-02-11T16:46:53.325171+00:00 OUT sakila	staff	last_name	utf8mb4_0900_ai_ci
2026-02-11T16:46:53.325198+00:00 OUT sakila	staff	username	utf8mb4_0900_ai_ci
2026-02-11T16:46:53.325226+00:00 OUT sakila	staff_list	address	utf8mb4_0900_ai_ci
2026-02-11T16:46:53.325257+00:00 OUT sakila	staff_list	city	utf8mb4_0900_ai_ci
2026-02-11T16:46:53.325291+00:00 OUT sakila	staff_list	country	utf8mb4_0900_ai_ci
2026-02-11T16:46:53.327779+00:00 OUT ... (truncated; full output in /Users/balajin/Documents/GitHub/Mysql-to-MariaDB-Migration/artifacts/precheck/mysql8_column_collations.tsv)
2026-02-11T16:46:53.329497+00:00 OUT 
2026-02-11T16:46:53.332772+00:00 OUT ---- sql_mode ----
2026-02-11T16:46:53.466170+00:00 OUT ONLY_FULL_GROUP_BY,STRICT_TRANS_TABLES,NO_ZERO_IN_DATE,NO_ZERO_DATE,ERROR_FOR_DIVISION_BY_ZERO,NO_ENGINE_SUBSTITUTION
2026-02-11T16:46:53.470300+00:00 OUT 
2026-02-11T16:46:53.474104+00:00 OUT ---- definers_inventory ----
2026-02-11T16:46:53.532577+00:00 OUT ROUTINE	root@localhost	6
2026-02-11T16:46:53.532692+00:00 OUT TRIGGER	root@localhost	6
2026-02-11T16:46:53.532800+00:00 OUT VIEW	root@localhost	7
2026-02-11T16:46:53.536682+00:00 OUT 
2026-02-11T16:46:53.540377+00:00 OUT ---- partitioned_tables ----
2026-02-11T16:46:53.575824+00:00 OUT (no rows)
2026-02-11T16:46:53.577640+00:00 OUT 
2026-02-11T16:46:53.581170+00:00 OUT ---- active_plugins ----
2026-02-11T16:46:53.620772+00:00 OUT ARCHIVE	ACTIVE
2026-02-11T16:46:53.620850+00:00 OUT binlog	ACTIVE
2026-02-11T16:46:53.620889+00:00 OUT BLACKHOLE	ACTIVE
2026-02-11T16:46:53.620924+00:00 OUT caching_sha2_password	ACTIVE
2026-02-11T16:46:53.620963+00:00 OUT CSV	ACTIVE
2026-02-11T16:46:53.620997+00:00 OUT daemon_keyring_proxy_plugin	ACTIVE
2026-02-11T16:46:53.621034+00:00 OUT InnoDB	ACTIVE
2026-02-11T16:46:53.621067+00:00 OUT INNODB_BUFFER_PAGE	ACTIVE
2026-02-11T16:46:53.621099+00:00 OUT INNODB_BUFFER_PAGE_LRU	ACTIVE
2026-02-11T16:46:53.621130+00:00 OUT INNODB_BUFFER_POOL_STATS	ACTIVE
2026-02-11T16:46:53.621161+00:00 OUT INNODB_CACHED_INDEXES	ACTIVE
2026-02-11T16:46:53.621191+00:00 OUT INNODB_CMP	ACTIVE
2026-02-11T16:46:53.621226+00:00 OUT INNODB_CMPMEM	ACTIVE
2026-02-11T16:46:53.621256+00:00 OUT INNODB_CMPMEM_RESET	ACTIVE
2026-02-11T16:46:53.621285+00:00 OUT INNODB_CMP_PER_INDEX	ACTIVE
2026-02-11T16:46:53.621438+00:00 OUT INNODB_CMP_PER_INDEX_RESET	ACTIVE
2026-02-11T16:46:53.621474+00:00 OUT INNODB_CMP_RESET	ACTIVE
2026-02-11T16:46:53.621503+00:00 OUT INNODB_COLUMNS	ACTIVE
2026-02-11T16:46:53.621559+00:00 OUT INNODB_FT_BEING_DELETED	ACTIVE
2026-02-11T16:46:53.621592+00:00 OUT INNODB_FT_CONFIG	ACTIVE
2026-02-11T16:46:53.621622+00:00 OUT INNODB_FT_DEFAULT_STOPWORD	ACTIVE
2026-02-11T16:46:53.621651+00:00 OUT INNODB_FT_DELETED	ACTIVE
2026-02-11T16:46:53.621679+00:00 OUT INNODB_FT_INDEX_CACHE	ACTIVE
2026-02-11T16:46:53.621707+00:00 OUT INNODB_FT_INDEX_TABLE	ACTIVE
2026-02-11T16:46:53.621736+00:00 OUT INNODB_INDEXES	ACTIVE
2026-02-11T16:46:53.621765+00:00 OUT INNODB_METRICS	ACTIVE
2026-02-11T16:46:53.621799+00:00 OUT INNODB_SESSION_TEMP_TABLESPACES	ACTIVE
2026-02-11T16:46:53.621827+00:00 OUT INNODB_TABLES	ACTIVE
2026-02-11T16:46:53.621855+00:00 OUT INNODB_TABLESPACES	ACTIVE
2026-02-11T16:46:53.621884+00:00 OUT INNODB_TABLESTATS	ACTIVE
2026-02-11T16:46:53.621912+00:00 OUT INNODB_TEMP_TABLE_INFO	ACTIVE
2026-02-11T16:46:53.621940+00:00 OUT INNODB_TRX	ACTIVE
2026-02-11T16:46:53.621968+00:00 OUT INNODB_VIRTUAL	ACTIVE
2026-02-11T16:46:53.622001+00:00 OUT MEMORY	ACTIVE
2026-02-11T16:46:53.622032+00:00 OUT MRG_MYISAM	ACTIVE
2026-02-11T16:46:53.622064+00:00 OUT MyISAM	ACTIVE
2026-02-11T16:46:53.622096+00:00 OUT mysqlx	ACTIVE
2026-02-11T16:46:53.622127+00:00 OUT mysqlx_cache_cleaner	ACTIVE
2026-02-11T16:46:53.622159+00:00 OUT ngram	ACTIVE
2026-02-11T16:46:53.622206+00:00 OUT PERFORMANCE_SCHEMA	ACTIVE
2026-02-11T16:46:53.622238+00:00 OUT sha256_password	ACTIVE
2026-02-11T16:46:53.622269+00:00 OUT sha2_cache_cleaner	ACTIVE
2026-02-11T16:46:53.622301+00:00 OUT TempTable	ACTIVE
2026-02-11T16:46:53.624993+00:00 OUT 
2026-02-11T16:46:53.628202+00:00 OUT ---- functional_indexes ----
2026-02-11T16:46:53.655094+00:00 OUT (no rows)
2026-02-11T16:46:53.656837+00:00 OUT 
2026-02-11T16:46:53.660139+00:00 OUT ---- invisible_columns ----
2026-02-11T16:46:53.684323+00:00 OUT (no rows)
2026-02-11T16:46:53.686356+00:00 OUT 
2026-02-11T16:46:53.689633+00:00 OUT ---- check_constraints ----
2026-02-11T16:46:53.717150+00:00 OUT (no rows)
2026-02-11T16:46:53.719136+00:00 OUT 
2026-02-11T16:46:53.723071+00:00 OUT Precheck complete.
2026-02-11T16:46:53.724729+00:00 OUT TSV outputs: /Users/balajin/Documents/GitHub/Mysql-to-MariaDB-Migration/artifacts/precheck/*.tsv
2026-02-11T16:46:53.725922+00:00 RUN  one_step_dump_restore (One-step dump/restore (mariadb-dump | mariadb)) -> scripts/10_one_step_migration.sh
2026-02-11T16:46:53.726313+00:00 CMD /Users/balajin/Documents/GitHub/Mysql-to-MariaDB-Migration/scripts/10_one_step_migration.sh
2026-02-11T16:46:53.732376+00:00 OUT ==> One-step migration (mariadb-dump | mariadb)
2026-02-11T16:46:53.732495+00:00 OUT mariadb-dump not found; using mysqldump.
2026-02-11T16:46:53.732581+00:00 OUT Source: 192.168.68.107:3306  DBs: testdb,world
2026-02-11T16:46:53.732621+00:00 OUT Target: 192.168.64.4:3306
2026-02-11T16:46:53.732680+00:00 OUT pv not found; running without progress meter.
2026-02-11T16:46:53.962958+00:00 OUT WARNING: option --ssl-verify-server-cert is disabled, because of an insecure passwordless login.
2026-02-11T16:46:53.990361+00:00 OUT --------------
2026-02-11T16:46:53.990505+00:00 OUT DROP TABLE IF EXISTS `orders_json`
2026-02-11T16:46:53.990557+00:00 OUT --------------
2026-02-11T16:46:53.990598+00:00 OUT 
2026-02-11T16:46:53.990636+00:00 OUT ERROR 1815 (HY000) at line 30: Internal error: Cannot execute the statement. DBRM is read only!
2026-02-11T16:46:53.993041+00:00 OUT mysqldump: Got errno 32 on write
2026-02-11T16:46:53.994989+00:00 FINISH success=False message=Run failed at step: one_step_dump_restore
