2026-02-25T07:48:41.861300+00:00 START mode=assessment config=config/source.yaml
2026-02-25T07:48:42.133527+00:00 Assessment source auth selected: SRC_ADMIN_USER (admin)
2026-02-25T07:48:42.141848+00:00 RUN precheck -> /mnt/macshare/scripts/00_precheck.sh
2026-02-25T07:48:50.484039+00:00 == Precheck runner ==
2026-02-25T07:48:50.487694+00:00 Host: 192.168.64.7  Port: 3306  User: admin
2026-02-25T07:48:50.492804+00:00 Checks dir: /mnt/macshare/sql/checks
2026-02-25T07:48:50.497826+00:00 Outdir: artifacts/assess_20260225_074840/precheck
2026-02-25T07:48:50.501252+00:00 
2026-02-25T07:48:50.506958+00:00 NOTE: mariadb-migrate-config-file not found; skipping config check.
2026-02-25T07:48:50.512395+00:00 ---- mysql_version ----
2026-02-25T07:48:50.516798+00:00 8.0.45-0ubuntu0.24.04.1
2026-02-25T07:48:50.521278+00:00 
2026-02-25T07:48:50.528630+00:00 ---- innodb_settings ----
2026-02-25T07:48:50.531882+00:00 1	1
2026-02-25T07:48:50.537310+00:00 
2026-02-25T07:48:50.540990+00:00 ---- auth_plugins ----
2026-02-25T07:48:50.545577+00:00 admin	%	caching_sha2_password
2026-02-25T07:48:50.549540+00:00 admin	192.168.64.11	caching_sha2_password
2026-02-25T07:48:50.553958+00:00 admin	192.168.64.3	caching_sha2_password
2026-02-25T07:48:50.559727+00:00 admin	192.168.64.7	caching_sha2_password
2026-02-25T07:48:50.564282+00:00 admin	localhost	caching_sha2_password
2026-02-25T07:48:50.568634+00:00 debian-sys-maint	localhost	caching_sha2_password
2026-02-25T07:48:50.573476+00:00 migrate	%	caching_sha2_password
2026-02-25T07:48:50.578310+00:00 
2026-02-25T07:48:50.584016+00:00 ---- json_columns ----
2026-02-25T07:48:50.589192+00:00 testdb	orders_json	data_json	json
2026-02-25T07:48:50.594656+00:00 
2026-02-25T07:48:50.599892+00:00 ---- compression_encryption ----
2026-02-25T07:48:50.615320+00:00 (no rows)
2026-02-25T07:48:50.622154+00:00 
2026-02-25T07:48:50.626749+00:00 ---- engines_summary ----
2026-02-25T07:48:50.632588+00:00 PERFORMANCE_SCHEMA	111
2026-02-25T07:48:50.638495+00:00 InnoDB	56
2026-02-25T07:48:50.642935+00:00 CSV	2
2026-02-25T07:48:50.647454+00:00 
2026-02-25T07:48:50.653135+00:00 ---- schema_sizes ----
2026-02-25T07:48:50.657677+00:00 testdb	38.56
2026-02-25T07:48:50.662257+00:00 sakila	6.45
2026-02-25T07:48:50.668395+00:00 mysql	2.70
2026-02-25T07:48:50.671586+00:00 world	0.77
2026-02-25T07:48:50.676778+00:00 sys	0.02
2026-02-25T07:48:50.681902+00:00 information_schema	0.00
2026-02-25T07:48:50.685570+00:00 performance_schema	0.00
2026-02-25T07:48:50.690971+00:00 
2026-02-25T07:48:50.694424+00:00 ---- schema_charsets ----
2026-02-25T07:48:50.699952+00:00 sakila	utf8mb4	utf8mb4_0900_ai_ci
2026-02-25T07:48:50.705404+00:00 testdb	utf8mb4	utf8mb4_0900_ai_ci
2026-02-25T07:48:50.710923+00:00 world	utf8mb4	utf8mb4_0900_ai_ci
2026-02-25T07:48:50.715458+00:00 
2026-02-25T07:48:50.722400+00:00 ---- mysql8_collations ----
2026-02-25T07:48:50.726892+00:00 sakila	actor	utf8mb4_0900_ai_ci
2026-02-25T07:48:50.731377+00:00 sakila	address	utf8mb4_0900_ai_ci
2026-02-25T07:48:50.737504+00:00 sakila	category	utf8mb4_0900_ai_ci
2026-02-25T07:48:50.742070+00:00 sakila	city	utf8mb4_0900_ai_ci
2026-02-25T07:48:50.747758+00:00 sakila	country	utf8mb4_0900_ai_ci
2026-02-25T07:48:50.753426+00:00 sakila	customer	utf8mb4_0900_ai_ci
2026-02-25T07:48:50.758809+00:00 sakila	film	utf8mb4_0900_ai_ci
2026-02-25T07:48:50.765626+00:00 sakila	film_actor	utf8mb4_0900_ai_ci
2026-02-25T07:48:50.770340+00:00 sakila	film_category	utf8mb4_0900_ai_ci
2026-02-25T07:48:50.776411+00:00 sakila	film_text	utf8mb4_0900_ai_ci
2026-02-25T07:48:50.781485+00:00 sakila	inventory	utf8mb4_0900_ai_ci
2026-02-25T07:48:50.786630+00:00 sakila	language	utf8mb4_0900_ai_ci
2026-02-25T07:48:50.789106+00:00 sakila	payment	utf8mb4_0900_ai_ci
2026-02-25T07:48:50.794918+00:00 sakila	rental	utf8mb4_0900_ai_ci
2026-02-25T07:48:50.804189+00:00 sakila	staff	utf8mb4_0900_ai_ci
2026-02-25T07:48:50.807852+00:00 sakila	store	utf8mb4_0900_ai_ci
2026-02-25T07:48:50.812880+00:00 testdb	orders_json	utf8mb4_0900_ai_ci
2026-02-25T07:48:50.819129+00:00 world	city	utf8mb4_0900_ai_ci
2026-02-25T07:48:50.825422+00:00 world	country	utf8mb4_0900_ai_ci
2026-02-25T07:48:50.834094+00:00 world	countrylanguage	utf8mb4_0900_ai_ci
2026-02-25T07:48:50.836818+00:00 
2026-02-25T07:48:50.842676+00:00 ---- mysql8_column_collations ----
2026-02-25T07:48:50.848080+00:00 sakila	actor	first_name	utf8mb4_0900_ai_ci
2026-02-25T07:48:50.851658+00:00 sakila	actor	last_name	utf8mb4_0900_ai_ci
2026-02-25T07:48:50.857904+00:00 sakila	actor_info	film_info	utf8mb4_0900_ai_ci
2026-02-25T07:48:50.864924+00:00 sakila	actor_info	first_name	utf8mb4_0900_ai_ci
2026-02-25T07:48:50.868425+00:00 sakila	actor_info	last_name	utf8mb4_0900_ai_ci
2026-02-25T07:48:50.874318+00:00 sakila	address	address	utf8mb4_0900_ai_ci
2026-02-25T07:48:50.880839+00:00 sakila	address	address2	utf8mb4_0900_ai_ci
2026-02-25T07:48:50.886101+00:00 sakila	address	district	utf8mb4_0900_ai_ci
2026-02-25T07:48:50.891838+00:00 sakila	address	phone	utf8mb4_0900_ai_ci
2026-02-25T07:48:50.898633+00:00 sakila	address	postal_code	utf8mb4_0900_ai_ci
2026-02-25T07:48:50.902022+00:00 sakila	category	name	utf8mb4_0900_ai_ci
2026-02-25T07:48:50.906796+00:00 sakila	city	city	utf8mb4_0900_ai_ci
2026-02-25T07:48:50.910622+00:00 sakila	country	country	utf8mb4_0900_ai_ci
2026-02-25T07:48:50.914844+00:00 sakila	customer	email	utf8mb4_0900_ai_ci
2026-02-25T07:48:50.919221+00:00 sakila	customer	first_name	utf8mb4_0900_ai_ci
2026-02-25T07:48:50.922683+00:00 sakila	customer	last_name	utf8mb4_0900_ai_ci
2026-02-25T07:48:50.927358+00:00 sakila	customer_list	address	utf8mb4_0900_ai_ci
2026-02-25T07:48:50.934193+00:00 sakila	customer_list	city	utf8mb4_0900_ai_ci
2026-02-25T07:48:50.940179+00:00 sakila	customer_list	country	utf8mb4_0900_ai_ci
2026-02-25T07:48:50.946474+00:00 sakila	customer_list	name	utf8mb4_0900_ai_ci
2026-02-25T07:48:50.953501+00:00 sakila	customer_list	notes	utf8mb4_0900_ai_ci
2026-02-25T07:48:50.958107+00:00 sakila	customer_list	phone	utf8mb4_0900_ai_ci
2026-02-25T07:48:50.961483+00:00 sakila	customer_list	zip code	utf8mb4_0900_ai_ci
2026-02-25T07:48:50.964751+00:00 sakila	film	description	utf8mb4_0900_ai_ci
2026-02-25T07:48:50.969848+00:00 sakila	film	rating	utf8mb4_0900_ai_ci
2026-02-25T07:48:50.973764+00:00 sakila	film	special_features	utf8mb4_0900_ai_ci
2026-02-25T07:48:50.978817+00:00 sakila	film	title	utf8mb4_0900_ai_ci
2026-02-25T07:48:50.983583+00:00 sakila	film_list	actors	utf8mb4_0900_ai_ci
2026-02-25T07:48:50.988022+00:00 sakila	film_list	category	utf8mb4_0900_ai_ci
2026-02-25T07:48:50.993640+00:00 sakila	film_list	description	utf8mb4_0900_ai_ci
2026-02-25T07:48:51.001029+00:00 sakila	film_list	rating	utf8mb4_0900_ai_ci
2026-02-25T07:48:51.004958+00:00 sakila	film_list	title	utf8mb4_0900_ai_ci
2026-02-25T07:48:51.010172+00:00 sakila	film_text	description	utf8mb4_0900_ai_ci
2026-02-25T07:48:51.013922+00:00 sakila	film_text	title	utf8mb4_0900_ai_ci
2026-02-25T07:48:51.020229+00:00 sakila	language	name	utf8mb4_0900_ai_ci
2026-02-25T07:48:51.026315+00:00 sakila	nicer_but_slower_film_list	actors	utf8mb4_0900_ai_ci
2026-02-25T07:48:51.030841+00:00 sakila	nicer_but_slower_film_list	category	utf8mb4_0900_ai_ci
2026-02-25T07:48:51.039461+00:00 sakila	nicer_but_slower_film_list	description	utf8mb4_0900_ai_ci
2026-02-25T07:48:51.044264+00:00 sakila	nicer_but_slower_film_list	rating	utf8mb4_0900_ai_ci
2026-02-25T07:48:51.049054+00:00 sakila	nicer_but_slower_film_list	title	utf8mb4_0900_ai_ci
2026-02-25T07:48:51.053239+00:00 sakila	sales_by_film_category	category	utf8mb4_0900_ai_ci
2026-02-25T07:48:51.059421+00:00 sakila	sales_by_store	manager	utf8mb4_0900_ai_ci
2026-02-25T07:48:51.063349+00:00 sakila	sales_by_store	store	utf8mb4_0900_ai_ci
2026-02-25T07:48:51.068985+00:00 sakila	staff	email	utf8mb4_0900_ai_ci
2026-02-25T07:48:51.073461+00:00 sakila	staff	first_name	utf8mb4_0900_ai_ci
2026-02-25T07:48:51.079210+00:00 sakila	staff	last_name	utf8mb4_0900_ai_ci
2026-02-25T07:48:51.085489+00:00 sakila	staff	username	utf8mb4_0900_ai_ci
2026-02-25T07:48:51.089808+00:00 sakila	staff_list	address	utf8mb4_0900_ai_ci
2026-02-25T07:48:51.094341+00:00 sakila	staff_list	city	utf8mb4_0900_ai_ci
2026-02-25T07:48:51.100779+00:00 sakila	staff_list	country	utf8mb4_0900_ai_ci
2026-02-25T07:48:51.104143+00:00 ... (truncated; full output in artifacts/assess_20260225_074840/precheck/mysql8_column_collations.tsv)
2026-02-25T07:48:51.111952+00:00 
2026-02-25T07:48:51.115737+00:00 ---- sql_mode ----
2026-02-25T07:48:51.122194+00:00 ONLY_FULL_GROUP_BY,STRICT_TRANS_TABLES,NO_ZERO_IN_DATE,NO_ZERO_DATE,ERROR_FOR_DIVISION_BY_ZERO,NO_ENGINE_SUBSTITUTION
2026-02-25T07:48:51.126513+00:00 
2026-02-25T07:48:51.132715+00:00 ---- definers_inventory ----
2026-02-25T07:48:51.136554+00:00 TRIGGER	root@localhost	6
2026-02-25T07:48:51.143136+00:00 VIEW	root@localhost	7
2026-02-25T07:48:51.149201+00:00 
2026-02-25T07:48:51.153727+00:00 ---- partitioned_tables ----
2026-02-25T07:48:51.159258+00:00 (no rows)
2026-02-25T07:48:51.165336+00:00 
2026-02-25T07:48:51.175515+00:00 ---- active_plugins ----
2026-02-25T07:48:51.179731+00:00 ARCHIVE	ACTIVE
2026-02-25T07:48:51.185844+00:00 auth_socket	ACTIVE
2026-02-25T07:48:51.190943+00:00 binlog	ACTIVE
2026-02-25T07:48:51.197088+00:00 BLACKHOLE	ACTIVE
2026-02-25T07:48:51.201796+00:00 caching_sha2_password	ACTIVE
2026-02-25T07:48:51.207454+00:00 CSV	ACTIVE
2026-02-25T07:48:51.214685+00:00 daemon_keyring_proxy_plugin	ACTIVE
2026-02-25T07:48:51.220136+00:00 InnoDB	ACTIVE
2026-02-25T07:48:51.225498+00:00 INNODB_BUFFER_PAGE	ACTIVE
2026-02-25T07:48:51.233781+00:00 INNODB_BUFFER_PAGE_LRU	ACTIVE
2026-02-25T07:48:51.237776+00:00 INNODB_BUFFER_POOL_STATS	ACTIVE
2026-02-25T07:48:51.247226+00:00 INNODB_CACHED_INDEXES	ACTIVE
2026-02-25T07:48:51.250466+00:00 INNODB_CMP	ACTIVE
2026-02-25T07:48:51.255542+00:00 INNODB_CMPMEM	ACTIVE
2026-02-25T07:48:51.263967+00:00 INNODB_CMPMEM_RESET	ACTIVE
2026-02-25T07:48:51.267879+00:00 INNODB_CMP_PER_INDEX	ACTIVE
2026-02-25T07:48:51.273321+00:00 INNODB_CMP_PER_INDEX_RESET	ACTIVE
2026-02-25T07:48:51.280136+00:00 INNODB_CMP_RESET	ACTIVE
2026-02-25T07:48:51.282965+00:00 INNODB_COLUMNS	ACTIVE
2026-02-25T07:48:51.290962+00:00 INNODB_FT_BEING_DELETED	ACTIVE
2026-02-25T07:48:51.294019+00:00 INNODB_FT_CONFIG	ACTIVE
2026-02-25T07:48:51.299441+00:00 INNODB_FT_DEFAULT_STOPWORD	ACTIVE
2026-02-25T07:48:51.307697+00:00 INNODB_FT_DELETED	ACTIVE
2026-02-25T07:48:51.310767+00:00 INNODB_FT_INDEX_CACHE	ACTIVE
2026-02-25T07:48:51.318557+00:00 INNODB_FT_INDEX_TABLE	ACTIVE
2026-02-25T07:48:51.323515+00:00 INNODB_INDEXES	ACTIVE
2026-02-25T07:48:51.330615+00:00 INNODB_METRICS	ACTIVE
2026-02-25T07:48:51.335561+00:00 INNODB_SESSION_TEMP_TABLESPACES	ACTIVE
2026-02-25T07:48:51.340713+00:00 INNODB_TABLES	ACTIVE
2026-02-25T07:48:51.345325+00:00 INNODB_TABLESPACES	ACTIVE
2026-02-25T07:48:51.352724+00:00 INNODB_TABLESTATS	ACTIVE
2026-02-25T07:48:51.355922+00:00 INNODB_TEMP_TABLE_INFO	ACTIVE
2026-02-25T07:48:51.361924+00:00 INNODB_TRX	ACTIVE
2026-02-25T07:48:51.368889+00:00 INNODB_VIRTUAL	ACTIVE
2026-02-25T07:48:51.371784+00:00 MEMORY	ACTIVE
2026-02-25T07:48:51.377023+00:00 MRG_MYISAM	ACTIVE
2026-02-25T07:48:51.382552+00:00 MyISAM	ACTIVE
2026-02-25T07:48:51.387476+00:00 mysqlx	ACTIVE
2026-02-25T07:48:51.394715+00:00 mysqlx_cache_cleaner	ACTIVE
2026-02-25T07:48:51.398041+00:00 mysql_native_password	ACTIVE
2026-02-25T07:48:51.402933+00:00 ngram	ACTIVE
2026-02-25T07:48:51.409812+00:00 PERFORMANCE_SCHEMA	ACTIVE
2026-02-25T07:48:51.414571+00:00 sha256_password	ACTIVE
2026-02-25T07:48:51.418947+00:00 sha2_cache_cleaner	ACTIVE
2026-02-25T07:48:51.425510+00:00 TempTable	ACTIVE
2026-02-25T07:48:51.432619+00:00 
2026-02-25T07:48:51.437157+00:00 ---- functional_indexes ----
2026-02-25T07:48:51.442184+00:00 (no rows)
2026-02-25T07:48:51.447128+00:00 
2026-02-25T07:48:51.457907+00:00 ---- functional_defaults ----
2026-02-25T07:48:51.464325+00:00 (no rows)
2026-02-25T07:48:51.470596+00:00 
2026-02-25T07:48:51.475991+00:00 ---- invisible_columns ----
2026-02-25T07:48:51.497704+00:00 (no rows)
2026-02-25T07:48:51.507475+00:00 
2026-02-25T07:48:51.520602+00:00 ---- check_constraints ----
2026-02-25T07:48:51.524212+00:00 (no rows)
2026-02-25T07:48:51.532049+00:00 
2026-02-25T07:48:51.543648+00:00 ---- partial_revokes ----
2026-02-25T07:48:51.553110+00:00 (no rows)
2026-02-25T07:48:51.558490+00:00 
2026-02-25T07:48:51.565618+00:00 ---- gis_srid_usage ----
2026-02-25T07:48:51.572347+00:00 sakila	address	location	0
2026-02-25T07:48:51.578354+00:00 
2026-02-25T07:48:51.585547+00:00 ---- resource_groups ----
2026-02-25T07:48:51.591403+00:00 USR_default	USER	1	0-9	0
2026-02-25T07:48:51.598158+00:00 SYS_default	SYSTEM	1	0-9	0
2026-02-25T07:48:51.603654+00:00 
2026-02-25T07:48:51.608815+00:00 ---- xplugin_status ----
2026-02-25T07:48:51.613525+00:00 mysqlx	ACTIVE
2026-02-25T07:48:51.620355+00:00 
2026-02-25T07:48:51.623659+00:00 ---- fk_name_lengths ----
2026-02-25T07:48:51.628648+00:00 (no rows)
2026-02-25T07:48:51.635358+00:00 
2026-02-25T07:48:51.638385+00:00 ---- trigger_order ----
2026-02-25T07:48:51.643972+00:00 (no rows)
2026-02-25T07:48:51.650606+00:00 
2026-02-25T07:48:51.656115+00:00 Precheck complete.
2026-02-25T07:48:51.666984+00:00 TSV outputs: artifacts/assess_20260225_074840/precheck/*.tsv
2026-02-25T07:48:52.324106+00:00 FINISH success=True message=Assessment passed. Ready to plan/run.
