2026-03-04T16:50:08.660737+00:00 START mode=assessment config=config/source.yaml
2026-03-04T16:50:09.650806+00:00 Assessment source auth selected: SRC_ADMIN_USER (admin)
2026-03-04T16:50:09.665861+00:00 RUN precheck -> /mnt/macshare/scripts/00_precheck.sh
2026-03-04T16:50:42.565160+00:00 == Precheck runner ==
2026-03-04T16:50:42.573772+00:00 Host: 192.168.64.7  Port: 3306  User: admin
2026-03-04T16:50:42.579975+00:00 Checks dir: /mnt/macshare/sql/checks
2026-03-04T16:50:42.588617+00:00 Outdir: artifacts/assess_20260304_165007/precheck
2026-03-04T16:50:42.594369+00:00 
2026-03-04T16:50:42.599891+00:00 NOTE: mariadb-migrate-config-file not found; skipping config check.
2026-03-04T16:50:42.606153+00:00 ---- mysql_version ----
2026-03-04T16:50:42.616048+00:00 8.0.45-0ubuntu0.24.04.1
2026-03-04T16:50:42.621715+00:00 
2026-03-04T16:50:42.627649+00:00 ---- innodb_settings ----
2026-03-04T16:50:42.637019+00:00 1	1
2026-03-04T16:50:42.640806+00:00 
2026-03-04T16:50:42.647980+00:00 ---- auth_plugins ----
2026-03-04T16:50:42.655467+00:00 debian-sys-maint	localhost	caching_sha2_password
2026-03-04T16:50:42.662292+00:00 
2026-03-04T16:50:42.670900+00:00 ---- json_columns ----
2026-03-04T16:50:42.679744+00:00 advanced_test	json_test	data	json
2026-03-04T16:50:42.686189+00:00 advanced_test	json_test	metadata	json
2026-03-04T16:50:42.694238+00:00 testdb	orders_json	data_json	json
2026-03-04T16:50:42.701758+00:00 
2026-03-04T16:50:42.708545+00:00 ---- compression_encryption ----
2026-03-04T16:50:42.715386+00:00 (no rows)
2026-03-04T16:50:42.722386+00:00 
2026-03-04T16:50:42.727578+00:00 ---- engines_summary ----
2026-03-04T16:50:42.733785+00:00 PERFORMANCE_SCHEMA	111
2026-03-04T16:50:42.741090+00:00 InnoDB	58
2026-03-04T16:50:42.746128+00:00 CSV	2
2026-03-04T16:50:42.752227+00:00 
2026-03-04T16:50:42.757418+00:00 ---- schema_sizes ----
2026-03-04T16:50:42.763248+00:00 testdb	38.56
2026-03-04T16:50:42.772189+00:00 sakila	6.45
2026-03-04T16:50:42.778399+00:00 mysql	2.73
2026-03-04T16:50:42.786228+00:00 world	0.77
2026-03-04T16:50:42.792643+00:00 sys	0.02
2026-03-04T16:50:42.799887+00:00 advanced_test	0.02
2026-03-04T16:50:42.806741+00:00 test_replication	0.02
2026-03-04T16:50:42.818015+00:00 information_schema	0.00
2026-03-04T16:50:42.825520+00:00 performance_schema	0.00
2026-03-04T16:50:42.834137+00:00 
2026-03-04T16:50:42.841125+00:00 ---- schema_charsets ----
2026-03-04T16:50:42.848801+00:00 advanced_test	utf8mb4	utf8mb4_0900_ai_ci
2026-03-04T16:50:42.852890+00:00 sakila	utf8mb4	utf8mb4_0900_ai_ci
2026-03-04T16:50:42.861405+00:00 test_replication	utf8mb4	utf8mb4_0900_ai_ci
2026-03-04T16:50:42.867432+00:00 testdb	utf8mb4	utf8mb4_0900_ai_ci
2026-03-04T16:50:42.872548+00:00 world	utf8mb4	utf8mb4_0900_ai_ci
2026-03-04T16:50:42.880195+00:00 
2026-03-04T16:50:42.886786+00:00 ---- mysql8_collations ----
2026-03-04T16:50:42.892622+00:00 advanced_test	json_test	utf8mb4_0900_ai_ci
2026-03-04T16:50:42.899542+00:00 sakila	actor	utf8mb4_0900_ai_ci
2026-03-04T16:50:42.907606+00:00 sakila	address	utf8mb4_0900_ai_ci
2026-03-04T16:50:42.916206+00:00 sakila	category	utf8mb4_0900_ai_ci
2026-03-04T16:50:42.921550+00:00 sakila	city	utf8mb4_0900_ai_ci
2026-03-04T16:50:42.927544+00:00 sakila	country	utf8mb4_0900_ai_ci
2026-03-04T16:50:42.935652+00:00 sakila	customer	utf8mb4_0900_ai_ci
2026-03-04T16:50:42.943502+00:00 sakila	film	utf8mb4_0900_ai_ci
2026-03-04T16:50:42.950692+00:00 sakila	film_actor	utf8mb4_0900_ai_ci
2026-03-04T16:50:42.961291+00:00 sakila	film_category	utf8mb4_0900_ai_ci
2026-03-04T16:50:42.966003+00:00 sakila	film_text	utf8mb4_0900_ai_ci
2026-03-04T16:50:42.972061+00:00 sakila	inventory	utf8mb4_0900_ai_ci
2026-03-04T16:50:42.980294+00:00 sakila	language	utf8mb4_0900_ai_ci
2026-03-04T16:50:42.986989+00:00 sakila	payment	utf8mb4_0900_ai_ci
2026-03-04T16:50:42.995753+00:00 sakila	rental	utf8mb4_0900_ai_ci
2026-03-04T16:50:43.002864+00:00 sakila	staff	utf8mb4_0900_ai_ci
2026-03-04T16:50:43.009137+00:00 sakila	store	utf8mb4_0900_ai_ci
2026-03-04T16:50:43.016371+00:00 test_replication	customers	utf8mb4_0900_ai_ci
2026-03-04T16:50:43.023735+00:00 testdb	orders_json	utf8mb4_0900_ai_ci
2026-03-04T16:50:43.030264+00:00 world	city	utf8mb4_0900_ai_ci
2026-03-04T16:50:43.036467+00:00 world	country	utf8mb4_0900_ai_ci
2026-03-04T16:50:43.042318+00:00 world	countrylanguage	utf8mb4_0900_ai_ci
2026-03-04T16:50:43.051447+00:00 
2026-03-04T16:50:43.058980+00:00 ---- mysql8_column_collations ----
2026-03-04T16:50:43.065183+00:00 sakila	actor	first_name	utf8mb4_0900_ai_ci
2026-03-04T16:50:43.073679+00:00 sakila	actor	last_name	utf8mb4_0900_ai_ci
2026-03-04T16:50:43.080115+00:00 sakila	actor_info	film_info	utf8mb4_0900_ai_ci
2026-03-04T16:50:43.087750+00:00 sakila	actor_info	first_name	utf8mb4_0900_ai_ci
2026-03-04T16:50:43.095660+00:00 sakila	actor_info	last_name	utf8mb4_0900_ai_ci
2026-03-04T16:50:43.102871+00:00 sakila	address	address	utf8mb4_0900_ai_ci
2026-03-04T16:50:43.106580+00:00 sakila	address	address2	utf8mb4_0900_ai_ci
2026-03-04T16:50:43.112505+00:00 sakila	address	district	utf8mb4_0900_ai_ci
2026-03-04T16:50:43.117808+00:00 sakila	address	phone	utf8mb4_0900_ai_ci
2026-03-04T16:50:43.123935+00:00 sakila	address	postal_code	utf8mb4_0900_ai_ci
2026-03-04T16:50:43.130343+00:00 sakila	category	name	utf8mb4_0900_ai_ci
2026-03-04T16:50:43.136571+00:00 sakila	city	city	utf8mb4_0900_ai_ci
2026-03-04T16:50:43.143541+00:00 sakila	country	country	utf8mb4_0900_ai_ci
2026-03-04T16:50:43.152359+00:00 sakila	customer	email	utf8mb4_0900_ai_ci
2026-03-04T16:50:43.158691+00:00 sakila	customer	first_name	utf8mb4_0900_ai_ci
2026-03-04T16:50:43.166858+00:00 sakila	customer	last_name	utf8mb4_0900_ai_ci
2026-03-04T16:50:43.173866+00:00 sakila	customer_list	address	utf8mb4_0900_ai_ci
2026-03-04T16:50:43.179966+00:00 sakila	customer_list	city	utf8mb4_0900_ai_ci
2026-03-04T16:50:43.187933+00:00 sakila	customer_list	country	utf8mb4_0900_ai_ci
2026-03-04T16:50:43.195490+00:00 sakila	customer_list	name	utf8mb4_0900_ai_ci
2026-03-04T16:50:43.205449+00:00 sakila	customer_list	notes	utf8mb4_0900_ai_ci
2026-03-04T16:50:43.214284+00:00 sakila	customer_list	phone	utf8mb4_0900_ai_ci
2026-03-04T16:50:43.220827+00:00 sakila	customer_list	zip code	utf8mb4_0900_ai_ci
2026-03-04T16:50:43.228633+00:00 sakila	film	description	utf8mb4_0900_ai_ci
2026-03-04T16:50:43.240002+00:00 sakila	film	rating	utf8mb4_0900_ai_ci
2026-03-04T16:50:43.248537+00:00 sakila	film	special_features	utf8mb4_0900_ai_ci
2026-03-04T16:50:43.259180+00:00 sakila	film	title	utf8mb4_0900_ai_ci
2026-03-04T16:50:43.268637+00:00 sakila	film_list	actors	utf8mb4_0900_ai_ci
2026-03-04T16:50:43.277223+00:00 sakila	film_list	category	utf8mb4_0900_ai_ci
2026-03-04T16:50:43.283718+00:00 sakila	film_list	description	utf8mb4_0900_ai_ci
2026-03-04T16:50:43.289172+00:00 sakila	film_list	rating	utf8mb4_0900_ai_ci
2026-03-04T16:50:43.296665+00:00 sakila	film_list	title	utf8mb4_0900_ai_ci
2026-03-04T16:50:43.302499+00:00 sakila	film_text	description	utf8mb4_0900_ai_ci
2026-03-04T16:50:43.311576+00:00 sakila	film_text	title	utf8mb4_0900_ai_ci
2026-03-04T16:50:43.318018+00:00 sakila	language	name	utf8mb4_0900_ai_ci
2026-03-04T16:50:43.326281+00:00 sakila	nicer_but_slower_film_list	actors	utf8mb4_0900_ai_ci
2026-03-04T16:50:43.334967+00:00 sakila	nicer_but_slower_film_list	category	utf8mb4_0900_ai_ci
2026-03-04T16:50:43.340630+00:00 sakila	nicer_but_slower_film_list	description	utf8mb4_0900_ai_ci
2026-03-04T16:50:43.348807+00:00 sakila	nicer_but_slower_film_list	rating	utf8mb4_0900_ai_ci
2026-03-04T16:50:43.357742+00:00 sakila	nicer_but_slower_film_list	title	utf8mb4_0900_ai_ci
2026-03-04T16:50:43.363653+00:00 sakila	sales_by_film_category	category	utf8mb4_0900_ai_ci
2026-03-04T16:50:43.371192+00:00 sakila	sales_by_store	manager	utf8mb4_0900_ai_ci
2026-03-04T16:50:43.374956+00:00 sakila	sales_by_store	store	utf8mb4_0900_ai_ci
2026-03-04T16:50:43.381900+00:00 sakila	staff	email	utf8mb4_0900_ai_ci
2026-03-04T16:50:43.388739+00:00 sakila	staff	first_name	utf8mb4_0900_ai_ci
2026-03-04T16:50:43.397960+00:00 sakila	staff	last_name	utf8mb4_0900_ai_ci
2026-03-04T16:50:43.403450+00:00 sakila	staff	username	utf8mb4_0900_ai_ci
2026-03-04T16:50:43.410019+00:00 sakila	staff_list	address	utf8mb4_0900_ai_ci
2026-03-04T16:50:43.416527+00:00 sakila	staff_list	city	utf8mb4_0900_ai_ci
2026-03-04T16:50:43.423178+00:00 sakila	staff_list	country	utf8mb4_0900_ai_ci
2026-03-04T16:50:43.429811+00:00 ... (truncated; full output in artifacts/assess_20260304_165007/precheck/mysql8_column_collations.tsv)
2026-03-04T16:50:43.439911+00:00 
2026-03-04T16:50:43.443372+00:00 ---- sql_mode ----
2026-03-04T16:50:43.449067+00:00 ONLY_FULL_GROUP_BY,STRICT_TRANS_TABLES,NO_ZERO_IN_DATE,NO_ZERO_DATE,ERROR_FOR_DIVISION_BY_ZERO,NO_ENGINE_SUBSTITUTION
2026-03-04T16:50:43.455871+00:00 
2026-03-04T16:50:43.461796+00:00 ---- definers_inventory ----
2026-03-04T16:50:43.469661+00:00 TRIGGER	root@localhost	6
2026-03-04T16:50:43.475831+00:00 VIEW	root@localhost	7
2026-03-04T16:50:43.482065+00:00 
2026-03-04T16:50:43.490532+00:00 ---- partitioned_tables ----
2026-03-04T16:50:43.500437+00:00 (no rows)
2026-03-04T16:50:43.509074+00:00 
2026-03-04T16:50:43.513966+00:00 ---- active_plugins ----
2026-03-04T16:50:43.521121+00:00 ARCHIVE	ACTIVE
2026-03-04T16:50:43.527869+00:00 auth_socket	ACTIVE
2026-03-04T16:50:43.532627+00:00 binlog	ACTIVE
2026-03-04T16:50:43.538849+00:00 BLACKHOLE	ACTIVE
2026-03-04T16:50:43.545279+00:00 caching_sha2_password	ACTIVE
2026-03-04T16:50:43.553202+00:00 CSV	ACTIVE
2026-03-04T16:50:43.562927+00:00 daemon_keyring_proxy_plugin	ACTIVE
2026-03-04T16:50:43.569734+00:00 InnoDB	ACTIVE
2026-03-04T16:50:43.576504+00:00 INNODB_BUFFER_PAGE	ACTIVE
2026-03-04T16:50:43.584344+00:00 INNODB_BUFFER_PAGE_LRU	ACTIVE
2026-03-04T16:50:43.590694+00:00 INNODB_BUFFER_POOL_STATS	ACTIVE
2026-03-04T16:50:43.598611+00:00 INNODB_CACHED_INDEXES	ACTIVE
2026-03-04T16:50:43.606209+00:00 INNODB_CMP	ACTIVE
2026-03-04T16:50:43.611931+00:00 INNODB_CMPMEM	ACTIVE
2026-03-04T16:50:43.618142+00:00 INNODB_CMPMEM_RESET	ACTIVE
2026-03-04T16:50:43.621972+00:00 INNODB_CMP_PER_INDEX	ACTIVE
2026-03-04T16:50:43.631565+00:00 INNODB_CMP_PER_INDEX_RESET	ACTIVE
2026-03-04T16:50:43.636894+00:00 INNODB_CMP_RESET	ACTIVE
2026-03-04T16:50:43.643293+00:00 INNODB_COLUMNS	ACTIVE
2026-03-04T16:50:43.649952+00:00 INNODB_FT_BEING_DELETED	ACTIVE
2026-03-04T16:50:43.656756+00:00 INNODB_FT_CONFIG	ACTIVE
2026-03-04T16:50:43.661961+00:00 INNODB_FT_DEFAULT_STOPWORD	ACTIVE
2026-03-04T16:50:43.668870+00:00 INNODB_FT_DELETED	ACTIVE
2026-03-04T16:50:43.675481+00:00 INNODB_FT_INDEX_CACHE	ACTIVE
2026-03-04T16:50:43.683903+00:00 INNODB_FT_INDEX_TABLE	ACTIVE
2026-03-04T16:50:43.694125+00:00 INNODB_INDEXES	ACTIVE
2026-03-04T16:50:43.699750+00:00 INNODB_METRICS	ACTIVE
2026-03-04T16:50:43.705337+00:00 INNODB_SESSION_TEMP_TABLESPACES	ACTIVE
2026-03-04T16:50:43.716529+00:00 INNODB_TABLES	ACTIVE
2026-03-04T16:50:43.725219+00:00 INNODB_TABLESPACES	ACTIVE
2026-03-04T16:50:43.756977+00:00 INNODB_TABLESTATS	ACTIVE
2026-03-04T16:50:43.765897+00:00 INNODB_TEMP_TABLE_INFO	ACTIVE
2026-03-04T16:50:43.775974+00:00 INNODB_TRX	ACTIVE
2026-03-04T16:50:43.780968+00:00 INNODB_VIRTUAL	ACTIVE
2026-03-04T16:50:43.790199+00:00 MEMORY	ACTIVE
2026-03-04T16:50:43.799376+00:00 MRG_MYISAM	ACTIVE
2026-03-04T16:50:43.806380+00:00 MyISAM	ACTIVE
2026-03-04T16:50:43.824148+00:00 mysqlx	ACTIVE
2026-03-04T16:50:43.831325+00:00 mysqlx_cache_cleaner	ACTIVE
2026-03-04T16:50:43.839576+00:00 mysql_native_password	ACTIVE
2026-03-04T16:50:43.846834+00:00 ngram	ACTIVE
2026-03-04T16:50:43.854003+00:00 PERFORMANCE_SCHEMA	ACTIVE
2026-03-04T16:50:43.862559+00:00 sha256_password	ACTIVE
2026-03-04T16:50:43.868212+00:00 sha2_cache_cleaner	ACTIVE
2026-03-04T16:50:43.875012+00:00 TempTable	ACTIVE
2026-03-04T16:50:43.880163+00:00 
2026-03-04T16:50:43.890412+00:00 ---- functional_indexes ----
2026-03-04T16:50:43.897029+00:00 (no rows)
2026-03-04T16:50:43.903538+00:00 
2026-03-04T16:50:43.908805+00:00 ---- functional_defaults ----
2026-03-04T16:50:43.917216+00:00 (no rows)
2026-03-04T16:50:43.927717+00:00 
2026-03-04T16:50:43.938063+00:00 ---- invisible_columns ----
2026-03-04T16:50:43.945379+00:00 (no rows)
2026-03-04T16:50:43.955889+00:00 
2026-03-04T16:50:43.964161+00:00 ---- check_constraints ----
2026-03-04T16:50:43.973157+00:00 (no rows)
2026-03-04T16:50:43.982036+00:00 
2026-03-04T16:50:43.990670+00:00 ---- partial_revokes ----
2026-03-04T16:50:43.997748+00:00 (no rows)
2026-03-04T16:50:44.003798+00:00 
2026-03-04T16:50:44.009692+00:00 ---- gis_srid_usage ----
2026-03-04T16:50:44.018699+00:00 sakila	address	location	0
2026-03-04T16:50:44.026904+00:00 
2026-03-04T16:50:44.033804+00:00 ---- resource_groups ----
2026-03-04T16:50:44.040498+00:00 USR_default	USER	1	0-9	0
2026-03-04T16:50:44.046868+00:00 SYS_default	SYSTEM	1	0-9	0
2026-03-04T16:50:44.053042+00:00 
2026-03-04T16:50:44.060633+00:00 ---- xplugin_status ----
2026-03-04T16:50:44.070536+00:00 mysqlx	ACTIVE
2026-03-04T16:50:44.081181+00:00 
2026-03-04T16:50:44.087181+00:00 ---- fk_name_lengths ----
2026-03-04T16:50:44.095811+00:00 (no rows)
2026-03-04T16:50:44.103291+00:00 
2026-03-04T16:50:44.110735+00:00 ---- trigger_order ----
2026-03-04T16:50:44.118741+00:00 (no rows)
2026-03-04T16:50:44.125868+00:00 
2026-03-04T16:50:44.132257+00:00 Precheck complete.
2026-03-04T16:50:44.141614+00:00 TSV outputs: artifacts/assess_20260304_165007/precheck/*.tsv
2026-03-04T16:50:46.652189+00:00 FINISH success=True message=Assessment passed. Ready to plan/run.
