2026-03-04T17:30:36.443784+00:00 START mode=assessment config=config/source.yaml
2026-03-04T17:30:36.725865+00:00 Assessment source auth selected: SRC_ADMIN_USER (admin)
2026-03-04T17:30:36.731729+00:00 RUN precheck -> /mnt/macshare/scripts/00_precheck.sh
2026-03-04T17:30:45.486941+00:00 == Precheck runner ==
2026-03-04T17:30:45.491582+00:00 Host: 192.168.64.7  Port: 3306  User: admin
2026-03-04T17:30:45.495336+00:00 Checks dir: /mnt/macshare/sql/checks
2026-03-04T17:30:45.500245+00:00 Outdir: artifacts/assess_20260304_173034/precheck
2026-03-04T17:30:45.503838+00:00 
2026-03-04T17:30:45.510342+00:00 NOTE: mariadb-migrate-config-file not found; skipping config check.
2026-03-04T17:30:45.515501+00:00 ---- mysql_version ----
2026-03-04T17:30:45.520550+00:00 8.0.45-0ubuntu0.24.04.1
2026-03-04T17:30:45.524139+00:00 
2026-03-04T17:30:45.528629+00:00 ---- innodb_settings ----
2026-03-04T17:30:45.533693+00:00 1	1
2026-03-04T17:30:45.537524+00:00 
2026-03-04T17:30:45.541317+00:00 ---- auth_plugins ----
2026-03-04T17:30:45.546607+00:00 debian-sys-maint	localhost	caching_sha2_password
2026-03-04T17:30:45.551710+00:00 
2026-03-04T17:30:45.555495+00:00 ---- json_columns ----
2026-03-04T17:30:45.559735+00:00 advanced_test	json_test	data	json
2026-03-04T17:30:45.565015+00:00 advanced_test	json_test	metadata	json
2026-03-04T17:30:45.569490+00:00 testdb	orders_json	data_json	json
2026-03-04T17:30:45.576045+00:00 
2026-03-04T17:30:45.580336+00:00 ---- compression_encryption ----
2026-03-04T17:30:45.585332+00:00 (no rows)
2026-03-04T17:30:45.590386+00:00 
2026-03-04T17:30:45.595080+00:00 ---- engines_summary ----
2026-03-04T17:30:45.602147+00:00 PERFORMANCE_SCHEMA	111
2026-03-04T17:30:45.605762+00:00 InnoDB	58
2026-03-04T17:30:45.609355+00:00 CSV	2
2026-03-04T17:30:45.615203+00:00 
2026-03-04T17:30:45.618807+00:00 ---- schema_sizes ----
2026-03-04T17:30:45.623599+00:00 testdb	38.56
2026-03-04T17:30:45.628956+00:00 sakila	6.45
2026-03-04T17:30:45.632456+00:00 mysql	2.73
2026-03-04T17:30:45.637749+00:00 world	0.77
2026-03-04T17:30:45.643946+00:00 sys	0.02
2026-03-04T17:30:45.647655+00:00 advanced_test	0.02
2026-03-04T17:30:45.654403+00:00 test_replication	0.02
2026-03-04T17:30:45.658312+00:00 information_schema	0.00
2026-03-04T17:30:45.663490+00:00 performance_schema	0.00
2026-03-04T17:30:45.668536+00:00 
2026-03-04T17:30:45.674326+00:00 ---- schema_charsets ----
2026-03-04T17:30:45.676893+00:00 advanced_test	utf8mb4	utf8mb4_0900_ai_ci
2026-03-04T17:30:45.681628+00:00 sakila	utf8mb4	utf8mb4_0900_ai_ci
2026-03-04T17:30:45.687697+00:00 test_replication	utf8mb4	utf8mb4_0900_ai_ci
2026-03-04T17:30:45.692269+00:00 testdb	utf8mb4	utf8mb4_0900_ai_ci
2026-03-04T17:30:45.697180+00:00 world	utf8mb4	utf8mb4_0900_ai_ci
2026-03-04T17:30:45.703191+00:00 
2026-03-04T17:30:45.730567+00:00 ---- mysql8_collations ----
2026-03-04T17:30:45.746059+00:00 advanced_test	json_test	utf8mb4_0900_ai_ci
2026-03-04T17:30:45.757106+00:00 sakila	actor	utf8mb4_0900_ai_ci
2026-03-04T17:30:45.764945+00:00 sakila	address	utf8mb4_0900_ai_ci
2026-03-04T17:30:45.770396+00:00 sakila	category	utf8mb4_0900_ai_ci
2026-03-04T17:30:45.778004+00:00 sakila	city	utf8mb4_0900_ai_ci
2026-03-04T17:30:45.785023+00:00 sakila	country	utf8mb4_0900_ai_ci
2026-03-04T17:30:45.789590+00:00 sakila	customer	utf8mb4_0900_ai_ci
2026-03-04T17:30:45.796706+00:00 sakila	film	utf8mb4_0900_ai_ci
2026-03-04T17:30:45.800738+00:00 sakila	film_actor	utf8mb4_0900_ai_ci
2026-03-04T17:30:45.809964+00:00 sakila	film_category	utf8mb4_0900_ai_ci
2026-03-04T17:30:45.813406+00:00 sakila	film_text	utf8mb4_0900_ai_ci
2026-03-04T17:30:45.818936+00:00 sakila	inventory	utf8mb4_0900_ai_ci
2026-03-04T17:30:45.824268+00:00 sakila	language	utf8mb4_0900_ai_ci
2026-03-04T17:30:45.830091+00:00 sakila	payment	utf8mb4_0900_ai_ci
2026-03-04T17:30:45.834377+00:00 sakila	rental	utf8mb4_0900_ai_ci
2026-03-04T17:30:45.841918+00:00 sakila	staff	utf8mb4_0900_ai_ci
2026-03-04T17:30:45.844949+00:00 sakila	store	utf8mb4_0900_ai_ci
2026-03-04T17:30:45.850385+00:00 test_replication	customers	utf8mb4_0900_ai_ci
2026-03-04T17:30:45.857146+00:00 testdb	orders_json	utf8mb4_0900_ai_ci
2026-03-04T17:30:45.863274+00:00 world	city	utf8mb4_0900_ai_ci
2026-03-04T17:30:45.867763+00:00 world	country	utf8mb4_0900_ai_ci
2026-03-04T17:30:45.872731+00:00 world	countrylanguage	utf8mb4_0900_ai_ci
2026-03-04T17:30:45.879439+00:00 
2026-03-04T17:30:45.883477+00:00 ---- mysql8_column_collations ----
2026-03-04T17:30:45.889751+00:00 sakila	actor	first_name	utf8mb4_0900_ai_ci
2026-03-04T17:30:45.894687+00:00 sakila	actor	last_name	utf8mb4_0900_ai_ci
2026-03-04T17:30:45.898731+00:00 sakila	actor_info	film_info	utf8mb4_0900_ai_ci
2026-03-04T17:30:45.904359+00:00 sakila	actor_info	first_name	utf8mb4_0900_ai_ci
2026-03-04T17:30:45.910085+00:00 sakila	actor_info	last_name	utf8mb4_0900_ai_ci
2026-03-04T17:30:45.915775+00:00 sakila	address	address	utf8mb4_0900_ai_ci
2026-03-04T17:30:45.922454+00:00 sakila	address	address2	utf8mb4_0900_ai_ci
2026-03-04T17:30:45.925695+00:00 sakila	address	district	utf8mb4_0900_ai_ci
2026-03-04T17:30:45.930375+00:00 sakila	address	phone	utf8mb4_0900_ai_ci
2026-03-04T17:30:45.935046+00:00 sakila	address	postal_code	utf8mb4_0900_ai_ci
2026-03-04T17:30:45.940123+00:00 sakila	category	name	utf8mb4_0900_ai_ci
2026-03-04T17:30:45.946540+00:00 sakila	city	city	utf8mb4_0900_ai_ci
2026-03-04T17:30:45.950957+00:00 sakila	country	country	utf8mb4_0900_ai_ci
2026-03-04T17:30:45.956220+00:00 sakila	customer	email	utf8mb4_0900_ai_ci
2026-03-04T17:30:45.961933+00:00 sakila	customer	first_name	utf8mb4_0900_ai_ci
2026-03-04T17:30:45.967601+00:00 sakila	customer	last_name	utf8mb4_0900_ai_ci
2026-03-04T17:30:45.975629+00:00 sakila	customer_list	address	utf8mb4_0900_ai_ci
2026-03-04T17:30:45.979928+00:00 sakila	customer_list	city	utf8mb4_0900_ai_ci
2026-03-04T17:30:45.985034+00:00 sakila	customer_list	country	utf8mb4_0900_ai_ci
2026-03-04T17:30:45.993407+00:00 sakila	customer_list	name	utf8mb4_0900_ai_ci
2026-03-04T17:30:46.001946+00:00 sakila	customer_list	notes	utf8mb4_0900_ai_ci
2026-03-04T17:30:46.006452+00:00 sakila	customer_list	phone	utf8mb4_0900_ai_ci
2026-03-04T17:30:46.012809+00:00 sakila	customer_list	zip code	utf8mb4_0900_ai_ci
2026-03-04T17:30:46.017832+00:00 sakila	film	description	utf8mb4_0900_ai_ci
2026-03-04T17:30:46.023950+00:00 sakila	film	rating	utf8mb4_0900_ai_ci
2026-03-04T17:30:46.027125+00:00 sakila	film	special_features	utf8mb4_0900_ai_ci
2026-03-04T17:30:46.031744+00:00 sakila	film	title	utf8mb4_0900_ai_ci
2026-03-04T17:30:46.037945+00:00 sakila	film_list	actors	utf8mb4_0900_ai_ci
2026-03-04T17:30:46.044439+00:00 sakila	film_list	category	utf8mb4_0900_ai_ci
2026-03-04T17:30:46.050772+00:00 sakila	film_list	description	utf8mb4_0900_ai_ci
2026-03-04T17:30:46.055588+00:00 sakila	film_list	rating	utf8mb4_0900_ai_ci
2026-03-04T17:30:46.064076+00:00 sakila	film_list	title	utf8mb4_0900_ai_ci
2026-03-04T17:30:46.068251+00:00 sakila	film_text	description	utf8mb4_0900_ai_ci
2026-03-04T17:30:46.073350+00:00 sakila	film_text	title	utf8mb4_0900_ai_ci
2026-03-04T17:30:46.081024+00:00 sakila	language	name	utf8mb4_0900_ai_ci
2026-03-04T17:30:46.084101+00:00 sakila	nicer_but_slower_film_list	actors	utf8mb4_0900_ai_ci
2026-03-04T17:30:46.091779+00:00 sakila	nicer_but_slower_film_list	category	utf8mb4_0900_ai_ci
2026-03-04T17:30:46.094717+00:00 sakila	nicer_but_slower_film_list	description	utf8mb4_0900_ai_ci
2026-03-04T17:30:46.101249+00:00 sakila	nicer_but_slower_film_list	rating	utf8mb4_0900_ai_ci
2026-03-04T17:30:46.103973+00:00 sakila	nicer_but_slower_film_list	title	utf8mb4_0900_ai_ci
2026-03-04T17:30:46.109267+00:00 sakila	sales_by_film_category	category	utf8mb4_0900_ai_ci
2026-03-04T17:30:46.115385+00:00 sakila	sales_by_store	manager	utf8mb4_0900_ai_ci
2026-03-04T17:30:46.118447+00:00 sakila	sales_by_store	store	utf8mb4_0900_ai_ci
2026-03-04T17:30:46.122728+00:00 sakila	staff	email	utf8mb4_0900_ai_ci
2026-03-04T17:30:46.128166+00:00 sakila	staff	first_name	utf8mb4_0900_ai_ci
2026-03-04T17:30:46.133542+00:00 sakila	staff	last_name	utf8mb4_0900_ai_ci
2026-03-04T17:30:46.138203+00:00 sakila	staff	username	utf8mb4_0900_ai_ci
2026-03-04T17:30:46.144004+00:00 sakila	staff_list	address	utf8mb4_0900_ai_ci
2026-03-04T17:30:46.149058+00:00 sakila	staff_list	city	utf8mb4_0900_ai_ci
2026-03-04T17:30:46.156206+00:00 sakila	staff_list	country	utf8mb4_0900_ai_ci
2026-03-04T17:30:46.162471+00:00 ... (truncated; full output in artifacts/assess_20260304_173034/precheck/mysql8_column_collations.tsv)
2026-03-04T17:30:46.167856+00:00 
2026-03-04T17:30:46.172896+00:00 ---- sql_mode ----
2026-03-04T17:30:46.177713+00:00 ONLY_FULL_GROUP_BY,STRICT_TRANS_TABLES,NO_ZERO_IN_DATE,NO_ZERO_DATE,ERROR_FOR_DIVISION_BY_ZERO,NO_ENGINE_SUBSTITUTION
2026-03-04T17:30:46.183887+00:00 
2026-03-04T17:30:46.187181+00:00 ---- definers_inventory ----
2026-03-04T17:30:46.193989+00:00 TRIGGER	root@localhost	6
2026-03-04T17:30:46.199683+00:00 VIEW	root@localhost	7
2026-03-04T17:30:46.203707+00:00 
2026-03-04T17:30:46.209737+00:00 ---- partitioned_tables ----
2026-03-04T17:30:46.213786+00:00 (no rows)
2026-03-04T17:30:46.219085+00:00 
2026-03-04T17:30:46.223044+00:00 ---- active_plugins ----
2026-03-04T17:30:46.227039+00:00 ARCHIVE	ACTIVE
2026-03-04T17:30:46.232550+00:00 auth_socket	ACTIVE
2026-03-04T17:30:46.236696+00:00 binlog	ACTIVE
2026-03-04T17:30:46.241922+00:00 BLACKHOLE	ACTIVE
2026-03-04T17:30:46.246345+00:00 caching_sha2_password	ACTIVE
2026-03-04T17:30:46.253259+00:00 CSV	ACTIVE
2026-03-04T17:30:46.257287+00:00 daemon_keyring_proxy_plugin	ACTIVE
2026-03-04T17:30:46.263023+00:00 InnoDB	ACTIVE
2026-03-04T17:30:46.265988+00:00 INNODB_BUFFER_PAGE	ACTIVE
2026-03-04T17:30:46.272323+00:00 INNODB_BUFFER_PAGE_LRU	ACTIVE
2026-03-04T17:30:46.275781+00:00 INNODB_BUFFER_POOL_STATS	ACTIVE
2026-03-04T17:30:46.283798+00:00 INNODB_CACHED_INDEXES	ACTIVE
2026-03-04T17:30:46.286752+00:00 INNODB_CMP	ACTIVE
2026-03-04T17:30:46.292501+00:00 INNODB_CMPMEM	ACTIVE
2026-03-04T17:30:46.299444+00:00 INNODB_CMPMEM_RESET	ACTIVE
2026-03-04T17:30:46.303276+00:00 INNODB_CMP_PER_INDEX	ACTIVE
2026-03-04T17:30:46.307285+00:00 INNODB_CMP_PER_INDEX_RESET	ACTIVE
2026-03-04T17:30:46.311040+00:00 INNODB_CMP_RESET	ACTIVE
2026-03-04T17:30:46.315566+00:00 INNODB_COLUMNS	ACTIVE
2026-03-04T17:30:46.322067+00:00 INNODB_FT_BEING_DELETED	ACTIVE
2026-03-04T17:30:46.326088+00:00 INNODB_FT_CONFIG	ACTIVE
2026-03-04T17:30:46.332377+00:00 INNODB_FT_DEFAULT_STOPWORD	ACTIVE
2026-03-04T17:30:46.335509+00:00 INNODB_FT_DELETED	ACTIVE
2026-03-04T17:30:46.340302+00:00 INNODB_FT_INDEX_CACHE	ACTIVE
2026-03-04T17:30:46.345110+00:00 INNODB_FT_INDEX_TABLE	ACTIVE
2026-03-04T17:30:46.349827+00:00 INNODB_INDEXES	ACTIVE
2026-03-04T17:30:46.357721+00:00 INNODB_METRICS	ACTIVE
2026-03-04T17:30:46.361036+00:00 INNODB_SESSION_TEMP_TABLESPACES	ACTIVE
2026-03-04T17:30:46.366586+00:00 INNODB_TABLES	ACTIVE
2026-03-04T17:30:46.370912+00:00 INNODB_TABLESPACES	ACTIVE
2026-03-04T17:30:46.374843+00:00 INNODB_TABLESTATS	ACTIVE
2026-03-04T17:30:46.379456+00:00 INNODB_TEMP_TABLE_INFO	ACTIVE
2026-03-04T17:30:46.384963+00:00 INNODB_TRX	ACTIVE
2026-03-04T17:30:46.391573+00:00 INNODB_VIRTUAL	ACTIVE
2026-03-04T17:30:46.396701+00:00 MEMORY	ACTIVE
2026-03-04T17:30:46.406720+00:00 MRG_MYISAM	ACTIVE
2026-03-04T17:30:46.412130+00:00 MyISAM	ACTIVE
2026-03-04T17:30:46.418033+00:00 mysqlx	ACTIVE
2026-03-04T17:30:46.423835+00:00 mysqlx_cache_cleaner	ACTIVE
2026-03-04T17:30:46.428768+00:00 mysql_native_password	ACTIVE
2026-03-04T17:30:46.435504+00:00 ngram	ACTIVE
2026-03-04T17:30:46.438889+00:00 PERFORMANCE_SCHEMA	ACTIVE
2026-03-04T17:30:46.447030+00:00 sha256_password	ACTIVE
2026-03-04T17:30:46.450127+00:00 sha2_cache_cleaner	ACTIVE
2026-03-04T17:30:46.455049+00:00 TempTable	ACTIVE
2026-03-04T17:30:46.464544+00:00 
2026-03-04T17:30:46.468267+00:00 ---- functional_indexes ----
2026-03-04T17:30:46.473456+00:00 (no rows)
2026-03-04T17:30:46.479373+00:00 
2026-03-04T17:30:46.484002+00:00 ---- functional_defaults ----
2026-03-04T17:30:46.493245+00:00 (no rows)
2026-03-04T17:30:46.497758+00:00 
2026-03-04T17:30:46.503222+00:00 ---- invisible_columns ----
2026-03-04T17:30:46.508619+00:00 (no rows)
2026-03-04T17:30:46.516912+00:00 
2026-03-04T17:30:46.520265+00:00 ---- check_constraints ----
2026-03-04T17:30:46.524977+00:00 (no rows)
2026-03-04T17:30:46.534238+00:00 
2026-03-04T17:30:46.537387+00:00 ---- partial_revokes ----
2026-03-04T17:30:46.543183+00:00 (no rows)
2026-03-04T17:30:46.550843+00:00 
2026-03-04T17:30:46.554018+00:00 ---- gis_srid_usage ----
2026-03-04T17:30:46.559589+00:00 sakila	address	location	0
2026-03-04T17:30:46.567123+00:00 
2026-03-04T17:30:46.571959+00:00 ---- resource_groups ----
2026-03-04T17:30:46.579444+00:00 USR_default	USER	1	0-9	0
2026-03-04T17:30:46.585447+00:00 SYS_default	SYSTEM	1	0-9	0
2026-03-04T17:30:46.590908+00:00 
2026-03-04T17:30:46.598245+00:00 ---- xplugin_status ----
2026-03-04T17:30:46.604968+00:00 mysqlx	ACTIVE
2026-03-04T17:30:46.610030+00:00 
2026-03-04T17:30:46.615833+00:00 ---- fk_name_lengths ----
2026-03-04T17:30:46.621299+00:00 (no rows)
2026-03-04T17:30:46.628395+00:00 
2026-03-04T17:30:46.635283+00:00 ---- trigger_order ----
2026-03-04T17:30:46.641599+00:00 (no rows)
2026-03-04T17:30:46.646545+00:00 
2026-03-04T17:30:46.652504+00:00 Precheck complete.
2026-03-04T17:30:46.655577+00:00 TSV outputs: artifacts/assess_20260304_173034/precheck/*.tsv
2026-03-04T17:30:47.316043+00:00 FINISH success=True message=Assessment passed. Ready to plan/run.
