
SQLines Data 3.7.11 x86_64 Linux - Database Migration and Validation Tool.
Copyright (c) 2026 SQLines. All Rights Reserved.

14-DAY EVALUATION USE ONLY, MAY SKIP 1 ROW FROM A TABLE. NO OTHER RESTRICTIONS.

Current timestamp: 2026:03:04 17:39:27.042
Current directory: /mnt/macshare
Configuration file: sqldata.cfg

Error reading the configuration file: 
Parameters: -constraints=yes -eval=true -indexes=yes -procedures=yes -smap=sakila:sakila -ss=6 -t=sakila.* -triggers=yes -views=yes 

Connecting to databases (9 ms)
  MySQL 8.0.45-0ubuntu0.24.04.1 (Ubuntu) aarch64 Linux 1.3 (Ok, 8 ms)
  MySQL 11.8.5-2-MariaDB-enterprise MariaDB Enterprise Server aarch64 Linux system a543b7f688b9350edb8cc03534b6bb4b422598ac OpenSSL 3.5.1 1 Jul 2025 (Ok, 7 ms)

Reading the database schema (16 tables, 23 ms)

Transferring database (6 concurrent sessions):

  sakila.actor - Started (1 of 16, session 1)
  sakila.address - Started (2 of 16, session 2)
  sakila.address - Open cursor (10 rows read, 3 ms, session 2)
  sakila.actor - Open cursor (203 rows read, 6 ms, session 1)
  sakila.category - Started (3 of 16, session 3)
  sakila.address - Drop target table (6 ms, session 2)
  sakila.city - Started (4 of 16, session 4)
  sakila.country - Started (5 of 16, session 5)
  sakila.actor - Drop target table (6 ms, session 1)
  sakila.address - Create target table (3 ms, session 2)
  sakila.category - Open cursor (16 rows read, 3 ms, session 3)
  sakila.city - Open cursor (600 rows read, 6 ms, session 4)
  sakila.customer - Started (6 of 16, session 6)
  sakila.country - Open cursor (109 rows read, 3 ms, session 5)
  sakila.actor - Create target table (3 ms, session 1)
  sakila.category - Drop target table (7 ms, session 3)
  sakila.city - Drop target table (7 ms, session 4)
  sakila.address - Data transfer complete (session 2)
     Rows read:     603 (67000 rows/sec)
     Rows written:  602 (17200 rows/sec, 61.2 KB, 1.7 MB/sec)
     Transfer time: 223 ms (9 ms read, 35 ms write)
  sakila.film - Started (7 of 16, session 2)
  sakila.country - Drop target table (7 ms, session 5)
  sakila.actor - Data transfer complete (session 1)
     Rows read:     203 (33833 rows/sec)
     Rows written:  202 (101000 rows/sec, 7.3 KB, 3.6 MB/sec)
     Transfer time: 300 ms (6 ms read, 2 ms write)
  sakila.film_actor - Started (8 of 16, session 1)
  sakila.city - Create target table (3 ms, session 4)
  sakila.customer - Open cursor (599 rows read, 14 ms, session 6)
  sakila.country - Create target table (3 ms, session 5)
  sakila.category - Create target table (2 ms, session 3)
  sakila.film_actor - Open cursor (5462 rows read, 24 ms, session 1)
  sakila.film - Open cursor (1000 rows read, 109 ms, session 2)
  sakila.city - Data transfer complete (session 4)
     Rows read:     600 (100000 rows/sec)
     Rows written:  599 (99833 rows/sec, 21.3 KB, 3.5 MB/sec)
     Transfer time: 361 ms (6 ms read, 6 ms write)
  sakila.film_category - Started (9 of 16, session 4)
  sakila.country - Data transfer complete (session 5)
     Rows read:     109 (36333 rows/sec)
     Rows written:  108 (54000 rows/sec, 3.5 KB, 1.7 MB/sec)
     Transfer time: 388 ms (3 ms read, 2 ms write)
  sakila.film_text - Started (10 of 16, session 5)
  sakila.film_actor - Drop target table (4 ms, session 1)
  sakila.film - Drop target table (6 ms, session 2)
  sakila.customer - Drop target table (6 ms, session 6)
  sakila.film_category - Open cursor (1000 rows read, 5 ms, session 4)
  sakila.category - Data transfer complete (session 3)
     Rows read:     16 (5333 rows/sec)
     Rows written:  15 (15000 rows/sec, 449 bytes, 438.5 KB/sec)
     Transfer time: 481 ms (3 ms read, 1 ms write)
  sakila.film_actor - Create target table (5 ms, session 1)
  sakila.film - Create target table (3 ms, session 2)
  sakila.film_text - Open cursor (1000 rows read, 82 ms, session 5)
  sakila.customer - Create target table (3 ms, session 6)
  sakila.film_category - Drop target table (5 ms, session 4)
  sakila.inventory - Started (11 of 16, session 3)
  sakila.film_actor - Data transfer complete (session 1)
     Rows read:     5462 (5.5K rows, 227583 rows/sec)
     Rows written:  5462 (5.5K rows, 260095 rows/sec, 146.0 KB, 6.8 MB/sec)
     Transfer time: 396 ms (24 ms read, 21 ms write)
  sakila.film_text - Drop target table (8 ms, session 5)
  sakila.film - Data transfer complete (session 2)
     Rows read:     1000 (1000 rows, 9174 rows/sec)
     Rows written:  1000 (1000 rows, 35714 rows/sec, 189.0 KB, 6.6 MB/sec)
     Transfer time: 511 ms (109 ms read, 28 ms write)
  sakila.payment - Started (12 of 16, session 2)
  sakila.film_category - Create target table (3 ms, session 4)
  sakila.inventory - Open cursor (4581 rows read, 16 ms, session 3)
  sakila.language - Started (13 of 16, session 1)
  sakila.film_text - Create target table (3 ms, session 5)
  sakila.customer - Data transfer complete (session 6)
     Rows read:     599 (42786 rows/sec)
     Rows written:  599 (59900 rows/sec, 57.6 KB, 5.6 MB/sec)
     Transfer time: 672 ms (14 ms read, 10 ms write)
  sakila.rental - Started (14 of 16, session 6)
  sakila.inventory - Drop target table (5 ms, session 3)
  sakila.language - Open cursor (6 rows read, 2 ms, session 1)
  sakila.payment - Open cursor (16044 rows read, 118 ms, session 2)
  sakila.film_text - Data transfer complete (session 5)
     Rows read:     1000 (1000 rows, 12195 rows/sec)
     Rows written:  1000 (1000 rows, 50000 rows/sec, 111.3 KB, 5.4 MB/sec)
     Transfer time: 492 ms (82 ms read, 20 ms write)
  sakila.staff - Started (15 of 16, session 5)
  sakila.inventory - Create target table (2 ms, session 3)
  sakila.language - Drop target table (9 ms, session 1)
  sakila.payment - Drop target table (4 ms, session 2)
  sakila.film_category - Data transfer complete (session 4)
     Rows read:     1000 (1000 rows, 200000 rows/sec)
     Rows written:  1000 (1000 rows, 166667 rows/sec, 25.7 KB, 4.2 MB/sec)
     Transfer time: 448 ms (5 ms read, 6 ms write)
  sakila.store - Started (16 of 16, session 4)
  sakila.staff - Open cursor (2 rows read, 7 ms, session 5)
  sakila.inventory - Data transfer complete (session 3)
     Rows read:     4581 (4.6K rows, 286312 rows/sec)
     Rows written:  4581 (4.6K rows, 241105 rows/sec, 137.1 KB, 7.0 MB/sec)
     Transfer time: 420 ms (16 ms read, 19 ms write)
  sakila.language - Create target table (2 ms, session 1)
  sakila.payment - Create target table (3 ms, session 2)
  sakila.rental - Open cursor (16044 rows read, 127 ms, session 6)
  sakila.store - Open cursor (2 rows read, 4 ms, session 4)
  sakila.staff - Drop target table (6 ms, session 5)
  sakila.film_actor - Add PRIMARY KEY constraint (12 ms, session 3)
  sakila.language - Data transfer complete (session 1)
     Rows read:     6 (3000 rows/sec)
     Rows written:  6 (3000 rows/sec, 180 bytes, 87.9 KB/sec)
     Transfer time: 401 ms (2 ms read, 2 ms write)
  sakila.rental - Drop target table (12 ms, session 6)
  sakila.store - Drop target table (6 ms, session 4)
  sakila.staff - Create target table (6 ms, session 5)
  sakila.film_category - Add PRIMARY KEY constraint (6 ms, session 3)
  sakila.payment - Data transfer complete (session 2)
     Rows read:     16044 (16.0K rows, 135966 rows/sec)
     Rows written:  16044 (16.0K rows, 106960 rows/sec, 962.6 KB, 6.3 MB/sec)
     Transfer time: 643 ms (118 ms read, 150 ms write)
  sakila.film_text - Add PRIMARY KEY constraint (8 ms, session 1)
  sakila.rental - Create target table (3 ms, session 6)
  sakila.store - Create target table (3 ms, session 4)
  sakila.staff - Data transfer complete (session 5)
     Rows read:     2 (286 rows/sec)
     Rows written:  2 (286 rows/sec, 36.1 KB, 5.0 MB/sec)
     Transfer time: 456 ms (7 ms read, 7 ms write)
  sakila.address - Add FOREIGN KEY constraint (5 ms, session 3)
  sakila.city - Add FOREIGN KEY constraint (6 ms, session 2)
  sakila.customer - Add FOREIGN KEY constraint (5 ms, session 1)
  sakila.store - Data transfer complete (session 4)
     Rows read:     2 (500 rows/sec)
     Rows written:  2 (2000 rows/sec, 52 bytes, 50.8 KB/sec)
     Transfer time: 470 ms (4 ms read, 1 ms write)
  sakila.customer - Add FOREIGN KEY constraint (5 ms, session 5)
  sakila.film_actor - Add FOREIGN KEY constraint (4 ms, session 3)
  sakila.film_actor - Add FOREIGN KEY constraint (10 ms, session 2)
  sakila.film_category - Add FOREIGN KEY constraint (4 ms, session 1)
  sakila.rental - Data transfer complete (session 6)
     Rows read:     16044 (16.0K rows, 126331 rows/sec)
     Rows written:  16044 (16.0K rows, 91159 rows/sec, 1.2 MB, 6.6 MB/sec)
     Transfer time: 856 ms (127 ms read, 176 ms write)
  sakila.film_category - Add FOREIGN KEY constraint (3 ms, session 4)
  sakila.film - Add FOREIGN KEY constraint (4 ms, session 5)
  sakila.film - Add FOREIGN KEY constraint (5 ms, session 3)
  sakila.inventory - Add FOREIGN KEY constraint (7 ms, session 2)
  sakila.inventory - Add FOREIGN KEY constraint (8 ms, session 1)
  sakila.payment - Add FOREIGN KEY constraint (10 ms, session 6)
  sakila.payment - Add FOREIGN KEY constraint (9 ms, session 4)
  sakila.payment - Add FOREIGN KEY constraint (9 ms, session 5)
  sakila.rental - Add FOREIGN KEY constraint (9 ms, session 3)
  sakila.rental - Add FOREIGN KEY constraint (10 ms, session 2)
  sakila.rental - Add FOREIGN KEY constraint (13 ms, session 1)
  sakila.staff - Add FOREIGN KEY constraint (5 ms, session 6)
  sakila.staff - Add FOREIGN KEY constraint (4 ms, session 4)
  sakila.store - Add FOREIGN KEY constraint (4 ms, session 5)
  sakila.store - Add FOREIGN KEY constraint (6 ms, session 3)
  sakila.actor - Create index idx_actor_last_name (4 ms, session 2)
  sakila.address - Create index idx_fk_city_id (4 ms, session 1)
  sakila.address - Create index idx_location (6 ms, session 6)
  sakila.city - Create index idx_fk_country_id (3 ms, session 4)
  sakila.customer - Create index idx_fk_address_id (4 ms, session 5)
  sakila.customer - Create index idx_fk_store_id (4 ms, session 3)
  sakila.customer - Create index idx_last_name (5 ms, session 2)
  sakila.film - Create index idx_fk_language_id (5 ms, session 1)
  sakila.film - Create index idx_fk_original_language_id (5 ms, session 6)
  sakila.film - Create index idx_title (6 ms, session 4)
  sakila.film_actor - Create index idx_fk_film_id (8 ms, session 5)
  sakila.film_category - Create index fk_film_category_category (5 ms, session 3)
  sakila.film_text - Create index idx_title_description (Failed, 2 ms, session 2)
	Specified key was too long; max key length is 3072 bytes
  sakila.inventory - Create index idx_fk_film_id (6 ms, session 1)
  sakila.inventory - Create index idx_store_id_film_id (8 ms, session 6)
  sakila.payment - Create index fk_payment_rental (9 ms, session 4)
  sakila.payment - Create index idx_fk_customer_id (9 ms, session 5)
  sakila.payment - Create index idx_fk_staff_id (8 ms, session 3)
  sakila.rental - Create index idx_fk_customer_id (10 ms, session 2)
  sakila.rental - Create index idx_fk_inventory_id (10 ms, session 1)
  sakila.rental - Create index idx_fk_staff_id (10 ms, session 6)
  sakila.staff - Create index idx_fk_address_id (4 ms, session 4)
  sakila.staff - Create index idx_fk_store_id (5 ms, session 5)
  sakila.store - Create index idx_fk_address_id (4 ms, session 3)
  sakila.rental - Add UNIQUE constraint (9 ms, session 2)
  sakila.store - Add UNIQUE constraint (3 ms, session 1)

Read/write row count differences (5 tables):

   1. sakila.address (603 rows read, 602 rows written, 1 row difference) - THE EVALUATION VERSION RESTRICTION
   2. sakila.actor (203 rows read, 202 rows written, 1 row difference) - THE EVALUATION VERSION RESTRICTION
   3. sakila.city (600 rows read, 599 rows written, 1 row difference) - THE EVALUATION VERSION RESTRICTION
   4. sakila.country (109 rows read, 108 rows written, 1 row difference) - THE EVALUATION VERSION RESTRICTION
   5. sakila.category (16 rows read, 15 rows written, 1 row difference) - THE EVALUATION VERSION RESTRICTION

Summary:

  Tables:        16 (16 Ok, 0 failed)
  Target DDL:    83 (82 Ok, 1 failed)
  Rows read:     47271 (47.3K rows)
  Rows written:  47266 (47.3K rows) (5 row difference)
  Transfer time: 3.3 sec (14198 rows/sec, 2.9 MB, 884.7 KB/sec)

Logs:

  Execution log:             sqldata.log
  DDL SQL statements:        sqldata_ddl.sql
  Failed DDL SQL statements: sqldata_failed.sql

Current timestamp: 2026:03:04 17:39:30.614