2026-02-11T16:57:48.502491+00:00 START mode=run config=config/migration.yaml
2026-02-11T16:57:48.504924+00:00 RUN  preflight_one_step (Preflight checks (one_step)) -> scripts/00_preflight_one_step.sh
2026-02-11T16:57:48.505288+00:00 CMD /Users/balajin/Documents/GitHub/Mysql-to-MariaDB-Migration/scripts/00_preflight_one_step.sh
2026-02-11T16:57:48.515589+00:00 OUT ==> Preflight checks (one_step)
2026-02-11T16:57:48.516172+00:00 OUT mariadb-dump not found; mysqldump is available (OK).
2026-02-11T16:57:48.516198+00:00 OUT Checking source connectivity...
2026-02-11T16:57:48.539797+00:00 OUT Checking target SSH connectivity...
2026-02-11T16:57:48.813749+00:00 OUT Checking target mariadb client...
2026-02-11T16:57:49.062500+00:00 OUT Checking target TCP connectivity...
2026-02-11T16:57:49.270482+00:00 OUT pv not found (optional).
2026-02-11T16:57:49.270887+00:00 OUT Preflight complete.
2026-02-11T16:57:49.272461+00:00 RUN  create_migration_user (Create migration user on source and target) -> scripts/09_create_migration_user.sh
2026-02-11T16:57:49.273297+00:00 CMD /Users/balajin/Documents/GitHub/Mysql-to-MariaDB-Migration/scripts/09_create_migration_user.sh
2026-02-11T16:57:49.284631+00:00 OUT ==> Create migration user on source and target
2026-02-11T16:57:49.304128+00:00 OUT Creating migration user on source: 192.168.68.107:3306
2026-02-11T16:57:49.330552+00:00 OUT Creating migration user on target: 192.168.64.4:3306
2026-02-11T16:57:50.025918+00:00 OUT Migrating application users to target (default password)
2026-02-11T16:57:50.833322+00:00 OUT Migration user setup completed.
2026-02-11T16:57:50.835293+00:00 RUN  precheck (Precheck source variables and blockers) -> scripts/00_precheck.sh
2026-02-11T16:57:50.836040+00:00 CMD /Users/balajin/Documents/GitHub/Mysql-to-MariaDB-Migration/scripts/00_precheck.sh
2026-02-11T16:57:50.863188+00:00 OUT == Precheck runner ==
2026-02-11T16:57:50.865187+00:00 OUT Host: 192.168.68.107  Port: 3306  User: migrate
2026-02-11T16:57:50.867086+00:00 OUT Checks dir: /Users/balajin/Documents/GitHub/Mysql-to-MariaDB-Migration/sql/checks
2026-02-11T16:57:50.868928+00:00 OUT Outdir: /Users/balajin/Documents/GitHub/Mysql-to-MariaDB-Migration/artifacts/precheck
2026-02-11T16:57:50.871120+00:00 OUT 
2026-02-11T16:57:50.873680+00:00 OUT NOTE: mariadb-migrate-config-file not found; skipping config check.
2026-02-11T16:57:50.881209+00:00 OUT ---- mysql_version ----
2026-02-11T16:57:50.909711+00:00 OUT 8.4.8
2026-02-11T16:57:50.914200+00:00 OUT 
2026-02-11T16:57:50.918098+00:00 OUT ---- innodb_settings ----
2026-02-11T16:57:50.939718+00:00 OUT 1	1
2026-02-11T16:57:50.943710+00:00 OUT 
2026-02-11T16:57:50.946964+00:00 OUT ---- auth_plugins ----
2026-02-11T16:57:50.966287+00:00 OUT migrate	%	caching_sha2_password
2026-02-11T16:57:50.966351+00:00 OUT migrate	192.168.64.2	caching_sha2_password
2026-02-11T16:57:50.966384+00:00 OUT packer	%	caching_sha2_password
2026-02-11T16:57:50.966418+00:00 OUT root	localhost	caching_sha2_password
2026-02-11T16:57:50.969717+00:00 OUT 
2026-02-11T16:57:50.973117+00:00 OUT ---- json_columns ----
2026-02-11T16:57:50.994290+00:00 OUT testdb	orders_json	data_json	json
2026-02-11T16:57:50.997855+00:00 OUT 
2026-02-11T16:57:51.000864+00:00 OUT ---- compression_encryption ----
2026-02-11T16:57:51.020721+00:00 OUT (no rows)
2026-02-11T16:57:51.022167+00:00 OUT 
2026-02-11T16:57:51.025103+00:00 OUT ---- engines_summary ----
2026-02-11T16:57:51.047644+00:00 OUT PERFORMANCE_SCHEMA	113
2026-02-11T16:57:51.047711+00:00 OUT InnoDB	65
2026-02-11T16:57:51.047752+00:00 OUT CSV	2
2026-02-11T16:57:51.051067+00:00 OUT 
2026-02-11T16:57:51.054058+00:00 OUT ---- schema_sizes ----
2026-02-11T16:57:51.089818+00:00 OUT testdb	38.56
2026-02-11T16:57:51.089885+00:00 OUT sakila	6.45
2026-02-11T16:57:51.089924+00:00 OUT mysql	2.61
2026-02-11T16:57:51.089950+00:00 OUT world	0.77
2026-02-11T16:57:51.089981+00:00 OUT classicmodels	0.50
2026-02-11T16:57:51.090012+00:00 OUT sys	0.02
2026-02-11T16:57:51.090061+00:00 OUT information_schema	0.00
2026-02-11T16:57:51.090086+00:00 OUT performance_schema	0.00
2026-02-11T16:57:51.093330+00:00 OUT 
2026-02-11T16:57:51.096646+00:00 OUT ---- schema_charsets ----
2026-02-11T16:57:51.119297+00:00 OUT classicmodels	latin1	latin1_swedish_ci
2026-02-11T16:57:51.119391+00:00 OUT sakila	utf8mb4	utf8mb4_0900_ai_ci
2026-02-11T16:57:51.119426+00:00 OUT testdb	utf8mb4	utf8mb4_0900_ai_ci
2026-02-11T16:57:51.119456+00:00 OUT world	utf8mb4	utf8mb4_0900_ai_ci
2026-02-11T16:57:51.122759+00:00 OUT 
2026-02-11T16:57:51.125972+00:00 OUT ---- mysql8_collations ----
2026-02-11T16:57:51.173124+00:00 OUT sakila	actor	utf8mb4_0900_ai_ci
2026-02-11T16:57:51.173264+00:00 OUT sakila	address	utf8mb4_0900_ai_ci
2026-02-11T16:57:51.173308+00:00 OUT sakila	category	utf8mb4_0900_ai_ci
2026-02-11T16:57:51.173360+00:00 OUT sakila	city	utf8mb4_0900_ai_ci
2026-02-11T16:57:51.173481+00:00 OUT sakila	country	utf8mb4_0900_ai_ci
2026-02-11T16:57:51.173526+00:00 OUT sakila	customer	utf8mb4_0900_ai_ci
2026-02-11T16:57:51.173564+00:00 OUT sakila	film	utf8mb4_0900_ai_ci
2026-02-11T16:57:51.173599+00:00 OUT sakila	film_actor	utf8mb4_0900_ai_ci
2026-02-11T16:57:51.173633+00:00 OUT sakila	film_category	utf8mb4_0900_ai_ci
2026-02-11T16:57:51.173665+00:00 OUT sakila	film_text	utf8mb4_0900_ai_ci
2026-02-11T16:57:51.173695+00:00 OUT sakila	inventory	utf8mb4_0900_ai_ci
2026-02-11T16:57:51.173726+00:00 OUT sakila	language	utf8mb4_0900_ai_ci
2026-02-11T16:57:51.173757+00:00 OUT sakila	payment	utf8mb4_0900_ai_ci
2026-02-11T16:57:51.173789+00:00 OUT sakila	rental	utf8mb4_0900_ai_ci
2026-02-11T16:57:51.173820+00:00 OUT sakila	staff	utf8mb4_0900_ai_ci
2026-02-11T16:57:51.173849+00:00 OUT sakila	store	utf8mb4_0900_ai_ci
2026-02-11T16:57:51.173876+00:00 OUT testdb	orders_json	utf8mb4_0900_ai_ci
2026-02-11T16:57:51.173906+00:00 OUT world	city	utf8mb4_0900_ai_ci
2026-02-11T16:57:51.173946+00:00 OUT world	country	utf8mb4_0900_ai_ci
2026-02-11T16:57:51.173977+00:00 OUT world	countrylanguage	utf8mb4_0900_ai_ci
2026-02-11T16:57:51.178048+00:00 OUT 
2026-02-11T16:57:51.182297+00:00 OUT ---- mysql8_column_collations ----
2026-02-11T16:57:51.208810+00:00 OUT sakila	actor	first_name	utf8mb4_0900_ai_ci
2026-02-11T16:57:51.208949+00:00 OUT sakila	actor	last_name	utf8mb4_0900_ai_ci
2026-02-11T16:57:51.209060+00:00 OUT sakila	actor_info	film_info	utf8mb4_0900_ai_ci
2026-02-11T16:57:51.209151+00:00 OUT sakila	actor_info	first_name	utf8mb4_0900_ai_ci
2026-02-11T16:57:51.209210+00:00 OUT sakila	actor_info	last_name	utf8mb4_0900_ai_ci
2026-02-11T16:57:51.209282+00:00 OUT sakila	address	address	utf8mb4_0900_ai_ci
2026-02-11T16:57:51.209335+00:00 OUT sakila	address	address2	utf8mb4_0900_ai_ci
2026-02-11T16:57:51.209381+00:00 OUT sakila	address	district	utf8mb4_0900_ai_ci
2026-02-11T16:57:51.209418+00:00 OUT sakila	address	phone	utf8mb4_0900_ai_ci
2026-02-11T16:57:51.209452+00:00 OUT sakila	address	postal_code	utf8mb4_0900_ai_ci
2026-02-11T16:57:51.209482+00:00 OUT sakila	category	name	utf8mb4_0900_ai_ci
2026-02-11T16:57:51.209515+00:00 OUT sakila	city	city	utf8mb4_0900_ai_ci
2026-02-11T16:57:51.209548+00:00 OUT sakila	country	country	utf8mb4_0900_ai_ci
2026-02-11T16:57:51.209580+00:00 OUT sakila	customer	email	utf8mb4_0900_ai_ci
2026-02-11T16:57:51.209610+00:00 OUT sakila	customer	first_name	utf8mb4_0900_ai_ci
2026-02-11T16:57:51.209647+00:00 OUT sakila	customer	last_name	utf8mb4_0900_ai_ci
2026-02-11T16:57:51.209685+00:00 OUT sakila	customer_list	address	utf8mb4_0900_ai_ci
2026-02-11T16:57:51.209717+00:00 OUT sakila	customer_list	city	utf8mb4_0900_ai_ci
2026-02-11T16:57:51.209777+00:00 OUT sakila	customer_list	country	utf8mb4_0900_ai_ci
2026-02-11T16:57:51.209876+00:00 OUT sakila	customer_list	name	utf8mb4_0900_ai_ci
2026-02-11T16:57:51.209964+00:00 OUT sakila	customer_list	notes	utf8mb4_0900_ai_ci
2026-02-11T16:57:51.210027+00:00 OUT sakila	customer_list	phone	utf8mb4_0900_ai_ci
2026-02-11T16:57:51.210104+00:00 OUT sakila	customer_list	zip code	utf8mb4_0900_ai_ci
2026-02-11T16:57:51.210148+00:00 OUT sakila	film	description	utf8mb4_0900_ai_ci
2026-02-11T16:57:51.210189+00:00 OUT sakila	film	rating	utf8mb4_0900_ai_ci
2026-02-11T16:57:51.210225+00:00 OUT sakila	film	special_features	utf8mb4_0900_ai_ci
2026-02-11T16:57:51.210283+00:00 OUT sakila	film	title	utf8mb4_0900_ai_ci
2026-02-11T16:57:51.210347+00:00 OUT sakila	film_list	actors	utf8mb4_0900_ai_ci
2026-02-11T16:57:51.210406+00:00 OUT sakila	film_list	category	utf8mb4_0900_ai_ci
2026-02-11T16:57:51.210448+00:00 OUT sakila	film_list	description	utf8mb4_0900_ai_ci
2026-02-11T16:57:51.210492+00:00 OUT sakila	film_list	rating	utf8mb4_0900_ai_ci
2026-02-11T16:57:51.210544+00:00 OUT sakila	film_list	title	utf8mb4_0900_ai_ci
2026-02-11T16:57:51.210587+00:00 OUT sakila	film_text	description	utf8mb4_0900_ai_ci
2026-02-11T16:57:51.210647+00:00 OUT sakila	film_text	title	utf8mb4_0900_ai_ci
2026-02-11T16:57:51.210693+00:00 OUT sakila	language	name	utf8mb4_0900_ai_ci
2026-02-11T16:57:51.210730+00:00 OUT sakila	nicer_but_slower_film_list	actors	utf8mb4_0900_ai_ci
2026-02-11T16:57:51.210767+00:00 OUT sakila	nicer_but_slower_film_list	category	utf8mb4_0900_ai_ci
2026-02-11T16:57:51.210813+00:00 OUT sakila	nicer_but_slower_film_list	description	utf8mb4_0900_ai_ci
2026-02-11T16:57:51.210858+00:00 OUT sakila	nicer_but_slower_film_list	rating	utf8mb4_0900_ai_ci
2026-02-11T16:57:51.210903+00:00 OUT sakila	nicer_but_slower_film_list	title	utf8mb4_0900_ai_ci
2026-02-11T16:57:51.210950+00:00 OUT sakila	sales_by_film_category	category	utf8mb4_0900_ai_ci
2026-02-11T16:57:51.211002+00:00 OUT sakila	sales_by_store	manager	utf8mb4_0900_ai_ci
2026-02-11T16:57:51.211043+00:00 OUT sakila	sales_by_store	store	utf8mb4_0900_ai_ci
2026-02-11T16:57:51.211084+00:00 OUT sakila	staff	email	utf8mb4_0900_ai_ci
2026-02-11T16:57:51.211151+00:00 OUT sakila	staff	first_name	utf8mb4_0900_ai_ci
2026-02-11T16:57:51.211212+00:00 OUT sakila	staff	last_name	utf8mb4_0900_ai_ci
2026-02-11T16:57:51.211250+00:00 OUT sakila	staff	username	utf8mb4_0900_ai_ci
2026-02-11T16:57:51.211290+00:00 OUT sakila	staff_list	address	utf8mb4_0900_ai_ci
2026-02-11T16:57:51.211331+00:00 OUT sakila	staff_list	city	utf8mb4_0900_ai_ci
2026-02-11T16:57:51.211377+00:00 OUT sakila	staff_list	country	utf8mb4_0900_ai_ci
2026-02-11T16:57:51.213661+00:00 OUT ... (truncated; full output in /Users/balajin/Documents/GitHub/Mysql-to-MariaDB-Migration/artifacts/precheck/mysql8_column_collations.tsv)
2026-02-11T16:57:51.215762+00:00 OUT 
2026-02-11T16:57:51.220070+00:00 OUT ---- sql_mode ----
2026-02-11T16:57:51.242866+00:00 OUT ONLY_FULL_GROUP_BY,STRICT_TRANS_TABLES,NO_ZERO_IN_DATE,NO_ZERO_DATE,ERROR_FOR_DIVISION_BY_ZERO,NO_ENGINE_SUBSTITUTION
2026-02-11T16:57:51.247700+00:00 OUT 
2026-02-11T16:57:51.253042+00:00 OUT ---- definers_inventory ----
2026-02-11T16:57:51.282105+00:00 OUT ROUTINE	root@localhost	6
2026-02-11T16:57:51.282210+00:00 OUT TRIGGER	root@localhost	6
2026-02-11T16:57:51.282255+00:00 OUT VIEW	root@localhost	7
2026-02-11T16:57:51.285948+00:00 OUT 
2026-02-11T16:57:51.289412+00:00 OUT ---- partitioned_tables ----
2026-02-11T16:57:51.316010+00:00 OUT (no rows)
2026-02-11T16:57:51.317669+00:00 OUT 
2026-02-11T16:57:51.320928+00:00 OUT ---- active_plugins ----
2026-02-11T16:57:51.342321+00:00 OUT ARCHIVE	ACTIVE
2026-02-11T16:57:51.342406+00:00 OUT binlog	ACTIVE
2026-02-11T16:57:51.342453+00:00 OUT BLACKHOLE	ACTIVE
2026-02-11T16:57:51.342493+00:00 OUT caching_sha2_password	ACTIVE
2026-02-11T16:57:51.342527+00:00 OUT CSV	ACTIVE
2026-02-11T16:57:51.342558+00:00 OUT daemon_keyring_proxy_plugin	ACTIVE
2026-02-11T16:57:51.342598+00:00 OUT InnoDB	ACTIVE
2026-02-11T16:57:51.342645+00:00 OUT INNODB_BUFFER_PAGE	ACTIVE
2026-02-11T16:57:51.342682+00:00 OUT INNODB_BUFFER_PAGE_LRU	ACTIVE
2026-02-11T16:57:51.342720+00:00 OUT INNODB_BUFFER_POOL_STATS	ACTIVE
2026-02-11T16:57:51.342749+00:00 OUT INNODB_CACHED_INDEXES	ACTIVE
2026-02-11T16:57:51.342779+00:00 OUT INNODB_CMP	ACTIVE
2026-02-11T16:57:51.342808+00:00 OUT INNODB_CMPMEM	ACTIVE
2026-02-11T16:57:51.342847+00:00 OUT INNODB_CMPMEM_RESET	ACTIVE
2026-02-11T16:57:51.342879+00:00 OUT INNODB_CMP_PER_INDEX	ACTIVE
2026-02-11T16:57:51.342921+00:00 OUT INNODB_CMP_PER_INDEX_RESET	ACTIVE
2026-02-11T16:57:51.342959+00:00 OUT INNODB_CMP_RESET	ACTIVE
2026-02-11T16:57:51.342989+00:00 OUT INNODB_COLUMNS	ACTIVE
2026-02-11T16:57:51.343035+00:00 OUT INNODB_FT_BEING_DELETED	ACTIVE
2026-02-11T16:57:51.343067+00:00 OUT INNODB_FT_CONFIG	ACTIVE
2026-02-11T16:57:51.343099+00:00 OUT INNODB_FT_DEFAULT_STOPWORD	ACTIVE
2026-02-11T16:57:51.343130+00:00 OUT INNODB_FT_DELETED	ACTIVE
2026-02-11T16:57:51.343163+00:00 OUT INNODB_FT_INDEX_CACHE	ACTIVE
2026-02-11T16:57:51.343196+00:00 OUT INNODB_FT_INDEX_TABLE	ACTIVE
2026-02-11T16:57:51.343235+00:00 OUT INNODB_INDEXES	ACTIVE
2026-02-11T16:57:51.343271+00:00 OUT INNODB_METRICS	ACTIVE
2026-02-11T16:57:51.343311+00:00 OUT INNODB_SESSION_TEMP_TABLESPACES	ACTIVE
2026-02-11T16:57:51.343347+00:00 OUT INNODB_TABLES	ACTIVE
2026-02-11T16:57:51.343382+00:00 OUT INNODB_TABLESPACES	ACTIVE
2026-02-11T16:57:51.343412+00:00 OUT INNODB_TABLESTATS	ACTIVE
2026-02-11T16:57:51.343443+00:00 OUT INNODB_TEMP_TABLE_INFO	ACTIVE
2026-02-11T16:57:51.343473+00:00 OUT INNODB_TRX	ACTIVE
2026-02-11T16:57:51.343504+00:00 OUT INNODB_VIRTUAL	ACTIVE
2026-02-11T16:57:51.343535+00:00 OUT MEMORY	ACTIVE
2026-02-11T16:57:51.343569+00:00 OUT MRG_MYISAM	ACTIVE
2026-02-11T16:57:51.343599+00:00 OUT MyISAM	ACTIVE
2026-02-11T16:57:51.343629+00:00 OUT mysqlx	ACTIVE
2026-02-11T16:57:51.343662+00:00 OUT mysqlx_cache_cleaner	ACTIVE
2026-02-11T16:57:51.343692+00:00 OUT ngram	ACTIVE
2026-02-11T16:57:51.343722+00:00 OUT PERFORMANCE_SCHEMA	ACTIVE
2026-02-11T16:57:51.343757+00:00 OUT sha256_password	ACTIVE
2026-02-11T16:57:51.343797+00:00 OUT sha2_cache_cleaner	ACTIVE
2026-02-11T16:57:51.343841+00:00 OUT TempTable	ACTIVE
2026-02-11T16:57:51.346238+00:00 OUT 
2026-02-11T16:57:51.349453+00:00 OUT ---- functional_indexes ----
2026-02-11T16:57:51.370706+00:00 OUT (no rows)
2026-02-11T16:57:51.372271+00:00 OUT 
2026-02-11T16:57:51.375265+00:00 OUT ---- functional_defaults ----
2026-02-11T16:57:51.397287+00:00 OUT (no rows)
2026-02-11T16:57:51.398919+00:00 OUT 
2026-02-11T16:57:51.402226+00:00 OUT ---- invisible_columns ----
2026-02-11T16:57:51.428356+00:00 OUT (no rows)
2026-02-11T16:57:51.430047+00:00 OUT 
2026-02-11T16:57:51.433148+00:00 OUT ---- check_constraints ----
2026-02-11T16:57:51.456279+00:00 OUT (no rows)
2026-02-11T16:57:51.457813+00:00 OUT 
2026-02-11T16:57:51.461253+00:00 OUT Precheck complete.
2026-02-11T16:57:51.462687+00:00 OUT TSV outputs: /Users/balajin/Documents/GitHub/Mysql-to-MariaDB-Migration/artifacts/precheck/*.tsv
2026-02-11T16:57:51.463475+00:00 RUN  one_step_dump_restore (One-step dump/restore (mariadb-dump | mariadb)) -> scripts/10_one_step_migration.sh
2026-02-11T16:57:51.463767+00:00 CMD /Users/balajin/Documents/GitHub/Mysql-to-MariaDB-Migration/scripts/10_one_step_migration.sh
2026-02-11T16:57:51.469079+00:00 OUT ==> One-step migration (mariadb-dump | mariadb)
2026-02-11T16:57:51.469175+00:00 OUT mariadb-dump not found; using mysqldump.
2026-02-11T16:57:51.469228+00:00 OUT Source: 192.168.68.107:3306  DB: sakila
2026-02-11T16:57:51.469267+00:00 OUT Target: 192.168.64.4:3306
2026-02-11T16:57:51.469305+00:00 OUT pv not found; running without progress meter.
2026-02-11T16:57:51.758779+00:00 OUT WARNING: option --ssl-verify-server-cert is disabled, because of an insecure passwordless login.
2026-02-11T16:57:52.225629+00:00 OUT One-step migration completed.
2026-02-11T16:57:52.229319+00:00 RUN  validate (Validate after upgrade) -> scripts/07_validate.sh
2026-02-11T16:57:52.230191+00:00 CMD /Users/balajin/Documents/GitHub/Mysql-to-MariaDB-Migration/scripts/07_validate.sh
2026-02-11T16:57:52.272171+00:00 OUT MariaDB version (TCP validation):
2026-02-11T16:57:52.480353+00:00 OUT WARNING: option --ssl-verify-server-cert is disabled, because of an insecure passwordless login.
2026-02-11T16:57:52.491121+00:00 OUT 11.8.5-2-MariaDB-enterprise
2026-02-11T16:57:52.492569+00:00 OUT 
2026-02-11T16:57:52.492787+00:00 OUT User authentication plugins:
2026-02-11T16:57:52.720278+00:00 OUT WARNING: option --ssl-verify-server-cert is disabled, because of an insecure passwordless login.
2026-02-11T16:57:52.729481+00:00 OUT mariadb.sys	localhost	mysql_native_password
2026-02-11T16:57:52.729636+00:00 OUT migrate	%	mysql_native_password
2026-02-11T16:57:52.729722+00:00 OUT mysql	localhost	mysql_native_password
2026-02-11T16:57:52.729759+00:00 OUT packer	%	mysql_native_password
2026-02-11T16:57:52.729792+00:00 OUT root	localhost	mysql_native_password
2026-02-11T16:57:52.730755+00:00 OUT 
2026-02-11T16:57:52.730850+00:00 OUT Storage engines:
2026-02-11T16:57:52.933573+00:00 OUT WARNING: option --ssl-verify-server-cert is disabled, because of an insecure passwordless login.
2026-02-11T16:57:52.943736+00:00 OUT SPIDER	YES	Spider storage engine	YES	YES	NO
2026-02-11T16:57:52.944058+00:00 OUT CSV	YES	Stores tables as CSV files	NO	NO	NO
2026-02-11T16:57:52.944225+00:00 OUT MRG_MyISAM	YES	Collection of identical MyISAM tables	NO	NO	NO
2026-02-11T16:57:52.944327+00:00 OUT Aria	YES	Crash-safe tables with MyISAM heritage. Used for internal temporary tables and privilege tables	NO	NO	NO
2026-02-11T16:57:52.944430+00:00 OUT MyISAM	YES	Non-transactional engine with good performance and small data footprint	NO	NO	NO
2026-02-11T16:57:52.944532+00:00 OUT MEMORY	YES	Hash based, stored in memory, useful for temporary tables	NO	NO	NO
2026-02-11T16:57:52.944623+00:00 OUT InnoDB	DEFAULT	Supports transactions, row-level locking, foreign keys and encryption for tables	YES	YES	YES
2026-02-11T16:57:52.944711+00:00 OUT SEQUENCE	YES	Generated tables filled with sequential values	YES	NO	YES
2026-02-11T16:57:52.944802+00:00 OUT PERFORMANCE_SCHEMA	YES	Performance Schema	NO	NO	NO
2026-02-11T16:57:52.945016+00:00 OUT ROCKSDB	YES	RocksDB storage engine	YES	YES	YES
2026-02-11T16:57:52.945210+00:00 OUT 
2026-02-11T16:57:52.945318+00:00 OUT Validation complete (socket-first).
2026-02-11T16:57:52.948031+00:00 FINISH success=True message=Run completed successfully.
