2026-03-07T16:24:41.007801+00:00 START mode=assessment config=config/source.yaml
2026-03-07T16:24:42.279042+00:00 Assessment source auth selected: SRC_ADMIN_USER (admin)
2026-03-07T16:24:42.300451+00:00 RUN precheck -> /mnt/macshare/scripts/00_precheck.sh
2026-03-07T16:25:17.252244+00:00 == Precheck runner ==
2026-03-07T16:25:17.264900+00:00 Host: 192.168.64.7  Port: 3306  User: admin
2026-03-07T16:25:17.277105+00:00 Checks dir: /mnt/macshare/sql/checks
2026-03-07T16:25:17.285322+00:00 Outdir: artifacts/assess_20260307_162433/precheck
2026-03-07T16:25:17.294418+00:00 
2026-03-07T16:25:17.306619+00:00 NOTE: mariadb-migrate-config-file not found; skipping config check.
2026-03-07T16:25:17.315310+00:00 ---- mysql_version ----
2026-03-07T16:25:17.328865+00:00 8.0.45-0ubuntu0.24.04.1
2026-03-07T16:25:17.341433+00:00 
2026-03-07T16:25:17.350906+00:00 ---- innodb_settings ----
2026-03-07T16:25:17.363169+00:00 1	1
2026-03-07T16:25:17.371603+00:00 
2026-03-07T16:25:17.381716+00:00 ---- auth_plugins ----
2026-03-07T16:25:17.392947+00:00 debian-sys-maint	localhost	caching_sha2_password
2026-03-07T16:25:17.401364+00:00 
2026-03-07T16:25:17.411163+00:00 ---- json_columns ----
2026-03-07T16:25:17.415835+00:00 advanced_test	json_test	data	json
2026-03-07T16:25:17.430953+00:00 advanced_test	json_test	metadata	json
2026-03-07T16:25:17.436236+00:00 testdb	orders_json	data_json	json
2026-03-07T16:25:17.446680+00:00 
2026-03-07T16:25:17.458751+00:00 ---- compression_encryption ----
2026-03-07T16:25:17.468046+00:00 (no rows)
2026-03-07T16:25:17.480861+00:00 
2026-03-07T16:25:17.490405+00:00 ---- engines_summary ----
2026-03-07T16:25:17.497048+00:00 PERFORMANCE_SCHEMA	111
2026-03-07T16:25:17.508067+00:00 InnoDB	59
2026-03-07T16:25:17.518113+00:00 CSV	2
2026-03-07T16:25:17.524520+00:00 
2026-03-07T16:25:17.538888+00:00 ---- schema_sizes ----
2026-03-07T16:25:17.549210+00:00 testdb	38.56
2026-03-07T16:25:17.558440+00:00 sakila	6.45
2026-03-07T16:25:17.568392+00:00 mysql	2.73
2026-03-07T16:25:17.577216+00:00 world	0.77
2026-03-07T16:25:17.587458+00:00 test_replication	0.03
2026-03-07T16:25:17.595627+00:00 sys	0.02
2026-03-07T16:25:17.607581+00:00 advanced_test	0.02
2026-03-07T16:25:17.614796+00:00 information_schema	0.00
2026-03-07T16:25:17.626885+00:00 performance_schema	0.00
2026-03-07T16:25:17.637705+00:00 
2026-03-07T16:25:17.647158+00:00 ---- schema_charsets ----
2026-03-07T16:25:17.651944+00:00 advanced_test	utf8mb4	utf8mb4_0900_ai_ci
2026-03-07T16:25:17.663254+00:00 sakila	utf8mb4	utf8mb4_0900_ai_ci
2026-03-07T16:25:17.671452+00:00 test_replication	utf8mb4	utf8mb4_0900_ai_ci
2026-03-07T16:25:17.682122+00:00 testdb	utf8mb4	utf8mb4_0900_ai_ci
2026-03-07T16:25:17.693237+00:00 world	utf8mb4	utf8mb4_0900_ai_ci
2026-03-07T16:25:17.705994+00:00 
2026-03-07T16:25:17.716463+00:00 ---- mysql8_collations ----
2026-03-07T16:25:17.726833+00:00 advanced_test	json_test	utf8mb4_0900_ai_ci
2026-03-07T16:25:17.740683+00:00 sakila	actor	utf8mb4_0900_ai_ci
2026-03-07T16:25:17.748114+00:00 sakila	address	utf8mb4_0900_ai_ci
2026-03-07T16:25:17.756592+00:00 sakila	category	utf8mb4_0900_ai_ci
2026-03-07T16:25:17.768442+00:00 sakila	city	utf8mb4_0900_ai_ci
2026-03-07T16:25:17.777648+00:00 sakila	country	utf8mb4_0900_ai_ci
2026-03-07T16:25:17.786525+00:00 sakila	customer	utf8mb4_0900_ai_ci
2026-03-07T16:25:17.793602+00:00 sakila	film	utf8mb4_0900_ai_ci
2026-03-07T16:25:17.798133+00:00 sakila	film_actor	utf8mb4_0900_ai_ci
2026-03-07T16:25:17.808375+00:00 sakila	film_category	utf8mb4_0900_ai_ci
2026-03-07T16:25:17.816618+00:00 sakila	film_text	utf8mb4_0900_ai_ci
2026-03-07T16:25:17.829154+00:00 sakila	inventory	utf8mb4_0900_ai_ci
2026-03-07T16:25:17.836403+00:00 sakila	language	utf8mb4_0900_ai_ci
2026-03-07T16:25:17.842932+00:00 sakila	payment	utf8mb4_0900_ai_ci
2026-03-07T16:25:17.853068+00:00 sakila	rental	utf8mb4_0900_ai_ci
2026-03-07T16:25:17.863616+00:00 sakila	staff	utf8mb4_0900_ai_ci
2026-03-07T16:25:17.873479+00:00 sakila	store	utf8mb4_0900_ai_ci
2026-03-07T16:25:17.881204+00:00 test_replication	customers	utf8mb4_0900_ai_ci
2026-03-07T16:25:17.891580+00:00 test_replication	replication_test	utf8mb4_0900_ai_ci
2026-03-07T16:25:17.904693+00:00 testdb	orders_json	utf8mb4_0900_ai_ci
2026-03-07T16:25:17.916476+00:00 world	city	utf8mb4_0900_ai_ci
2026-03-07T16:25:17.927104+00:00 world	country	utf8mb4_0900_ai_ci
2026-03-07T16:25:17.935729+00:00 world	countrylanguage	utf8mb4_0900_ai_ci
2026-03-07T16:25:17.942370+00:00 
2026-03-07T16:25:17.960552+00:00 ---- mysql8_column_collations ----
2026-03-07T16:25:17.965826+00:00 sakila	actor	first_name	utf8mb4_0900_ai_ci
2026-03-07T16:25:17.977987+00:00 sakila	actor	last_name	utf8mb4_0900_ai_ci
2026-03-07T16:25:17.988077+00:00 sakila	actor_info	film_info	utf8mb4_0900_ai_ci
2026-03-07T16:25:17.998285+00:00 sakila	actor_info	first_name	utf8mb4_0900_ai_ci
2026-03-07T16:25:18.007822+00:00 sakila	actor_info	last_name	utf8mb4_0900_ai_ci
2026-03-07T16:25:18.016941+00:00 sakila	address	address	utf8mb4_0900_ai_ci
2026-03-07T16:25:18.028250+00:00 sakila	address	address2	utf8mb4_0900_ai_ci
2026-03-07T16:25:18.038102+00:00 sakila	address	district	utf8mb4_0900_ai_ci
2026-03-07T16:25:18.047106+00:00 sakila	address	phone	utf8mb4_0900_ai_ci
2026-03-07T16:25:18.055064+00:00 sakila	address	postal_code	utf8mb4_0900_ai_ci
2026-03-07T16:25:18.063963+00:00 sakila	category	name	utf8mb4_0900_ai_ci
2026-03-07T16:25:18.072640+00:00 sakila	city	city	utf8mb4_0900_ai_ci
2026-03-07T16:25:18.082316+00:00 sakila	country	country	utf8mb4_0900_ai_ci
2026-03-07T16:25:18.090039+00:00 sakila	customer	email	utf8mb4_0900_ai_ci
2026-03-07T16:25:18.101483+00:00 sakila	customer	first_name	utf8mb4_0900_ai_ci
2026-03-07T16:25:18.112775+00:00 sakila	customer	last_name	utf8mb4_0900_ai_ci
2026-03-07T16:25:18.121512+00:00 sakila	customer_list	address	utf8mb4_0900_ai_ci
2026-03-07T16:25:18.133052+00:00 sakila	customer_list	city	utf8mb4_0900_ai_ci
2026-03-07T16:25:18.145360+00:00 sakila	customer_list	country	utf8mb4_0900_ai_ci
2026-03-07T16:25:18.157658+00:00 sakila	customer_list	name	utf8mb4_0900_ai_ci
2026-03-07T16:25:18.163314+00:00 sakila	customer_list	notes	utf8mb4_0900_ai_ci
2026-03-07T16:25:18.171762+00:00 sakila	customer_list	phone	utf8mb4_0900_ai_ci
2026-03-07T16:25:18.179627+00:00 sakila	customer_list	zip code	utf8mb4_0900_ai_ci
2026-03-07T16:25:18.186468+00:00 sakila	film	description	utf8mb4_0900_ai_ci
2026-03-07T16:25:18.197365+00:00 sakila	film	rating	utf8mb4_0900_ai_ci
2026-03-07T16:25:18.210796+00:00 sakila	film	special_features	utf8mb4_0900_ai_ci
2026-03-07T16:25:18.215340+00:00 sakila	film	title	utf8mb4_0900_ai_ci
2026-03-07T16:25:18.221983+00:00 sakila	film_list	actors	utf8mb4_0900_ai_ci
2026-03-07T16:25:18.228443+00:00 sakila	film_list	category	utf8mb4_0900_ai_ci
2026-03-07T16:25:18.238725+00:00 sakila	film_list	description	utf8mb4_0900_ai_ci
2026-03-07T16:25:18.246626+00:00 sakila	film_list	rating	utf8mb4_0900_ai_ci
2026-03-07T16:25:18.254533+00:00 sakila	film_list	title	utf8mb4_0900_ai_ci
2026-03-07T16:25:18.265060+00:00 sakila	film_text	description	utf8mb4_0900_ai_ci
2026-03-07T16:25:18.270997+00:00 sakila	film_text	title	utf8mb4_0900_ai_ci
2026-03-07T16:25:18.280132+00:00 sakila	language	name	utf8mb4_0900_ai_ci
2026-03-07T16:25:18.290635+00:00 sakila	nicer_but_slower_film_list	actors	utf8mb4_0900_ai_ci
2026-03-07T16:25:18.298263+00:00 sakila	nicer_but_slower_film_list	category	utf8mb4_0900_ai_ci
2026-03-07T16:25:18.308388+00:00 sakila	nicer_but_slower_film_list	description	utf8mb4_0900_ai_ci
2026-03-07T16:25:18.312372+00:00 sakila	nicer_but_slower_film_list	rating	utf8mb4_0900_ai_ci
2026-03-07T16:25:18.322562+00:00 sakila	nicer_but_slower_film_list	title	utf8mb4_0900_ai_ci
2026-03-07T16:25:18.331586+00:00 sakila	sales_by_film_category	category	utf8mb4_0900_ai_ci
2026-03-07T16:25:18.339753+00:00 sakila	sales_by_store	manager	utf8mb4_0900_ai_ci
2026-03-07T16:25:18.351065+00:00 sakila	sales_by_store	store	utf8mb4_0900_ai_ci
2026-03-07T16:25:18.355928+00:00 sakila	staff	email	utf8mb4_0900_ai_ci
2026-03-07T16:25:18.368573+00:00 sakila	staff	first_name	utf8mb4_0900_ai_ci
2026-03-07T16:25:18.375526+00:00 sakila	staff	last_name	utf8mb4_0900_ai_ci
2026-03-07T16:25:18.383585+00:00 sakila	staff	username	utf8mb4_0900_ai_ci
2026-03-07T16:25:18.393023+00:00 sakila	staff_list	address	utf8mb4_0900_ai_ci
2026-03-07T16:25:18.402217+00:00 sakila	staff_list	city	utf8mb4_0900_ai_ci
2026-03-07T16:25:18.410870+00:00 sakila	staff_list	country	utf8mb4_0900_ai_ci
2026-03-07T16:25:18.420402+00:00 ... (truncated; full output in artifacts/assess_20260307_162433/precheck/mysql8_column_collations.tsv)
2026-03-07T16:25:18.428900+00:00 
2026-03-07T16:25:18.433138+00:00 ---- sql_mode ----
2026-03-07T16:25:18.442338+00:00 ONLY_FULL_GROUP_BY,STRICT_TRANS_TABLES,NO_ZERO_IN_DATE,NO_ZERO_DATE,ERROR_FOR_DIVISION_BY_ZERO,NO_ENGINE_SUBSTITUTION
2026-03-07T16:25:18.449191+00:00 
2026-03-07T16:25:18.453367+00:00 ---- definers_inventory ----
2026-03-07T16:25:18.462144+00:00 TRIGGER	root@localhost	6
2026-03-07T16:25:18.474104+00:00 VIEW	root@localhost	7
2026-03-07T16:25:18.482183+00:00 
2026-03-07T16:25:18.489985+00:00 ---- partitioned_tables ----
2026-03-07T16:25:18.497702+00:00 (no rows)
2026-03-07T16:25:18.506134+00:00 
2026-03-07T16:25:18.517878+00:00 ---- active_plugins ----
2026-03-07T16:25:18.525052+00:00 ARCHIVE	ACTIVE
2026-03-07T16:25:18.533124+00:00 auth_socket	ACTIVE
2026-03-07T16:25:18.540426+00:00 binlog	ACTIVE
2026-03-07T16:25:18.550139+00:00 BLACKHOLE	ACTIVE
2026-03-07T16:25:18.559961+00:00 caching_sha2_password	ACTIVE
2026-03-07T16:25:18.568706+00:00 CSV	ACTIVE
2026-03-07T16:25:18.581225+00:00 daemon_keyring_proxy_plugin	ACTIVE
2026-03-07T16:25:18.595320+00:00 InnoDB	ACTIVE
2026-03-07T16:25:18.603138+00:00 INNODB_BUFFER_PAGE	ACTIVE
2026-03-07T16:25:18.611717+00:00 INNODB_BUFFER_PAGE_LRU	ACTIVE
2026-03-07T16:25:18.619845+00:00 INNODB_BUFFER_POOL_STATS	ACTIVE
2026-03-07T16:25:18.630201+00:00 INNODB_CACHED_INDEXES	ACTIVE
2026-03-07T16:25:18.634749+00:00 INNODB_CMP	ACTIVE
2026-03-07T16:25:18.644649+00:00 INNODB_CMPMEM	ACTIVE
2026-03-07T16:25:18.655961+00:00 INNODB_CMPMEM_RESET	ACTIVE
2026-03-07T16:25:18.662799+00:00 INNODB_CMP_PER_INDEX	ACTIVE
2026-03-07T16:25:18.674960+00:00 INNODB_CMP_PER_INDEX_RESET	ACTIVE
2026-03-07T16:25:18.683747+00:00 INNODB_CMP_RESET	ACTIVE
2026-03-07T16:25:18.690472+00:00 INNODB_COLUMNS	ACTIVE
2026-03-07T16:25:18.699843+00:00 INNODB_FT_BEING_DELETED	ACTIVE
2026-03-07T16:25:18.708411+00:00 INNODB_FT_CONFIG	ACTIVE
2026-03-07T16:25:18.717213+00:00 INNODB_FT_DEFAULT_STOPWORD	ACTIVE
2026-03-07T16:25:18.727722+00:00 INNODB_FT_DELETED	ACTIVE
2026-03-07T16:25:18.738291+00:00 INNODB_FT_INDEX_CACHE	ACTIVE
2026-03-07T16:25:18.747895+00:00 INNODB_FT_INDEX_TABLE	ACTIVE
2026-03-07T16:25:18.755264+00:00 INNODB_INDEXES	ACTIVE
2026-03-07T16:25:18.763484+00:00 INNODB_METRICS	ACTIVE
2026-03-07T16:25:18.770760+00:00 INNODB_SESSION_TEMP_TABLESPACES	ACTIVE
2026-03-07T16:25:18.784833+00:00 INNODB_TABLES	ACTIVE
2026-03-07T16:25:18.794688+00:00 INNODB_TABLESPACES	ACTIVE
2026-03-07T16:25:18.803459+00:00 INNODB_TABLESTATS	ACTIVE
2026-03-07T16:25:18.816249+00:00 INNODB_TEMP_TABLE_INFO	ACTIVE
2026-03-07T16:25:18.826225+00:00 INNODB_TRX	ACTIVE
2026-03-07T16:25:18.837209+00:00 INNODB_VIRTUAL	ACTIVE
2026-03-07T16:25:18.848314+00:00 MEMORY	ACTIVE
2026-03-07T16:25:18.854477+00:00 MRG_MYISAM	ACTIVE
2026-03-07T16:25:18.862281+00:00 MyISAM	ACTIVE
2026-03-07T16:25:18.871738+00:00 mysqlx	ACTIVE
2026-03-07T16:25:18.879108+00:00 mysqlx_cache_cleaner	ACTIVE
2026-03-07T16:25:18.887179+00:00 mysql_native_password	ACTIVE
2026-03-07T16:25:18.900634+00:00 ngram	ACTIVE
2026-03-07T16:25:18.913213+00:00 PERFORMANCE_SCHEMA	ACTIVE
2026-03-07T16:25:18.922783+00:00 sha256_password	ACTIVE
2026-03-07T16:25:18.929904+00:00 sha2_cache_cleaner	ACTIVE
2026-03-07T16:25:18.940775+00:00 TempTable	ACTIVE
2026-03-07T16:25:18.952555+00:00 
2026-03-07T16:25:18.959587+00:00 ---- functional_indexes ----
2026-03-07T16:25:18.967715+00:00 (no rows)
2026-03-07T16:25:18.978479+00:00 
2026-03-07T16:25:18.993156+00:00 ---- functional_defaults ----
2026-03-07T16:25:19.002100+00:00 (no rows)
2026-03-07T16:25:19.007936+00:00 
2026-03-07T16:25:19.018622+00:00 ---- invisible_columns ----
2026-03-07T16:25:19.029596+00:00 (no rows)
2026-03-07T16:25:19.036063+00:00 
2026-03-07T16:25:19.042720+00:00 ---- check_constraints ----
2026-03-07T16:25:19.056384+00:00 (no rows)
2026-03-07T16:25:19.065930+00:00 
2026-03-07T16:25:19.077408+00:00 ---- partial_revokes ----
2026-03-07T16:25:19.088221+00:00 (no rows)
2026-03-07T16:25:19.099094+00:00 
2026-03-07T16:25:19.106325+00:00 ---- gis_srid_usage ----
2026-03-07T16:25:19.115545+00:00 sakila	address	location	0
2026-03-07T16:25:19.125960+00:00 
2026-03-07T16:25:19.132716+00:00 ---- resource_groups ----
2026-03-07T16:25:19.143797+00:00 USR_default	USER	1	0-9	0
2026-03-07T16:25:19.153889+00:00 SYS_default	SYSTEM	1	0-9	0
2026-03-07T16:25:19.159578+00:00 
2026-03-07T16:25:19.172990+00:00 ---- xplugin_status ----
2026-03-07T16:25:19.180899+00:00 mysqlx	ACTIVE
2026-03-07T16:25:19.195599+00:00 
2026-03-07T16:25:19.202336+00:00 ---- fk_name_lengths ----
2026-03-07T16:25:19.211031+00:00 (no rows)
2026-03-07T16:25:19.221381+00:00 
2026-03-07T16:25:19.231030+00:00 ---- trigger_order ----
2026-03-07T16:25:19.238455+00:00 (no rows)
2026-03-07T16:25:19.246634+00:00 
2026-03-07T16:25:19.255772+00:00 Precheck complete.
2026-03-07T16:25:19.261872+00:00 TSV outputs: artifacts/assess_20260307_162433/precheck/*.tsv
2026-03-07T16:25:21.598332+00:00 FINISH success=True message=Assessment passed. Ready to plan/run.
