2026-02-12T13:54:37.821818+00:00 START mode=run config=config/migration.yaml
2026-02-12T13:54:37.824106+00:00 RUN  preflight_one_step (Preflight checks (one_step)) -> scripts/00_preflight_one_step.sh
2026-02-12T13:54:37.824474+00:00 CMD /Users/balajin/Documents/GitHub/Mysql-to-MariaDB-Migration/scripts/00_preflight_one_step.sh
2026-02-12T13:54:37.831411+00:00 OUT ==> Preflight checks (one_step)
2026-02-12T13:54:37.832223+00:00 OUT mariadb-dump not found; mysqldump is available (OK).
2026-02-12T13:54:37.832259+00:00 OUT Checking source connectivity...
2026-02-12T13:54:37.855181+00:00 OUT Checking source database(s) exist...
2026-02-12T13:54:37.896115+00:00 OUT ERROR: Source DB does not exist: xyzab
2026-02-12T13:54:37.896691+00:00 FINISH success=False message=Run failed at step: preflight_one_step
2026-02-12T14:02:04.157227+00:00 START mode=run config=config/migration.yaml
2026-02-12T14:02:04.160575+00:00 RUN  preflight_one_step (Preflight checks (one_step)) -> scripts/00_preflight_one_step.sh
2026-02-12T14:02:04.160873+00:00 CMD /Users/balajin/Documents/GitHub/Mysql-to-MariaDB-Migration/scripts/00_preflight_one_step.sh
2026-02-12T14:02:04.168838+00:00 OUT ==> Preflight checks (one_step)
2026-02-12T14:02:04.169414+00:00 OUT mariadb-dump not found; mysqldump is available (OK).
2026-02-12T14:02:04.169465+00:00 OUT Checking source connectivity...
2026-02-12T14:02:04.197000+00:00 OUT Checking source database(s) exist...
2026-02-12T14:02:04.220517+00:00 OUT ERROR: Source DB does not exist: xyzab
2026-02-12T14:02:04.223493+00:00 FINISH success=False message=Run failed at step: preflight_one_step
2026-02-12T14:05:30.542082+00:00 START mode=run config=config/migration.yaml
2026-02-12T14:05:30.545617+00:00 RUN  preflight_one_step (Preflight checks (one_step)) -> scripts/00_preflight_one_step.sh
2026-02-12T14:05:30.545988+00:00 CMD /Users/balajin/Documents/GitHub/Mysql-to-MariaDB-Migration/scripts/00_preflight_one_step.sh
2026-02-12T14:05:30.554062+00:00 OUT ==> Preflight checks (one_step)
2026-02-12T14:05:30.554608+00:00 OUT mariadb-dump not found; mysqldump is available (OK).
2026-02-12T14:05:30.554667+00:00 OUT Checking source connectivity...
2026-02-12T14:05:30.584080+00:00 OUT Checking source database(s) exist...
2026-02-12T14:05:30.604401+00:00 OUT ERROR: Source DB does not exist: xyzab
2026-02-12T14:05:30.605433+00:00 FINISH success=False message=Run failed at step: preflight_one_step
