2026-02-14T19:06:00.681199+00:00 START mode=assessment config=config/source.yaml
2026-02-14T19:06:00.711615+00:00 Assessment source auth selected: SRC_ADMIN_USER (admin)
2026-02-14T19:06:00.716257+00:00 RUN precheck -> /mnt/macshare/scripts/00_precheck.sh
2026-02-14T19:06:01.602656+00:00 == Precheck runner ==
2026-02-14T19:06:01.606174+00:00 Host: 192.168.64.7  Port: 3306  User: admin
2026-02-14T19:06:01.609954+00:00 Checks dir: /mnt/macshare/sql/checks
2026-02-14T19:06:01.612867+00:00 Outdir: artifacts/assess_20260214_190600/precheck
2026-02-14T19:06:01.615652+00:00 
2026-02-14T19:06:01.618433+00:00 NOTE: mariadb-migrate-config-file not found; skipping config check.
2026-02-14T19:06:01.621205+00:00 ---- mysql_version ----
2026-02-14T19:06:01.625353+00:00 8.0.45-0ubuntu0.24.04.1
2026-02-14T19:06:01.627887+00:00 
2026-02-14T19:06:01.630473+00:00 ---- innodb_settings ----
2026-02-14T19:06:01.632604+00:00 1	1
2026-02-14T19:06:01.634570+00:00 
2026-02-14T19:06:01.637536+00:00 ---- auth_plugins ----
2026-02-14T19:06:01.640011+00:00 admin	%	caching_sha2_password
2026-02-14T19:06:01.642193+00:00 admin	192.168.64.3	caching_sha2_password
2026-02-14T19:06:01.644466+00:00 admin	192.168.64.7	caching_sha2_password
2026-02-14T19:06:01.647460+00:00 admin	localhost	caching_sha2_password
2026-02-14T19:06:01.649235+00:00 debian-sys-maint	localhost	caching_sha2_password
2026-02-14T19:06:01.651434+00:00 migrate	%	caching_sha2_password
2026-02-14T19:06:01.653569+00:00 
2026-02-14T19:06:01.655658+00:00 ---- json_columns ----
2026-02-14T19:06:01.657652+00:00 testdb	orders_json	data_json	json
2026-02-14T19:06:01.659295+00:00 
2026-02-14T19:06:01.660941+00:00 ---- compression_encryption ----
2026-02-14T19:06:01.662663+00:00 (no rows)
2026-02-14T19:06:01.664632+00:00 
2026-02-14T19:06:01.668548+00:00 ---- engines_summary ----
2026-02-14T19:06:01.671926+00:00 PERFORMANCE_SCHEMA	111
2026-02-14T19:06:01.676358+00:00 InnoDB	56
2026-02-14T19:06:01.679728+00:00 CSV	2
2026-02-14T19:06:01.683024+00:00 
2026-02-14T19:06:01.686607+00:00 ---- schema_sizes ----
2026-02-14T19:06:01.690052+00:00 testdb	38.56
2026-02-14T19:06:01.696295+00:00 sakila	6.45
2026-02-14T19:06:01.699382+00:00 mysql	2.66
2026-02-14T19:06:01.712573+00:00 world	0.77
2026-02-14T19:06:01.716551+00:00 sys	0.02
2026-02-14T19:06:01.720708+00:00 information_schema	0.00
2026-02-14T19:06:01.724961+00:00 performance_schema	0.00
2026-02-14T19:06:01.781838+00:00 
2026-02-14T19:06:01.786634+00:00 ---- schema_charsets ----
2026-02-14T19:06:01.788865+00:00 sakila	utf8mb4	utf8mb4_0900_ai_ci
2026-02-14T19:06:01.792178+00:00 testdb	utf8mb4	utf8mb4_0900_ai_ci
2026-02-14T19:06:01.796691+00:00 world	utf8mb4	utf8mb4_0900_ai_ci
2026-02-14T19:06:01.801221+00:00 
2026-02-14T19:06:01.804955+00:00 ---- mysql8_collations ----
2026-02-14T19:06:01.808275+00:00 sakila	actor	utf8mb4_0900_ai_ci
2026-02-14T19:06:01.810558+00:00 sakila	address	utf8mb4_0900_ai_ci
2026-02-14T19:06:01.813136+00:00 sakila	category	utf8mb4_0900_ai_ci
2026-02-14T19:06:01.853026+00:00 sakila	city	utf8mb4_0900_ai_ci
2026-02-14T19:06:01.856800+00:00 sakila	country	utf8mb4_0900_ai_ci
2026-02-14T19:06:01.859996+00:00 sakila	customer	utf8mb4_0900_ai_ci
2026-02-14T19:06:01.863681+00:00 sakila	film	utf8mb4_0900_ai_ci
2026-02-14T19:06:01.866511+00:00 sakila	film_actor	utf8mb4_0900_ai_ci
2026-02-14T19:06:01.870692+00:00 sakila	film_category	utf8mb4_0900_ai_ci
2026-02-14T19:06:01.876016+00:00 sakila	film_text	utf8mb4_0900_ai_ci
2026-02-14T19:06:01.880956+00:00 sakila	inventory	utf8mb4_0900_ai_ci
2026-02-14T19:06:01.884762+00:00 sakila	language	utf8mb4_0900_ai_ci
2026-02-14T19:06:01.887302+00:00 sakila	payment	utf8mb4_0900_ai_ci
2026-02-14T19:06:01.890772+00:00 sakila	rental	utf8mb4_0900_ai_ci
2026-02-14T19:06:01.893562+00:00 sakila	staff	utf8mb4_0900_ai_ci
2026-02-14T19:06:01.896287+00:00 sakila	store	utf8mb4_0900_ai_ci
2026-02-14T19:06:01.899061+00:00 testdb	orders_json	utf8mb4_0900_ai_ci
2026-02-14T19:06:01.901668+00:00 world	city	utf8mb4_0900_ai_ci
2026-02-14T19:06:01.905113+00:00 world	country	utf8mb4_0900_ai_ci
2026-02-14T19:06:01.908217+00:00 world	countrylanguage	utf8mb4_0900_ai_ci
2026-02-14T19:06:01.912324+00:00 
2026-02-14T19:06:01.915279+00:00 ---- mysql8_column_collations ----
2026-02-14T19:06:01.918385+00:00 sakila	actor	first_name	utf8mb4_0900_ai_ci
2026-02-14T19:06:01.920854+00:00 sakila	actor	last_name	utf8mb4_0900_ai_ci
2026-02-14T19:06:01.923467+00:00 sakila	actor_info	film_info	utf8mb4_0900_ai_ci
2026-02-14T19:06:01.925884+00:00 sakila	actor_info	first_name	utf8mb4_0900_ai_ci
2026-02-14T19:06:01.928367+00:00 sakila	actor_info	last_name	utf8mb4_0900_ai_ci
2026-02-14T19:06:01.930727+00:00 sakila	address	address	utf8mb4_0900_ai_ci
2026-02-14T19:06:01.933052+00:00 sakila	address	address2	utf8mb4_0900_ai_ci
2026-02-14T19:06:01.935439+00:00 sakila	address	district	utf8mb4_0900_ai_ci
2026-02-14T19:06:01.937589+00:00 sakila	address	phone	utf8mb4_0900_ai_ci
2026-02-14T19:06:01.939829+00:00 sakila	address	postal_code	utf8mb4_0900_ai_ci
2026-02-14T19:06:01.942148+00:00 sakila	category	name	utf8mb4_0900_ai_ci
2026-02-14T19:06:01.945174+00:00 sakila	city	city	utf8mb4_0900_ai_ci
2026-02-14T19:06:01.947153+00:00 sakila	country	country	utf8mb4_0900_ai_ci
2026-02-14T19:06:01.949155+00:00 sakila	customer	email	utf8mb4_0900_ai_ci
2026-02-14T19:06:01.950920+00:00 sakila	customer	first_name	utf8mb4_0900_ai_ci
2026-02-14T19:06:01.952794+00:00 sakila	customer	last_name	utf8mb4_0900_ai_ci
2026-02-14T19:06:01.954621+00:00 sakila	customer_list	address	utf8mb4_0900_ai_ci
2026-02-14T19:06:01.956935+00:00 sakila	customer_list	city	utf8mb4_0900_ai_ci
2026-02-14T19:06:01.959734+00:00 sakila	customer_list	country	utf8mb4_0900_ai_ci
2026-02-14T19:06:01.962580+00:00 sakila	customer_list	name	utf8mb4_0900_ai_ci
2026-02-14T19:06:01.965305+00:00 sakila	customer_list	notes	utf8mb4_0900_ai_ci
2026-02-14T19:06:01.966547+00:00 sakila	customer_list	phone	utf8mb4_0900_ai_ci
2026-02-14T19:06:01.968514+00:00 sakila	customer_list	zip code	utf8mb4_0900_ai_ci
2026-02-14T19:06:01.970413+00:00 sakila	film	description	utf8mb4_0900_ai_ci
2026-02-14T19:06:01.972198+00:00 sakila	film	rating	utf8mb4_0900_ai_ci
2026-02-14T19:06:01.974228+00:00 sakila	film	special_features	utf8mb4_0900_ai_ci
2026-02-14T19:06:01.977217+00:00 sakila	film	title	utf8mb4_0900_ai_ci
2026-02-14T19:06:01.978787+00:00 sakila	film_list	actors	utf8mb4_0900_ai_ci
2026-02-14T19:06:01.981249+00:00 sakila	film_list	category	utf8mb4_0900_ai_ci
2026-02-14T19:06:01.983771+00:00 sakila	film_list	description	utf8mb4_0900_ai_ci
2026-02-14T19:06:01.986184+00:00 sakila	film_list	rating	utf8mb4_0900_ai_ci
2026-02-14T19:06:01.989363+00:00 sakila	film_list	title	utf8mb4_0900_ai_ci
2026-02-14T19:06:01.990843+00:00 sakila	film_text	description	utf8mb4_0900_ai_ci
2026-02-14T19:06:01.993337+00:00 sakila	film_text	title	utf8mb4_0900_ai_ci
2026-02-14T19:06:01.995977+00:00 sakila	language	name	utf8mb4_0900_ai_ci
2026-02-14T19:06:01.999929+00:00 sakila	nicer_but_slower_film_list	actors	utf8mb4_0900_ai_ci
2026-02-14T19:06:02.001569+00:00 sakila	nicer_but_slower_film_list	category	utf8mb4_0900_ai_ci
2026-02-14T19:06:02.004277+00:00 sakila	nicer_but_slower_film_list	description	utf8mb4_0900_ai_ci
2026-02-14T19:06:02.006988+00:00 sakila	nicer_but_slower_film_list	rating	utf8mb4_0900_ai_ci
2026-02-14T19:06:02.009737+00:00 sakila	nicer_but_slower_film_list	title	utf8mb4_0900_ai_ci
2026-02-14T19:06:02.012123+00:00 sakila	sales_by_film_category	category	utf8mb4_0900_ai_ci
2026-02-14T19:06:02.015214+00:00 sakila	sales_by_store	manager	utf8mb4_0900_ai_ci
2026-02-14T19:06:02.018612+00:00 sakila	sales_by_store	store	utf8mb4_0900_ai_ci
2026-02-14T19:06:02.020803+00:00 sakila	staff	email	utf8mb4_0900_ai_ci
2026-02-14T19:06:02.022796+00:00 sakila	staff	first_name	utf8mb4_0900_ai_ci
2026-02-14T19:06:02.025277+00:00 sakila	staff	last_name	utf8mb4_0900_ai_ci
2026-02-14T19:06:02.027185+00:00 sakila	staff	username	utf8mb4_0900_ai_ci
2026-02-14T19:06:02.029067+00:00 sakila	staff_list	address	utf8mb4_0900_ai_ci
2026-02-14T19:06:02.030690+00:00 sakila	staff_list	city	utf8mb4_0900_ai_ci
2026-02-14T19:06:02.032434+00:00 sakila	staff_list	country	utf8mb4_0900_ai_ci
2026-02-14T19:06:02.034065+00:00 ... (truncated; full output in artifacts/assess_20260214_190600/precheck/mysql8_column_collations.tsv)
2026-02-14T19:06:02.036034+00:00 
2026-02-14T19:06:02.037916+00:00 ---- sql_mode ----
2026-02-14T19:06:02.039766+00:00 ONLY_FULL_GROUP_BY,STRICT_TRANS_TABLES,NO_ZERO_IN_DATE,NO_ZERO_DATE,ERROR_FOR_DIVISION_BY_ZERO,NO_ENGINE_SUBSTITUTION
2026-02-14T19:06:02.041498+00:00 
2026-02-14T19:06:02.043141+00:00 ---- definers_inventory ----
2026-02-14T19:06:02.044788+00:00 TRIGGER	root@localhost	6
2026-02-14T19:06:02.046615+00:00 VIEW	root@localhost	7
2026-02-14T19:06:02.048333+00:00 
2026-02-14T19:06:02.050019+00:00 ---- partitioned_tables ----
2026-02-14T19:06:02.051677+00:00 (no rows)
2026-02-14T19:06:02.053511+00:00 
2026-02-14T19:06:02.056045+00:00 ---- active_plugins ----
2026-02-14T19:06:02.058028+00:00 ARCHIVE	ACTIVE
2026-02-14T19:06:02.060341+00:00 auth_socket	ACTIVE
2026-02-14T19:06:02.062730+00:00 binlog	ACTIVE
2026-02-14T19:06:02.065021+00:00 BLACKHOLE	ACTIVE
2026-02-14T19:06:02.067480+00:00 caching_sha2_password	ACTIVE
2026-02-14T19:06:02.070125+00:00 CSV	ACTIVE
2026-02-14T19:06:02.073443+00:00 daemon_keyring_proxy_plugin	ACTIVE
2026-02-14T19:06:02.075717+00:00 InnoDB	ACTIVE
2026-02-14T19:06:02.078637+00:00 INNODB_BUFFER_PAGE	ACTIVE
2026-02-14T19:06:02.081257+00:00 INNODB_BUFFER_PAGE_LRU	ACTIVE
2026-02-14T19:06:02.084000+00:00 INNODB_BUFFER_POOL_STATS	ACTIVE
2026-02-14T19:06:02.087032+00:00 INNODB_CACHED_INDEXES	ACTIVE
2026-02-14T19:06:02.088456+00:00 INNODB_CMP	ACTIVE
2026-02-14T19:06:02.090584+00:00 INNODB_CMPMEM	ACTIVE
2026-02-14T19:06:02.092797+00:00 INNODB_CMPMEM_RESET	ACTIVE
2026-02-14T19:06:02.095007+00:00 INNODB_CMP_PER_INDEX	ACTIVE
2026-02-14T19:06:02.097955+00:00 INNODB_CMP_PER_INDEX_RESET	ACTIVE
2026-02-14T19:06:02.099137+00:00 INNODB_CMP_RESET	ACTIVE
2026-02-14T19:06:02.101057+00:00 INNODB_COLUMNS	ACTIVE
2026-02-14T19:06:02.103192+00:00 INNODB_FT_BEING_DELETED	ACTIVE
2026-02-14T19:06:02.104969+00:00 INNODB_FT_CONFIG	ACTIVE
2026-02-14T19:06:02.107135+00:00 INNODB_FT_DEFAULT_STOPWORD	ACTIVE
2026-02-14T19:06:02.109183+00:00 INNODB_FT_DELETED	ACTIVE
2026-02-14T19:06:02.110880+00:00 INNODB_FT_INDEX_CACHE	ACTIVE
2026-02-14T19:06:02.112739+00:00 INNODB_FT_INDEX_TABLE	ACTIVE
2026-02-14T19:06:02.114433+00:00 INNODB_INDEXES	ACTIVE
2026-02-14T19:06:02.116028+00:00 INNODB_METRICS	ACTIVE
2026-02-14T19:06:02.117649+00:00 INNODB_SESSION_TEMP_TABLESPACES	ACTIVE
2026-02-14T19:06:02.119315+00:00 INNODB_TABLES	ACTIVE
2026-02-14T19:06:02.121067+00:00 INNODB_TABLESPACES	ACTIVE
2026-02-14T19:06:02.122789+00:00 INNODB_TABLESTATS	ACTIVE
2026-02-14T19:06:02.124444+00:00 INNODB_TEMP_TABLE_INFO	ACTIVE
2026-02-14T19:06:02.126030+00:00 INNODB_TRX	ACTIVE
2026-02-14T19:06:02.127793+00:00 INNODB_VIRTUAL	ACTIVE
2026-02-14T19:06:02.130486+00:00 MEMORY	ACTIVE
2026-02-14T19:06:02.133763+00:00 MRG_MYISAM	ACTIVE
2026-02-14T19:06:02.135329+00:00 MyISAM	ACTIVE
2026-02-14T19:06:02.138578+00:00 mysqlx	ACTIVE
2026-02-14T19:06:02.141941+00:00 mysqlx_cache_cleaner	ACTIVE
2026-02-14T19:06:02.143976+00:00 mysql_native_password	ACTIVE
2026-02-14T19:06:02.146737+00:00 ngram	ACTIVE
2026-02-14T19:06:02.149666+00:00 PERFORMANCE_SCHEMA	ACTIVE
2026-02-14T19:06:02.151985+00:00 sha256_password	ACTIVE
2026-02-14T19:06:02.155116+00:00 sha2_cache_cleaner	ACTIVE
2026-02-14T19:06:02.156713+00:00 TempTable	ACTIVE
2026-02-14T19:06:02.160028+00:00 
2026-02-14T19:06:02.162450+00:00 ---- functional_indexes ----
2026-02-14T19:06:02.167101+00:00 (no rows)
2026-02-14T19:06:02.175067+00:00 
2026-02-14T19:06:02.177728+00:00 ---- functional_defaults ----
2026-02-14T19:06:02.180220+00:00 (no rows)
2026-02-14T19:06:02.184866+00:00 
2026-02-14T19:06:02.187658+00:00 ---- invisible_columns ----
2026-02-14T19:06:02.194173+00:00 (no rows)
2026-02-14T19:06:02.197309+00:00 
2026-02-14T19:06:02.198479+00:00 ---- check_constraints ----
2026-02-14T19:06:02.201414+00:00 (no rows)
2026-02-14T19:06:02.203567+00:00 
2026-02-14T19:06:02.205458+00:00 ---- partial_revokes ----
2026-02-14T19:06:02.208603+00:00 (no rows)
2026-02-14T19:06:02.209908+00:00 
2026-02-14T19:06:02.212215+00:00 ---- gis_srid_usage ----
2026-02-14T19:06:02.214739+00:00 sakila	address	location	0
2026-02-14T19:06:02.217562+00:00 
2026-02-14T19:06:02.277614+00:00 ---- resource_groups ----
2026-02-14T19:06:02.281733+00:00 USR_default	USER	1	0-9	0
2026-02-14T19:06:02.283599+00:00 SYS_default	SYSTEM	1	0-9	0
2026-02-14T19:06:02.286097+00:00 
2026-02-14T19:06:02.287279+00:00 ---- xplugin_status ----
2026-02-14T19:06:02.289249+00:00 mysqlx	ACTIVE
2026-02-14T19:06:02.371689+00:00 
2026-02-14T19:06:02.373787+00:00 ---- fk_name_lengths ----
2026-02-14T19:06:02.375767+00:00 (no rows)
2026-02-14T19:06:02.377795+00:00 
2026-02-14T19:06:02.379903+00:00 ---- trigger_order ----
2026-02-14T19:06:02.381801+00:00 (no rows)
2026-02-14T19:06:02.383885+00:00 
2026-02-14T19:06:02.386025+00:00 Precheck complete.
2026-02-14T19:06:02.388525+00:00 TSV outputs: artifacts/assess_20260214_190600/precheck/*.tsv
2026-02-14T19:06:02.467161+00:00 FINISH success=True message=Assessment passed. Ready to plan/run.
