2026-02-25T16:21:16.407417+00:00 START mode=assessment config=config/source.yaml
2026-02-25T16:21:16.721530+00:00 Assessment source auth selected: SRC_ADMIN_USER (admin)
2026-02-25T16:21:16.731054+00:00 RUN precheck -> /mnt/macshare/scripts/00_precheck.sh
2026-02-25T16:21:25.167694+00:00 == Precheck runner ==
2026-02-25T16:21:25.171385+00:00 Host: 192.168.64.7  Port: 3306  User: admin
2026-02-25T16:21:25.175851+00:00 Checks dir: /mnt/macshare/sql/checks
2026-02-25T16:21:25.180080+00:00 Outdir: artifacts/assess_20260225_162115/precheck
2026-02-25T16:21:25.184735+00:00 
2026-02-25T16:21:25.190916+00:00 NOTE: mariadb-migrate-config-file not found; skipping config check.
2026-02-25T16:21:25.195487+00:00 ---- mysql_version ----
2026-02-25T16:21:25.201568+00:00 8.0.45-0ubuntu0.24.04.1
2026-02-25T16:21:25.204921+00:00 
2026-02-25T16:21:25.209934+00:00 ---- innodb_settings ----
2026-02-25T16:21:25.215469+00:00 1	1
2026-02-25T16:21:25.220156+00:00 
2026-02-25T16:21:25.225548+00:00 ---- auth_plugins ----
2026-02-25T16:21:25.229807+00:00 debian-sys-maint	localhost	caching_sha2_password
2026-02-25T16:21:25.233258+00:00 
2026-02-25T16:21:25.236537+00:00 ---- json_columns ----
2026-02-25T16:21:25.240558+00:00 testdb	orders_json	data_json	json
2026-02-25T16:21:25.244314+00:00 
2026-02-25T16:21:25.246334+00:00 ---- compression_encryption ----
2026-02-25T16:21:25.253081+00:00 (no rows)
2026-02-25T16:21:25.256598+00:00 
2026-02-25T16:21:25.262006+00:00 ---- engines_summary ----
2026-02-25T16:21:25.270087+00:00 PERFORMANCE_SCHEMA	111
2026-02-25T16:21:25.273846+00:00 InnoDB	56
2026-02-25T16:21:25.277325+00:00 CSV	2
2026-02-25T16:21:25.282069+00:00 
2026-02-25T16:21:25.286544+00:00 ---- schema_sizes ----
2026-02-25T16:21:25.290963+00:00 testdb	38.56
2026-02-25T16:21:25.294809+00:00 sakila	6.45
2026-02-25T16:21:25.300009+00:00 mysql	2.70
2026-02-25T16:21:25.306736+00:00 world	0.77
2026-02-25T16:21:25.312362+00:00 sys	0.02
2026-02-25T16:21:25.317152+00:00 information_schema	0.00
2026-02-25T16:21:25.321691+00:00 performance_schema	0.00
2026-02-25T16:21:25.325137+00:00 
2026-02-25T16:21:25.330272+00:00 ---- schema_charsets ----
2026-02-25T16:21:25.334985+00:00 sakila	utf8mb4	utf8mb4_0900_ai_ci
2026-02-25T16:21:25.341063+00:00 testdb	utf8mb4	utf8mb4_0900_ai_ci
2026-02-25T16:21:25.344827+00:00 world	utf8mb4	utf8mb4_0900_ai_ci
2026-02-25T16:21:25.350358+00:00 
2026-02-25T16:21:25.357575+00:00 ---- mysql8_collations ----
2026-02-25T16:21:25.361314+00:00 sakila	actor	utf8mb4_0900_ai_ci
2026-02-25T16:21:25.364939+00:00 sakila	address	utf8mb4_0900_ai_ci
2026-02-25T16:21:25.369311+00:00 sakila	category	utf8mb4_0900_ai_ci
2026-02-25T16:21:25.374029+00:00 sakila	city	utf8mb4_0900_ai_ci
2026-02-25T16:21:25.379905+00:00 sakila	country	utf8mb4_0900_ai_ci
2026-02-25T16:21:25.387284+00:00 sakila	customer	utf8mb4_0900_ai_ci
2026-02-25T16:21:25.390894+00:00 sakila	film	utf8mb4_0900_ai_ci
2026-02-25T16:21:25.398531+00:00 sakila	film_actor	utf8mb4_0900_ai_ci
2026-02-25T16:21:25.400988+00:00 sakila	film_category	utf8mb4_0900_ai_ci
2026-02-25T16:21:25.404762+00:00 sakila	film_text	utf8mb4_0900_ai_ci
2026-02-25T16:21:25.408567+00:00 sakila	inventory	utf8mb4_0900_ai_ci
2026-02-25T16:21:25.413167+00:00 sakila	language	utf8mb4_0900_ai_ci
2026-02-25T16:21:25.420712+00:00 sakila	payment	utf8mb4_0900_ai_ci
2026-02-25T16:21:25.427362+00:00 sakila	rental	utf8mb4_0900_ai_ci
2026-02-25T16:21:25.433525+00:00 sakila	staff	utf8mb4_0900_ai_ci
2026-02-25T16:21:25.439212+00:00 sakila	store	utf8mb4_0900_ai_ci
2026-02-25T16:21:25.445444+00:00 testdb	orders_json	utf8mb4_0900_ai_ci
2026-02-25T16:21:25.449813+00:00 world	city	utf8mb4_0900_ai_ci
2026-02-25T16:21:25.453962+00:00 world	country	utf8mb4_0900_ai_ci
2026-02-25T16:21:25.457992+00:00 world	countrylanguage	utf8mb4_0900_ai_ci
2026-02-25T16:21:25.463088+00:00 
2026-02-25T16:21:25.467872+00:00 ---- mysql8_column_collations ----
2026-02-25T16:21:25.472367+00:00 sakila	actor	first_name	utf8mb4_0900_ai_ci
2026-02-25T16:21:25.480822+00:00 sakila	actor	last_name	utf8mb4_0900_ai_ci
2026-02-25T16:21:25.487695+00:00 sakila	actor_info	film_info	utf8mb4_0900_ai_ci
2026-02-25T16:21:25.492867+00:00 sakila	actor_info	first_name	utf8mb4_0900_ai_ci
2026-02-25T16:21:25.497950+00:00 sakila	actor_info	last_name	utf8mb4_0900_ai_ci
2026-02-25T16:21:25.503513+00:00 sakila	address	address	utf8mb4_0900_ai_ci
2026-02-25T16:21:25.511668+00:00 sakila	address	address2	utf8mb4_0900_ai_ci
2026-02-25T16:21:25.515360+00:00 sakila	address	district	utf8mb4_0900_ai_ci
2026-02-25T16:21:25.520500+00:00 sakila	address	phone	utf8mb4_0900_ai_ci
2026-02-25T16:21:25.527798+00:00 sakila	address	postal_code	utf8mb4_0900_ai_ci
2026-02-25T16:21:25.531601+00:00 sakila	category	name	utf8mb4_0900_ai_ci
2026-02-25T16:21:25.535897+00:00 sakila	city	city	utf8mb4_0900_ai_ci
2026-02-25T16:21:25.541912+00:00 sakila	country	country	utf8mb4_0900_ai_ci
2026-02-25T16:21:25.545751+00:00 sakila	customer	email	utf8mb4_0900_ai_ci
2026-02-25T16:21:25.551141+00:00 sakila	customer	first_name	utf8mb4_0900_ai_ci
2026-02-25T16:21:25.555440+00:00 sakila	customer	last_name	utf8mb4_0900_ai_ci
2026-02-25T16:21:25.559944+00:00 sakila	customer_list	address	utf8mb4_0900_ai_ci
2026-02-25T16:21:25.564980+00:00 sakila	customer_list	city	utf8mb4_0900_ai_ci
2026-02-25T16:21:25.571885+00:00 sakila	customer_list	country	utf8mb4_0900_ai_ci
2026-02-25T16:21:25.574467+00:00 sakila	customer_list	name	utf8mb4_0900_ai_ci
2026-02-25T16:21:25.579431+00:00 sakila	customer_list	notes	utf8mb4_0900_ai_ci
2026-02-25T16:21:25.584025+00:00 sakila	customer_list	phone	utf8mb4_0900_ai_ci
2026-02-25T16:21:25.588408+00:00 sakila	customer_list	zip code	utf8mb4_0900_ai_ci
2026-02-25T16:21:25.593223+00:00 sakila	film	description	utf8mb4_0900_ai_ci
2026-02-25T16:21:25.597519+00:00 sakila	film	rating	utf8mb4_0900_ai_ci
2026-02-25T16:21:25.601568+00:00 sakila	film	special_features	utf8mb4_0900_ai_ci
2026-02-25T16:21:25.607031+00:00 sakila	film	title	utf8mb4_0900_ai_ci
2026-02-25T16:21:25.611090+00:00 sakila	film_list	actors	utf8mb4_0900_ai_ci
2026-02-25T16:21:25.616475+00:00 sakila	film_list	category	utf8mb4_0900_ai_ci
2026-02-25T16:21:25.621449+00:00 sakila	film_list	description	utf8mb4_0900_ai_ci
2026-02-25T16:21:25.624100+00:00 sakila	film_list	rating	utf8mb4_0900_ai_ci
2026-02-25T16:21:25.628193+00:00 sakila	film_list	title	utf8mb4_0900_ai_ci
2026-02-25T16:21:25.633817+00:00 sakila	film_text	description	utf8mb4_0900_ai_ci
2026-02-25T16:21:25.638180+00:00 sakila	film_text	title	utf8mb4_0900_ai_ci
2026-02-25T16:21:25.642469+00:00 sakila	language	name	utf8mb4_0900_ai_ci
2026-02-25T16:21:25.646955+00:00 sakila	nicer_but_slower_film_list	actors	utf8mb4_0900_ai_ci
2026-02-25T16:21:25.653117+00:00 sakila	nicer_but_slower_film_list	category	utf8mb4_0900_ai_ci
2026-02-25T16:21:25.658727+00:00 sakila	nicer_but_slower_film_list	description	utf8mb4_0900_ai_ci
2026-02-25T16:21:25.661751+00:00 sakila	nicer_but_slower_film_list	rating	utf8mb4_0900_ai_ci
2026-02-25T16:21:25.667234+00:00 sakila	nicer_but_slower_film_list	title	utf8mb4_0900_ai_ci
2026-02-25T16:21:25.672149+00:00 sakila	sales_by_film_category	category	utf8mb4_0900_ai_ci
2026-02-25T16:21:25.677657+00:00 sakila	sales_by_store	manager	utf8mb4_0900_ai_ci
2026-02-25T16:21:25.686556+00:00 sakila	sales_by_store	store	utf8mb4_0900_ai_ci
2026-02-25T16:21:25.690238+00:00 sakila	staff	email	utf8mb4_0900_ai_ci
2026-02-25T16:21:25.696156+00:00 sakila	staff	first_name	utf8mb4_0900_ai_ci
2026-02-25T16:21:25.700463+00:00 sakila	staff	last_name	utf8mb4_0900_ai_ci
2026-02-25T16:21:25.705574+00:00 sakila	staff	username	utf8mb4_0900_ai_ci
2026-02-25T16:21:25.708261+00:00 sakila	staff_list	address	utf8mb4_0900_ai_ci
2026-02-25T16:21:25.714083+00:00 sakila	staff_list	city	utf8mb4_0900_ai_ci
2026-02-25T16:21:25.721131+00:00 sakila	staff_list	country	utf8mb4_0900_ai_ci
2026-02-25T16:21:25.723643+00:00 ... (truncated; full output in artifacts/assess_20260225_162115/precheck/mysql8_column_collations.tsv)
2026-02-25T16:21:25.729658+00:00 
2026-02-25T16:21:25.734530+00:00 ---- sql_mode ----
2026-02-25T16:21:25.740475+00:00 ONLY_FULL_GROUP_BY,STRICT_TRANS_TABLES,NO_ZERO_IN_DATE,NO_ZERO_DATE,ERROR_FOR_DIVISION_BY_ZERO,NO_ENGINE_SUBSTITUTION
2026-02-25T16:21:25.747260+00:00 
2026-02-25T16:21:25.749462+00:00 ---- definers_inventory ----
2026-02-25T16:21:25.754727+00:00 TRIGGER	root@localhost	6
2026-02-25T16:21:25.761153+00:00 VIEW	root@localhost	7
2026-02-25T16:21:25.765612+00:00 
2026-02-25T16:21:25.770176+00:00 ---- partitioned_tables ----
2026-02-25T16:21:25.774573+00:00 (no rows)
2026-02-25T16:21:25.780003+00:00 
2026-02-25T16:21:25.784948+00:00 ---- active_plugins ----
2026-02-25T16:21:25.791528+00:00 ARCHIVE	ACTIVE
2026-02-25T16:21:25.795906+00:00 auth_socket	ACTIVE
2026-02-25T16:21:25.800204+00:00 binlog	ACTIVE
2026-02-25T16:21:25.807085+00:00 BLACKHOLE	ACTIVE
2026-02-25T16:21:25.810061+00:00 caching_sha2_password	ACTIVE
2026-02-25T16:21:25.819034+00:00 CSV	ACTIVE
2026-02-25T16:21:25.822320+00:00 daemon_keyring_proxy_plugin	ACTIVE
2026-02-25T16:21:25.826772+00:00 InnoDB	ACTIVE
2026-02-25T16:21:25.831817+00:00 INNODB_BUFFER_PAGE	ACTIVE
2026-02-25T16:21:25.845114+00:00 INNODB_BUFFER_PAGE_LRU	ACTIVE
2026-02-25T16:21:25.848354+00:00 INNODB_BUFFER_POOL_STATS	ACTIVE
2026-02-25T16:21:25.854145+00:00 INNODB_CACHED_INDEXES	ACTIVE
2026-02-25T16:21:25.861183+00:00 INNODB_CMP	ACTIVE
2026-02-25T16:21:25.864481+00:00 INNODB_CMPMEM	ACTIVE
2026-02-25T16:21:25.873933+00:00 INNODB_CMPMEM_RESET	ACTIVE
2026-02-25T16:21:25.877722+00:00 INNODB_CMP_PER_INDEX	ACTIVE
2026-02-25T16:21:25.883090+00:00 INNODB_CMP_PER_INDEX_RESET	ACTIVE
2026-02-25T16:21:25.889724+00:00 INNODB_CMP_RESET	ACTIVE
2026-02-25T16:21:25.900161+00:00 INNODB_COLUMNS	ACTIVE
2026-02-25T16:21:25.905798+00:00 INNODB_FT_BEING_DELETED	ACTIVE
2026-02-25T16:21:25.911015+00:00 INNODB_FT_CONFIG	ACTIVE
2026-02-25T16:21:25.916364+00:00 INNODB_FT_DEFAULT_STOPWORD	ACTIVE
2026-02-25T16:21:25.923124+00:00 INNODB_FT_DELETED	ACTIVE
2026-02-25T16:21:25.926428+00:00 INNODB_FT_INDEX_CACHE	ACTIVE
2026-02-25T16:21:25.932039+00:00 INNODB_FT_INDEX_TABLE	ACTIVE
2026-02-25T16:21:25.937506+00:00 INNODB_INDEXES	ACTIVE
2026-02-25T16:21:25.942529+00:00 INNODB_METRICS	ACTIVE
2026-02-25T16:21:25.949438+00:00 INNODB_SESSION_TEMP_TABLESPACES	ACTIVE
2026-02-25T16:21:25.952885+00:00 INNODB_TABLES	ACTIVE
2026-02-25T16:21:25.957975+00:00 INNODB_TABLESPACES	ACTIVE
2026-02-25T16:21:25.965869+00:00 INNODB_TABLESTATS	ACTIVE
2026-02-25T16:21:25.969382+00:00 INNODB_TEMP_TABLE_INFO	ACTIVE
2026-02-25T16:21:25.973873+00:00 INNODB_TRX	ACTIVE
2026-02-25T16:21:25.980577+00:00 INNODB_VIRTUAL	ACTIVE
2026-02-25T16:21:25.988451+00:00 MEMORY	ACTIVE
2026-02-25T16:21:25.992911+00:00 MRG_MYISAM	ACTIVE
2026-02-25T16:21:25.998839+00:00 MyISAM	ACTIVE
2026-02-25T16:21:26.003552+00:00 mysqlx	ACTIVE
2026-02-25T16:21:26.010048+00:00 mysqlx_cache_cleaner	ACTIVE
2026-02-25T16:21:26.014282+00:00 mysql_native_password	ACTIVE
2026-02-25T16:21:26.019584+00:00 ngram	ACTIVE
2026-02-25T16:21:26.024895+00:00 PERFORMANCE_SCHEMA	ACTIVE
2026-02-25T16:21:26.031646+00:00 sha256_password	ACTIVE
2026-02-25T16:21:26.036232+00:00 sha2_cache_cleaner	ACTIVE
2026-02-25T16:21:26.040850+00:00 TempTable	ACTIVE
2026-02-25T16:21:26.045993+00:00 
2026-02-25T16:21:26.050579+00:00 ---- functional_indexes ----
2026-02-25T16:21:26.056699+00:00 (no rows)
2026-02-25T16:21:26.061246+00:00 
2026-02-25T16:21:26.065479+00:00 ---- functional_defaults ----
2026-02-25T16:21:26.071617+00:00 (no rows)
2026-02-25T16:21:26.077189+00:00 
2026-02-25T16:21:26.084613+00:00 ---- invisible_columns ----
2026-02-25T16:21:26.088652+00:00 (no rows)
2026-02-25T16:21:26.095491+00:00 
2026-02-25T16:21:26.105607+00:00 ---- check_constraints ----
2026-02-25T16:21:26.111509+00:00 (no rows)
2026-02-25T16:21:26.117524+00:00 
2026-02-25T16:21:26.122622+00:00 ---- partial_revokes ----
2026-02-25T16:21:26.128136+00:00 (no rows)
2026-02-25T16:21:26.132012+00:00 
2026-02-25T16:21:26.138035+00:00 ---- gis_srid_usage ----
2026-02-25T16:21:26.142627+00:00 sakila	address	location	0
2026-02-25T16:21:26.147514+00:00 
2026-02-25T16:21:26.153546+00:00 ---- resource_groups ----
2026-02-25T16:21:26.157494+00:00 USR_default	USER	1	0-9	0
2026-02-25T16:21:26.162532+00:00 SYS_default	SYSTEM	1	0-9	0
2026-02-25T16:21:26.170194+00:00 
2026-02-25T16:21:26.177510+00:00 ---- xplugin_status ----
2026-02-25T16:21:26.186534+00:00 mysqlx	ACTIVE
2026-02-25T16:21:26.190682+00:00 
2026-02-25T16:21:26.194771+00:00 ---- fk_name_lengths ----
2026-02-25T16:21:26.198824+00:00 (no rows)
2026-02-25T16:21:26.205364+00:00 
2026-02-25T16:21:26.211625+00:00 ---- trigger_order ----
2026-02-25T16:21:26.216659+00:00 (no rows)
2026-02-25T16:21:26.220543+00:00 
2026-02-25T16:21:26.224454+00:00 Precheck complete.
2026-02-25T16:21:26.230349+00:00 TSV outputs: artifacts/assess_20260225_162115/precheck/*.tsv
2026-02-25T16:21:26.864703+00:00 FINISH success=True message=Assessment passed. Ready to plan/run.
