2026-02-12T14:20:25.492417+00:00 START mode=assessment config=config/source.yaml
2026-02-12T14:20:25.541950+00:00 Assessment source auth selected: SRC_USER (migrate)
2026-02-12T14:20:25.542147+00:00 RUN precheck -> /Users/balajin/Documents/GitHub/Mysql-to-MariaDB-Migration/scripts/00_precheck.sh
2026-02-12T14:20:26.270556+00:00 == Precheck runner ==
2026-02-12T14:20:26.270873+00:00 Host: 192.168.68.107  Port: 3306  User: migrate
2026-02-12T14:20:26.270902+00:00 Checks dir: /Users/balajin/Documents/GitHub/Mysql-to-MariaDB-Migration/sql/checks
2026-02-12T14:20:26.270926+00:00 Outdir: artifacts/assess_20260212_195025/precheck
2026-02-12T14:20:26.270948+00:00 
2026-02-12T14:20:26.270972+00:00 NOTE: mariadb-migrate-config-file not found; skipping config check.
2026-02-12T14:20:26.270995+00:00 ---- mysql_version ----
2026-02-12T14:20:26.271020+00:00 8.4.8
2026-02-12T14:20:26.271044+00:00 
2026-02-12T14:20:26.271065+00:00 ---- innodb_settings ----
2026-02-12T14:20:26.271085+00:00 1	1
2026-02-12T14:20:26.271105+00:00 
2026-02-12T14:20:26.271128+00:00 ---- auth_plugins ----
2026-02-12T14:20:26.271148+00:00 migrate	%	caching_sha2_password
2026-02-12T14:20:26.271168+00:00 migrate	192.168.64.2	caching_sha2_password
2026-02-12T14:20:26.271188+00:00 packer	%	caching_sha2_password
2026-02-12T14:20:26.271207+00:00 root	localhost	caching_sha2_password
2026-02-12T14:20:26.271226+00:00 
2026-02-12T14:20:26.271246+00:00 ---- json_columns ----
2026-02-12T14:20:26.271265+00:00 testdb	orders_json	data_json	json
2026-02-12T14:20:26.271284+00:00 
2026-02-12T14:20:26.271303+00:00 ---- compression_encryption ----
2026-02-12T14:20:26.271328+00:00 (no rows)
2026-02-12T14:20:26.271347+00:00 
2026-02-12T14:20:26.271370+00:00 ---- engines_summary ----
2026-02-12T14:20:26.271389+00:00 PERFORMANCE_SCHEMA	113
2026-02-12T14:20:26.271412+00:00 InnoDB	65
2026-02-12T14:20:26.271431+00:00 CSV	2
2026-02-12T14:20:26.271450+00:00 
2026-02-12T14:20:26.271468+00:00 ---- schema_sizes ----
2026-02-12T14:20:26.271488+00:00 testdb	38.56
2026-02-12T14:20:26.271510+00:00 sakila	6.45
2026-02-12T14:20:26.271531+00:00 mysql	2.61
2026-02-12T14:20:26.271553+00:00 world	0.77
2026-02-12T14:20:26.271576+00:00 classicmodels	0.50
2026-02-12T14:20:26.271598+00:00 sys	0.02
2026-02-12T14:20:26.271620+00:00 information_schema	0.00
2026-02-12T14:20:26.271642+00:00 performance_schema	0.00
2026-02-12T14:20:26.271664+00:00 
2026-02-12T14:20:26.271686+00:00 ---- schema_charsets ----
2026-02-12T14:20:26.271709+00:00 classicmodels	latin1	latin1_swedish_ci
2026-02-12T14:20:26.271730+00:00 sakila	utf8mb4	utf8mb4_0900_ai_ci
2026-02-12T14:20:26.271751+00:00 testdb	utf8mb4	utf8mb4_0900_ai_ci
2026-02-12T14:20:26.271773+00:00 world	utf8mb4	utf8mb4_0900_ai_ci
2026-02-12T14:20:26.271794+00:00 
2026-02-12T14:20:26.271816+00:00 ---- mysql8_collations ----
2026-02-12T14:20:26.271837+00:00 sakila	actor	utf8mb4_0900_ai_ci
2026-02-12T14:20:26.271858+00:00 sakila	address	utf8mb4_0900_ai_ci
2026-02-12T14:20:26.271879+00:00 sakila	category	utf8mb4_0900_ai_ci
2026-02-12T14:20:26.271901+00:00 sakila	city	utf8mb4_0900_ai_ci
2026-02-12T14:20:26.271922+00:00 sakila	country	utf8mb4_0900_ai_ci
2026-02-12T14:20:26.271944+00:00 sakila	customer	utf8mb4_0900_ai_ci
2026-02-12T14:20:26.271966+00:00 sakila	film	utf8mb4_0900_ai_ci
2026-02-12T14:20:26.271987+00:00 sakila	film_actor	utf8mb4_0900_ai_ci
2026-02-12T14:20:26.272009+00:00 sakila	film_category	utf8mb4_0900_ai_ci
2026-02-12T14:20:26.272037+00:00 sakila	film_text	utf8mb4_0900_ai_ci
2026-02-12T14:20:26.272058+00:00 sakila	inventory	utf8mb4_0900_ai_ci
2026-02-12T14:20:26.272077+00:00 sakila	language	utf8mb4_0900_ai_ci
2026-02-12T14:20:26.272099+00:00 sakila	payment	utf8mb4_0900_ai_ci
2026-02-12T14:20:26.272120+00:00 sakila	rental	utf8mb4_0900_ai_ci
2026-02-12T14:20:26.272142+00:00 sakila	staff	utf8mb4_0900_ai_ci
2026-02-12T14:20:26.272163+00:00 sakila	store	utf8mb4_0900_ai_ci
2026-02-12T14:20:26.272184+00:00 testdb	orders_json	utf8mb4_0900_ai_ci
2026-02-12T14:20:26.272205+00:00 world	city	utf8mb4_0900_ai_ci
2026-02-12T14:20:26.272226+00:00 world	country	utf8mb4_0900_ai_ci
2026-02-12T14:20:26.272359+00:00 world	countrylanguage	utf8mb4_0900_ai_ci
2026-02-12T14:20:26.272387+00:00 
2026-02-12T14:20:26.272412+00:00 ---- mysql8_column_collations ----
2026-02-12T14:20:26.272436+00:00 sakila	actor	first_name	utf8mb4_0900_ai_ci
2026-02-12T14:20:26.272461+00:00 sakila	actor	last_name	utf8mb4_0900_ai_ci
2026-02-12T14:20:26.272486+00:00 sakila	actor_info	film_info	utf8mb4_0900_ai_ci
2026-02-12T14:20:26.272511+00:00 sakila	actor_info	first_name	utf8mb4_0900_ai_ci
2026-02-12T14:20:26.272535+00:00 sakila	actor_info	last_name	utf8mb4_0900_ai_ci
2026-02-12T14:20:26.272560+00:00 sakila	address	address	utf8mb4_0900_ai_ci
2026-02-12T14:20:26.272584+00:00 sakila	address	address2	utf8mb4_0900_ai_ci
2026-02-12T14:20:26.272606+00:00 sakila	address	district	utf8mb4_0900_ai_ci
2026-02-12T14:20:26.272632+00:00 sakila	address	phone	utf8mb4_0900_ai_ci
2026-02-12T14:20:26.272657+00:00 sakila	address	postal_code	utf8mb4_0900_ai_ci
2026-02-12T14:20:26.272683+00:00 sakila	category	name	utf8mb4_0900_ai_ci
2026-02-12T14:20:26.272707+00:00 sakila	city	city	utf8mb4_0900_ai_ci
2026-02-12T14:20:26.272731+00:00 sakila	country	country	utf8mb4_0900_ai_ci
2026-02-12T14:20:26.272756+00:00 sakila	customer	email	utf8mb4_0900_ai_ci
2026-02-12T14:20:26.272778+00:00 sakila	customer	first_name	utf8mb4_0900_ai_ci
2026-02-12T14:20:26.272802+00:00 sakila	customer	last_name	utf8mb4_0900_ai_ci
2026-02-12T14:20:26.272830+00:00 sakila	customer_list	address	utf8mb4_0900_ai_ci
2026-02-12T14:20:26.272862+00:00 sakila	customer_list	city	utf8mb4_0900_ai_ci
2026-02-12T14:20:26.272889+00:00 sakila	customer_list	country	utf8mb4_0900_ai_ci
2026-02-12T14:20:26.272915+00:00 sakila	customer_list	name	utf8mb4_0900_ai_ci
2026-02-12T14:20:26.272942+00:00 sakila	customer_list	notes	utf8mb4_0900_ai_ci
2026-02-12T14:20:26.272967+00:00 sakila	customer_list	phone	utf8mb4_0900_ai_ci
2026-02-12T14:20:26.272994+00:00 sakila	customer_list	zip code	utf8mb4_0900_ai_ci
2026-02-12T14:20:26.273022+00:00 sakila	film	description	utf8mb4_0900_ai_ci
2026-02-12T14:20:26.273048+00:00 sakila	film	rating	utf8mb4_0900_ai_ci
2026-02-12T14:20:26.273076+00:00 sakila	film	special_features	utf8mb4_0900_ai_ci
2026-02-12T14:20:26.273103+00:00 sakila	film	title	utf8mb4_0900_ai_ci
2026-02-12T14:20:26.273129+00:00 sakila	film_list	actors	utf8mb4_0900_ai_ci
2026-02-12T14:20:26.273153+00:00 sakila	film_list	category	utf8mb4_0900_ai_ci
2026-02-12T14:20:26.273180+00:00 sakila	film_list	description	utf8mb4_0900_ai_ci
2026-02-12T14:20:26.273204+00:00 sakila	film_list	rating	utf8mb4_0900_ai_ci
2026-02-12T14:20:26.273229+00:00 sakila	film_list	title	utf8mb4_0900_ai_ci
2026-02-12T14:20:26.273254+00:00 sakila	film_text	description	utf8mb4_0900_ai_ci
2026-02-12T14:20:26.273278+00:00 sakila	film_text	title	utf8mb4_0900_ai_ci
2026-02-12T14:20:26.273303+00:00 sakila	language	name	utf8mb4_0900_ai_ci
2026-02-12T14:20:26.273325+00:00 sakila	nicer_but_slower_film_list	actors	utf8mb4_0900_ai_ci
2026-02-12T14:20:26.273350+00:00 sakila	nicer_but_slower_film_list	category	utf8mb4_0900_ai_ci
2026-02-12T14:20:26.273372+00:00 sakila	nicer_but_slower_film_list	description	utf8mb4_0900_ai_ci
2026-02-12T14:20:26.273397+00:00 sakila	nicer_but_slower_film_list	rating	utf8mb4_0900_ai_ci
2026-02-12T14:20:26.273421+00:00 sakila	nicer_but_slower_film_list	title	utf8mb4_0900_ai_ci
2026-02-12T14:20:26.273445+00:00 sakila	sales_by_film_category	category	utf8mb4_0900_ai_ci
2026-02-12T14:20:26.273470+00:00 sakila	sales_by_store	manager	utf8mb4_0900_ai_ci
2026-02-12T14:20:26.273494+00:00 sakila	sales_by_store	store	utf8mb4_0900_ai_ci
2026-02-12T14:20:26.273519+00:00 sakila	staff	email	utf8mb4_0900_ai_ci
2026-02-12T14:20:26.273543+00:00 sakila	staff	first_name	utf8mb4_0900_ai_ci
2026-02-12T14:20:26.273567+00:00 sakila	staff	last_name	utf8mb4_0900_ai_ci
2026-02-12T14:20:26.273593+00:00 sakila	staff	username	utf8mb4_0900_ai_ci
2026-02-12T14:20:26.273617+00:00 sakila	staff_list	address	utf8mb4_0900_ai_ci
2026-02-12T14:20:26.273642+00:00 sakila	staff_list	city	utf8mb4_0900_ai_ci
2026-02-12T14:20:26.273667+00:00 sakila	staff_list	country	utf8mb4_0900_ai_ci
2026-02-12T14:20:26.273779+00:00 ... (truncated; full output in artifacts/assess_20260212_195025/precheck/mysql8_column_collations.tsv)
2026-02-12T14:20:26.273816+00:00 
2026-02-12T14:20:26.273844+00:00 ---- sql_mode ----
2026-02-12T14:20:26.273874+00:00 ONLY_FULL_GROUP_BY,STRICT_TRANS_TABLES,NO_ZERO_IN_DATE,NO_ZERO_DATE,ERROR_FOR_DIVISION_BY_ZERO,NO_ENGINE_SUBSTITUTION
2026-02-12T14:20:26.273904+00:00 
2026-02-12T14:20:26.273935+00:00 ---- definers_inventory ----
2026-02-12T14:20:26.273965+00:00 ROUTINE	root@localhost	6
2026-02-12T14:20:26.273995+00:00 TRIGGER	root@localhost	6
2026-02-12T14:20:26.274025+00:00 VIEW	root@localhost	7
2026-02-12T14:20:26.274054+00:00 
2026-02-12T14:20:26.274085+00:00 ---- partitioned_tables ----
2026-02-12T14:20:26.274114+00:00 (no rows)
2026-02-12T14:20:26.274144+00:00 
2026-02-12T14:20:26.274175+00:00 ---- active_plugins ----
2026-02-12T14:20:26.274204+00:00 ARCHIVE	ACTIVE
2026-02-12T14:20:26.274234+00:00 binlog	ACTIVE
2026-02-12T14:20:26.274264+00:00 BLACKHOLE	ACTIVE
2026-02-12T14:20:26.274294+00:00 caching_sha2_password	ACTIVE
2026-02-12T14:20:26.274323+00:00 CSV	ACTIVE
2026-02-12T14:20:26.274354+00:00 daemon_keyring_proxy_plugin	ACTIVE
2026-02-12T14:20:26.274384+00:00 InnoDB	ACTIVE
2026-02-12T14:20:26.274413+00:00 INNODB_BUFFER_PAGE	ACTIVE
2026-02-12T14:20:26.274444+00:00 INNODB_BUFFER_PAGE_LRU	ACTIVE
2026-02-12T14:20:26.274474+00:00 INNODB_BUFFER_POOL_STATS	ACTIVE
2026-02-12T14:20:26.274502+00:00 INNODB_CACHED_INDEXES	ACTIVE
2026-02-12T14:20:26.274531+00:00 INNODB_CMP	ACTIVE
2026-02-12T14:20:26.274560+00:00 INNODB_CMPMEM	ACTIVE
2026-02-12T14:20:26.274589+00:00 INNODB_CMPMEM_RESET	ACTIVE
2026-02-12T14:20:26.274616+00:00 INNODB_CMP_PER_INDEX	ACTIVE
2026-02-12T14:20:26.274646+00:00 INNODB_CMP_PER_INDEX_RESET	ACTIVE
2026-02-12T14:20:26.274675+00:00 INNODB_CMP_RESET	ACTIVE
2026-02-12T14:20:26.274703+00:00 INNODB_COLUMNS	ACTIVE
2026-02-12T14:20:26.274734+00:00 INNODB_FT_BEING_DELETED	ACTIVE
2026-02-12T14:20:26.274764+00:00 INNODB_FT_CONFIG	ACTIVE
2026-02-12T14:20:26.274793+00:00 INNODB_FT_DEFAULT_STOPWORD	ACTIVE
2026-02-12T14:20:26.274824+00:00 INNODB_FT_DELETED	ACTIVE
2026-02-12T14:20:26.274853+00:00 INNODB_FT_INDEX_CACHE	ACTIVE
2026-02-12T14:20:26.274882+00:00 INNODB_FT_INDEX_TABLE	ACTIVE
2026-02-12T14:20:26.274912+00:00 INNODB_INDEXES	ACTIVE
2026-02-12T14:20:26.274942+00:00 INNODB_METRICS	ACTIVE
2026-02-12T14:20:26.274972+00:00 INNODB_SESSION_TEMP_TABLESPACES	ACTIVE
2026-02-12T14:20:26.275001+00:00 INNODB_TABLES	ACTIVE
2026-02-12T14:20:26.275030+00:00 INNODB_TABLESPACES	ACTIVE
2026-02-12T14:20:26.275060+00:00 INNODB_TABLESTATS	ACTIVE
2026-02-12T14:20:26.275090+00:00 INNODB_TEMP_TABLE_INFO	ACTIVE
2026-02-12T14:20:26.275118+00:00 INNODB_TRX	ACTIVE
2026-02-12T14:20:26.275145+00:00 INNODB_VIRTUAL	ACTIVE
2026-02-12T14:20:26.275174+00:00 MEMORY	ACTIVE
2026-02-12T14:20:26.275200+00:00 MRG_MYISAM	ACTIVE
2026-02-12T14:20:26.275224+00:00 MyISAM	ACTIVE
2026-02-12T14:20:26.275248+00:00 mysqlx	ACTIVE
2026-02-12T14:20:26.275272+00:00 mysqlx_cache_cleaner	ACTIVE
2026-02-12T14:20:26.275297+00:00 ngram	ACTIVE
2026-02-12T14:20:26.275323+00:00 PERFORMANCE_SCHEMA	ACTIVE
2026-02-12T14:20:26.275356+00:00 sha256_password	ACTIVE
2026-02-12T14:20:26.275382+00:00 sha2_cache_cleaner	ACTIVE
2026-02-12T14:20:26.275409+00:00 TempTable	ACTIVE
2026-02-12T14:20:26.275433+00:00 
2026-02-12T14:20:26.275457+00:00 ---- functional_indexes ----
2026-02-12T14:20:26.275481+00:00 (no rows)
2026-02-12T14:20:26.275506+00:00 
2026-02-12T14:20:26.275530+00:00 ---- functional_defaults ----
2026-02-12T14:20:26.275555+00:00 (no rows)
2026-02-12T14:20:26.275578+00:00 
2026-02-12T14:20:26.275602+00:00 ---- invisible_columns ----
2026-02-12T14:20:26.275630+00:00 (no rows)
2026-02-12T14:20:26.275655+00:00 
2026-02-12T14:20:26.275679+00:00 ---- check_constraints ----
2026-02-12T14:20:26.275704+00:00 (no rows)
2026-02-12T14:20:26.275736+00:00 
2026-02-12T14:20:26.275762+00:00 ---- partial_revokes ----
2026-02-12T14:20:26.275790+00:00 (no rows)
2026-02-12T14:20:26.275820+00:00 
2026-02-12T14:20:26.275847+00:00 ---- gis_srid_usage ----
2026-02-12T14:20:26.275886+00:00 sakila	address	location	0
2026-02-12T14:20:26.275916+00:00 
2026-02-12T14:20:26.275944+00:00 ---- resource_groups ----
2026-02-12T14:20:26.275971+00:00 (no rows)
2026-02-12T14:20:26.275998+00:00 
2026-02-12T14:20:26.276025+00:00 ---- xplugin_status ----
2026-02-12T14:20:26.276052+00:00 mysqlx	ACTIVE
2026-02-12T14:20:26.276082+00:00 
2026-02-12T14:20:26.276109+00:00 ---- fk_name_lengths ----
2026-02-12T14:20:26.276139+00:00 (no rows)
2026-02-12T14:20:26.276169+00:00 
2026-02-12T14:20:26.276197+00:00 ---- trigger_order ----
2026-02-12T14:20:26.276226+00:00 (no rows)
2026-02-12T14:20:26.276254+00:00 
2026-02-12T14:20:26.276281+00:00 Precheck complete.
2026-02-12T14:20:26.276308+00:00 TSV outputs: artifacts/assess_20260212_195025/precheck/*.tsv
2026-02-12T14:20:26.326688+00:00 FINISH success=True message=Assessment passed. Ready to plan/run.
