2026-02-14T19:21:14.878729+00:00 START mode=assessment config=config/source.yaml
2026-02-14T19:21:14.906611+00:00 Assessment source auth selected: SRC_ADMIN_USER (admin)
2026-02-14T19:21:14.912297+00:00 RUN precheck -> /mnt/macshare/scripts/00_precheck.sh
2026-02-14T19:21:15.911653+00:00 == Precheck runner ==
2026-02-14T19:21:15.916363+00:00 Host: 192.168.64.7  Port: 3306  User: admin
2026-02-14T19:21:15.920243+00:00 Checks dir: /mnt/macshare/sql/checks
2026-02-14T19:21:15.922334+00:00 Outdir: artifacts/assess_20260214_192114/precheck
2026-02-14T19:21:15.924386+00:00 
2026-02-14T19:21:15.932621+00:00 NOTE: mariadb-migrate-config-file not found; skipping config check.
2026-02-14T19:21:15.948304+00:00 ---- mysql_version ----
2026-02-14T19:21:15.950612+00:00 8.0.45-0ubuntu0.24.04.1
2026-02-14T19:21:15.952780+00:00 
2026-02-14T19:21:15.954336+00:00 ---- innodb_settings ----
2026-02-14T19:21:15.956143+00:00 1	1
2026-02-14T19:21:15.957636+00:00 
2026-02-14T19:21:15.959169+00:00 ---- auth_plugins ----
2026-02-14T19:21:15.960699+00:00 admin	%	caching_sha2_password
2026-02-14T19:21:15.962282+00:00 admin	192.168.64.3	caching_sha2_password
2026-02-14T19:21:15.963920+00:00 admin	192.168.64.7	caching_sha2_password
2026-02-14T19:21:15.965173+00:00 admin	localhost	caching_sha2_password
2026-02-14T19:21:15.967636+00:00 debian-sys-maint	localhost	caching_sha2_password
2026-02-14T19:21:15.971013+00:00 migrate	%	caching_sha2_password
2026-02-14T19:21:15.973234+00:00 
2026-02-14T19:21:15.975778+00:00 ---- json_columns ----
2026-02-14T19:21:15.979558+00:00 testdb	orders_json	data_json	json
2026-02-14T19:21:15.980851+00:00 
2026-02-14T19:21:15.984220+00:00 ---- compression_encryption ----
2026-02-14T19:21:15.986528+00:00 (no rows)
2026-02-14T19:21:15.988666+00:00 
2026-02-14T19:21:15.990939+00:00 ---- engines_summary ----
2026-02-14T19:21:15.994023+00:00 PERFORMANCE_SCHEMA	111
2026-02-14T19:21:15.998385+00:00 InnoDB	56
2026-02-14T19:21:16.002219+00:00 CSV	2
2026-02-14T19:21:16.003479+00:00 
2026-02-14T19:21:16.006455+00:00 ---- schema_sizes ----
2026-02-14T19:21:16.009455+00:00 testdb	38.56
2026-02-14T19:21:16.013491+00:00 sakila	6.45
2026-02-14T19:21:16.015287+00:00 mysql	2.66
2026-02-14T19:21:16.017366+00:00 world	0.77
2026-02-14T19:21:16.019799+00:00 sys	0.02
2026-02-14T19:21:16.023700+00:00 information_schema	0.00
2026-02-14T19:21:16.027422+00:00 performance_schema	0.00
2026-02-14T19:21:16.028815+00:00 
2026-02-14T19:21:16.030193+00:00 ---- schema_charsets ----
2026-02-14T19:21:16.031556+00:00 sakila	utf8mb4	utf8mb4_0900_ai_ci
2026-02-14T19:21:16.033005+00:00 testdb	utf8mb4	utf8mb4_0900_ai_ci
2026-02-14T19:21:16.034423+00:00 world	utf8mb4	utf8mb4_0900_ai_ci
2026-02-14T19:21:16.035713+00:00 
2026-02-14T19:21:16.037308+00:00 ---- mysql8_collations ----
2026-02-14T19:21:16.038678+00:00 sakila	actor	utf8mb4_0900_ai_ci
2026-02-14T19:21:16.040038+00:00 sakila	address	utf8mb4_0900_ai_ci
2026-02-14T19:21:16.041356+00:00 sakila	category	utf8mb4_0900_ai_ci
2026-02-14T19:21:16.042839+00:00 sakila	city	utf8mb4_0900_ai_ci
2026-02-14T19:21:16.044219+00:00 sakila	country	utf8mb4_0900_ai_ci
2026-02-14T19:21:16.045548+00:00 sakila	customer	utf8mb4_0900_ai_ci
2026-02-14T19:21:16.046846+00:00 sakila	film	utf8mb4_0900_ai_ci
2026-02-14T19:21:16.048141+00:00 sakila	film_actor	utf8mb4_0900_ai_ci
2026-02-14T19:21:16.049642+00:00 sakila	film_category	utf8mb4_0900_ai_ci
2026-02-14T19:21:16.050967+00:00 sakila	film_text	utf8mb4_0900_ai_ci
2026-02-14T19:21:16.052332+00:00 sakila	inventory	utf8mb4_0900_ai_ci
2026-02-14T19:21:16.053676+00:00 sakila	language	utf8mb4_0900_ai_ci
2026-02-14T19:21:16.055169+00:00 sakila	payment	utf8mb4_0900_ai_ci
2026-02-14T19:21:16.057471+00:00 sakila	rental	utf8mb4_0900_ai_ci
2026-02-14T19:21:16.058257+00:00 sakila	staff	utf8mb4_0900_ai_ci
2026-02-14T19:21:16.059910+00:00 sakila	store	utf8mb4_0900_ai_ci
2026-02-14T19:21:16.061226+00:00 testdb	orders_json	utf8mb4_0900_ai_ci
2026-02-14T19:21:16.062544+00:00 world	city	utf8mb4_0900_ai_ci
2026-02-14T19:21:16.071090+00:00 world	country	utf8mb4_0900_ai_ci
2026-02-14T19:21:16.072396+00:00 world	countrylanguage	utf8mb4_0900_ai_ci
2026-02-14T19:21:16.073882+00:00 
2026-02-14T19:21:16.075423+00:00 ---- mysql8_column_collations ----
2026-02-14T19:21:16.076839+00:00 sakila	actor	first_name	utf8mb4_0900_ai_ci
2026-02-14T19:21:16.078598+00:00 sakila	actor	last_name	utf8mb4_0900_ai_ci
2026-02-14T19:21:16.080012+00:00 sakila	actor_info	film_info	utf8mb4_0900_ai_ci
2026-02-14T19:21:16.081964+00:00 sakila	actor_info	first_name	utf8mb4_0900_ai_ci
2026-02-14T19:21:16.082821+00:00 sakila	actor_info	last_name	utf8mb4_0900_ai_ci
2026-02-14T19:21:16.084330+00:00 sakila	address	address	utf8mb4_0900_ai_ci
2026-02-14T19:21:16.085909+00:00 sakila	address	address2	utf8mb4_0900_ai_ci
2026-02-14T19:21:16.087516+00:00 sakila	address	district	utf8mb4_0900_ai_ci
2026-02-14T19:21:16.089292+00:00 sakila	address	phone	utf8mb4_0900_ai_ci
2026-02-14T19:21:16.091774+00:00 sakila	address	postal_code	utf8mb4_0900_ai_ci
2026-02-14T19:21:16.097435+00:00 sakila	category	name	utf8mb4_0900_ai_ci
2026-02-14T19:21:16.099489+00:00 sakila	city	city	utf8mb4_0900_ai_ci
2026-02-14T19:21:16.101112+00:00 sakila	country	country	utf8mb4_0900_ai_ci
2026-02-14T19:21:16.103264+00:00 sakila	customer	email	utf8mb4_0900_ai_ci
2026-02-14T19:21:16.105564+00:00 sakila	customer	first_name	utf8mb4_0900_ai_ci
2026-02-14T19:21:16.106438+00:00 sakila	customer	last_name	utf8mb4_0900_ai_ci
2026-02-14T19:21:16.107852+00:00 sakila	customer_list	address	utf8mb4_0900_ai_ci
2026-02-14T19:21:16.109252+00:00 sakila	customer_list	city	utf8mb4_0900_ai_ci
2026-02-14T19:21:16.110873+00:00 sakila	customer_list	country	utf8mb4_0900_ai_ci
2026-02-14T19:21:16.112306+00:00 sakila	customer_list	name	utf8mb4_0900_ai_ci
2026-02-14T19:21:16.113714+00:00 sakila	customer_list	notes	utf8mb4_0900_ai_ci
2026-02-14T19:21:16.115137+00:00 sakila	customer_list	phone	utf8mb4_0900_ai_ci
2026-02-14T19:21:16.116692+00:00 sakila	customer_list	zip code	utf8mb4_0900_ai_ci
2026-02-14T19:21:16.118570+00:00 sakila	film	description	utf8mb4_0900_ai_ci
2026-02-14T19:21:16.120637+00:00 sakila	film	rating	utf8mb4_0900_ai_ci
2026-02-14T19:21:16.122109+00:00 sakila	film	special_features	utf8mb4_0900_ai_ci
2026-02-14T19:21:16.124267+00:00 sakila	film	title	utf8mb4_0900_ai_ci
2026-02-14T19:21:16.129563+00:00 sakila	film_list	actors	utf8mb4_0900_ai_ci
2026-02-14T19:21:16.131525+00:00 sakila	film_list	category	utf8mb4_0900_ai_ci
2026-02-14T19:21:16.134226+00:00 sakila	film_list	description	utf8mb4_0900_ai_ci
2026-02-14T19:21:16.135689+00:00 sakila	film_list	rating	utf8mb4_0900_ai_ci
2026-02-14T19:21:16.137079+00:00 sakila	film_list	title	utf8mb4_0900_ai_ci
2026-02-14T19:21:16.140639+00:00 sakila	film_text	description	utf8mb4_0900_ai_ci
2026-02-14T19:21:16.142058+00:00 sakila	film_text	title	utf8mb4_0900_ai_ci
2026-02-14T19:21:16.145272+00:00 sakila	language	name	utf8mb4_0900_ai_ci
2026-02-14T19:21:16.147616+00:00 sakila	nicer_but_slower_film_list	actors	utf8mb4_0900_ai_ci
2026-02-14T19:21:16.151511+00:00 sakila	nicer_but_slower_film_list	category	utf8mb4_0900_ai_ci
2026-02-14T19:21:16.155185+00:00 sakila	nicer_but_slower_film_list	description	utf8mb4_0900_ai_ci
2026-02-14T19:21:16.158600+00:00 sakila	nicer_but_slower_film_list	rating	utf8mb4_0900_ai_ci
2026-02-14T19:21:16.160143+00:00 sakila	nicer_but_slower_film_list	title	utf8mb4_0900_ai_ci
2026-02-14T19:21:16.161539+00:00 sakila	sales_by_film_category	category	utf8mb4_0900_ai_ci
2026-02-14T19:21:16.163052+00:00 sakila	sales_by_store	manager	utf8mb4_0900_ai_ci
2026-02-14T19:21:16.164491+00:00 sakila	sales_by_store	store	utf8mb4_0900_ai_ci
2026-02-14T19:21:16.166006+00:00 sakila	staff	email	utf8mb4_0900_ai_ci
2026-02-14T19:21:16.167679+00:00 sakila	staff	first_name	utf8mb4_0900_ai_ci
2026-02-14T19:21:16.169435+00:00 sakila	staff	last_name	utf8mb4_0900_ai_ci
2026-02-14T19:21:16.171100+00:00 sakila	staff	username	utf8mb4_0900_ai_ci
2026-02-14T19:21:16.172742+00:00 sakila	staff_list	address	utf8mb4_0900_ai_ci
2026-02-14T19:21:16.174356+00:00 sakila	staff_list	city	utf8mb4_0900_ai_ci
2026-02-14T19:21:16.176015+00:00 sakila	staff_list	country	utf8mb4_0900_ai_ci
2026-02-14T19:21:16.177794+00:00 ... (truncated; full output in artifacts/assess_20260214_192114/precheck/mysql8_column_collations.tsv)
2026-02-14T19:21:16.180254+00:00 
2026-02-14T19:21:16.187155+00:00 ---- sql_mode ----
2026-02-14T19:21:16.189968+00:00 ONLY_FULL_GROUP_BY,STRICT_TRANS_TABLES,NO_ZERO_IN_DATE,NO_ZERO_DATE,ERROR_FOR_DIVISION_BY_ZERO,NO_ENGINE_SUBSTITUTION
2026-02-14T19:21:16.191458+00:00 
2026-02-14T19:21:16.193014+00:00 ---- definers_inventory ----
2026-02-14T19:21:16.194668+00:00 TRIGGER	root@localhost	6
2026-02-14T19:21:16.196295+00:00 VIEW	root@localhost	7
2026-02-14T19:21:16.197935+00:00 
2026-02-14T19:21:16.199649+00:00 ---- partitioned_tables ----
2026-02-14T19:21:16.201677+00:00 (no rows)
2026-02-14T19:21:16.203262+00:00 
2026-02-14T19:21:16.205088+00:00 ---- active_plugins ----
2026-02-14T19:21:16.207414+00:00 ARCHIVE	ACTIVE
2026-02-14T19:21:16.209820+00:00 auth_socket	ACTIVE
2026-02-14T19:21:16.212430+00:00 binlog	ACTIVE
2026-02-14T19:21:16.215964+00:00 BLACKHOLE	ACTIVE
2026-02-14T19:21:16.217213+00:00 caching_sha2_password	ACTIVE
2026-02-14T19:21:16.219375+00:00 CSV	ACTIVE
2026-02-14T19:21:16.221523+00:00 daemon_keyring_proxy_plugin	ACTIVE
2026-02-14T19:21:16.225198+00:00 InnoDB	ACTIVE
2026-02-14T19:21:16.229085+00:00 INNODB_BUFFER_PAGE	ACTIVE
2026-02-14T19:21:16.232218+00:00 INNODB_BUFFER_PAGE_LRU	ACTIVE
2026-02-14T19:21:16.236413+00:00 INNODB_BUFFER_POOL_STATS	ACTIVE
2026-02-14T19:21:16.238235+00:00 INNODB_CACHED_INDEXES	ACTIVE
2026-02-14T19:21:16.240230+00:00 INNODB_CMP	ACTIVE
2026-02-14T19:21:16.241976+00:00 INNODB_CMPMEM	ACTIVE
2026-02-14T19:21:16.243798+00:00 INNODB_CMPMEM_RESET	ACTIVE
2026-02-14T19:21:16.245413+00:00 INNODB_CMP_PER_INDEX	ACTIVE
2026-02-14T19:21:16.247489+00:00 INNODB_CMP_PER_INDEX_RESET	ACTIVE
2026-02-14T19:21:16.249558+00:00 INNODB_CMP_RESET	ACTIVE
2026-02-14T19:21:16.251143+00:00 INNODB_COLUMNS	ACTIVE
2026-02-14T19:21:16.253823+00:00 INNODB_FT_BEING_DELETED	ACTIVE
2026-02-14T19:21:16.256479+00:00 INNODB_FT_CONFIG	ACTIVE
2026-02-14T19:21:16.262331+00:00 INNODB_FT_DEFAULT_STOPWORD	ACTIVE
2026-02-14T19:21:16.271513+00:00 INNODB_FT_DELETED	ACTIVE
2026-02-14T19:21:16.272909+00:00 INNODB_FT_INDEX_CACHE	ACTIVE
2026-02-14T19:21:16.274376+00:00 INNODB_FT_INDEX_TABLE	ACTIVE
2026-02-14T19:21:16.276512+00:00 INNODB_INDEXES	ACTIVE
2026-02-14T19:21:16.277388+00:00 INNODB_METRICS	ACTIVE
2026-02-14T19:21:16.278767+00:00 INNODB_SESSION_TEMP_TABLESPACES	ACTIVE
2026-02-14T19:21:16.280161+00:00 INNODB_TABLES	ACTIVE
2026-02-14T19:21:16.281613+00:00 INNODB_TABLESPACES	ACTIVE
2026-02-14T19:21:16.283113+00:00 INNODB_TABLESTATS	ACTIVE
2026-02-14T19:21:16.284627+00:00 INNODB_TEMP_TABLE_INFO	ACTIVE
2026-02-14T19:21:16.286039+00:00 INNODB_TRX	ACTIVE
2026-02-14T19:21:16.289466+00:00 INNODB_VIRTUAL	ACTIVE
2026-02-14T19:21:16.295231+00:00 MEMORY	ACTIVE
2026-02-14T19:21:16.296712+00:00 MRG_MYISAM	ACTIVE
2026-02-14T19:21:16.298171+00:00 MyISAM	ACTIVE
2026-02-14T19:21:16.300389+00:00 mysqlx	ACTIVE
2026-02-14T19:21:16.301256+00:00 mysqlx_cache_cleaner	ACTIVE
2026-02-14T19:21:16.302957+00:00 mysql_native_password	ACTIVE
2026-02-14T19:21:16.304509+00:00 ngram	ACTIVE
2026-02-14T19:21:16.306051+00:00 PERFORMANCE_SCHEMA	ACTIVE
2026-02-14T19:21:16.310385+00:00 sha256_password	ACTIVE
2026-02-14T19:21:16.312088+00:00 sha2_cache_cleaner	ACTIVE
2026-02-14T19:21:16.314202+00:00 TempTable	ACTIVE
2026-02-14T19:21:16.315906+00:00 
2026-02-14T19:21:16.322479+00:00 ---- functional_indexes ----
2026-02-14T19:21:16.324353+00:00 (no rows)
2026-02-14T19:21:16.325269+00:00 
2026-02-14T19:21:16.331138+00:00 ---- functional_defaults ----
2026-02-14T19:21:16.332698+00:00 (no rows)
2026-02-14T19:21:16.334542+00:00 
2026-02-14T19:21:16.353079+00:00 ---- invisible_columns ----
2026-02-14T19:21:16.358945+00:00 (no rows)
2026-02-14T19:21:16.360857+00:00 
2026-02-14T19:21:16.362292+00:00 ---- check_constraints ----
2026-02-14T19:21:16.363762+00:00 (no rows)
2026-02-14T19:21:16.365484+00:00 
2026-02-14T19:21:16.366964+00:00 ---- partial_revokes ----
2026-02-14T19:21:16.368485+00:00 (no rows)
2026-02-14T19:21:16.369835+00:00 
2026-02-14T19:21:16.371334+00:00 ---- gis_srid_usage ----
2026-02-14T19:21:16.373347+00:00 sakila	address	location	0
2026-02-14T19:21:16.374955+00:00 
2026-02-14T19:21:16.377210+00:00 ---- resource_groups ----
2026-02-14T19:21:16.379053+00:00 USR_default	USER	1	0-9	0
2026-02-14T19:21:16.380316+00:00 SYS_default	SYSTEM	1	0-9	0
2026-02-14T19:21:16.381564+00:00 
2026-02-14T19:21:16.382678+00:00 ---- xplugin_status ----
2026-02-14T19:21:16.384003+00:00 mysqlx	ACTIVE
2026-02-14T19:21:16.385232+00:00 
2026-02-14T19:21:16.386409+00:00 ---- fk_name_lengths ----
2026-02-14T19:21:16.387816+00:00 (no rows)
2026-02-14T19:21:16.389191+00:00 
2026-02-14T19:21:16.390616+00:00 ---- trigger_order ----
2026-02-14T19:21:16.392040+00:00 (no rows)
2026-02-14T19:21:16.393899+00:00 
2026-02-14T19:21:16.396085+00:00 Precheck complete.
2026-02-14T19:21:16.398483+00:00 TSV outputs: artifacts/assess_20260214_192114/precheck/*.tsv
2026-02-14T19:21:16.479361+00:00 FINISH success=True message=Assessment passed. Ready to plan/run.
