2026-02-27T07:55:46.186989+00:00 START mode=assessment config=config/source.yaml
2026-02-27T07:55:46.542108+00:00 Assessment source auth selected: SRC_ADMIN_USER (admin)
2026-02-27T07:55:46.550768+00:00 RUN precheck -> /mnt/macshare/scripts/00_precheck.sh
2026-02-27T07:55:56.156229+00:00 == Precheck runner ==
2026-02-27T07:55:56.163182+00:00 Host: 192.168.64.7  Port: 3306  User: admin
2026-02-27T07:55:56.167666+00:00 Checks dir: /mnt/macshare/sql/checks
2026-02-27T07:55:56.172816+00:00 Outdir: artifacts/assess_20260227_075544/precheck
2026-02-27T07:55:56.179154+00:00 
2026-02-27T07:55:56.183610+00:00 NOTE: mariadb-migrate-config-file not found; skipping config check.
2026-02-27T07:55:56.188493+00:00 ---- mysql_version ----
2026-02-27T07:55:56.198945+00:00 8.0.45-0ubuntu0.24.04.1
2026-02-27T07:55:56.203316+00:00 
2026-02-27T07:55:56.208477+00:00 ---- innodb_settings ----
2026-02-27T07:55:56.215333+00:00 1	1
2026-02-27T07:55:56.223178+00:00 
2026-02-27T07:55:56.229083+00:00 ---- auth_plugins ----
2026-02-27T07:55:56.236568+00:00 debian-sys-maint	localhost	caching_sha2_password
2026-02-27T07:55:56.240171+00:00 
2026-02-27T07:55:56.245932+00:00 ---- json_columns ----
2026-02-27T07:55:56.252563+00:00 advanced_test	json_test	data	json
2026-02-27T07:55:56.255801+00:00 advanced_test	json_test	metadata	json
2026-02-27T07:55:56.261385+00:00 testdb	orders_json	data_json	json
2026-02-27T07:55:56.268478+00:00 
2026-02-27T07:55:56.273235+00:00 ---- compression_encryption ----
2026-02-27T07:55:56.278705+00:00 (no rows)
2026-02-27T07:55:56.284311+00:00 
2026-02-27T07:55:56.288729+00:00 ---- engines_summary ----
2026-02-27T07:55:56.296001+00:00 PERFORMANCE_SCHEMA	111
2026-02-27T07:55:56.298579+00:00 InnoDB	57
2026-02-27T07:55:56.302940+00:00 CSV	2
2026-02-27T07:55:56.308750+00:00 
2026-02-27T07:55:56.313337+00:00 ---- schema_sizes ----
2026-02-27T07:55:56.318380+00:00 testdb	38.56
2026-02-27T07:55:56.321870+00:00 sakila	6.45
2026-02-27T07:55:56.328017+00:00 mysql	2.73
2026-02-27T07:55:56.331888+00:00 world	0.77
2026-02-27T07:55:56.336469+00:00 sys	0.02
2026-02-27T07:55:56.342946+00:00 advanced_test	0.02
2026-02-27T07:55:56.346256+00:00 information_schema	0.00
2026-02-27T07:55:56.354403+00:00 performance_schema	0.00
2026-02-27T07:55:56.358346+00:00 
2026-02-27T07:55:56.365472+00:00 ---- schema_charsets ----
2026-02-27T07:55:56.370586+00:00 advanced_test	utf8mb4	utf8mb4_0900_ai_ci
2026-02-27T07:55:56.375062+00:00 sakila	utf8mb4	utf8mb4_0900_ai_ci
2026-02-27T07:55:56.383722+00:00 testdb	utf8mb4	utf8mb4_0900_ai_ci
2026-02-27T07:55:56.387298+00:00 world	utf8mb4	utf8mb4_0900_ai_ci
2026-02-27T07:55:56.392321+00:00 
2026-02-27T07:55:56.399519+00:00 ---- mysql8_collations ----
2026-02-27T07:55:56.406995+00:00 advanced_test	json_test	utf8mb4_0900_ai_ci
2026-02-27T07:55:56.413420+00:00 sakila	actor	utf8mb4_0900_ai_ci
2026-02-27T07:55:56.417601+00:00 sakila	address	utf8mb4_0900_ai_ci
2026-02-27T07:55:56.426393+00:00 sakila	category	utf8mb4_0900_ai_ci
2026-02-27T07:55:56.432969+00:00 sakila	city	utf8mb4_0900_ai_ci
2026-02-27T07:55:56.440362+00:00 sakila	country	utf8mb4_0900_ai_ci
2026-02-27T07:55:56.445893+00:00 sakila	customer	utf8mb4_0900_ai_ci
2026-02-27T07:55:56.450330+00:00 sakila	film	utf8mb4_0900_ai_ci
2026-02-27T07:55:56.457773+00:00 sakila	film_actor	utf8mb4_0900_ai_ci
2026-02-27T07:55:56.460488+00:00 sakila	film_category	utf8mb4_0900_ai_ci
2026-02-27T07:55:56.465512+00:00 sakila	film_text	utf8mb4_0900_ai_ci
2026-02-27T07:55:56.471111+00:00 sakila	inventory	utf8mb4_0900_ai_ci
2026-02-27T07:55:56.474218+00:00 sakila	language	utf8mb4_0900_ai_ci
2026-02-27T07:55:56.479779+00:00 sakila	payment	utf8mb4_0900_ai_ci
2026-02-27T07:55:56.486782+00:00 sakila	rental	utf8mb4_0900_ai_ci
2026-02-27T07:55:56.489740+00:00 sakila	staff	utf8mb4_0900_ai_ci
2026-02-27T07:55:56.495283+00:00 sakila	store	utf8mb4_0900_ai_ci
2026-02-27T07:55:56.501383+00:00 testdb	orders_json	utf8mb4_0900_ai_ci
2026-02-27T07:55:56.505484+00:00 world	city	utf8mb4_0900_ai_ci
2026-02-27T07:55:56.511267+00:00 world	country	utf8mb4_0900_ai_ci
2026-02-27T07:55:56.514448+00:00 world	countrylanguage	utf8mb4_0900_ai_ci
2026-02-27T07:55:56.519627+00:00 
2026-02-27T07:55:56.524386+00:00 ---- mysql8_column_collations ----
2026-02-27T07:55:56.529537+00:00 sakila	actor	first_name	utf8mb4_0900_ai_ci
2026-02-27T07:55:56.537347+00:00 sakila	actor	last_name	utf8mb4_0900_ai_ci
2026-02-27T07:55:56.542262+00:00 sakila	actor_info	film_info	utf8mb4_0900_ai_ci
2026-02-27T07:55:56.547304+00:00 sakila	actor_info	first_name	utf8mb4_0900_ai_ci
2026-02-27T07:55:56.553470+00:00 sakila	actor_info	last_name	utf8mb4_0900_ai_ci
2026-02-27T07:55:56.558075+00:00 sakila	address	address	utf8mb4_0900_ai_ci
2026-02-27T07:55:56.566902+00:00 sakila	address	address2	utf8mb4_0900_ai_ci
2026-02-27T07:55:56.571585+00:00 sakila	address	district	utf8mb4_0900_ai_ci
2026-02-27T07:55:56.576189+00:00 sakila	address	phone	utf8mb4_0900_ai_ci
2026-02-27T07:55:56.580967+00:00 sakila	address	postal_code	utf8mb4_0900_ai_ci
2026-02-27T07:55:56.586564+00:00 sakila	category	name	utf8mb4_0900_ai_ci
2026-02-27T07:55:56.592791+00:00 sakila	city	city	utf8mb4_0900_ai_ci
2026-02-27T07:55:56.599436+00:00 sakila	country	country	utf8mb4_0900_ai_ci
2026-02-27T07:55:56.604383+00:00 sakila	customer	email	utf8mb4_0900_ai_ci
2026-02-27T07:55:56.616641+00:00 sakila	customer	first_name	utf8mb4_0900_ai_ci
2026-02-27T07:55:56.628133+00:00 sakila	customer	last_name	utf8mb4_0900_ai_ci
2026-02-27T07:55:56.635465+00:00 sakila	customer_list	address	utf8mb4_0900_ai_ci
2026-02-27T07:55:56.638579+00:00 sakila	customer_list	city	utf8mb4_0900_ai_ci
2026-02-27T07:55:56.645866+00:00 sakila	customer_list	country	utf8mb4_0900_ai_ci
2026-02-27T07:55:56.649527+00:00 sakila	customer_list	name	utf8mb4_0900_ai_ci
2026-02-27T07:55:56.655142+00:00 sakila	customer_list	notes	utf8mb4_0900_ai_ci
2026-02-27T07:55:56.661238+00:00 sakila	customer_list	phone	utf8mb4_0900_ai_ci
2026-02-27T07:55:56.666853+00:00 sakila	customer_list	zip code	utf8mb4_0900_ai_ci
2026-02-27T07:55:56.673283+00:00 sakila	film	description	utf8mb4_0900_ai_ci
2026-02-27T07:55:56.680002+00:00 sakila	film	rating	utf8mb4_0900_ai_ci
2026-02-27T07:55:56.687568+00:00 sakila	film	special_features	utf8mb4_0900_ai_ci
2026-02-27T07:55:56.693571+00:00 sakila	film	title	utf8mb4_0900_ai_ci
2026-02-27T07:55:56.699787+00:00 sakila	film_list	actors	utf8mb4_0900_ai_ci
2026-02-27T07:55:56.704515+00:00 sakila	film_list	category	utf8mb4_0900_ai_ci
2026-02-27T07:55:56.711622+00:00 sakila	film_list	description	utf8mb4_0900_ai_ci
2026-02-27T07:55:56.716120+00:00 sakila	film_list	rating	utf8mb4_0900_ai_ci
2026-02-27T07:55:56.723718+00:00 sakila	film_list	title	utf8mb4_0900_ai_ci
2026-02-27T07:55:56.728073+00:00 sakila	film_text	description	utf8mb4_0900_ai_ci
2026-02-27T07:55:56.733689+00:00 sakila	film_text	title	utf8mb4_0900_ai_ci
2026-02-27T07:55:56.738885+00:00 sakila	language	name	utf8mb4_0900_ai_ci
2026-02-27T07:55:56.747122+00:00 sakila	nicer_but_slower_film_list	actors	utf8mb4_0900_ai_ci
2026-02-27T07:55:56.750406+00:00 sakila	nicer_but_slower_film_list	category	utf8mb4_0900_ai_ci
2026-02-27T07:55:56.757176+00:00 sakila	nicer_but_slower_film_list	description	utf8mb4_0900_ai_ci
2026-02-27T07:55:56.761717+00:00 sakila	nicer_but_slower_film_list	rating	utf8mb4_0900_ai_ci
2026-02-27T07:55:56.769555+00:00 sakila	nicer_but_slower_film_list	title	utf8mb4_0900_ai_ci
2026-02-27T07:55:56.773858+00:00 sakila	sales_by_film_category	category	utf8mb4_0900_ai_ci
2026-02-27T07:55:56.779186+00:00 sakila	sales_by_store	manager	utf8mb4_0900_ai_ci
2026-02-27T07:55:56.785649+00:00 sakila	sales_by_store	store	utf8mb4_0900_ai_ci
2026-02-27T07:55:56.790735+00:00 sakila	staff	email	utf8mb4_0900_ai_ci
2026-02-27T07:55:56.796951+00:00 sakila	staff	first_name	utf8mb4_0900_ai_ci
2026-02-27T07:55:56.805162+00:00 sakila	staff	last_name	utf8mb4_0900_ai_ci
2026-02-27T07:55:56.810333+00:00 sakila	staff	username	utf8mb4_0900_ai_ci
2026-02-27T07:55:56.817264+00:00 sakila	staff_list	address	utf8mb4_0900_ai_ci
2026-02-27T07:55:56.828401+00:00 sakila	staff_list	city	utf8mb4_0900_ai_ci
2026-02-27T07:55:56.834378+00:00 sakila	staff_list	country	utf8mb4_0900_ai_ci
2026-02-27T07:55:56.841494+00:00 ... (truncated; full output in artifacts/assess_20260227_075544/precheck/mysql8_column_collations.tsv)
2026-02-27T07:55:56.856910+00:00 
2026-02-27T07:55:56.864508+00:00 ---- sql_mode ----
2026-02-27T07:55:56.871056+00:00 ONLY_FULL_GROUP_BY,STRICT_TRANS_TABLES,NO_ZERO_IN_DATE,NO_ZERO_DATE,ERROR_FOR_DIVISION_BY_ZERO,NO_ENGINE_SUBSTITUTION
2026-02-27T07:55:56.880816+00:00 
2026-02-27T07:55:56.885779+00:00 ---- definers_inventory ----
2026-02-27T07:55:56.891612+00:00 TRIGGER	root@localhost	6
2026-02-27T07:55:56.897720+00:00 VIEW	root@localhost	7
2026-02-27T07:55:56.903130+00:00 
2026-02-27T07:55:56.909428+00:00 ---- partitioned_tables ----
2026-02-27T07:55:56.915824+00:00 (no rows)
2026-02-27T07:55:56.918491+00:00 
2026-02-27T07:55:56.924790+00:00 ---- active_plugins ----
2026-02-27T07:55:56.930648+00:00 ARCHIVE	ACTIVE
2026-02-27T07:55:56.935084+00:00 auth_socket	ACTIVE
2026-02-27T07:55:56.944572+00:00 binlog	ACTIVE
2026-02-27T07:55:56.948863+00:00 BLACKHOLE	ACTIVE
2026-02-27T07:55:56.953628+00:00 caching_sha2_password	ACTIVE
2026-02-27T07:55:56.957132+00:00 CSV	ACTIVE
2026-02-27T07:55:56.974703+00:00 daemon_keyring_proxy_plugin	ACTIVE
2026-02-27T07:55:56.980780+00:00 InnoDB	ACTIVE
2026-02-27T07:55:56.985184+00:00 INNODB_BUFFER_PAGE	ACTIVE
2026-02-27T07:55:56.990663+00:00 INNODB_BUFFER_PAGE_LRU	ACTIVE
2026-02-27T07:55:56.998033+00:00 INNODB_BUFFER_POOL_STATS	ACTIVE
2026-02-27T07:55:57.007042+00:00 INNODB_CACHED_INDEXES	ACTIVE
2026-02-27T07:55:57.010294+00:00 INNODB_CMP	ACTIVE
2026-02-27T07:55:57.015888+00:00 INNODB_CMPMEM	ACTIVE
2026-02-27T07:55:57.021388+00:00 INNODB_CMPMEM_RESET	ACTIVE
2026-02-27T07:55:57.026990+00:00 INNODB_CMP_PER_INDEX	ACTIVE
2026-02-27T07:55:57.038754+00:00 INNODB_CMP_PER_INDEX_RESET	ACTIVE
2026-02-27T07:55:57.048830+00:00 INNODB_CMP_RESET	ACTIVE
2026-02-27T07:55:57.052947+00:00 INNODB_COLUMNS	ACTIVE
2026-02-27T07:55:57.060390+00:00 INNODB_FT_BEING_DELETED	ACTIVE
2026-02-27T07:55:57.067385+00:00 INNODB_FT_CONFIG	ACTIVE
2026-02-27T07:55:57.074861+00:00 INNODB_FT_DEFAULT_STOPWORD	ACTIVE
2026-02-27T07:55:57.080594+00:00 INNODB_FT_DELETED	ACTIVE
2026-02-27T07:55:57.088073+00:00 INNODB_FT_INDEX_CACHE	ACTIVE
2026-02-27T07:55:57.091630+00:00 INNODB_FT_INDEX_TABLE	ACTIVE
2026-02-27T07:55:57.097331+00:00 INNODB_INDEXES	ACTIVE
2026-02-27T07:55:57.104394+00:00 INNODB_METRICS	ACTIVE
2026-02-27T07:55:57.109311+00:00 INNODB_SESSION_TEMP_TABLESPACES	ACTIVE
2026-02-27T07:55:57.116923+00:00 INNODB_TABLES	ACTIVE
2026-02-27T07:55:57.119869+00:00 INNODB_TABLESPACES	ACTIVE
2026-02-27T07:55:57.126148+00:00 INNODB_TABLESTATS	ACTIVE
2026-02-27T07:55:57.132647+00:00 INNODB_TEMP_TABLE_INFO	ACTIVE
2026-02-27T07:55:57.136819+00:00 INNODB_TRX	ACTIVE
2026-02-27T07:55:57.141968+00:00 INNODB_VIRTUAL	ACTIVE
2026-02-27T07:55:57.147818+00:00 MEMORY	ACTIVE
2026-02-27T07:55:57.153661+00:00 MRG_MYISAM	ACTIVE
2026-02-27T07:55:57.160611+00:00 MyISAM	ACTIVE
2026-02-27T07:55:57.164744+00:00 mysqlx	ACTIVE
2026-02-27T07:55:57.170539+00:00 mysqlx_cache_cleaner	ACTIVE
2026-02-27T07:55:57.176347+00:00 mysql_native_password	ACTIVE
2026-02-27T07:55:57.182992+00:00 ngram	ACTIVE
2026-02-27T07:55:57.186291+00:00 PERFORMANCE_SCHEMA	ACTIVE
2026-02-27T07:55:57.192437+00:00 sha256_password	ACTIVE
2026-02-27T07:55:57.197765+00:00 sha2_cache_cleaner	ACTIVE
2026-02-27T07:55:57.201690+00:00 TempTable	ACTIVE
2026-02-27T07:55:57.207424+00:00 
2026-02-27T07:55:57.212725+00:00 ---- functional_indexes ----
2026-02-27T07:55:57.218285+00:00 (no rows)
2026-02-27T07:55:57.223103+00:00 
2026-02-27T07:55:57.226991+00:00 ---- functional_defaults ----
2026-02-27T07:55:57.232626+00:00 (no rows)
2026-02-27T07:55:57.244949+00:00 
2026-02-27T07:55:57.250088+00:00 ---- invisible_columns ----
2026-02-27T07:55:57.255076+00:00 (no rows)
2026-02-27T07:55:57.262780+00:00 
2026-02-27T07:55:57.267148+00:00 ---- check_constraints ----
2026-02-27T07:55:57.271901+00:00 (no rows)
2026-02-27T07:55:57.279376+00:00 
2026-02-27T07:55:57.282468+00:00 ---- partial_revokes ----
2026-02-27T07:55:57.289960+00:00 (no rows)
2026-02-27T07:55:57.293200+00:00 
2026-02-27T07:55:57.298625+00:00 ---- gis_srid_usage ----
2026-02-27T07:55:57.304359+00:00 sakila	address	location	0
2026-02-27T07:55:57.308331+00:00 
2026-02-27T07:55:57.313813+00:00 ---- resource_groups ----
2026-02-27T07:55:57.319657+00:00 USR_default	USER	1	0-9	0
2026-02-27T07:55:57.323645+00:00 SYS_default	SYSTEM	1	0-9	0
2026-02-27T07:55:57.330290+00:00 
2026-02-27T07:55:57.336180+00:00 ---- xplugin_status ----
2026-02-27T07:55:57.341861+00:00 mysqlx	ACTIVE
2026-02-27T07:55:57.346977+00:00 
2026-02-27T07:55:57.352346+00:00 ---- fk_name_lengths ----
2026-02-27T07:55:57.359799+00:00 (no rows)
2026-02-27T07:55:57.364232+00:00 
2026-02-27T07:55:57.369467+00:00 ---- trigger_order ----
2026-02-27T07:55:57.375397+00:00 (no rows)
2026-02-27T07:55:57.384099+00:00 
2026-02-27T07:55:57.394799+00:00 Precheck complete.
2026-02-27T07:55:57.397698+00:00 TSV outputs: artifacts/assess_20260227_075544/precheck/*.tsv
2026-02-27T07:55:58.090668+00:00 FINISH success=True message=Assessment passed. Ready to plan/run.
