2026-03-07T16:42:44.069815+00:00 START mode=assessment config=config/source.yaml
2026-03-07T16:42:45.288304+00:00 Assessment source auth selected: SRC_ADMIN_USER (admin)
2026-03-07T16:42:45.305637+00:00 RUN precheck -> /mnt/macshare/scripts/00_precheck.sh
2026-03-07T16:43:19.297791+00:00 == Precheck runner ==
2026-03-07T16:43:19.309878+00:00 Host: 192.168.64.7  Port: 3306  User: admin
2026-03-07T16:43:19.317105+00:00 Checks dir: /mnt/macshare/sql/checks
2026-03-07T16:43:19.324884+00:00 Outdir: artifacts/assess_20260307_164236/precheck
2026-03-07T16:43:19.332356+00:00 
2026-03-07T16:43:19.345086+00:00 NOTE: mariadb-migrate-config-file not found; skipping config check.
2026-03-07T16:43:19.357413+00:00 ---- mysql_version ----
2026-03-07T16:43:19.373376+00:00 8.0.45-0ubuntu0.24.04.1
2026-03-07T16:43:19.384359+00:00 
2026-03-07T16:43:19.392910+00:00 ---- innodb_settings ----
2026-03-07T16:43:19.398664+00:00 1	1
2026-03-07T16:43:19.407572+00:00 
2026-03-07T16:43:19.418525+00:00 ---- auth_plugins ----
2026-03-07T16:43:19.426628+00:00 debian-sys-maint	localhost	caching_sha2_password
2026-03-07T16:43:19.439774+00:00 
2026-03-07T16:43:19.452919+00:00 ---- json_columns ----
2026-03-07T16:43:19.460763+00:00 advanced_test	json_test	data	json
2026-03-07T16:43:19.473804+00:00 advanced_test	json_test	metadata	json
2026-03-07T16:43:19.487875+00:00 testdb	orders_json	data_json	json
2026-03-07T16:43:19.496774+00:00 
2026-03-07T16:43:19.506054+00:00 ---- compression_encryption ----
2026-03-07T16:43:19.514578+00:00 (no rows)
2026-03-07T16:43:19.521483+00:00 
2026-03-07T16:43:19.534364+00:00 ---- engines_summary ----
2026-03-07T16:43:19.542349+00:00 PERFORMANCE_SCHEMA	111
2026-03-07T16:43:19.554091+00:00 InnoDB	59
2026-03-07T16:43:19.563088+00:00 CSV	2
2026-03-07T16:43:19.573577+00:00 
2026-03-07T16:43:19.580807+00:00 ---- schema_sizes ----
2026-03-07T16:43:19.589633+00:00 testdb	38.56
2026-03-07T16:43:19.599423+00:00 sakila	6.45
2026-03-07T16:43:19.605815+00:00 mysql	2.73
2026-03-07T16:43:19.614150+00:00 world	0.77
2026-03-07T16:43:19.625504+00:00 test_replication	0.03
2026-03-07T16:43:19.631861+00:00 sys	0.02
2026-03-07T16:43:19.641332+00:00 advanced_test	0.02
2026-03-07T16:43:19.648629+00:00 information_schema	0.00
2026-03-07T16:43:19.658368+00:00 performance_schema	0.00
2026-03-07T16:43:19.665563+00:00 
2026-03-07T16:43:19.675769+00:00 ---- schema_charsets ----
2026-03-07T16:43:19.683118+00:00 advanced_test	utf8mb4	utf8mb4_0900_ai_ci
2026-03-07T16:43:19.690945+00:00 sakila	utf8mb4	utf8mb4_0900_ai_ci
2026-03-07T16:43:19.701660+00:00 test_replication	utf8mb4	utf8mb4_0900_ai_ci
2026-03-07T16:43:19.708567+00:00 testdb	utf8mb4	utf8mb4_0900_ai_ci
2026-03-07T16:43:19.717735+00:00 world	utf8mb4	utf8mb4_0900_ai_ci
2026-03-07T16:43:19.724200+00:00 
2026-03-07T16:43:19.735673+00:00 ---- mysql8_collations ----
2026-03-07T16:43:19.745384+00:00 advanced_test	json_test	utf8mb4_0900_ai_ci
2026-03-07T16:43:19.760230+00:00 sakila	actor	utf8mb4_0900_ai_ci
2026-03-07T16:43:19.768811+00:00 sakila	address	utf8mb4_0900_ai_ci
2026-03-07T16:43:19.776205+00:00 sakila	category	utf8mb4_0900_ai_ci
2026-03-07T16:43:19.783033+00:00 sakila	city	utf8mb4_0900_ai_ci
2026-03-07T16:43:19.793313+00:00 sakila	country	utf8mb4_0900_ai_ci
2026-03-07T16:43:19.803685+00:00 sakila	customer	utf8mb4_0900_ai_ci
2026-03-07T16:43:19.813705+00:00 sakila	film	utf8mb4_0900_ai_ci
2026-03-07T16:43:19.821982+00:00 sakila	film_actor	utf8mb4_0900_ai_ci
2026-03-07T16:43:19.834033+00:00 sakila	film_category	utf8mb4_0900_ai_ci
2026-03-07T16:43:19.841615+00:00 sakila	film_text	utf8mb4_0900_ai_ci
2026-03-07T16:43:19.847317+00:00 sakila	inventory	utf8mb4_0900_ai_ci
2026-03-07T16:43:19.854439+00:00 sakila	language	utf8mb4_0900_ai_ci
2026-03-07T16:43:19.863154+00:00 sakila	payment	utf8mb4_0900_ai_ci
2026-03-07T16:43:19.872844+00:00 sakila	rental	utf8mb4_0900_ai_ci
2026-03-07T16:43:19.881969+00:00 sakila	staff	utf8mb4_0900_ai_ci
2026-03-07T16:43:19.892213+00:00 sakila	store	utf8mb4_0900_ai_ci
2026-03-07T16:43:19.897493+00:00 test_replication	customers	utf8mb4_0900_ai_ci
2026-03-07T16:43:19.905874+00:00 test_replication	replication_test	utf8mb4_0900_ai_ci
2026-03-07T16:43:19.914501+00:00 testdb	orders_json	utf8mb4_0900_ai_ci
2026-03-07T16:43:19.925460+00:00 world	city	utf8mb4_0900_ai_ci
2026-03-07T16:43:19.933489+00:00 world	country	utf8mb4_0900_ai_ci
2026-03-07T16:43:19.942794+00:00 world	countrylanguage	utf8mb4_0900_ai_ci
2026-03-07T16:43:19.972172+00:00 
2026-03-07T16:43:19.985137+00:00 ---- mysql8_column_collations ----
2026-03-07T16:43:20.010738+00:00 sakila	actor	first_name	utf8mb4_0900_ai_ci
2026-03-07T16:43:20.021734+00:00 sakila	actor	last_name	utf8mb4_0900_ai_ci
2026-03-07T16:43:20.034497+00:00 sakila	actor_info	film_info	utf8mb4_0900_ai_ci
2026-03-07T16:43:20.044865+00:00 sakila	actor_info	first_name	utf8mb4_0900_ai_ci
2026-03-07T16:43:20.053829+00:00 sakila	actor_info	last_name	utf8mb4_0900_ai_ci
2026-03-07T16:43:20.065877+00:00 sakila	address	address	utf8mb4_0900_ai_ci
2026-03-07T16:43:20.075765+00:00 sakila	address	address2	utf8mb4_0900_ai_ci
2026-03-07T16:43:20.084978+00:00 sakila	address	district	utf8mb4_0900_ai_ci
2026-03-07T16:43:20.093395+00:00 sakila	address	phone	utf8mb4_0900_ai_ci
2026-03-07T16:43:20.097633+00:00 sakila	address	postal_code	utf8mb4_0900_ai_ci
2026-03-07T16:43:20.109314+00:00 sakila	category	name	utf8mb4_0900_ai_ci
2026-03-07T16:43:20.119079+00:00 sakila	city	city	utf8mb4_0900_ai_ci
2026-03-07T16:43:20.133494+00:00 sakila	country	country	utf8mb4_0900_ai_ci
2026-03-07T16:43:20.143510+00:00 sakila	customer	email	utf8mb4_0900_ai_ci
2026-03-07T16:43:20.154967+00:00 sakila	customer	first_name	utf8mb4_0900_ai_ci
2026-03-07T16:43:20.162657+00:00 sakila	customer	last_name	utf8mb4_0900_ai_ci
2026-03-07T16:43:20.178652+00:00 sakila	customer_list	address	utf8mb4_0900_ai_ci
2026-03-07T16:43:20.186300+00:00 sakila	customer_list	city	utf8mb4_0900_ai_ci
2026-03-07T16:43:20.191160+00:00 sakila	customer_list	country	utf8mb4_0900_ai_ci
2026-03-07T16:43:20.203537+00:00 sakila	customer_list	name	utf8mb4_0900_ai_ci
2026-03-07T16:43:20.211132+00:00 sakila	customer_list	notes	utf8mb4_0900_ai_ci
2026-03-07T16:43:20.215190+00:00 sakila	customer_list	phone	utf8mb4_0900_ai_ci
2026-03-07T16:43:20.224379+00:00 sakila	customer_list	zip code	utf8mb4_0900_ai_ci
2026-03-07T16:43:20.233964+00:00 sakila	film	description	utf8mb4_0900_ai_ci
2026-03-07T16:43:20.245126+00:00 sakila	film	rating	utf8mb4_0900_ai_ci
2026-03-07T16:43:20.253618+00:00 sakila	film	special_features	utf8mb4_0900_ai_ci
2026-03-07T16:43:20.258956+00:00 sakila	film	title	utf8mb4_0900_ai_ci
2026-03-07T16:43:20.269775+00:00 sakila	film_list	actors	utf8mb4_0900_ai_ci
2026-03-07T16:43:20.277868+00:00 sakila	film_list	category	utf8mb4_0900_ai_ci
2026-03-07T16:43:20.284956+00:00 sakila	film_list	description	utf8mb4_0900_ai_ci
2026-03-07T16:43:20.292652+00:00 sakila	film_list	rating	utf8mb4_0900_ai_ci
2026-03-07T16:43:20.304416+00:00 sakila	film_list	title	utf8mb4_0900_ai_ci
2026-03-07T16:43:20.315398+00:00 sakila	film_text	description	utf8mb4_0900_ai_ci
2026-03-07T16:43:20.329029+00:00 sakila	film_text	title	utf8mb4_0900_ai_ci
2026-03-07T16:43:20.341170+00:00 sakila	language	name	utf8mb4_0900_ai_ci
2026-03-07T16:43:20.347445+00:00 sakila	nicer_but_slower_film_list	actors	utf8mb4_0900_ai_ci
2026-03-07T16:43:20.357370+00:00 sakila	nicer_but_slower_film_list	category	utf8mb4_0900_ai_ci
2026-03-07T16:43:20.370389+00:00 sakila	nicer_but_slower_film_list	description	utf8mb4_0900_ai_ci
2026-03-07T16:43:20.386922+00:00 sakila	nicer_but_slower_film_list	rating	utf8mb4_0900_ai_ci
2026-03-07T16:43:20.393459+00:00 sakila	nicer_but_slower_film_list	title	utf8mb4_0900_ai_ci
2026-03-07T16:43:20.403225+00:00 sakila	sales_by_film_category	category	utf8mb4_0900_ai_ci
2026-03-07T16:43:20.424554+00:00 sakila	sales_by_store	manager	utf8mb4_0900_ai_ci
2026-03-07T16:43:20.438490+00:00 sakila	sales_by_store	store	utf8mb4_0900_ai_ci
2026-03-07T16:43:20.453835+00:00 sakila	staff	email	utf8mb4_0900_ai_ci
2026-03-07T16:43:20.460004+00:00 sakila	staff	first_name	utf8mb4_0900_ai_ci
2026-03-07T16:43:20.468923+00:00 sakila	staff	last_name	utf8mb4_0900_ai_ci
2026-03-07T16:43:20.477828+00:00 sakila	staff	username	utf8mb4_0900_ai_ci
2026-03-07T16:43:20.488911+00:00 sakila	staff_list	address	utf8mb4_0900_ai_ci
2026-03-07T16:43:20.497847+00:00 sakila	staff_list	city	utf8mb4_0900_ai_ci
2026-03-07T16:43:20.506790+00:00 sakila	staff_list	country	utf8mb4_0900_ai_ci
2026-03-07T16:43:20.517645+00:00 ... (truncated; full output in artifacts/assess_20260307_164236/precheck/mysql8_column_collations.tsv)
2026-03-07T16:43:20.525067+00:00 
2026-03-07T16:43:20.534400+00:00 ---- sql_mode ----
2026-03-07T16:43:20.545941+00:00 ONLY_FULL_GROUP_BY,STRICT_TRANS_TABLES,NO_ZERO_IN_DATE,NO_ZERO_DATE,ERROR_FOR_DIVISION_BY_ZERO,NO_ENGINE_SUBSTITUTION
2026-03-07T16:43:20.554589+00:00 
2026-03-07T16:43:20.563495+00:00 ---- definers_inventory ----
2026-03-07T16:43:20.571774+00:00 TRIGGER	root@localhost	6
2026-03-07T16:43:20.579430+00:00 VIEW	root@localhost	7
2026-03-07T16:43:20.590969+00:00 
2026-03-07T16:43:20.597920+00:00 ---- partitioned_tables ----
2026-03-07T16:43:20.605795+00:00 (no rows)
2026-03-07T16:43:20.614161+00:00 
2026-03-07T16:43:20.623132+00:00 ---- active_plugins ----
2026-03-07T16:43:20.630908+00:00 ARCHIVE	ACTIVE
2026-03-07T16:43:20.645156+00:00 auth_socket	ACTIVE
2026-03-07T16:43:20.652760+00:00 binlog	ACTIVE
2026-03-07T16:43:20.663083+00:00 BLACKHOLE	ACTIVE
2026-03-07T16:43:20.672994+00:00 caching_sha2_password	ACTIVE
2026-03-07T16:43:20.683424+00:00 CSV	ACTIVE
2026-03-07T16:43:20.691531+00:00 daemon_keyring_proxy_plugin	ACTIVE
2026-03-07T16:43:20.700611+00:00 InnoDB	ACTIVE
2026-03-07T16:43:20.711229+00:00 INNODB_BUFFER_PAGE	ACTIVE
2026-03-07T16:43:20.719019+00:00 INNODB_BUFFER_PAGE_LRU	ACTIVE
2026-03-07T16:43:20.726099+00:00 INNODB_BUFFER_POOL_STATS	ACTIVE
2026-03-07T16:43:20.733883+00:00 INNODB_CACHED_INDEXES	ACTIVE
2026-03-07T16:43:20.738785+00:00 INNODB_CMP	ACTIVE
2026-03-07T16:43:20.747433+00:00 INNODB_CMPMEM	ACTIVE
2026-03-07T16:43:20.754791+00:00 INNODB_CMPMEM_RESET	ACTIVE
2026-03-07T16:43:20.761798+00:00 INNODB_CMP_PER_INDEX	ACTIVE
2026-03-07T16:43:20.773043+00:00 INNODB_CMP_PER_INDEX_RESET	ACTIVE
2026-03-07T16:43:20.780157+00:00 INNODB_CMP_RESET	ACTIVE
2026-03-07T16:43:20.793586+00:00 INNODB_COLUMNS	ACTIVE
2026-03-07T16:43:20.807124+00:00 INNODB_FT_BEING_DELETED	ACTIVE
2026-03-07T16:43:20.814671+00:00 INNODB_FT_CONFIG	ACTIVE
2026-03-07T16:43:20.826340+00:00 INNODB_FT_DEFAULT_STOPWORD	ACTIVE
2026-03-07T16:43:20.835287+00:00 INNODB_FT_DELETED	ACTIVE
2026-03-07T16:43:20.844134+00:00 INNODB_FT_INDEX_CACHE	ACTIVE
2026-03-07T16:43:20.856540+00:00 INNODB_FT_INDEX_TABLE	ACTIVE
2026-03-07T16:43:20.865701+00:00 INNODB_INDEXES	ACTIVE
2026-03-07T16:43:20.871483+00:00 INNODB_METRICS	ACTIVE
2026-03-07T16:43:20.878495+00:00 INNODB_SESSION_TEMP_TABLESPACES	ACTIVE
2026-03-07T16:43:20.886523+00:00 INNODB_TABLES	ACTIVE
2026-03-07T16:43:20.897420+00:00 INNODB_TABLESPACES	ACTIVE
2026-03-07T16:43:20.904767+00:00 INNODB_TABLESTATS	ACTIVE
2026-03-07T16:43:20.914704+00:00 INNODB_TEMP_TABLE_INFO	ACTIVE
2026-03-07T16:43:20.922988+00:00 INNODB_TRX	ACTIVE
2026-03-07T16:43:20.931948+00:00 INNODB_VIRTUAL	ACTIVE
2026-03-07T16:43:20.937763+00:00 MEMORY	ACTIVE
2026-03-07T16:43:20.948597+00:00 MRG_MYISAM	ACTIVE
2026-03-07T16:43:20.957373+00:00 MyISAM	ACTIVE
2026-03-07T16:43:20.965841+00:00 mysqlx	ACTIVE
2026-03-07T16:43:20.969978+00:00 mysqlx_cache_cleaner	ACTIVE
2026-03-07T16:43:20.975836+00:00 mysql_native_password	ACTIVE
2026-03-07T16:43:20.988475+00:00 ngram	ACTIVE
2026-03-07T16:43:21.003487+00:00 PERFORMANCE_SCHEMA	ACTIVE
2026-03-07T16:43:21.011727+00:00 sha256_password	ACTIVE
2026-03-07T16:43:21.020366+00:00 sha2_cache_cleaner	ACTIVE
2026-03-07T16:43:21.026528+00:00 TempTable	ACTIVE
2026-03-07T16:43:21.035680+00:00 
2026-03-07T16:43:21.043084+00:00 ---- functional_indexes ----
2026-03-07T16:43:21.047451+00:00 (no rows)
2026-03-07T16:43:21.057428+00:00 
2026-03-07T16:43:21.064929+00:00 ---- functional_defaults ----
2026-03-07T16:43:21.071934+00:00 (no rows)
2026-03-07T16:43:21.078802+00:00 
2026-03-07T16:43:21.093102+00:00 ---- invisible_columns ----
2026-03-07T16:43:21.099372+00:00 (no rows)
2026-03-07T16:43:21.108098+00:00 
2026-03-07T16:43:21.113864+00:00 ---- check_constraints ----
2026-03-07T16:43:21.125771+00:00 (no rows)
2026-03-07T16:43:21.134815+00:00 
2026-03-07T16:43:21.142729+00:00 ---- partial_revokes ----
2026-03-07T16:43:21.157211+00:00 (no rows)
2026-03-07T16:43:21.165873+00:00 
2026-03-07T16:43:21.171993+00:00 ---- gis_srid_usage ----
2026-03-07T16:43:21.179934+00:00 sakila	address	location	0
2026-03-07T16:43:21.189709+00:00 
2026-03-07T16:43:21.194877+00:00 ---- resource_groups ----
2026-03-07T16:43:21.202361+00:00 USR_default	USER	1	0-9	0
2026-03-07T16:43:21.214005+00:00 SYS_default	SYSTEM	1	0-9	0
2026-03-07T16:43:21.219825+00:00 
2026-03-07T16:43:21.224751+00:00 ---- xplugin_status ----
2026-03-07T16:43:21.234767+00:00 mysqlx	ACTIVE
2026-03-07T16:43:21.243579+00:00 
2026-03-07T16:43:21.251336+00:00 ---- fk_name_lengths ----
2026-03-07T16:43:21.259880+00:00 (no rows)
2026-03-07T16:43:21.270988+00:00 
2026-03-07T16:43:21.278377+00:00 ---- trigger_order ----
2026-03-07T16:43:21.284637+00:00 (no rows)
2026-03-07T16:43:21.295102+00:00 
2026-03-07T16:43:21.305616+00:00 Precheck complete.
2026-03-07T16:43:21.311706+00:00 TSV outputs: artifacts/assess_20260307_164236/precheck/*.tsv
2026-03-07T16:43:23.970366+00:00 FINISH success=True message=Assessment passed. Ready to plan/run.
