2026-03-04T16:36:28.999064+00:00 START mode=assessment config=config/source.yaml
2026-03-04T16:36:29.264428+00:00 Assessment source auth selected: SRC_ADMIN_USER (admin)
2026-03-04T16:36:29.272857+00:00 RUN precheck -> /mnt/macshare/scripts/00_precheck.sh
2026-03-04T16:36:38.013801+00:00 == Precheck runner ==
2026-03-04T16:36:38.016596+00:00 Host: 192.168.64.7  Port: 3306  User: admin
2026-03-04T16:36:38.019851+00:00 Checks dir: /mnt/macshare/sql/checks
2026-03-04T16:36:38.024970+00:00 Outdir: artifacts/assess_20260304_163627/precheck
2026-03-04T16:36:38.029943+00:00 
2026-03-04T16:36:38.034912+00:00 NOTE: mariadb-migrate-config-file not found; skipping config check.
2026-03-04T16:36:38.037730+00:00 ---- mysql_version ----
2026-03-04T16:36:38.041922+00:00 8.0.45-0ubuntu0.24.04.1
2026-03-04T16:36:38.044541+00:00 
2026-03-04T16:36:38.047124+00:00 ---- innodb_settings ----
2026-03-04T16:36:38.050073+00:00 1	1
2026-03-04T16:36:38.052866+00:00 
2026-03-04T16:36:38.055925+00:00 ---- auth_plugins ----
2026-03-04T16:36:38.068218+00:00 debian-sys-maint	localhost	caching_sha2_password
2026-03-04T16:36:38.071336+00:00 
2026-03-04T16:36:38.075262+00:00 ---- json_columns ----
2026-03-04T16:36:38.079179+00:00 advanced_test	json_test	data	json
2026-03-04T16:36:38.082930+00:00 advanced_test	json_test	metadata	json
2026-03-04T16:36:38.086755+00:00 testdb	orders_json	data_json	json
2026-03-04T16:36:38.090789+00:00 
2026-03-04T16:36:38.094538+00:00 ---- compression_encryption ----
2026-03-04T16:36:38.097083+00:00 (no rows)
2026-03-04T16:36:38.102123+00:00 
2026-03-04T16:36:38.104724+00:00 ---- engines_summary ----
2026-03-04T16:36:38.107268+00:00 PERFORMANCE_SCHEMA	111
2026-03-04T16:36:38.110054+00:00 InnoDB	58
2026-03-04T16:36:38.112663+00:00 CSV	2
2026-03-04T16:36:38.117735+00:00 
2026-03-04T16:36:38.121609+00:00 ---- schema_sizes ----
2026-03-04T16:36:38.126689+00:00 testdb	38.56
2026-03-04T16:36:38.130744+00:00 sakila	6.45
2026-03-04T16:36:38.134786+00:00 mysql	2.73
2026-03-04T16:36:38.137663+00:00 world	0.77
2026-03-04T16:36:38.140320+00:00 sys	0.02
2026-03-04T16:36:38.143379+00:00 advanced_test	0.02
2026-03-04T16:36:38.147314+00:00 test_replication	0.02
2026-03-04T16:36:38.152438+00:00 information_schema	0.00
2026-03-04T16:36:38.155287+00:00 performance_schema	0.00
2026-03-04T16:36:38.159424+00:00 
2026-03-04T16:36:38.162308+00:00 ---- schema_charsets ----
2026-03-04T16:36:38.165096+00:00 advanced_test	utf8mb4	utf8mb4_0900_ai_ci
2026-03-04T16:36:38.168766+00:00 sakila	utf8mb4	utf8mb4_0900_ai_ci
2026-03-04T16:36:38.173181+00:00 test_replication	utf8mb4	utf8mb4_0900_ai_ci
2026-03-04T16:36:38.176687+00:00 testdb	utf8mb4	utf8mb4_0900_ai_ci
2026-03-04T16:36:38.179673+00:00 world	utf8mb4	utf8mb4_0900_ai_ci
2026-03-04T16:36:38.182580+00:00 
2026-03-04T16:36:38.185505+00:00 ---- mysql8_collations ----
2026-03-04T16:36:38.188587+00:00 advanced_test	json_test	utf8mb4_0900_ai_ci
2026-03-04T16:36:38.191501+00:00 sakila	actor	utf8mb4_0900_ai_ci
2026-03-04T16:36:38.194435+00:00 sakila	address	utf8mb4_0900_ai_ci
2026-03-04T16:36:38.197258+00:00 sakila	category	utf8mb4_0900_ai_ci
2026-03-04T16:36:38.201396+00:00 sakila	city	utf8mb4_0900_ai_ci
2026-03-04T16:36:38.205188+00:00 sakila	country	utf8mb4_0900_ai_ci
2026-03-04T16:36:38.207985+00:00 sakila	customer	utf8mb4_0900_ai_ci
2026-03-04T16:36:38.210849+00:00 sakila	film	utf8mb4_0900_ai_ci
2026-03-04T16:36:38.213870+00:00 sakila	film_actor	utf8mb4_0900_ai_ci
2026-03-04T16:36:38.216685+00:00 sakila	film_category	utf8mb4_0900_ai_ci
2026-03-04T16:36:38.219746+00:00 sakila	film_text	utf8mb4_0900_ai_ci
2026-03-04T16:36:38.224765+00:00 sakila	inventory	utf8mb4_0900_ai_ci
2026-03-04T16:36:38.228772+00:00 sakila	language	utf8mb4_0900_ai_ci
2026-03-04T16:36:38.232776+00:00 sakila	payment	utf8mb4_0900_ai_ci
2026-03-04T16:36:38.236795+00:00 sakila	rental	utf8mb4_0900_ai_ci
2026-03-04T16:36:38.242144+00:00 sakila	staff	utf8mb4_0900_ai_ci
2026-03-04T16:36:38.246415+00:00 sakila	store	utf8mb4_0900_ai_ci
2026-03-04T16:36:38.249619+00:00 test_replication	customers	utf8mb4_0900_ai_ci
2026-03-04T16:36:38.253959+00:00 testdb	orders_json	utf8mb4_0900_ai_ci
2026-03-04T16:36:38.256835+00:00 world	city	utf8mb4_0900_ai_ci
2026-03-04T16:36:38.261984+00:00 world	country	utf8mb4_0900_ai_ci
2026-03-04T16:36:38.266334+00:00 world	countrylanguage	utf8mb4_0900_ai_ci
2026-03-04T16:36:38.271459+00:00 
2026-03-04T16:36:38.276196+00:00 ---- mysql8_column_collations ----
2026-03-04T16:36:38.282001+00:00 sakila	actor	first_name	utf8mb4_0900_ai_ci
2026-03-04T16:36:38.287450+00:00 sakila	actor	last_name	utf8mb4_0900_ai_ci
2026-03-04T16:36:38.292697+00:00 sakila	actor_info	film_info	utf8mb4_0900_ai_ci
2026-03-04T16:36:38.297061+00:00 sakila	actor_info	first_name	utf8mb4_0900_ai_ci
2026-03-04T16:36:38.301890+00:00 sakila	actor_info	last_name	utf8mb4_0900_ai_ci
2026-03-04T16:36:38.306311+00:00 sakila	address	address	utf8mb4_0900_ai_ci
2026-03-04T16:36:38.311823+00:00 sakila	address	address2	utf8mb4_0900_ai_ci
2026-03-04T16:36:38.318923+00:00 sakila	address	district	utf8mb4_0900_ai_ci
2026-03-04T16:36:38.324312+00:00 sakila	address	phone	utf8mb4_0900_ai_ci
2026-03-04T16:36:38.329425+00:00 sakila	address	postal_code	utf8mb4_0900_ai_ci
2026-03-04T16:36:38.333770+00:00 sakila	category	name	utf8mb4_0900_ai_ci
2026-03-04T16:36:38.338524+00:00 sakila	city	city	utf8mb4_0900_ai_ci
2026-03-04T16:36:38.343453+00:00 sakila	country	country	utf8mb4_0900_ai_ci
2026-03-04T16:36:38.348582+00:00 sakila	customer	email	utf8mb4_0900_ai_ci
2026-03-04T16:36:38.355068+00:00 sakila	customer	first_name	utf8mb4_0900_ai_ci
2026-03-04T16:36:38.360782+00:00 sakila	customer	last_name	utf8mb4_0900_ai_ci
2026-03-04T16:36:38.363944+00:00 sakila	customer_list	address	utf8mb4_0900_ai_ci
2026-03-04T16:36:38.370735+00:00 sakila	customer_list	city	utf8mb4_0900_ai_ci
2026-03-04T16:36:38.376423+00:00 sakila	customer_list	country	utf8mb4_0900_ai_ci
2026-03-04T16:36:38.382456+00:00 sakila	customer_list	name	utf8mb4_0900_ai_ci
2026-03-04T16:36:38.387180+00:00 sakila	customer_list	notes	utf8mb4_0900_ai_ci
2026-03-04T16:36:38.391453+00:00 sakila	customer_list	phone	utf8mb4_0900_ai_ci
2026-03-04T16:36:38.395840+00:00 sakila	customer_list	zip code	utf8mb4_0900_ai_ci
2026-03-04T16:36:38.399782+00:00 sakila	film	description	utf8mb4_0900_ai_ci
2026-03-04T16:36:38.404645+00:00 sakila	film	rating	utf8mb4_0900_ai_ci
2026-03-04T16:36:38.409762+00:00 sakila	film	special_features	utf8mb4_0900_ai_ci
2026-03-04T16:36:38.414683+00:00 sakila	film	title	utf8mb4_0900_ai_ci
2026-03-04T16:36:38.418358+00:00 sakila	film_list	actors	utf8mb4_0900_ai_ci
2026-03-04T16:36:38.424538+00:00 sakila	film_list	category	utf8mb4_0900_ai_ci
2026-03-04T16:36:38.430479+00:00 sakila	film_list	description	utf8mb4_0900_ai_ci
2026-03-04T16:36:38.434257+00:00 sakila	film_list	rating	utf8mb4_0900_ai_ci
2026-03-04T16:36:38.437945+00:00 sakila	film_list	title	utf8mb4_0900_ai_ci
2026-03-04T16:36:38.441737+00:00 sakila	film_text	description	utf8mb4_0900_ai_ci
2026-03-04T16:36:38.446156+00:00 sakila	film_text	title	utf8mb4_0900_ai_ci
2026-03-04T16:36:38.449738+00:00 sakila	language	name	utf8mb4_0900_ai_ci
2026-03-04T16:36:38.454408+00:00 sakila	nicer_but_slower_film_list	actors	utf8mb4_0900_ai_ci
2026-03-04T16:36:38.457989+00:00 sakila	nicer_but_slower_film_list	category	utf8mb4_0900_ai_ci
2026-03-04T16:36:38.461857+00:00 sakila	nicer_but_slower_film_list	description	utf8mb4_0900_ai_ci
2026-03-04T16:36:38.465404+00:00 sakila	nicer_but_slower_film_list	rating	utf8mb4_0900_ai_ci
2026-03-04T16:36:38.468942+00:00 sakila	nicer_but_slower_film_list	title	utf8mb4_0900_ai_ci
2026-03-04T16:36:38.473665+00:00 sakila	sales_by_film_category	category	utf8mb4_0900_ai_ci
2026-03-04T16:36:38.478641+00:00 sakila	sales_by_store	manager	utf8mb4_0900_ai_ci
2026-03-04T16:36:38.482368+00:00 sakila	sales_by_store	store	utf8mb4_0900_ai_ci
2026-03-04T16:36:38.486197+00:00 sakila	staff	email	utf8mb4_0900_ai_ci
2026-03-04T16:36:38.490131+00:00 sakila	staff	first_name	utf8mb4_0900_ai_ci
2026-03-04T16:36:38.494010+00:00 sakila	staff	last_name	utf8mb4_0900_ai_ci
2026-03-04T16:36:38.497775+00:00 sakila	staff	username	utf8mb4_0900_ai_ci
2026-03-04T16:36:38.502648+00:00 sakila	staff_list	address	utf8mb4_0900_ai_ci
2026-03-04T16:36:38.507923+00:00 sakila	staff_list	city	utf8mb4_0900_ai_ci
2026-03-04T16:36:38.511664+00:00 sakila	staff_list	country	utf8mb4_0900_ai_ci
2026-03-04T16:36:38.517344+00:00 ... (truncated; full output in artifacts/assess_20260304_163627/precheck/mysql8_column_collations.tsv)
2026-03-04T16:36:38.522264+00:00 
2026-03-04T16:36:38.527187+00:00 ---- sql_mode ----
2026-03-04T16:36:38.532312+00:00 ONLY_FULL_GROUP_BY,STRICT_TRANS_TABLES,NO_ZERO_IN_DATE,NO_ZERO_DATE,ERROR_FOR_DIVISION_BY_ZERO,NO_ENGINE_SUBSTITUTION
2026-03-04T16:36:38.536075+00:00 
2026-03-04T16:36:38.541269+00:00 ---- definers_inventory ----
2026-03-04T16:36:38.545256+00:00 TRIGGER	root@localhost	6
2026-03-04T16:36:38.549520+00:00 VIEW	root@localhost	7
2026-03-04T16:36:38.554416+00:00 
2026-03-04T16:36:38.558661+00:00 ---- partitioned_tables ----
2026-03-04T16:36:38.563845+00:00 (no rows)
2026-03-04T16:36:38.568980+00:00 
2026-03-04T16:36:38.572911+00:00 ---- active_plugins ----
2026-03-04T16:36:38.577794+00:00 ARCHIVE	ACTIVE
2026-03-04T16:36:38.581470+00:00 auth_socket	ACTIVE
2026-03-04T16:36:38.586524+00:00 binlog	ACTIVE
2026-03-04T16:36:38.590434+00:00 BLACKHOLE	ACTIVE
2026-03-04T16:36:38.594490+00:00 caching_sha2_password	ACTIVE
2026-03-04T16:36:38.599981+00:00 CSV	ACTIVE
2026-03-04T16:36:38.604160+00:00 daemon_keyring_proxy_plugin	ACTIVE
2026-03-04T16:36:38.608333+00:00 InnoDB	ACTIVE
2026-03-04T16:36:38.612599+00:00 INNODB_BUFFER_PAGE	ACTIVE
2026-03-04T16:36:38.616778+00:00 INNODB_BUFFER_PAGE_LRU	ACTIVE
2026-03-04T16:36:38.622436+00:00 INNODB_BUFFER_POOL_STATS	ACTIVE
2026-03-04T16:36:38.626633+00:00 INNODB_CACHED_INDEXES	ACTIVE
2026-03-04T16:36:38.630927+00:00 INNODB_CMP	ACTIVE
2026-03-04T16:36:38.636492+00:00 INNODB_CMPMEM	ACTIVE
2026-03-04T16:36:38.640660+00:00 INNODB_CMPMEM_RESET	ACTIVE
2026-03-04T16:36:38.644933+00:00 INNODB_CMP_PER_INDEX	ACTIVE
2026-03-04T16:36:38.650277+00:00 INNODB_CMP_PER_INDEX_RESET	ACTIVE
2026-03-04T16:36:38.654611+00:00 INNODB_CMP_RESET	ACTIVE
2026-03-04T16:36:38.659006+00:00 INNODB_COLUMNS	ACTIVE
2026-03-04T16:36:38.663207+00:00 INNODB_FT_BEING_DELETED	ACTIVE
2026-03-04T16:36:38.667475+00:00 INNODB_FT_CONFIG	ACTIVE
2026-03-04T16:36:38.671816+00:00 INNODB_FT_DEFAULT_STOPWORD	ACTIVE
2026-03-04T16:36:38.675923+00:00 INNODB_FT_DELETED	ACTIVE
2026-03-04T16:36:38.680018+00:00 INNODB_FT_INDEX_CACHE	ACTIVE
2026-03-04T16:36:38.684365+00:00 INNODB_FT_INDEX_TABLE	ACTIVE
2026-03-04T16:36:38.688640+00:00 INNODB_INDEXES	ACTIVE
2026-03-04T16:36:38.692796+00:00 INNODB_METRICS	ACTIVE
2026-03-04T16:36:38.696931+00:00 INNODB_SESSION_TEMP_TABLESPACES	ACTIVE
2026-03-04T16:36:38.701213+00:00 INNODB_TABLES	ACTIVE
2026-03-04T16:36:38.705525+00:00 INNODB_TABLESPACES	ACTIVE
2026-03-04T16:36:38.709804+00:00 INNODB_TABLESTATS	ACTIVE
2026-03-04T16:36:38.714246+00:00 INNODB_TEMP_TABLE_INFO	ACTIVE
2026-03-04T16:36:38.719156+00:00 INNODB_TRX	ACTIVE
2026-03-04T16:36:38.723706+00:00 INNODB_VIRTUAL	ACTIVE
2026-03-04T16:36:38.728412+00:00 MEMORY	ACTIVE
2026-03-04T16:36:38.732277+00:00 MRG_MYISAM	ACTIVE
2026-03-04T16:36:38.736724+00:00 MyISAM	ACTIVE
2026-03-04T16:36:38.744107+00:00 mysqlx	ACTIVE
2026-03-04T16:36:38.751653+00:00 mysqlx_cache_cleaner	ACTIVE
2026-03-04T16:36:38.755825+00:00 mysql_native_password	ACTIVE
2026-03-04T16:36:38.760025+00:00 ngram	ACTIVE
2026-03-04T16:36:38.764191+00:00 PERFORMANCE_SCHEMA	ACTIVE
2026-03-04T16:36:38.768278+00:00 sha256_password	ACTIVE
2026-03-04T16:36:38.772120+00:00 sha2_cache_cleaner	ACTIVE
2026-03-04T16:36:38.776341+00:00 TempTable	ACTIVE
2026-03-04T16:36:38.780509+00:00 
2026-03-04T16:36:38.784877+00:00 ---- functional_indexes ----
2026-03-04T16:36:38.789286+00:00 (no rows)
2026-03-04T16:36:38.793386+00:00 
2026-03-04T16:36:38.797696+00:00 ---- functional_defaults ----
2026-03-04T16:36:38.801815+00:00 (no rows)
2026-03-04T16:36:38.805675+00:00 
2026-03-04T16:36:38.810737+00:00 ---- invisible_columns ----
2026-03-04T16:36:38.814728+00:00 (no rows)
2026-03-04T16:36:38.818645+00:00 
2026-03-04T16:36:38.822546+00:00 ---- check_constraints ----
2026-03-04T16:36:38.826473+00:00 (no rows)
2026-03-04T16:36:38.830466+00:00 
2026-03-04T16:36:38.834278+00:00 ---- partial_revokes ----
2026-03-04T16:36:38.839410+00:00 (no rows)
2026-03-04T16:36:38.843374+00:00 
2026-03-04T16:36:38.848391+00:00 ---- gis_srid_usage ----
2026-03-04T16:36:38.853066+00:00 sakila	address	location	0
2026-03-04T16:36:38.857395+00:00 
2026-03-04T16:36:38.862417+00:00 ---- resource_groups ----
2026-03-04T16:36:38.867199+00:00 USR_default	USER	1	0-9	0
2026-03-04T16:36:38.871878+00:00 SYS_default	SYSTEM	1	0-9	0
2026-03-04T16:36:38.876238+00:00 
2026-03-04T16:36:38.881302+00:00 ---- xplugin_status ----
2026-03-04T16:36:38.885971+00:00 mysqlx	ACTIVE
2026-03-04T16:36:38.891088+00:00 
2026-03-04T16:36:38.895902+00:00 ---- fk_name_lengths ----
2026-03-04T16:36:38.900763+00:00 (no rows)
2026-03-04T16:36:38.905884+00:00 
2026-03-04T16:36:38.912622+00:00 ---- trigger_order ----
2026-03-04T16:36:38.919185+00:00 (no rows)
2026-03-04T16:36:38.924263+00:00 
2026-03-04T16:36:38.945811+00:00 Precheck complete.
2026-03-04T16:36:38.952067+00:00 TSV outputs: artifacts/assess_20260304_163627/precheck/*.tsv
2026-03-04T16:36:39.618825+00:00 FINISH success=True message=Assessment passed. Ready to plan/run.
