2026-03-04T16:57:58.674446+00:00 START mode=assessment config=config/source.yaml
2026-03-04T16:57:58.944218+00:00 Assessment source auth selected: SRC_ADMIN_USER (admin)
2026-03-04T16:57:58.952677+00:00 RUN precheck -> /mnt/macshare/scripts/00_precheck.sh
2026-03-04T16:58:07.406912+00:00 == Precheck runner ==
2026-03-04T16:58:07.410256+00:00 Host: 192.168.64.7  Port: 3306  User: admin
2026-03-04T16:58:07.415279+00:00 Checks dir: /mnt/macshare/sql/checks
2026-03-04T16:58:07.421372+00:00 Outdir: artifacts/assess_20260304_165757/precheck
2026-03-04T16:58:07.426089+00:00 
2026-03-04T16:58:07.431741+00:00 NOTE: mariadb-migrate-config-file not found; skipping config check.
2026-03-04T16:58:07.435934+00:00 ---- mysql_version ----
2026-03-04T16:58:07.441040+00:00 8.0.45-0ubuntu0.24.04.1
2026-03-04T16:58:07.444348+00:00 
2026-03-04T16:58:07.448622+00:00 ---- innodb_settings ----
2026-03-04T16:58:07.452971+00:00 1	1
2026-03-04T16:58:07.457719+00:00 
2026-03-04T16:58:07.461986+00:00 ---- auth_plugins ----
2026-03-04T16:58:07.469194+00:00 debian-sys-maint	localhost	caching_sha2_password
2026-03-04T16:58:07.471510+00:00 
2026-03-04T16:58:07.476169+00:00 ---- json_columns ----
2026-03-04T16:58:07.482007+00:00 advanced_test	json_test	data	json
2026-03-04T16:58:07.485411+00:00 advanced_test	json_test	metadata	json
2026-03-04T16:58:07.491804+00:00 testdb	orders_json	data_json	json
2026-03-04T16:58:07.496223+00:00 
2026-03-04T16:58:07.499211+00:00 ---- compression_encryption ----
2026-03-04T16:58:07.504752+00:00 (no rows)
2026-03-04T16:58:07.509737+00:00 
2026-03-04T16:58:07.515420+00:00 ---- engines_summary ----
2026-03-04T16:58:07.522222+00:00 PERFORMANCE_SCHEMA	111
2026-03-04T16:58:07.524976+00:00 InnoDB	58
2026-03-04T16:58:07.529983+00:00 CSV	2
2026-03-04T16:58:07.536618+00:00 
2026-03-04T16:58:07.540635+00:00 ---- schema_sizes ----
2026-03-04T16:58:07.545983+00:00 testdb	38.56
2026-03-04T16:58:07.552234+00:00 sakila	6.45
2026-03-04T16:58:07.558003+00:00 mysql	2.73
2026-03-04T16:58:07.564364+00:00 world	0.77
2026-03-04T16:58:07.567882+00:00 sys	0.02
2026-03-04T16:58:07.573256+00:00 advanced_test	0.02
2026-03-04T16:58:07.576973+00:00 test_replication	0.02
2026-03-04T16:58:07.580739+00:00 information_schema	0.00
2026-03-04T16:58:07.584441+00:00 performance_schema	0.00
2026-03-04T16:58:07.589326+00:00 
2026-03-04T16:58:07.594728+00:00 ---- schema_charsets ----
2026-03-04T16:58:07.598933+00:00 advanced_test	utf8mb4	utf8mb4_0900_ai_ci
2026-03-04T16:58:07.603882+00:00 sakila	utf8mb4	utf8mb4_0900_ai_ci
2026-03-04T16:58:07.609957+00:00 test_replication	utf8mb4	utf8mb4_0900_ai_ci
2026-03-04T16:58:07.614578+00:00 testdb	utf8mb4	utf8mb4_0900_ai_ci
2026-03-04T16:58:07.619656+00:00 world	utf8mb4	utf8mb4_0900_ai_ci
2026-03-04T16:58:07.624000+00:00 
2026-03-04T16:58:07.629096+00:00 ---- mysql8_collations ----
2026-03-04T16:58:07.634281+00:00 advanced_test	json_test	utf8mb4_0900_ai_ci
2026-03-04T16:58:07.643037+00:00 sakila	actor	utf8mb4_0900_ai_ci
2026-03-04T16:58:07.646783+00:00 sakila	address	utf8mb4_0900_ai_ci
2026-03-04T16:58:07.653979+00:00 sakila	category	utf8mb4_0900_ai_ci
2026-03-04T16:58:07.658069+00:00 sakila	city	utf8mb4_0900_ai_ci
2026-03-04T16:58:07.662132+00:00 sakila	country	utf8mb4_0900_ai_ci
2026-03-04T16:58:07.668875+00:00 sakila	customer	utf8mb4_0900_ai_ci
2026-03-04T16:58:07.673932+00:00 sakila	film	utf8mb4_0900_ai_ci
2026-03-04T16:58:07.678804+00:00 sakila	film_actor	utf8mb4_0900_ai_ci
2026-03-04T16:58:07.682999+00:00 sakila	film_category	utf8mb4_0900_ai_ci
2026-03-04T16:58:07.688361+00:00 sakila	film_text	utf8mb4_0900_ai_ci
2026-03-04T16:58:07.692862+00:00 sakila	inventory	utf8mb4_0900_ai_ci
2026-03-04T16:58:07.697919+00:00 sakila	language	utf8mb4_0900_ai_ci
2026-03-04T16:58:07.703474+00:00 sakila	payment	utf8mb4_0900_ai_ci
2026-03-04T16:58:07.709685+00:00 sakila	rental	utf8mb4_0900_ai_ci
2026-03-04T16:58:07.713675+00:00 sakila	staff	utf8mb4_0900_ai_ci
2026-03-04T16:58:07.717803+00:00 sakila	store	utf8mb4_0900_ai_ci
2026-03-04T16:58:07.722649+00:00 test_replication	customers	utf8mb4_0900_ai_ci
2026-03-04T16:58:07.728537+00:00 testdb	orders_json	utf8mb4_0900_ai_ci
2026-03-04T16:58:07.735032+00:00 world	city	utf8mb4_0900_ai_ci
2026-03-04T16:58:07.739720+00:00 world	country	utf8mb4_0900_ai_ci
2026-03-04T16:58:07.745297+00:00 world	countrylanguage	utf8mb4_0900_ai_ci
2026-03-04T16:58:07.751256+00:00 
2026-03-04T16:58:07.757270+00:00 ---- mysql8_column_collations ----
2026-03-04T16:58:07.767388+00:00 sakila	actor	first_name	utf8mb4_0900_ai_ci
2026-03-04T16:58:07.772200+00:00 sakila	actor	last_name	utf8mb4_0900_ai_ci
2026-03-04T16:58:07.777763+00:00 sakila	actor_info	film_info	utf8mb4_0900_ai_ci
2026-03-04T16:58:07.780970+00:00 sakila	actor_info	first_name	utf8mb4_0900_ai_ci
2026-03-04T16:58:07.785948+00:00 sakila	actor_info	last_name	utf8mb4_0900_ai_ci
2026-03-04T16:58:07.792185+00:00 sakila	address	address	utf8mb4_0900_ai_ci
2026-03-04T16:58:07.797378+00:00 sakila	address	address2	utf8mb4_0900_ai_ci
2026-03-04T16:58:07.803058+00:00 sakila	address	district	utf8mb4_0900_ai_ci
2026-03-04T16:58:07.807444+00:00 sakila	address	phone	utf8mb4_0900_ai_ci
2026-03-04T16:58:07.815742+00:00 sakila	address	postal_code	utf8mb4_0900_ai_ci
2026-03-04T16:58:07.818642+00:00 sakila	category	name	utf8mb4_0900_ai_ci
2026-03-04T16:58:07.824014+00:00 sakila	city	city	utf8mb4_0900_ai_ci
2026-03-04T16:58:07.828980+00:00 sakila	country	country	utf8mb4_0900_ai_ci
2026-03-04T16:58:07.833900+00:00 sakila	customer	email	utf8mb4_0900_ai_ci
2026-03-04T16:58:07.840315+00:00 sakila	customer	first_name	utf8mb4_0900_ai_ci
2026-03-04T16:58:07.844200+00:00 sakila	customer	last_name	utf8mb4_0900_ai_ci
2026-03-04T16:58:07.850519+00:00 sakila	customer_list	address	utf8mb4_0900_ai_ci
2026-03-04T16:58:07.856131+00:00 sakila	customer_list	city	utf8mb4_0900_ai_ci
2026-03-04T16:58:07.861922+00:00 sakila	customer_list	country	utf8mb4_0900_ai_ci
2026-03-04T16:58:07.866637+00:00 sakila	customer_list	name	utf8mb4_0900_ai_ci
2026-03-04T16:58:07.872238+00:00 sakila	customer_list	notes	utf8mb4_0900_ai_ci
2026-03-04T16:58:07.877518+00:00 sakila	customer_list	phone	utf8mb4_0900_ai_ci
2026-03-04T16:58:07.883049+00:00 sakila	customer_list	zip code	utf8mb4_0900_ai_ci
2026-03-04T16:58:07.889253+00:00 sakila	film	description	utf8mb4_0900_ai_ci
2026-03-04T16:58:07.895682+00:00 sakila	film	rating	utf8mb4_0900_ai_ci
2026-03-04T16:58:07.900856+00:00 sakila	film	special_features	utf8mb4_0900_ai_ci
2026-03-04T16:58:07.906709+00:00 sakila	film	title	utf8mb4_0900_ai_ci
2026-03-04T16:58:07.909660+00:00 sakila	film_list	actors	utf8mb4_0900_ai_ci
2026-03-04T16:58:07.913834+00:00 sakila	film_list	category	utf8mb4_0900_ai_ci
2026-03-04T16:58:07.918021+00:00 sakila	film_list	description	utf8mb4_0900_ai_ci
2026-03-04T16:58:07.923953+00:00 sakila	film_list	rating	utf8mb4_0900_ai_ci
2026-03-04T16:58:07.929427+00:00 sakila	film_list	title	utf8mb4_0900_ai_ci
2026-03-04T16:58:07.938175+00:00 sakila	film_text	description	utf8mb4_0900_ai_ci
2026-03-04T16:58:07.942417+00:00 sakila	film_text	title	utf8mb4_0900_ai_ci
2026-03-04T16:58:07.948681+00:00 sakila	language	name	utf8mb4_0900_ai_ci
2026-03-04T16:58:07.954122+00:00 sakila	nicer_but_slower_film_list	actors	utf8mb4_0900_ai_ci
2026-03-04T16:58:07.960036+00:00 sakila	nicer_but_slower_film_list	category	utf8mb4_0900_ai_ci
2026-03-04T16:58:07.964575+00:00 sakila	nicer_but_slower_film_list	description	utf8mb4_0900_ai_ci
2026-03-04T16:58:07.969332+00:00 sakila	nicer_but_slower_film_list	rating	utf8mb4_0900_ai_ci
2026-03-04T16:58:07.974118+00:00 sakila	nicer_but_slower_film_list	title	utf8mb4_0900_ai_ci
2026-03-04T16:58:07.978982+00:00 sakila	sales_by_film_category	category	utf8mb4_0900_ai_ci
2026-03-04T16:58:07.983321+00:00 sakila	sales_by_store	manager	utf8mb4_0900_ai_ci
2026-03-04T16:58:07.990140+00:00 sakila	sales_by_store	store	utf8mb4_0900_ai_ci
2026-03-04T16:58:07.996212+00:00 sakila	staff	email	utf8mb4_0900_ai_ci
2026-03-04T16:58:08.002121+00:00 sakila	staff	first_name	utf8mb4_0900_ai_ci
2026-03-04T16:58:08.008775+00:00 sakila	staff	last_name	utf8mb4_0900_ai_ci
2026-03-04T16:58:08.016205+00:00 sakila	staff	username	utf8mb4_0900_ai_ci
2026-03-04T16:58:08.022504+00:00 sakila	staff_list	address	utf8mb4_0900_ai_ci
2026-03-04T16:58:08.028853+00:00 sakila	staff_list	city	utf8mb4_0900_ai_ci
2026-03-04T16:58:08.035173+00:00 sakila	staff_list	country	utf8mb4_0900_ai_ci
2026-03-04T16:58:08.040693+00:00 ... (truncated; full output in artifacts/assess_20260304_165757/precheck/mysql8_column_collations.tsv)
2026-03-04T16:58:08.047543+00:00 
2026-03-04T16:58:08.056445+00:00 ---- sql_mode ----
2026-03-04T16:58:08.063925+00:00 ONLY_FULL_GROUP_BY,STRICT_TRANS_TABLES,NO_ZERO_IN_DATE,NO_ZERO_DATE,ERROR_FOR_DIVISION_BY_ZERO,NO_ENGINE_SUBSTITUTION
2026-03-04T16:58:08.069391+00:00 
2026-03-04T16:58:08.074560+00:00 ---- definers_inventory ----
2026-03-04T16:58:08.082310+00:00 TRIGGER	root@localhost	6
2026-03-04T16:58:08.087027+00:00 VIEW	root@localhost	7
2026-03-04T16:58:08.090563+00:00 
2026-03-04T16:58:08.097815+00:00 ---- partitioned_tables ----
2026-03-04T16:58:08.102012+00:00 (no rows)
2026-03-04T16:58:08.109598+00:00 
2026-03-04T16:58:08.116837+00:00 ---- active_plugins ----
2026-03-04T16:58:08.123309+00:00 ARCHIVE	ACTIVE
2026-03-04T16:58:08.130370+00:00 auth_socket	ACTIVE
2026-03-04T16:58:08.136178+00:00 binlog	ACTIVE
2026-03-04T16:58:08.142809+00:00 BLACKHOLE	ACTIVE
2026-03-04T16:58:08.148547+00:00 caching_sha2_password	ACTIVE
2026-03-04T16:58:08.154189+00:00 CSV	ACTIVE
2026-03-04T16:58:08.160163+00:00 daemon_keyring_proxy_plugin	ACTIVE
2026-03-04T16:58:08.166277+00:00 InnoDB	ACTIVE
2026-03-04T16:58:08.171406+00:00 INNODB_BUFFER_PAGE	ACTIVE
2026-03-04T16:58:08.177470+00:00 INNODB_BUFFER_PAGE_LRU	ACTIVE
2026-03-04T16:58:08.183287+00:00 INNODB_BUFFER_POOL_STATS	ACTIVE
2026-03-04T16:58:08.188725+00:00 INNODB_CACHED_INDEXES	ACTIVE
2026-03-04T16:58:08.194947+00:00 INNODB_CMP	ACTIVE
2026-03-04T16:58:08.201581+00:00 INNODB_CMPMEM	ACTIVE
2026-03-04T16:58:08.207437+00:00 INNODB_CMPMEM_RESET	ACTIVE
2026-03-04T16:58:08.212921+00:00 INNODB_CMP_PER_INDEX	ACTIVE
2026-03-04T16:58:08.217901+00:00 INNODB_CMP_PER_INDEX_RESET	ACTIVE
2026-03-04T16:58:08.223222+00:00 INNODB_CMP_RESET	ACTIVE
2026-03-04T16:58:08.229560+00:00 INNODB_COLUMNS	ACTIVE
2026-03-04T16:58:08.235445+00:00 INNODB_FT_BEING_DELETED	ACTIVE
2026-03-04T16:58:08.240640+00:00 INNODB_FT_CONFIG	ACTIVE
2026-03-04T16:58:08.247116+00:00 INNODB_FT_DEFAULT_STOPWORD	ACTIVE
2026-03-04T16:58:08.250489+00:00 INNODB_FT_DELETED	ACTIVE
2026-03-04T16:58:08.257663+00:00 INNODB_FT_INDEX_CACHE	ACTIVE
2026-03-04T16:58:08.262102+00:00 INNODB_FT_INDEX_TABLE	ACTIVE
2026-03-04T16:58:08.267372+00:00 INNODB_INDEXES	ACTIVE
2026-03-04T16:58:08.273473+00:00 INNODB_METRICS	ACTIVE
2026-03-04T16:58:08.282341+00:00 INNODB_SESSION_TEMP_TABLESPACES	ACTIVE
2026-03-04T16:58:08.296100+00:00 INNODB_TABLES	ACTIVE
2026-03-04T16:58:08.311835+00:00 INNODB_TABLESPACES	ACTIVE
2026-03-04T16:58:08.320625+00:00 INNODB_TABLESTATS	ACTIVE
2026-03-04T16:58:08.328203+00:00 INNODB_TEMP_TABLE_INFO	ACTIVE
2026-03-04T16:58:08.334744+00:00 INNODB_TRX	ACTIVE
2026-03-04T16:58:08.341845+00:00 INNODB_VIRTUAL	ACTIVE
2026-03-04T16:58:08.348450+00:00 MEMORY	ACTIVE
2026-03-04T16:58:08.357869+00:00 MRG_MYISAM	ACTIVE
2026-03-04T16:58:08.367237+00:00 MyISAM	ACTIVE
2026-03-04T16:58:08.372887+00:00 mysqlx	ACTIVE
2026-03-04T16:58:08.380253+00:00 mysqlx_cache_cleaner	ACTIVE
2026-03-04T16:58:08.384081+00:00 mysql_native_password	ACTIVE
2026-03-04T16:58:08.391547+00:00 ngram	ACTIVE
2026-03-04T16:58:08.395952+00:00 PERFORMANCE_SCHEMA	ACTIVE
2026-03-04T16:58:08.401604+00:00 sha256_password	ACTIVE
2026-03-04T16:58:08.404535+00:00 sha2_cache_cleaner	ACTIVE
2026-03-04T16:58:08.409931+00:00 TempTable	ACTIVE
2026-03-04T16:58:08.417420+00:00 
2026-03-04T16:58:08.421335+00:00 ---- functional_indexes ----
2026-03-04T16:58:08.429995+00:00 (no rows)
2026-03-04T16:58:08.434070+00:00 
2026-03-04T16:58:08.440565+00:00 ---- functional_defaults ----
2026-03-04T16:58:08.445765+00:00 (no rows)
2026-03-04T16:58:08.450901+00:00 
2026-03-04T16:58:08.457648+00:00 ---- invisible_columns ----
2026-03-04T16:58:08.461877+00:00 (no rows)
2026-03-04T16:58:08.467186+00:00 
2026-03-04T16:58:08.472747+00:00 ---- check_constraints ----
2026-03-04T16:58:08.477404+00:00 (no rows)
2026-03-04T16:58:08.483909+00:00 
2026-03-04T16:58:08.487990+00:00 ---- partial_revokes ----
2026-03-04T16:58:08.494260+00:00 (no rows)
2026-03-04T16:58:08.501149+00:00 
2026-03-04T16:58:08.505831+00:00 ---- gis_srid_usage ----
2026-03-04T16:58:08.511038+00:00 sakila	address	location	0
2026-03-04T16:58:08.516873+00:00 
2026-03-04T16:58:08.522927+00:00 ---- resource_groups ----
2026-03-04T16:58:08.527109+00:00 USR_default	USER	1	0-9	0
2026-03-04T16:58:08.531960+00:00 SYS_default	SYSTEM	1	0-9	0
2026-03-04T16:58:08.535043+00:00 
2026-03-04T16:58:08.541672+00:00 ---- xplugin_status ----
2026-03-04T16:58:08.546449+00:00 mysqlx	ACTIVE
2026-03-04T16:58:08.552516+00:00 
2026-03-04T16:58:08.559894+00:00 ---- fk_name_lengths ----
2026-03-04T16:58:08.563057+00:00 (no rows)
2026-03-04T16:58:08.568486+00:00 
2026-03-04T16:58:08.575359+00:00 ---- trigger_order ----
2026-03-04T16:58:08.578306+00:00 (no rows)
2026-03-04T16:58:08.583634+00:00 
2026-03-04T16:58:08.590293+00:00 Precheck complete.
2026-03-04T16:58:08.594332+00:00 TSV outputs: artifacts/assess_20260304_165757/precheck/*.tsv
2026-03-04T16:58:09.228304+00:00 FINISH success=True message=Assessment passed. Ready to plan/run.
