2026-02-14T18:55:52.052410+00:00 START mode=assessment config=config/source.yaml
2026-02-14T18:55:52.085989+00:00 Assessment source auth selected: SRC_ADMIN_USER (admin)
2026-02-14T18:55:52.091462+00:00 RUN precheck -> /mnt/macshare/scripts/00_precheck.sh
2026-02-14T18:55:53.077193+00:00 == Precheck runner ==
2026-02-14T18:55:53.080693+00:00 Host: 192.168.64.7  Port: 3306  User: admin
2026-02-14T18:55:53.084740+00:00 Checks dir: /mnt/macshare/sql/checks
2026-02-14T18:55:53.086789+00:00 Outdir: artifacts/assess_20260214_185551/precheck
2026-02-14T18:55:53.089846+00:00 
2026-02-14T18:55:53.100078+00:00 NOTE: mariadb-migrate-config-file not found; skipping config check.
2026-02-14T18:55:53.102628+00:00 ---- mysql_version ----
2026-02-14T18:55:53.105277+00:00 8.0.45-0ubuntu0.24.04.1
2026-02-14T18:55:53.110746+00:00 
2026-02-14T18:55:53.135931+00:00 ---- innodb_settings ----
2026-02-14T18:55:53.146255+00:00 1	1
2026-02-14T18:55:53.148920+00:00 
2026-02-14T18:55:53.151027+00:00 ---- auth_plugins ----
2026-02-14T18:55:53.153644+00:00 admin	%	caching_sha2_password
2026-02-14T18:55:53.155473+00:00 admin	192.168.64.3	caching_sha2_password
2026-02-14T18:55:53.157798+00:00 admin	192.168.64.7	caching_sha2_password
2026-02-14T18:55:53.159538+00:00 admin	localhost	caching_sha2_password
2026-02-14T18:55:53.161144+00:00 debian-sys-maint	localhost	caching_sha2_password
2026-02-14T18:55:53.162788+00:00 migrate	%	caching_sha2_password
2026-02-14T18:55:53.164395+00:00 
2026-02-14T18:55:53.166044+00:00 ---- json_columns ----
2026-02-14T18:55:53.167669+00:00 testdb	orders_json	data_json	json
2026-02-14T18:55:53.169430+00:00 
2026-02-14T18:55:53.171118+00:00 ---- compression_encryption ----
2026-02-14T18:55:53.173415+00:00 (no rows)
2026-02-14T18:55:53.174460+00:00 
2026-02-14T18:55:53.177723+00:00 ---- engines_summary ----
2026-02-14T18:55:53.179836+00:00 PERFORMANCE_SCHEMA	111
2026-02-14T18:55:53.181493+00:00 InnoDB	56
2026-02-14T18:55:53.182836+00:00 CSV	2
2026-02-14T18:55:53.185456+00:00 
2026-02-14T18:55:53.188865+00:00 ---- schema_sizes ----
2026-02-14T18:55:53.194839+00:00 testdb	38.56
2026-02-14T18:55:53.196319+00:00 sakila	6.45
2026-02-14T18:55:53.198128+00:00 mysql	2.66
2026-02-14T18:55:53.199885+00:00 world	0.77
2026-02-14T18:55:53.201449+00:00 sys	0.02
2026-02-14T18:55:53.203559+00:00 information_schema	0.00
2026-02-14T18:55:53.205026+00:00 performance_schema	0.00
2026-02-14T18:55:53.205989+00:00 
2026-02-14T18:55:53.207663+00:00 ---- schema_charsets ----
2026-02-14T18:55:53.209490+00:00 sakila	utf8mb4	utf8mb4_0900_ai_ci
2026-02-14T18:55:53.211095+00:00 testdb	utf8mb4	utf8mb4_0900_ai_ci
2026-02-14T18:55:53.212603+00:00 world	utf8mb4	utf8mb4_0900_ai_ci
2026-02-14T18:55:53.214175+00:00 
2026-02-14T18:55:53.215868+00:00 ---- mysql8_collations ----
2026-02-14T18:55:53.217555+00:00 sakila	actor	utf8mb4_0900_ai_ci
2026-02-14T18:55:53.219097+00:00 sakila	address	utf8mb4_0900_ai_ci
2026-02-14T18:55:53.222119+00:00 sakila	category	utf8mb4_0900_ai_ci
2026-02-14T18:55:53.228541+00:00 sakila	city	utf8mb4_0900_ai_ci
2026-02-14T18:55:53.230184+00:00 sakila	country	utf8mb4_0900_ai_ci
2026-02-14T18:55:53.231952+00:00 sakila	customer	utf8mb4_0900_ai_ci
2026-02-14T18:55:53.233472+00:00 sakila	film	utf8mb4_0900_ai_ci
2026-02-14T18:55:53.235194+00:00 sakila	film_actor	utf8mb4_0900_ai_ci
2026-02-14T18:55:53.236878+00:00 sakila	film_category	utf8mb4_0900_ai_ci
2026-02-14T18:55:53.238601+00:00 sakila	film_text	utf8mb4_0900_ai_ci
2026-02-14T18:55:53.241164+00:00 sakila	inventory	utf8mb4_0900_ai_ci
2026-02-14T18:55:53.242946+00:00 sakila	language	utf8mb4_0900_ai_ci
2026-02-14T18:55:53.244486+00:00 sakila	payment	utf8mb4_0900_ai_ci
2026-02-14T18:55:53.246053+00:00 sakila	rental	utf8mb4_0900_ai_ci
2026-02-14T18:55:53.247775+00:00 sakila	staff	utf8mb4_0900_ai_ci
2026-02-14T18:55:53.249630+00:00 sakila	store	utf8mb4_0900_ai_ci
2026-02-14T18:55:53.251398+00:00 testdb	orders_json	utf8mb4_0900_ai_ci
2026-02-14T18:55:53.254683+00:00 world	city	utf8mb4_0900_ai_ci
2026-02-14T18:55:53.259632+00:00 world	country	utf8mb4_0900_ai_ci
2026-02-14T18:55:53.261295+00:00 world	countrylanguage	utf8mb4_0900_ai_ci
2026-02-14T18:55:53.263330+00:00 
2026-02-14T18:55:53.265021+00:00 ---- mysql8_column_collations ----
2026-02-14T18:55:53.267233+00:00 sakila	actor	first_name	utf8mb4_0900_ai_ci
2026-02-14T18:55:53.268963+00:00 sakila	actor	last_name	utf8mb4_0900_ai_ci
2026-02-14T18:55:53.270812+00:00 sakila	actor_info	film_info	utf8mb4_0900_ai_ci
2026-02-14T18:55:53.272552+00:00 sakila	actor_info	first_name	utf8mb4_0900_ai_ci
2026-02-14T18:55:53.274437+00:00 sakila	actor_info	last_name	utf8mb4_0900_ai_ci
2026-02-14T18:55:53.276220+00:00 sakila	address	address	utf8mb4_0900_ai_ci
2026-02-14T18:55:53.277843+00:00 sakila	address	address2	utf8mb4_0900_ai_ci
2026-02-14T18:55:53.279537+00:00 sakila	address	district	utf8mb4_0900_ai_ci
2026-02-14T18:55:53.281358+00:00 sakila	address	phone	utf8mb4_0900_ai_ci
2026-02-14T18:55:53.283384+00:00 sakila	address	postal_code	utf8mb4_0900_ai_ci
2026-02-14T18:55:53.287280+00:00 sakila	category	name	utf8mb4_0900_ai_ci
2026-02-14T18:55:53.289818+00:00 sakila	city	city	utf8mb4_0900_ai_ci
2026-02-14T18:55:53.292594+00:00 sakila	country	country	utf8mb4_0900_ai_ci
2026-02-14T18:55:53.297797+00:00 sakila	customer	email	utf8mb4_0900_ai_ci
2026-02-14T18:55:53.301243+00:00 sakila	customer	first_name	utf8mb4_0900_ai_ci
2026-02-14T18:55:53.303503+00:00 sakila	customer	last_name	utf8mb4_0900_ai_ci
2026-02-14T18:55:53.306004+00:00 sakila	customer_list	address	utf8mb4_0900_ai_ci
2026-02-14T18:55:53.307873+00:00 sakila	customer_list	city	utf8mb4_0900_ai_ci
2026-02-14T18:55:53.309696+00:00 sakila	customer_list	country	utf8mb4_0900_ai_ci
2026-02-14T18:55:53.311315+00:00 sakila	customer_list	name	utf8mb4_0900_ai_ci
2026-02-14T18:55:53.313509+00:00 sakila	customer_list	notes	utf8mb4_0900_ai_ci
2026-02-14T18:55:53.314507+00:00 sakila	customer_list	phone	utf8mb4_0900_ai_ci
2026-02-14T18:55:53.316266+00:00 sakila	customer_list	zip code	utf8mb4_0900_ai_ci
2026-02-14T18:55:53.318094+00:00 sakila	film	description	utf8mb4_0900_ai_ci
2026-02-14T18:55:53.319888+00:00 sakila	film	rating	utf8mb4_0900_ai_ci
2026-02-14T18:55:53.321579+00:00 sakila	film	special_features	utf8mb4_0900_ai_ci
2026-02-14T18:55:53.323287+00:00 sakila	film	title	utf8mb4_0900_ai_ci
2026-02-14T18:55:53.324967+00:00 sakila	film_list	actors	utf8mb4_0900_ai_ci
2026-02-14T18:55:53.327116+00:00 sakila	film_list	category	utf8mb4_0900_ai_ci
2026-02-14T18:55:53.332605+00:00 sakila	film_list	description	utf8mb4_0900_ai_ci
2026-02-14T18:55:53.338252+00:00 sakila	film_list	rating	utf8mb4_0900_ai_ci
2026-02-14T18:55:53.339986+00:00 sakila	film_list	title	utf8mb4_0900_ai_ci
2026-02-14T18:55:53.346492+00:00 sakila	film_text	description	utf8mb4_0900_ai_ci
2026-02-14T18:55:53.348412+00:00 sakila	film_text	title	utf8mb4_0900_ai_ci
2026-02-14T18:55:53.350653+00:00 sakila	language	name	utf8mb4_0900_ai_ci
2026-02-14T18:55:53.355105+00:00 sakila	nicer_but_slower_film_list	actors	utf8mb4_0900_ai_ci
2026-02-14T18:55:53.357453+00:00 sakila	nicer_but_slower_film_list	category	utf8mb4_0900_ai_ci
2026-02-14T18:55:53.359838+00:00 sakila	nicer_but_slower_film_list	description	utf8mb4_0900_ai_ci
2026-02-14T18:55:53.362342+00:00 sakila	nicer_but_slower_film_list	rating	utf8mb4_0900_ai_ci
2026-02-14T18:55:53.364789+00:00 sakila	nicer_but_slower_film_list	title	utf8mb4_0900_ai_ci
2026-02-14T18:55:53.368862+00:00 sakila	sales_by_film_category	category	utf8mb4_0900_ai_ci
2026-02-14T18:55:53.372410+00:00 sakila	sales_by_store	manager	utf8mb4_0900_ai_ci
2026-02-14T18:55:53.374892+00:00 sakila	sales_by_store	store	utf8mb4_0900_ai_ci
2026-02-14T18:55:53.398106+00:00 sakila	staff	email	utf8mb4_0900_ai_ci
2026-02-14T18:55:53.400669+00:00 sakila	staff	first_name	utf8mb4_0900_ai_ci
2026-02-14T18:55:53.403047+00:00 sakila	staff	last_name	utf8mb4_0900_ai_ci
2026-02-14T18:55:53.405854+00:00 sakila	staff	username	utf8mb4_0900_ai_ci
2026-02-14T18:55:53.407860+00:00 sakila	staff_list	address	utf8mb4_0900_ai_ci
2026-02-14T18:55:53.409020+00:00 sakila	staff_list	city	utf8mb4_0900_ai_ci
2026-02-14T18:55:53.413190+00:00 sakila	staff_list	country	utf8mb4_0900_ai_ci
2026-02-14T18:55:53.415653+00:00 ... (truncated; full output in artifacts/assess_20260214_185551/precheck/mysql8_column_collations.tsv)
2026-02-14T18:55:53.418869+00:00 
2026-02-14T18:55:53.421025+00:00 ---- sql_mode ----
2026-02-14T18:55:53.423179+00:00 ONLY_FULL_GROUP_BY,STRICT_TRANS_TABLES,NO_ZERO_IN_DATE,NO_ZERO_DATE,ERROR_FOR_DIVISION_BY_ZERO,NO_ENGINE_SUBSTITUTION
2026-02-14T18:55:53.425773+00:00 
2026-02-14T18:55:53.428495+00:00 ---- definers_inventory ----
2026-02-14T18:55:53.430838+00:00 TRIGGER	root@localhost	6
2026-02-14T18:55:53.433154+00:00 VIEW	root@localhost	7
2026-02-14T18:55:53.436205+00:00 
2026-02-14T18:55:53.438553+00:00 ---- partitioned_tables ----
2026-02-14T18:55:53.441248+00:00 (no rows)
2026-02-14T18:55:53.443612+00:00 
2026-02-14T18:55:53.445912+00:00 ---- active_plugins ----
2026-02-14T18:55:53.448154+00:00 ARCHIVE	ACTIVE
2026-02-14T18:55:53.452416+00:00 auth_socket	ACTIVE
2026-02-14T18:55:53.456535+00:00 binlog	ACTIVE
2026-02-14T18:55:53.458979+00:00 BLACKHOLE	ACTIVE
2026-02-14T18:55:53.461361+00:00 caching_sha2_password	ACTIVE
2026-02-14T18:55:53.464126+00:00 CSV	ACTIVE
2026-02-14T18:55:53.466708+00:00 daemon_keyring_proxy_plugin	ACTIVE
2026-02-14T18:55:53.468909+00:00 InnoDB	ACTIVE
2026-02-14T18:55:53.471181+00:00 INNODB_BUFFER_PAGE	ACTIVE
2026-02-14T18:55:53.473348+00:00 INNODB_BUFFER_PAGE_LRU	ACTIVE
2026-02-14T18:55:53.475635+00:00 INNODB_BUFFER_POOL_STATS	ACTIVE
2026-02-14T18:55:53.477912+00:00 INNODB_CACHED_INDEXES	ACTIVE
2026-02-14T18:55:53.480178+00:00 INNODB_CMP	ACTIVE
2026-02-14T18:55:53.482464+00:00 INNODB_CMPMEM	ACTIVE
2026-02-14T18:55:53.484647+00:00 INNODB_CMPMEM_RESET	ACTIVE
2026-02-14T18:55:53.486795+00:00 INNODB_CMP_PER_INDEX	ACTIVE
2026-02-14T18:55:53.491364+00:00 INNODB_CMP_PER_INDEX_RESET	ACTIVE
2026-02-14T18:55:53.493658+00:00 INNODB_CMP_RESET	ACTIVE
2026-02-14T18:55:53.496645+00:00 INNODB_COLUMNS	ACTIVE
2026-02-14T18:55:53.499453+00:00 INNODB_FT_BEING_DELETED	ACTIVE
2026-02-14T18:55:53.502344+00:00 INNODB_FT_CONFIG	ACTIVE
2026-02-14T18:55:53.504513+00:00 INNODB_FT_DEFAULT_STOPWORD	ACTIVE
2026-02-14T18:55:53.508344+00:00 INNODB_FT_DELETED	ACTIVE
2026-02-14T18:55:53.511031+00:00 INNODB_FT_INDEX_CACHE	ACTIVE
2026-02-14T18:55:53.513477+00:00 INNODB_FT_INDEX_TABLE	ACTIVE
2026-02-14T18:55:53.516136+00:00 INNODB_INDEXES	ACTIVE
2026-02-14T18:55:53.518618+00:00 INNODB_METRICS	ACTIVE
2026-02-14T18:55:53.520815+00:00 INNODB_SESSION_TEMP_TABLESPACES	ACTIVE
2026-02-14T18:55:53.526939+00:00 INNODB_TABLES	ACTIVE
2026-02-14T18:55:53.555123+00:00 INNODB_TABLESPACES	ACTIVE
2026-02-14T18:55:53.558789+00:00 INNODB_TABLESTATS	ACTIVE
2026-02-14T18:55:53.562680+00:00 INNODB_TEMP_TABLE_INFO	ACTIVE
2026-02-14T18:55:53.566077+00:00 INNODB_TRX	ACTIVE
2026-02-14T18:55:53.569467+00:00 INNODB_VIRTUAL	ACTIVE
2026-02-14T18:55:53.572346+00:00 MEMORY	ACTIVE
2026-02-14T18:55:53.575029+00:00 MRG_MYISAM	ACTIVE
2026-02-14T18:55:53.576309+00:00 MyISAM	ACTIVE
2026-02-14T18:55:53.585227+00:00 mysqlx	ACTIVE
2026-02-14T18:55:53.588003+00:00 mysqlx_cache_cleaner	ACTIVE
2026-02-14T18:55:53.590689+00:00 mysql_native_password	ACTIVE
2026-02-14T18:55:53.595021+00:00 ngram	ACTIVE
2026-02-14T18:55:53.596369+00:00 PERFORMANCE_SCHEMA	ACTIVE
2026-02-14T18:55:53.599543+00:00 sha256_password	ACTIVE
2026-02-14T18:55:53.602622+00:00 sha2_cache_cleaner	ACTIVE
2026-02-14T18:55:53.605501+00:00 TempTable	ACTIVE
2026-02-14T18:55:53.607882+00:00 
2026-02-14T18:55:53.610588+00:00 ---- functional_indexes ----
2026-02-14T18:55:53.612783+00:00 (no rows)
2026-02-14T18:55:53.615537+00:00 
2026-02-14T18:55:53.618455+00:00 ---- functional_defaults ----
2026-02-14T18:55:53.622568+00:00 (no rows)
2026-02-14T18:55:53.626487+00:00 
2026-02-14T18:55:53.631381+00:00 ---- invisible_columns ----
2026-02-14T18:55:53.649500+00:00 (no rows)
2026-02-14T18:55:53.654818+00:00 
2026-02-14T18:55:53.658407+00:00 ---- check_constraints ----
2026-02-14T18:55:53.663110+00:00 (no rows)
2026-02-14T18:55:53.665185+00:00 
2026-02-14T18:55:53.667809+00:00 ---- partial_revokes ----
2026-02-14T18:55:53.670174+00:00 (no rows)
2026-02-14T18:55:53.672683+00:00 
2026-02-14T18:55:53.675239+00:00 ---- gis_srid_usage ----
2026-02-14T18:55:53.678167+00:00 sakila	address	location	0
2026-02-14T18:55:53.680540+00:00 
2026-02-14T18:55:53.682956+00:00 ---- resource_groups ----
2026-02-14T18:55:53.685326+00:00 USR_default	USER	1	0-9	0
2026-02-14T18:55:53.688884+00:00 SYS_default	SYSTEM	1	0-9	0
2026-02-14T18:55:53.691291+00:00 
2026-02-14T18:55:53.694134+00:00 ---- xplugin_status ----
2026-02-14T18:55:53.696886+00:00 mysqlx	ACTIVE
2026-02-14T18:55:53.699203+00:00 
2026-02-14T18:55:53.707313+00:00 ---- fk_name_lengths ----
2026-02-14T18:55:53.709039+00:00 (no rows)
2026-02-14T18:55:53.711371+00:00 
2026-02-14T18:55:53.713714+00:00 ---- trigger_order ----
2026-02-14T18:55:53.715930+00:00 (no rows)
2026-02-14T18:55:53.721535+00:00 
2026-02-14T18:55:53.727892+00:00 Precheck complete.
2026-02-14T18:55:53.730585+00:00 TSV outputs: artifacts/assess_20260214_185551/precheck/*.tsv
2026-02-14T18:55:53.808212+00:00 FINISH success=True message=Assessment passed. Ready to plan/run.
