2026-03-07T15:44:35.055137+00:00 START mode=assessment config=config/source.yaml
2026-03-07T15:44:36.147818+00:00 Assessment source auth selected: SRC_ADMIN_USER (admin)
2026-03-07T15:44:36.173993+00:00 RUN precheck -> /mnt/macshare/scripts/00_precheck.sh
2026-03-07T15:45:11.252941+00:00 == Precheck runner ==
2026-03-07T15:45:11.261738+00:00 Host: 192.168.64.7  Port: 3306  User: admin
2026-03-07T15:45:11.272221+00:00 Checks dir: /mnt/macshare/sql/checks
2026-03-07T15:45:11.278969+00:00 Outdir: artifacts/assess_20260307_154428/precheck
2026-03-07T15:45:11.287326+00:00 
2026-03-07T15:45:11.294582+00:00 NOTE: mariadb-migrate-config-file not found; skipping config check.
2026-03-07T15:45:11.318618+00:00 ---- mysql_version ----
2026-03-07T15:45:11.331542+00:00 8.0.45-0ubuntu0.24.04.1
2026-03-07T15:45:11.346319+00:00 
2026-03-07T15:45:11.356001+00:00 ---- innodb_settings ----
2026-03-07T15:45:11.365613+00:00 1	1
2026-03-07T15:45:11.371168+00:00 
2026-03-07T15:45:11.388614+00:00 ---- auth_plugins ----
2026-03-07T15:45:11.396965+00:00 debian-sys-maint	localhost	caching_sha2_password
2026-03-07T15:45:11.407728+00:00 
2026-03-07T15:45:11.414996+00:00 ---- json_columns ----
2026-03-07T15:45:11.427759+00:00 advanced_test	json_test	data	json
2026-03-07T15:45:11.436978+00:00 advanced_test	json_test	metadata	json
2026-03-07T15:45:11.444726+00:00 testdb	orders_json	data_json	json
2026-03-07T15:45:11.450912+00:00 
2026-03-07T15:45:11.462018+00:00 ---- compression_encryption ----
2026-03-07T15:45:11.470805+00:00 (no rows)
2026-03-07T15:45:11.476671+00:00 
2026-03-07T15:45:11.482131+00:00 ---- engines_summary ----
2026-03-07T15:45:11.491796+00:00 PERFORMANCE_SCHEMA	111
2026-03-07T15:45:11.500373+00:00 InnoDB	59
2026-03-07T15:45:11.508402+00:00 CSV	2
2026-03-07T15:45:11.515853+00:00 
2026-03-07T15:45:11.521419+00:00 ---- schema_sizes ----
2026-03-07T15:45:11.528485+00:00 testdb	38.56
2026-03-07T15:45:11.536697+00:00 sakila	6.45
2026-03-07T15:45:11.545343+00:00 mysql	2.73
2026-03-07T15:45:11.552561+00:00 world	0.77
2026-03-07T15:45:11.560885+00:00 test_replication	0.03
2026-03-07T15:45:11.569332+00:00 sys	0.02
2026-03-07T15:45:11.577644+00:00 advanced_test	0.02
2026-03-07T15:45:11.593087+00:00 information_schema	0.00
2026-03-07T15:45:11.596509+00:00 performance_schema	0.00
2026-03-07T15:45:11.606377+00:00 
2026-03-07T15:45:11.613640+00:00 ---- schema_charsets ----
2026-03-07T15:45:11.625017+00:00 advanced_test	utf8mb4	utf8mb4_0900_ai_ci
2026-03-07T15:45:11.631862+00:00 sakila	utf8mb4	utf8mb4_0900_ai_ci
2026-03-07T15:45:11.640158+00:00 test_replication	utf8mb4	utf8mb4_0900_ai_ci
2026-03-07T15:45:11.647475+00:00 testdb	utf8mb4	utf8mb4_0900_ai_ci
2026-03-07T15:45:11.650852+00:00 world	utf8mb4	utf8mb4_0900_ai_ci
2026-03-07T15:45:11.659913+00:00 
2026-03-07T15:45:11.666557+00:00 ---- mysql8_collations ----
2026-03-07T15:45:11.672900+00:00 advanced_test	json_test	utf8mb4_0900_ai_ci
2026-03-07T15:45:11.682723+00:00 sakila	actor	utf8mb4_0900_ai_ci
2026-03-07T15:45:11.689151+00:00 sakila	address	utf8mb4_0900_ai_ci
2026-03-07T15:45:11.700218+00:00 sakila	category	utf8mb4_0900_ai_ci
2026-03-07T15:45:11.703453+00:00 sakila	city	utf8mb4_0900_ai_ci
2026-03-07T15:45:11.710580+00:00 sakila	country	utf8mb4_0900_ai_ci
2026-03-07T15:45:11.720004+00:00 sakila	customer	utf8mb4_0900_ai_ci
2026-03-07T15:45:11.724792+00:00 sakila	film	utf8mb4_0900_ai_ci
2026-03-07T15:45:11.734270+00:00 sakila	film_actor	utf8mb4_0900_ai_ci
2026-03-07T15:45:11.739507+00:00 sakila	film_category	utf8mb4_0900_ai_ci
2026-03-07T15:45:11.748804+00:00 sakila	film_text	utf8mb4_0900_ai_ci
2026-03-07T15:45:11.755879+00:00 sakila	inventory	utf8mb4_0900_ai_ci
2026-03-07T15:45:11.762242+00:00 sakila	language	utf8mb4_0900_ai_ci
2026-03-07T15:45:11.772353+00:00 sakila	payment	utf8mb4_0900_ai_ci
2026-03-07T15:45:11.782496+00:00 sakila	rental	utf8mb4_0900_ai_ci
2026-03-07T15:45:11.787770+00:00 sakila	staff	utf8mb4_0900_ai_ci
2026-03-07T15:45:11.801175+00:00 sakila	store	utf8mb4_0900_ai_ci
2026-03-07T15:45:11.811221+00:00 test_replication	customers	utf8mb4_0900_ai_ci
2026-03-07T15:45:11.818229+00:00 test_replication	replication_test	utf8mb4_0900_ai_ci
2026-03-07T15:45:11.824588+00:00 testdb	orders_json	utf8mb4_0900_ai_ci
2026-03-07T15:45:11.836441+00:00 world	city	utf8mb4_0900_ai_ci
2026-03-07T15:45:11.844699+00:00 world	country	utf8mb4_0900_ai_ci
2026-03-07T15:45:11.851486+00:00 world	countrylanguage	utf8mb4_0900_ai_ci
2026-03-07T15:45:11.858448+00:00 
2026-03-07T15:45:11.866795+00:00 ---- mysql8_column_collations ----
2026-03-07T15:45:11.871445+00:00 sakila	actor	first_name	utf8mb4_0900_ai_ci
2026-03-07T15:45:11.882456+00:00 sakila	actor	last_name	utf8mb4_0900_ai_ci
2026-03-07T15:45:11.888178+00:00 sakila	actor_info	film_info	utf8mb4_0900_ai_ci
2026-03-07T15:45:11.895156+00:00 sakila	actor_info	first_name	utf8mb4_0900_ai_ci
2026-03-07T15:45:11.899131+00:00 sakila	actor_info	last_name	utf8mb4_0900_ai_ci
2026-03-07T15:45:11.909816+00:00 sakila	address	address	utf8mb4_0900_ai_ci
2026-03-07T15:45:11.919820+00:00 sakila	address	address2	utf8mb4_0900_ai_ci
2026-03-07T15:45:11.927348+00:00 sakila	address	district	utf8mb4_0900_ai_ci
2026-03-07T15:45:11.934493+00:00 sakila	address	phone	utf8mb4_0900_ai_ci
2026-03-07T15:45:11.943010+00:00 sakila	address	postal_code	utf8mb4_0900_ai_ci
2026-03-07T15:45:11.947566+00:00 sakila	category	name	utf8mb4_0900_ai_ci
2026-03-07T15:45:11.953407+00:00 sakila	city	city	utf8mb4_0900_ai_ci
2026-03-07T15:45:11.959577+00:00 sakila	country	country	utf8mb4_0900_ai_ci
2026-03-07T15:45:11.968427+00:00 sakila	customer	email	utf8mb4_0900_ai_ci
2026-03-07T15:45:11.973872+00:00 sakila	customer	first_name	utf8mb4_0900_ai_ci
2026-03-07T15:45:11.981227+00:00 sakila	customer	last_name	utf8mb4_0900_ai_ci
2026-03-07T15:45:11.987656+00:00 sakila	customer_list	address	utf8mb4_0900_ai_ci
2026-03-07T15:45:11.993535+00:00 sakila	customer_list	city	utf8mb4_0900_ai_ci
2026-03-07T15:45:12.009573+00:00 sakila	customer_list	country	utf8mb4_0900_ai_ci
2026-03-07T15:45:12.018095+00:00 sakila	customer_list	name	utf8mb4_0900_ai_ci
2026-03-07T15:45:12.027453+00:00 sakila	customer_list	notes	utf8mb4_0900_ai_ci
2026-03-07T15:45:12.035115+00:00 sakila	customer_list	phone	utf8mb4_0900_ai_ci
2026-03-07T15:45:12.041223+00:00 sakila	customer_list	zip code	utf8mb4_0900_ai_ci
2026-03-07T15:45:12.046424+00:00 sakila	film	description	utf8mb4_0900_ai_ci
2026-03-07T15:45:12.061808+00:00 sakila	film	rating	utf8mb4_0900_ai_ci
2026-03-07T15:45:12.065410+00:00 sakila	film	special_features	utf8mb4_0900_ai_ci
2026-03-07T15:45:12.075846+00:00 sakila	film	title	utf8mb4_0900_ai_ci
2026-03-07T15:45:12.083021+00:00 sakila	film_list	actors	utf8mb4_0900_ai_ci
2026-03-07T15:45:12.091678+00:00 sakila	film_list	category	utf8mb4_0900_ai_ci
2026-03-07T15:45:12.096508+00:00 sakila	film_list	description	utf8mb4_0900_ai_ci
2026-03-07T15:45:12.110032+00:00 sakila	film_list	rating	utf8mb4_0900_ai_ci
2026-03-07T15:45:12.118567+00:00 sakila	film_list	title	utf8mb4_0900_ai_ci
2026-03-07T15:45:12.126218+00:00 sakila	film_text	description	utf8mb4_0900_ai_ci
2026-03-07T15:45:12.132647+00:00 sakila	film_text	title	utf8mb4_0900_ai_ci
2026-03-07T15:45:12.139295+00:00 sakila	language	name	utf8mb4_0900_ai_ci
2026-03-07T15:45:12.145848+00:00 sakila	nicer_but_slower_film_list	actors	utf8mb4_0900_ai_ci
2026-03-07T15:45:12.153988+00:00 sakila	nicer_but_slower_film_list	category	utf8mb4_0900_ai_ci
2026-03-07T15:45:12.159920+00:00 sakila	nicer_but_slower_film_list	description	utf8mb4_0900_ai_ci
2026-03-07T15:45:12.169681+00:00 sakila	nicer_but_slower_film_list	rating	utf8mb4_0900_ai_ci
2026-03-07T15:45:12.175734+00:00 sakila	nicer_but_slower_film_list	title	utf8mb4_0900_ai_ci
2026-03-07T15:45:12.183040+00:00 sakila	sales_by_film_category	category	utf8mb4_0900_ai_ci
2026-03-07T15:45:12.190163+00:00 sakila	sales_by_store	manager	utf8mb4_0900_ai_ci
2026-03-07T15:45:12.197258+00:00 sakila	sales_by_store	store	utf8mb4_0900_ai_ci
2026-03-07T15:45:12.208261+00:00 sakila	staff	email	utf8mb4_0900_ai_ci
2026-03-07T15:45:12.221133+00:00 sakila	staff	first_name	utf8mb4_0900_ai_ci
2026-03-07T15:45:12.227324+00:00 sakila	staff	last_name	utf8mb4_0900_ai_ci
2026-03-07T15:45:12.234343+00:00 sakila	staff	username	utf8mb4_0900_ai_ci
2026-03-07T15:45:12.240908+00:00 sakila	staff_list	address	utf8mb4_0900_ai_ci
2026-03-07T15:45:12.252264+00:00 sakila	staff_list	city	utf8mb4_0900_ai_ci
2026-03-07T15:45:12.258895+00:00 sakila	staff_list	country	utf8mb4_0900_ai_ci
2026-03-07T15:45:12.266595+00:00 ... (truncated; full output in artifacts/assess_20260307_154428/precheck/mysql8_column_collations.tsv)
2026-03-07T15:45:12.275107+00:00 
2026-03-07T15:45:12.284317+00:00 ---- sql_mode ----
2026-03-07T15:45:12.291719+00:00 ONLY_FULL_GROUP_BY,STRICT_TRANS_TABLES,NO_ZERO_IN_DATE,NO_ZERO_DATE,ERROR_FOR_DIVISION_BY_ZERO,NO_ENGINE_SUBSTITUTION
2026-03-07T15:45:12.301480+00:00 
2026-03-07T15:45:12.307878+00:00 ---- definers_inventory ----
2026-03-07T15:45:12.318180+00:00 TRIGGER	root@localhost	6
2026-03-07T15:45:12.327896+00:00 VIEW	root@localhost	7
2026-03-07T15:45:12.335868+00:00 
2026-03-07T15:45:12.340302+00:00 ---- partitioned_tables ----
2026-03-07T15:45:12.347373+00:00 (no rows)
2026-03-07T15:45:12.355948+00:00 
2026-03-07T15:45:12.364877+00:00 ---- active_plugins ----
2026-03-07T15:45:12.374589+00:00 ARCHIVE	ACTIVE
2026-03-07T15:45:12.384202+00:00 auth_socket	ACTIVE
2026-03-07T15:45:12.393584+00:00 binlog	ACTIVE
2026-03-07T15:45:12.402774+00:00 BLACKHOLE	ACTIVE
2026-03-07T15:45:12.408925+00:00 caching_sha2_password	ACTIVE
2026-03-07T15:45:12.425211+00:00 CSV	ACTIVE
2026-03-07T15:45:12.432154+00:00 daemon_keyring_proxy_plugin	ACTIVE
2026-03-07T15:45:12.442541+00:00 InnoDB	ACTIVE
2026-03-07T15:45:12.453280+00:00 INNODB_BUFFER_PAGE	ACTIVE
2026-03-07T15:45:12.461565+00:00 INNODB_BUFFER_PAGE_LRU	ACTIVE
2026-03-07T15:45:12.468767+00:00 INNODB_BUFFER_POOL_STATS	ACTIVE
2026-03-07T15:45:12.480208+00:00 INNODB_CACHED_INDEXES	ACTIVE
2026-03-07T15:45:12.486424+00:00 INNODB_CMP	ACTIVE
2026-03-07T15:45:12.492757+00:00 INNODB_CMPMEM	ACTIVE
2026-03-07T15:45:12.497487+00:00 INNODB_CMPMEM_RESET	ACTIVE
2026-03-07T15:45:12.511124+00:00 INNODB_CMP_PER_INDEX	ACTIVE
2026-03-07T15:45:12.520217+00:00 INNODB_CMP_PER_INDEX_RESET	ACTIVE
2026-03-07T15:45:12.527263+00:00 INNODB_CMP_RESET	ACTIVE
2026-03-07T15:45:12.539621+00:00 INNODB_COLUMNS	ACTIVE
2026-03-07T15:45:12.549406+00:00 INNODB_FT_BEING_DELETED	ACTIVE
2026-03-07T15:45:12.554008+00:00 INNODB_FT_CONFIG	ACTIVE
2026-03-07T15:45:12.561267+00:00 INNODB_FT_DEFAULT_STOPWORD	ACTIVE
2026-03-07T15:45:12.569591+00:00 INNODB_FT_DELETED	ACTIVE
2026-03-07T15:45:12.575863+00:00 INNODB_FT_INDEX_CACHE	ACTIVE
2026-03-07T15:45:12.586787+00:00 INNODB_FT_INDEX_TABLE	ACTIVE
2026-03-07T15:45:12.593764+00:00 INNODB_INDEXES	ACTIVE
2026-03-07T15:45:12.601329+00:00 INNODB_METRICS	ACTIVE
2026-03-07T15:45:12.609787+00:00 INNODB_SESSION_TEMP_TABLESPACES	ACTIVE
2026-03-07T15:45:12.616056+00:00 INNODB_TABLES	ACTIVE
2026-03-07T15:45:12.636576+00:00 INNODB_TABLESPACES	ACTIVE
2026-03-07T15:45:12.644024+00:00 INNODB_TABLESTATS	ACTIVE
2026-03-07T15:45:12.655647+00:00 INNODB_TEMP_TABLE_INFO	ACTIVE
2026-03-07T15:45:12.664532+00:00 INNODB_TRX	ACTIVE
2026-03-07T15:45:12.672375+00:00 INNODB_VIRTUAL	ACTIVE
2026-03-07T15:45:12.677196+00:00 MEMORY	ACTIVE
2026-03-07T15:45:12.687938+00:00 MRG_MYISAM	ACTIVE
2026-03-07T15:45:12.699897+00:00 MyISAM	ACTIVE
2026-03-07T15:45:12.702775+00:00 mysqlx	ACTIVE
2026-03-07T15:45:12.714443+00:00 mysqlx_cache_cleaner	ACTIVE
2026-03-07T15:45:12.724339+00:00 mysql_native_password	ACTIVE
2026-03-07T15:45:12.731285+00:00 ngram	ACTIVE
2026-03-07T15:45:12.738634+00:00 PERFORMANCE_SCHEMA	ACTIVE
2026-03-07T15:45:12.742923+00:00 sha256_password	ACTIVE
2026-03-07T15:45:12.750341+00:00 sha2_cache_cleaner	ACTIVE
2026-03-07T15:45:12.755799+00:00 TempTable	ACTIVE
2026-03-07T15:45:12.771941+00:00 
2026-03-07T15:45:12.776912+00:00 ---- functional_indexes ----
2026-03-07T15:45:12.790430+00:00 (no rows)
2026-03-07T15:45:12.802401+00:00 
2026-03-07T15:45:12.811559+00:00 ---- functional_defaults ----
2026-03-07T15:45:12.818359+00:00 (no rows)
2026-03-07T15:45:12.827731+00:00 
2026-03-07T15:45:12.846839+00:00 ---- invisible_columns ----
2026-03-07T15:45:12.853842+00:00 (no rows)
2026-03-07T15:45:12.859719+00:00 
2026-03-07T15:45:12.876440+00:00 ---- check_constraints ----
2026-03-07T15:45:12.894628+00:00 (no rows)
2026-03-07T15:45:12.907073+00:00 
2026-03-07T15:45:12.915989+00:00 ---- partial_revokes ----
2026-03-07T15:45:12.923795+00:00 (no rows)
2026-03-07T15:45:12.929453+00:00 
2026-03-07T15:45:12.940225+00:00 ---- gis_srid_usage ----
2026-03-07T15:45:12.949382+00:00 sakila	address	location	0
2026-03-07T15:45:12.961309+00:00 
2026-03-07T15:45:12.969359+00:00 ---- resource_groups ----
2026-03-07T15:45:12.975805+00:00 USR_default	USER	1	0-9	0
2026-03-07T15:45:12.981737+00:00 SYS_default	SYSTEM	1	0-9	0
2026-03-07T15:45:12.991175+00:00 
2026-03-07T15:45:12.996580+00:00 ---- xplugin_status ----
2026-03-07T15:45:13.006612+00:00 mysqlx	ACTIVE
2026-03-07T15:45:13.018109+00:00 
2026-03-07T15:45:13.027272+00:00 ---- fk_name_lengths ----
2026-03-07T15:45:13.031549+00:00 (no rows)
2026-03-07T15:45:13.050751+00:00 
2026-03-07T15:45:13.057523+00:00 ---- trigger_order ----
2026-03-07T15:45:13.066576+00:00 (no rows)
2026-03-07T15:45:13.074110+00:00 
2026-03-07T15:45:13.079468+00:00 Precheck complete.
2026-03-07T15:45:13.086497+00:00 TSV outputs: artifacts/assess_20260307_154428/precheck/*.tsv
2026-03-07T15:45:15.585105+00:00 FINISH success=True message=Assessment passed. Ready to plan/run.
