2026-03-05T18:01:33.400638+00:00 START mode=assessment config=config/source.yaml
2026-03-05T18:01:33.681801+00:00 Assessment source auth selected: SRC_ADMIN_USER (admin)
2026-03-05T18:01:33.690625+00:00 RUN precheck -> /mnt/macshare/scripts/00_precheck.sh
2026-03-05T18:01:42.446373+00:00 == Precheck runner ==
2026-03-05T18:01:42.449393+00:00 Host: 192.168.64.7  Port: 3306  User: admin
2026-03-05T18:01:42.452479+00:00 Checks dir: /mnt/macshare/sql/checks
2026-03-05T18:01:42.455687+00:00 Outdir: artifacts/assess_20260305_180131/precheck
2026-03-05T18:01:42.458870+00:00 
2026-03-05T18:01:42.462977+00:00 NOTE: mariadb-migrate-config-file not found; skipping config check.
2026-03-05T18:01:42.465418+00:00 ---- mysql_version ----
2026-03-05T18:01:42.469360+00:00 8.0.45-0ubuntu0.24.04.1
2026-03-05T18:01:42.473330+00:00 
2026-03-05T18:01:42.478392+00:00 ---- innodb_settings ----
2026-03-05T18:01:42.481662+00:00 1	1
2026-03-05T18:01:42.485735+00:00 
2026-03-05T18:01:42.488416+00:00 ---- auth_plugins ----
2026-03-05T18:01:42.492405+00:00 debian-sys-maint	localhost	caching_sha2_password
2026-03-05T18:01:42.496164+00:00 
2026-03-05T18:01:42.501130+00:00 ---- json_columns ----
2026-03-05T18:01:42.505254+00:00 advanced_test	json_test	data	json
2026-03-05T18:01:42.510261+00:00 advanced_test	json_test	metadata	json
2026-03-05T18:01:42.515272+00:00 testdb	orders_json	data_json	json
2026-03-05T18:01:42.517793+00:00 
2026-03-05T18:01:42.520703+00:00 ---- compression_encryption ----
2026-03-05T18:01:42.523383+00:00 (no rows)
2026-03-05T18:01:42.525974+00:00 
2026-03-05T18:01:42.528448+00:00 ---- engines_summary ----
2026-03-05T18:01:42.531546+00:00 PERFORMANCE_SCHEMA	111
2026-03-05T18:01:42.535289+00:00 InnoDB	59
2026-03-05T18:01:42.539069+00:00 CSV	2
2026-03-05T18:01:42.541766+00:00 
2026-03-05T18:01:42.548241+00:00 ---- schema_sizes ----
2026-03-05T18:01:42.551464+00:00 testdb	38.56
2026-03-05T18:01:42.554875+00:00 sakila	6.45
2026-03-05T18:01:42.560038+00:00 mysql	2.73
2026-03-05T18:01:42.564008+00:00 world	0.77
2026-03-05T18:01:42.567876+00:00 test_replication	0.03
2026-03-05T18:01:42.572014+00:00 sys	0.02
2026-03-05T18:01:42.575926+00:00 advanced_test	0.02
2026-03-05T18:01:42.578853+00:00 information_schema	0.00
2026-03-05T18:01:42.583698+00:00 performance_schema	0.00
2026-03-05T18:01:42.588600+00:00 
2026-03-05T18:01:42.592847+00:00 ---- schema_charsets ----
2026-03-05T18:01:42.595837+00:00 advanced_test	utf8mb4	utf8mb4_0900_ai_ci
2026-03-05T18:01:42.600053+00:00 sakila	utf8mb4	utf8mb4_0900_ai_ci
2026-03-05T18:01:42.604349+00:00 test_replication	utf8mb4	utf8mb4_0900_ai_ci
2026-03-05T18:01:42.608805+00:00 testdb	utf8mb4	utf8mb4_0900_ai_ci
2026-03-05T18:01:42.612234+00:00 world	utf8mb4	utf8mb4_0900_ai_ci
2026-03-05T18:01:42.615543+00:00 
2026-03-05T18:01:42.618293+00:00 ---- mysql8_collations ----
2026-03-05T18:01:42.622649+00:00 advanced_test	json_test	utf8mb4_0900_ai_ci
2026-03-05T18:01:42.626740+00:00 sakila	actor	utf8mb4_0900_ai_ci
2026-03-05T18:01:42.630317+00:00 sakila	address	utf8mb4_0900_ai_ci
2026-03-05T18:01:42.633067+00:00 sakila	category	utf8mb4_0900_ai_ci
2026-03-05T18:01:42.635830+00:00 sakila	city	utf8mb4_0900_ai_ci
2026-03-05T18:01:42.639865+00:00 sakila	country	utf8mb4_0900_ai_ci
2026-03-05T18:01:42.642923+00:00 sakila	customer	utf8mb4_0900_ai_ci
2026-03-05T18:01:42.647221+00:00 sakila	film	utf8mb4_0900_ai_ci
2026-03-05T18:01:42.651541+00:00 sakila	film_actor	utf8mb4_0900_ai_ci
2026-03-05T18:01:42.654685+00:00 sakila	film_category	utf8mb4_0900_ai_ci
2026-03-05T18:01:42.658067+00:00 sakila	film_text	utf8mb4_0900_ai_ci
2026-03-05T18:01:42.661129+00:00 sakila	inventory	utf8mb4_0900_ai_ci
2026-03-05T18:01:42.664060+00:00 sakila	language	utf8mb4_0900_ai_ci
2026-03-05T18:01:42.667274+00:00 sakila	payment	utf8mb4_0900_ai_ci
2026-03-05T18:01:42.670349+00:00 sakila	rental	utf8mb4_0900_ai_ci
2026-03-05T18:01:42.674367+00:00 sakila	staff	utf8mb4_0900_ai_ci
2026-03-05T18:01:42.679412+00:00 sakila	store	utf8mb4_0900_ai_ci
2026-03-05T18:01:42.685034+00:00 test_replication	customers	utf8mb4_0900_ai_ci
2026-03-05T18:01:42.688086+00:00 test_replication	replication_test	utf8mb4_0900_ai_ci
2026-03-05T18:01:42.693176+00:00 testdb	orders_json	utf8mb4_0900_ai_ci
2026-03-05T18:01:42.698785+00:00 world	city	utf8mb4_0900_ai_ci
2026-03-05T18:01:42.703389+00:00 world	country	utf8mb4_0900_ai_ci
2026-03-05T18:01:42.707496+00:00 world	countrylanguage	utf8mb4_0900_ai_ci
2026-03-05T18:01:42.711631+00:00 
2026-03-05T18:01:42.714516+00:00 ---- mysql8_column_collations ----
2026-03-05T18:01:42.718464+00:00 sakila	actor	first_name	utf8mb4_0900_ai_ci
2026-03-05T18:01:42.721930+00:00 sakila	actor	last_name	utf8mb4_0900_ai_ci
2026-03-05T18:01:42.726063+00:00 sakila	actor_info	film_info	utf8mb4_0900_ai_ci
2026-03-05T18:01:42.731563+00:00 sakila	actor_info	first_name	utf8mb4_0900_ai_ci
2026-03-05T18:01:42.735443+00:00 sakila	actor_info	last_name	utf8mb4_0900_ai_ci
2026-03-05T18:01:42.739353+00:00 sakila	address	address	utf8mb4_0900_ai_ci
2026-03-05T18:01:42.743237+00:00 sakila	address	address2	utf8mb4_0900_ai_ci
2026-03-05T18:01:42.748077+00:00 sakila	address	district	utf8mb4_0900_ai_ci
2026-03-05T18:01:42.752749+00:00 sakila	address	phone	utf8mb4_0900_ai_ci
2026-03-05T18:01:42.755685+00:00 sakila	address	postal_code	utf8mb4_0900_ai_ci
2026-03-05T18:01:42.758744+00:00 sakila	category	name	utf8mb4_0900_ai_ci
2026-03-05T18:01:42.762037+00:00 sakila	city	city	utf8mb4_0900_ai_ci
2026-03-05T18:01:42.765241+00:00 sakila	country	country	utf8mb4_0900_ai_ci
2026-03-05T18:01:42.769136+00:00 sakila	customer	email	utf8mb4_0900_ai_ci
2026-03-05T18:01:42.772027+00:00 sakila	customer	first_name	utf8mb4_0900_ai_ci
2026-03-05T18:01:42.774979+00:00 sakila	customer	last_name	utf8mb4_0900_ai_ci
2026-03-05T18:01:42.779134+00:00 sakila	customer_list	address	utf8mb4_0900_ai_ci
2026-03-05T18:01:42.782242+00:00 sakila	customer_list	city	utf8mb4_0900_ai_ci
2026-03-05T18:01:42.785020+00:00 sakila	customer_list	country	utf8mb4_0900_ai_ci
2026-03-05T18:01:42.788266+00:00 sakila	customer_list	name	utf8mb4_0900_ai_ci
2026-03-05T18:01:42.792158+00:00 sakila	customer_list	notes	utf8mb4_0900_ai_ci
2026-03-05T18:01:42.795446+00:00 sakila	customer_list	phone	utf8mb4_0900_ai_ci
2026-03-05T18:01:42.798624+00:00 sakila	customer_list	zip code	utf8mb4_0900_ai_ci
2026-03-05T18:01:42.801743+00:00 sakila	film	description	utf8mb4_0900_ai_ci
2026-03-05T18:01:42.805218+00:00 sakila	film	rating	utf8mb4_0900_ai_ci
2026-03-05T18:01:42.808618+00:00 sakila	film	special_features	utf8mb4_0900_ai_ci
2026-03-05T18:01:42.812140+00:00 sakila	film	title	utf8mb4_0900_ai_ci
2026-03-05T18:01:42.817539+00:00 sakila	film_list	actors	utf8mb4_0900_ai_ci
2026-03-05T18:01:42.821215+00:00 sakila	film_list	category	utf8mb4_0900_ai_ci
2026-03-05T18:01:42.824796+00:00 sakila	film_list	description	utf8mb4_0900_ai_ci
2026-03-05T18:01:42.829600+00:00 sakila	film_list	rating	utf8mb4_0900_ai_ci
2026-03-05T18:01:42.834769+00:00 sakila	film_list	title	utf8mb4_0900_ai_ci
2026-03-05T18:01:42.838517+00:00 sakila	film_text	description	utf8mb4_0900_ai_ci
2026-03-05T18:01:42.842298+00:00 sakila	film_text	title	utf8mb4_0900_ai_ci
2026-03-05T18:01:42.845774+00:00 sakila	language	name	utf8mb4_0900_ai_ci
2026-03-05T18:01:42.849116+00:00 sakila	nicer_but_slower_film_list	actors	utf8mb4_0900_ai_ci
2026-03-05T18:01:42.854627+00:00 sakila	nicer_but_slower_film_list	category	utf8mb4_0900_ai_ci
2026-03-05T18:01:42.858171+00:00 sakila	nicer_but_slower_film_list	description	utf8mb4_0900_ai_ci
2026-03-05T18:01:42.862459+00:00 sakila	nicer_but_slower_film_list	rating	utf8mb4_0900_ai_ci
2026-03-05T18:01:42.866049+00:00 sakila	nicer_but_slower_film_list	title	utf8mb4_0900_ai_ci
2026-03-05T18:01:42.869512+00:00 sakila	sales_by_film_category	category	utf8mb4_0900_ai_ci
2026-03-05T18:01:42.874166+00:00 sakila	sales_by_store	manager	utf8mb4_0900_ai_ci
2026-03-05T18:01:42.878373+00:00 sakila	sales_by_store	store	utf8mb4_0900_ai_ci
2026-03-05T18:01:42.883273+00:00 sakila	staff	email	utf8mb4_0900_ai_ci
2026-03-05T18:01:42.886909+00:00 sakila	staff	first_name	utf8mb4_0900_ai_ci
2026-03-05T18:01:42.890187+00:00 sakila	staff	last_name	utf8mb4_0900_ai_ci
2026-03-05T18:01:42.893509+00:00 sakila	staff	username	utf8mb4_0900_ai_ci
2026-03-05T18:01:42.900642+00:00 sakila	staff_list	address	utf8mb4_0900_ai_ci
2026-03-05T18:01:42.905502+00:00 sakila	staff_list	city	utf8mb4_0900_ai_ci
2026-03-05T18:01:42.909555+00:00 sakila	staff_list	country	utf8mb4_0900_ai_ci
2026-03-05T18:01:42.915299+00:00 ... (truncated; full output in artifacts/assess_20260305_180131/precheck/mysql8_column_collations.tsv)
2026-03-05T18:01:42.919679+00:00 
2026-03-05T18:01:42.922833+00:00 ---- sql_mode ----
2026-03-05T18:01:42.927183+00:00 ONLY_FULL_GROUP_BY,STRICT_TRANS_TABLES,NO_ZERO_IN_DATE,NO_ZERO_DATE,ERROR_FOR_DIVISION_BY_ZERO,NO_ENGINE_SUBSTITUTION
2026-03-05T18:01:42.931458+00:00 
2026-03-05T18:01:42.934348+00:00 ---- definers_inventory ----
2026-03-05T18:01:42.939757+00:00 TRIGGER	root@localhost	6
2026-03-05T18:01:42.943807+00:00 VIEW	root@localhost	7
2026-03-05T18:01:42.947903+00:00 
2026-03-05T18:01:42.952599+00:00 ---- partitioned_tables ----
2026-03-05T18:01:42.956599+00:00 (no rows)
2026-03-05T18:01:42.959724+00:00 
2026-03-05T18:01:42.964966+00:00 ---- active_plugins ----
2026-03-05T18:01:42.970372+00:00 ARCHIVE	ACTIVE
2026-03-05T18:01:42.974349+00:00 auth_socket	ACTIVE
2026-03-05T18:01:42.977250+00:00 binlog	ACTIVE
2026-03-05T18:01:42.983828+00:00 BLACKHOLE	ACTIVE
2026-03-05T18:01:42.988032+00:00 caching_sha2_password	ACTIVE
2026-03-05T18:01:42.993613+00:00 CSV	ACTIVE
2026-03-05T18:01:43.000150+00:00 daemon_keyring_proxy_plugin	ACTIVE
2026-03-05T18:01:43.003976+00:00 InnoDB	ACTIVE
2026-03-05T18:01:43.007937+00:00 INNODB_BUFFER_PAGE	ACTIVE
2026-03-05T18:01:43.012475+00:00 INNODB_BUFFER_PAGE_LRU	ACTIVE
2026-03-05T18:01:43.018473+00:00 INNODB_BUFFER_POOL_STATS	ACTIVE
2026-03-05T18:01:43.023223+00:00 INNODB_CACHED_INDEXES	ACTIVE
2026-03-05T18:01:43.029084+00:00 INNODB_CMP	ACTIVE
2026-03-05T18:01:43.032683+00:00 INNODB_CMPMEM	ACTIVE
2026-03-05T18:01:43.039844+00:00 INNODB_CMPMEM_RESET	ACTIVE
2026-03-05T18:01:43.043018+00:00 INNODB_CMP_PER_INDEX	ACTIVE
2026-03-05T18:01:43.048650+00:00 INNODB_CMP_PER_INDEX_RESET	ACTIVE
2026-03-05T18:01:43.054247+00:00 INNODB_CMP_RESET	ACTIVE
2026-03-05T18:01:43.058309+00:00 INNODB_COLUMNS	ACTIVE
2026-03-05T18:01:43.061637+00:00 INNODB_FT_BEING_DELETED	ACTIVE
2026-03-05T18:01:43.065863+00:00 INNODB_FT_CONFIG	ACTIVE
2026-03-05T18:01:43.069373+00:00 INNODB_FT_DEFAULT_STOPWORD	ACTIVE
2026-03-05T18:01:43.073312+00:00 INNODB_FT_DELETED	ACTIVE
2026-03-05T18:01:43.078080+00:00 INNODB_FT_INDEX_CACHE	ACTIVE
2026-03-05T18:01:43.083351+00:00 INNODB_FT_INDEX_TABLE	ACTIVE
2026-03-05T18:01:43.089078+00:00 INNODB_INDEXES	ACTIVE
2026-03-05T18:01:43.092751+00:00 INNODB_METRICS	ACTIVE
2026-03-05T18:01:43.097437+00:00 INNODB_SESSION_TEMP_TABLESPACES	ACTIVE
2026-03-05T18:01:43.100968+00:00 INNODB_TABLES	ACTIVE
2026-03-05T18:01:43.105024+00:00 INNODB_TABLESPACES	ACTIVE
2026-03-05T18:01:43.109728+00:00 INNODB_TABLESTATS	ACTIVE
2026-03-05T18:01:43.114682+00:00 INNODB_TEMP_TABLE_INFO	ACTIVE
2026-03-05T18:01:43.118523+00:00 INNODB_TRX	ACTIVE
2026-03-05T18:01:43.122137+00:00 INNODB_VIRTUAL	ACTIVE
2026-03-05T18:01:43.127250+00:00 MEMORY	ACTIVE
2026-03-05T18:01:43.132337+00:00 MRG_MYISAM	ACTIVE
2026-03-05T18:01:43.136303+00:00 MyISAM	ACTIVE
2026-03-05T18:01:43.140251+00:00 mysqlx	ACTIVE
2026-03-05T18:01:43.144071+00:00 mysqlx_cache_cleaner	ACTIVE
2026-03-05T18:01:43.148085+00:00 mysql_native_password	ACTIVE
2026-03-05T18:01:43.153322+00:00 ngram	ACTIVE
2026-03-05T18:01:43.157675+00:00 PERFORMANCE_SCHEMA	ACTIVE
2026-03-05T18:01:43.161857+00:00 sha256_password	ACTIVE
2026-03-05T18:01:43.166970+00:00 sha2_cache_cleaner	ACTIVE
2026-03-05T18:01:43.171158+00:00 TempTable	ACTIVE
2026-03-05T18:01:43.175204+00:00 
2026-03-05T18:01:43.181092+00:00 ---- functional_indexes ----
2026-03-05T18:01:43.185260+00:00 (no rows)
2026-03-05T18:01:43.190024+00:00 
2026-03-05T18:01:43.193566+00:00 ---- functional_defaults ----
2026-03-05T18:01:43.197068+00:00 (no rows)
2026-03-05T18:01:43.201765+00:00 
2026-03-05T18:01:43.206104+00:00 ---- invisible_columns ----
2026-03-05T18:01:43.209457+00:00 (no rows)
2026-03-05T18:01:43.213353+00:00 
2026-03-05T18:01:43.217022+00:00 ---- check_constraints ----
2026-03-05T18:01:43.220826+00:00 (no rows)
2026-03-05T18:01:43.225574+00:00 
2026-03-05T18:01:43.229301+00:00 ---- partial_revokes ----
2026-03-05T18:01:43.233022+00:00 (no rows)
2026-03-05T18:01:43.237711+00:00 
2026-03-05T18:01:43.241326+00:00 ---- gis_srid_usage ----
2026-03-05T18:01:43.245113+00:00 sakila	address	location	0
2026-03-05T18:01:43.248784+00:00 
2026-03-05T18:01:43.253751+00:00 ---- resource_groups ----
2026-03-05T18:01:43.259542+00:00 USR_default	USER	1	0-9	0
2026-03-05T18:01:43.263373+00:00 SYS_default	SYSTEM	1	0-9	0
2026-03-05T18:01:43.271437+00:00 
2026-03-05T18:01:43.278871+00:00 ---- xplugin_status ----
2026-03-05T18:01:43.282136+00:00 mysqlx	ACTIVE
2026-03-05T18:01:43.286785+00:00 
2026-03-05T18:01:43.292401+00:00 ---- fk_name_lengths ----
2026-03-05T18:01:43.297802+00:00 (no rows)
2026-03-05T18:01:43.302152+00:00 
2026-03-05T18:01:43.308311+00:00 ---- trigger_order ----
2026-03-05T18:01:43.312315+00:00 (no rows)
2026-03-05T18:01:43.319554+00:00 
2026-03-05T18:01:43.324254+00:00 Precheck complete.
2026-03-05T18:01:43.328468+00:00 TSV outputs: artifacts/assess_20260305_180131/precheck/*.tsv
2026-03-05T18:01:44.034447+00:00 FINISH success=True message=Assessment passed. Ready to plan/run.
