2026-02-11T18:06:11.714583+00:00 START mode=assessment config=config/source.yaml
2026-02-11T18:06:11.714804+00:00 RUN precheck -> /Users/balajin/Documents/GitHub/Mysql-to-MariaDB-Migration/scripts/00_precheck.sh
2026-02-11T18:06:12.487575+00:00 == Precheck runner ==
2026-02-11T18:06:12.487783+00:00 Host: 127.0.0.1  Port: 3306  User: root
2026-02-11T18:06:12.487824+00:00 Checks dir: /Users/balajin/Documents/GitHub/Mysql-to-MariaDB-Migration/sql/checks
2026-02-11T18:06:12.487858+00:00 Outdir: artifacts/assess_20260211_233611/precheck
2026-02-11T18:06:12.487888+00:00 
2026-02-11T18:06:12.487916+00:00 NOTE: mariadb-migrate-config-file not found; skipping config check.
2026-02-11T18:06:12.487947+00:00 ---- mysql_version ----
2026-02-11T18:06:12.487969+00:00 8.4.8
2026-02-11T18:06:12.487999+00:00 
2026-02-11T18:06:12.488036+00:00 ---- innodb_settings ----
2026-02-11T18:06:12.488057+00:00 1	1
2026-02-11T18:06:12.488078+00:00 
2026-02-11T18:06:12.488112+00:00 ---- auth_plugins ----
2026-02-11T18:06:12.488134+00:00 migrate	%	caching_sha2_password
2026-02-11T18:06:12.488154+00:00 migrate	192.168.64.2	caching_sha2_password
2026-02-11T18:06:12.488174+00:00 packer	%	caching_sha2_password
2026-02-11T18:06:12.488195+00:00 root	localhost	caching_sha2_password
2026-02-11T18:06:12.488214+00:00 
2026-02-11T18:06:12.488234+00:00 ---- json_columns ----
2026-02-11T18:06:12.488254+00:00 testdb	orders_json	data_json	json
2026-02-11T18:06:12.488273+00:00 
2026-02-11T18:06:12.488292+00:00 ---- compression_encryption ----
2026-02-11T18:06:12.488317+00:00 (no rows)
2026-02-11T18:06:12.488347+00:00 
2026-02-11T18:06:12.488371+00:00 ---- engines_summary ----
2026-02-11T18:06:12.488392+00:00 PERFORMANCE_SCHEMA	113
2026-02-11T18:06:12.488422+00:00 InnoDB	65
2026-02-11T18:06:12.488444+00:00 CSV	2
2026-02-11T18:06:12.488463+00:00 
2026-02-11T18:06:12.488485+00:00 ---- schema_sizes ----
2026-02-11T18:06:12.488510+00:00 testdb	38.56
2026-02-11T18:06:12.488532+00:00 sakila	6.45
2026-02-11T18:06:12.488552+00:00 mysql	2.61
2026-02-11T18:06:12.488571+00:00 world	0.77
2026-02-11T18:06:12.488595+00:00 classicmodels	0.50
2026-02-11T18:06:12.488614+00:00 sys	0.02
2026-02-11T18:06:12.488636+00:00 information_schema	0.00
2026-02-11T18:06:12.488655+00:00 performance_schema	0.00
2026-02-11T18:06:12.488676+00:00 
2026-02-11T18:06:12.488695+00:00 ---- schema_charsets ----
2026-02-11T18:06:12.488716+00:00 classicmodels	latin1	latin1_swedish_ci
2026-02-11T18:06:12.488736+00:00 sakila	utf8mb4	utf8mb4_0900_ai_ci
2026-02-11T18:06:12.488755+00:00 testdb	utf8mb4	utf8mb4_0900_ai_ci
2026-02-11T18:06:12.488774+00:00 world	utf8mb4	utf8mb4_0900_ai_ci
2026-02-11T18:06:12.488792+00:00 
2026-02-11T18:06:12.488825+00:00 ---- mysql8_collations ----
2026-02-11T18:06:12.488844+00:00 sakila	actor	utf8mb4_0900_ai_ci
2026-02-11T18:06:12.488863+00:00 sakila	address	utf8mb4_0900_ai_ci
2026-02-11T18:06:12.488882+00:00 sakila	category	utf8mb4_0900_ai_ci
2026-02-11T18:06:12.488902+00:00 sakila	city	utf8mb4_0900_ai_ci
2026-02-11T18:06:12.488921+00:00 sakila	country	utf8mb4_0900_ai_ci
2026-02-11T18:06:12.488942+00:00 sakila	customer	utf8mb4_0900_ai_ci
2026-02-11T18:06:12.488960+00:00 sakila	film	utf8mb4_0900_ai_ci
2026-02-11T18:06:12.488979+00:00 sakila	film_actor	utf8mb4_0900_ai_ci
2026-02-11T18:06:12.489002+00:00 sakila	film_category	utf8mb4_0900_ai_ci
2026-02-11T18:06:12.489033+00:00 sakila	film_text	utf8mb4_0900_ai_ci
2026-02-11T18:06:12.489065+00:00 sakila	inventory	utf8mb4_0900_ai_ci
2026-02-11T18:06:12.489098+00:00 sakila	language	utf8mb4_0900_ai_ci
2026-02-11T18:06:12.489123+00:00 sakila	payment	utf8mb4_0900_ai_ci
2026-02-11T18:06:12.489151+00:00 sakila	rental	utf8mb4_0900_ai_ci
2026-02-11T18:06:12.489178+00:00 sakila	staff	utf8mb4_0900_ai_ci
2026-02-11T18:06:12.489202+00:00 sakila	store	utf8mb4_0900_ai_ci
2026-02-11T18:06:12.489224+00:00 testdb	orders_json	utf8mb4_0900_ai_ci
2026-02-11T18:06:12.489249+00:00 world	city	utf8mb4_0900_ai_ci
2026-02-11T18:06:12.489273+00:00 world	country	utf8mb4_0900_ai_ci
2026-02-11T18:06:12.489294+00:00 world	countrylanguage	utf8mb4_0900_ai_ci
2026-02-11T18:06:12.489314+00:00 
2026-02-11T18:06:12.489350+00:00 ---- mysql8_column_collations ----
2026-02-11T18:06:12.489373+00:00 sakila	actor	first_name	utf8mb4_0900_ai_ci
2026-02-11T18:06:12.489406+00:00 sakila	actor	last_name	utf8mb4_0900_ai_ci
2026-02-11T18:06:12.489438+00:00 sakila	actor_info	film_info	utf8mb4_0900_ai_ci
2026-02-11T18:06:12.489463+00:00 sakila	actor_info	first_name	utf8mb4_0900_ai_ci
2026-02-11T18:06:12.489493+00:00 sakila	actor_info	last_name	utf8mb4_0900_ai_ci
2026-02-11T18:06:12.489529+00:00 sakila	address	address	utf8mb4_0900_ai_ci
2026-02-11T18:06:12.489568+00:00 sakila	address	address2	utf8mb4_0900_ai_ci
2026-02-11T18:06:12.489602+00:00 sakila	address	district	utf8mb4_0900_ai_ci
2026-02-11T18:06:12.489635+00:00 sakila	address	phone	utf8mb4_0900_ai_ci
2026-02-11T18:06:12.489671+00:00 sakila	address	postal_code	utf8mb4_0900_ai_ci
2026-02-11T18:06:12.489700+00:00 sakila	category	name	utf8mb4_0900_ai_ci
2026-02-11T18:06:12.489724+00:00 sakila	city	city	utf8mb4_0900_ai_ci
2026-02-11T18:06:12.489746+00:00 sakila	country	country	utf8mb4_0900_ai_ci
2026-02-11T18:06:12.489767+00:00 sakila	customer	email	utf8mb4_0900_ai_ci
2026-02-11T18:06:12.489794+00:00 sakila	customer	first_name	utf8mb4_0900_ai_ci
2026-02-11T18:06:12.489829+00:00 sakila	customer	last_name	utf8mb4_0900_ai_ci
2026-02-11T18:06:12.489862+00:00 sakila	customer_list	address	utf8mb4_0900_ai_ci
2026-02-11T18:06:12.489898+00:00 sakila	customer_list	city	utf8mb4_0900_ai_ci
2026-02-11T18:06:12.489931+00:00 sakila	customer_list	country	utf8mb4_0900_ai_ci
2026-02-11T18:06:12.489962+00:00 sakila	customer_list	name	utf8mb4_0900_ai_ci
2026-02-11T18:06:12.489996+00:00 sakila	customer_list	notes	utf8mb4_0900_ai_ci
2026-02-11T18:06:12.490021+00:00 sakila	customer_list	phone	utf8mb4_0900_ai_ci
2026-02-11T18:06:12.490047+00:00 sakila	customer_list	zip code	utf8mb4_0900_ai_ci
2026-02-11T18:06:12.490072+00:00 sakila	film	description	utf8mb4_0900_ai_ci
2026-02-11T18:06:12.490094+00:00 sakila	film	rating	utf8mb4_0900_ai_ci
2026-02-11T18:06:12.490116+00:00 sakila	film	special_features	utf8mb4_0900_ai_ci
2026-02-11T18:06:12.490137+00:00 sakila	film	title	utf8mb4_0900_ai_ci
2026-02-11T18:06:12.490160+00:00 sakila	film_list	actors	utf8mb4_0900_ai_ci
2026-02-11T18:06:12.490181+00:00 sakila	film_list	category	utf8mb4_0900_ai_ci
2026-02-11T18:06:12.490208+00:00 sakila	film_list	description	utf8mb4_0900_ai_ci
2026-02-11T18:06:12.490234+00:00 sakila	film_list	rating	utf8mb4_0900_ai_ci
2026-02-11T18:06:12.490256+00:00 sakila	film_list	title	utf8mb4_0900_ai_ci
2026-02-11T18:06:12.490278+00:00 sakila	film_text	description	utf8mb4_0900_ai_ci
2026-02-11T18:06:12.490300+00:00 sakila	film_text	title	utf8mb4_0900_ai_ci
2026-02-11T18:06:12.490321+00:00 sakila	language	name	utf8mb4_0900_ai_ci
2026-02-11T18:06:12.490343+00:00 sakila	nicer_but_slower_film_list	actors	utf8mb4_0900_ai_ci
2026-02-11T18:06:12.490364+00:00 sakila	nicer_but_slower_film_list	category	utf8mb4_0900_ai_ci
2026-02-11T18:06:12.490386+00:00 sakila	nicer_but_slower_film_list	description	utf8mb4_0900_ai_ci
2026-02-11T18:06:12.490408+00:00 sakila	nicer_but_slower_film_list	rating	utf8mb4_0900_ai_ci
2026-02-11T18:06:12.490433+00:00 sakila	nicer_but_slower_film_list	title	utf8mb4_0900_ai_ci
2026-02-11T18:06:12.490466+00:00 sakila	sales_by_film_category	category	utf8mb4_0900_ai_ci
2026-02-11T18:06:12.490510+00:00 sakila	sales_by_store	manager	utf8mb4_0900_ai_ci
2026-02-11T18:06:12.490546+00:00 sakila	sales_by_store	store	utf8mb4_0900_ai_ci
2026-02-11T18:06:12.490600+00:00 sakila	staff	email	utf8mb4_0900_ai_ci
2026-02-11T18:06:12.490642+00:00 sakila	staff	first_name	utf8mb4_0900_ai_ci
2026-02-11T18:06:12.490677+00:00 sakila	staff	last_name	utf8mb4_0900_ai_ci
2026-02-11T18:06:12.490713+00:00 sakila	staff	username	utf8mb4_0900_ai_ci
2026-02-11T18:06:12.490753+00:00 sakila	staff_list	address	utf8mb4_0900_ai_ci
2026-02-11T18:06:12.490791+00:00 sakila	staff_list	city	utf8mb4_0900_ai_ci
2026-02-11T18:06:12.490821+00:00 sakila	staff_list	country	utf8mb4_0900_ai_ci
2026-02-11T18:06:12.490867+00:00 ... (truncated; full output in artifacts/assess_20260211_233611/precheck/mysql8_column_collations.tsv)
2026-02-11T18:06:12.490917+00:00 
2026-02-11T18:06:12.490946+00:00 ---- sql_mode ----
2026-02-11T18:06:12.490977+00:00 ONLY_FULL_GROUP_BY,STRICT_TRANS_TABLES,NO_ZERO_IN_DATE,NO_ZERO_DATE,ERROR_FOR_DIVISION_BY_ZERO,NO_ENGINE_SUBSTITUTION
2026-02-11T18:06:12.491006+00:00 
2026-02-11T18:06:12.491040+00:00 ---- definers_inventory ----
2026-02-11T18:06:12.491073+00:00 ROUTINE	root@localhost	6
2026-02-11T18:06:12.491102+00:00 TRIGGER	root@localhost	6
2026-02-11T18:06:12.491126+00:00 VIEW	root@localhost	7
2026-02-11T18:06:12.491151+00:00 
2026-02-11T18:06:12.491176+00:00 ---- partitioned_tables ----
2026-02-11T18:06:12.491200+00:00 (no rows)
2026-02-11T18:06:12.491224+00:00 
2026-02-11T18:06:12.491252+00:00 ---- active_plugins ----
2026-02-11T18:06:12.491284+00:00 ARCHIVE	ACTIVE
2026-02-11T18:06:12.491317+00:00 binlog	ACTIVE
2026-02-11T18:06:12.491345+00:00 BLACKHOLE	ACTIVE
2026-02-11T18:06:12.491385+00:00 caching_sha2_password	ACTIVE
2026-02-11T18:06:12.491430+00:00 CSV	ACTIVE
2026-02-11T18:06:12.491456+00:00 daemon_keyring_proxy_plugin	ACTIVE
2026-02-11T18:06:12.491481+00:00 InnoDB	ACTIVE
2026-02-11T18:06:12.491506+00:00 INNODB_BUFFER_PAGE	ACTIVE
2026-02-11T18:06:12.491545+00:00 INNODB_BUFFER_PAGE_LRU	ACTIVE
2026-02-11T18:06:12.491572+00:00 INNODB_BUFFER_POOL_STATS	ACTIVE
2026-02-11T18:06:12.491599+00:00 INNODB_CACHED_INDEXES	ACTIVE
2026-02-11T18:06:12.491624+00:00 INNODB_CMP	ACTIVE
2026-02-11T18:06:12.491650+00:00 INNODB_CMPMEM	ACTIVE
2026-02-11T18:06:12.491675+00:00 INNODB_CMPMEM_RESET	ACTIVE
2026-02-11T18:06:12.491700+00:00 INNODB_CMP_PER_INDEX	ACTIVE
2026-02-11T18:06:12.491732+00:00 INNODB_CMP_PER_INDEX_RESET	ACTIVE
2026-02-11T18:06:12.491766+00:00 INNODB_CMP_RESET	ACTIVE
2026-02-11T18:06:12.491790+00:00 INNODB_COLUMNS	ACTIVE
2026-02-11T18:06:12.491830+00:00 INNODB_FT_BEING_DELETED	ACTIVE
2026-02-11T18:06:12.491856+00:00 INNODB_FT_CONFIG	ACTIVE
2026-02-11T18:06:12.491900+00:00 INNODB_FT_DEFAULT_STOPWORD	ACTIVE
2026-02-11T18:06:12.491926+00:00 INNODB_FT_DELETED	ACTIVE
2026-02-11T18:06:12.491951+00:00 INNODB_FT_INDEX_CACHE	ACTIVE
2026-02-11T18:06:12.491975+00:00 INNODB_FT_INDEX_TABLE	ACTIVE
2026-02-11T18:06:12.491999+00:00 INNODB_INDEXES	ACTIVE
2026-02-11T18:06:12.492023+00:00 INNODB_METRICS	ACTIVE
2026-02-11T18:06:12.492047+00:00 INNODB_SESSION_TEMP_TABLESPACES	ACTIVE
2026-02-11T18:06:12.492077+00:00 INNODB_TABLES	ACTIVE
2026-02-11T18:06:12.492107+00:00 INNODB_TABLESPACES	ACTIVE
2026-02-11T18:06:12.492133+00:00 INNODB_TABLESTATS	ACTIVE
2026-02-11T18:06:12.492158+00:00 INNODB_TEMP_TABLE_INFO	ACTIVE
2026-02-11T18:06:12.492186+00:00 INNODB_TRX	ACTIVE
2026-02-11T18:06:12.492211+00:00 INNODB_VIRTUAL	ACTIVE
2026-02-11T18:06:12.492238+00:00 MEMORY	ACTIVE
2026-02-11T18:06:12.492266+00:00 MRG_MYISAM	ACTIVE
2026-02-11T18:06:12.492292+00:00 MyISAM	ACTIVE
2026-02-11T18:06:12.492319+00:00 mysqlx	ACTIVE
2026-02-11T18:06:12.492358+00:00 mysqlx_cache_cleaner	ACTIVE
2026-02-11T18:06:12.492398+00:00 ngram	ACTIVE
2026-02-11T18:06:12.492429+00:00 PERFORMANCE_SCHEMA	ACTIVE
2026-02-11T18:06:12.492455+00:00 sha256_password	ACTIVE
2026-02-11T18:06:12.492481+00:00 sha2_cache_cleaner	ACTIVE
2026-02-11T18:06:12.492505+00:00 TempTable	ACTIVE
2026-02-11T18:06:12.492534+00:00 
2026-02-11T18:06:12.492574+00:00 ---- functional_indexes ----
2026-02-11T18:06:12.492599+00:00 (no rows)
2026-02-11T18:06:12.492623+00:00 
2026-02-11T18:06:12.492648+00:00 ---- functional_defaults ----
2026-02-11T18:06:12.492672+00:00 (no rows)
2026-02-11T18:06:12.492696+00:00 
2026-02-11T18:06:12.492721+00:00 ---- invisible_columns ----
2026-02-11T18:06:12.492745+00:00 (no rows)
2026-02-11T18:06:12.492769+00:00 
2026-02-11T18:06:12.492793+00:00 ---- check_constraints ----
2026-02-11T18:06:12.492817+00:00 (no rows)
2026-02-11T18:06:12.492841+00:00 
2026-02-11T18:06:12.492865+00:00 ---- partial_revokes ----
2026-02-11T18:06:12.492890+00:00 (no rows)
2026-02-11T18:06:12.492914+00:00 
2026-02-11T18:06:12.492938+00:00 ---- gis_srid_usage ----
2026-02-11T18:06:12.492962+00:00 sakila	address	location	0
2026-02-11T18:06:12.492986+00:00 
2026-02-11T18:06:12.493020+00:00 ---- resource_groups ----
2026-02-11T18:06:12.493048+00:00 (no rows)
2026-02-11T18:06:12.493075+00:00 
2026-02-11T18:06:12.493102+00:00 ---- xplugin_status ----
2026-02-11T18:06:12.493129+00:00 mysqlx	ACTIVE
2026-02-11T18:06:12.493172+00:00 
2026-02-11T18:06:12.493233+00:00 ---- fk_name_lengths ----
2026-02-11T18:06:12.493282+00:00 (no rows)
2026-02-11T18:06:12.493319+00:00 
2026-02-11T18:06:12.493354+00:00 ---- trigger_order ----
2026-02-11T18:06:12.493390+00:00 (no rows)
2026-02-11T18:06:12.493422+00:00 
2026-02-11T18:06:12.493451+00:00 Precheck complete.
2026-02-11T18:06:12.493479+00:00 TSV outputs: artifacts/assess_20260211_233611/precheck/*.tsv
2026-02-11T18:06:12.494359+00:00 FINISH success=True message=Assessment passed. Ready to plan/run.
