2026-02-12T13:54:37.010692+00:00 START mode=assessment config=config/source.yaml
2026-02-12T13:54:37.010896+00:00 RUN precheck -> /Users/balajin/Documents/GitHub/Mysql-to-MariaDB-Migration/scripts/00_precheck.sh
2026-02-12T13:54:37.655198+00:00 == Precheck runner ==
2026-02-12T13:54:37.655351+00:00 Host: 127.0.0.1  Port: 3306  User: root
2026-02-12T13:54:37.655385+00:00 Checks dir: /Users/balajin/Documents/GitHub/Mysql-to-MariaDB-Migration/sql/checks
2026-02-12T13:54:37.655412+00:00 Outdir: artifacts/assess_20260212_192436/precheck
2026-02-12T13:54:37.655436+00:00 
2026-02-12T13:54:37.655460+00:00 NOTE: mariadb-migrate-config-file not found; skipping config check.
2026-02-12T13:54:37.655483+00:00 ---- mysql_version ----
2026-02-12T13:54:37.655505+00:00 8.4.8
2026-02-12T13:54:37.655532+00:00 
2026-02-12T13:54:37.655556+00:00 ---- innodb_settings ----
2026-02-12T13:54:37.655577+00:00 1	1
2026-02-12T13:54:37.655597+00:00 
2026-02-12T13:54:37.655617+00:00 ---- auth_plugins ----
2026-02-12T13:54:37.655637+00:00 migrate	%	caching_sha2_password
2026-02-12T13:54:37.655657+00:00 migrate	192.168.64.2	caching_sha2_password
2026-02-12T13:54:37.655676+00:00 packer	%	caching_sha2_password
2026-02-12T13:54:37.655696+00:00 root	localhost	caching_sha2_password
2026-02-12T13:54:37.655716+00:00 
2026-02-12T13:54:37.655735+00:00 ---- json_columns ----
2026-02-12T13:54:37.655755+00:00 testdb	orders_json	data_json	json
2026-02-12T13:54:37.655774+00:00 
2026-02-12T13:54:37.655794+00:00 ---- compression_encryption ----
2026-02-12T13:54:37.655813+00:00 (no rows)
2026-02-12T13:54:37.655833+00:00 
2026-02-12T13:54:37.655852+00:00 ---- engines_summary ----
2026-02-12T13:54:37.655873+00:00 PERFORMANCE_SCHEMA	113
2026-02-12T13:54:37.655893+00:00 InnoDB	65
2026-02-12T13:54:37.655912+00:00 CSV	2
2026-02-12T13:54:37.655931+00:00 
2026-02-12T13:54:37.655951+00:00 ---- schema_sizes ----
2026-02-12T13:54:37.655970+00:00 testdb	38.56
2026-02-12T13:54:37.655989+00:00 sakila	6.45
2026-02-12T13:54:37.656008+00:00 mysql	2.61
2026-02-12T13:54:37.656028+00:00 world	0.77
2026-02-12T13:54:37.656047+00:00 classicmodels	0.50
2026-02-12T13:54:37.656066+00:00 sys	0.02
2026-02-12T13:54:37.656085+00:00 information_schema	0.00
2026-02-12T13:54:37.656105+00:00 performance_schema	0.00
2026-02-12T13:54:37.656124+00:00 
2026-02-12T13:54:37.656143+00:00 ---- schema_charsets ----
2026-02-12T13:54:37.656162+00:00 classicmodels	latin1	latin1_swedish_ci
2026-02-12T13:54:37.656181+00:00 sakila	utf8mb4	utf8mb4_0900_ai_ci
2026-02-12T13:54:37.656201+00:00 testdb	utf8mb4	utf8mb4_0900_ai_ci
2026-02-12T13:54:37.656220+00:00 world	utf8mb4	utf8mb4_0900_ai_ci
2026-02-12T13:54:37.656240+00:00 
2026-02-12T13:54:37.656259+00:00 ---- mysql8_collations ----
2026-02-12T13:54:37.656279+00:00 sakila	actor	utf8mb4_0900_ai_ci
2026-02-12T13:54:37.656297+00:00 sakila	address	utf8mb4_0900_ai_ci
2026-02-12T13:54:37.656316+00:00 sakila	category	utf8mb4_0900_ai_ci
2026-02-12T13:54:37.656335+00:00 sakila	city	utf8mb4_0900_ai_ci
2026-02-12T13:54:37.656353+00:00 sakila	country	utf8mb4_0900_ai_ci
2026-02-12T13:54:37.656372+00:00 sakila	customer	utf8mb4_0900_ai_ci
2026-02-12T13:54:37.656390+00:00 sakila	film	utf8mb4_0900_ai_ci
2026-02-12T13:54:37.656409+00:00 sakila	film_actor	utf8mb4_0900_ai_ci
2026-02-12T13:54:37.656428+00:00 sakila	film_category	utf8mb4_0900_ai_ci
2026-02-12T13:54:37.656447+00:00 sakila	film_text	utf8mb4_0900_ai_ci
2026-02-12T13:54:37.656466+00:00 sakila	inventory	utf8mb4_0900_ai_ci
2026-02-12T13:54:37.656485+00:00 sakila	language	utf8mb4_0900_ai_ci
2026-02-12T13:54:37.656504+00:00 sakila	payment	utf8mb4_0900_ai_ci
2026-02-12T13:54:37.656523+00:00 sakila	rental	utf8mb4_0900_ai_ci
2026-02-12T13:54:37.656541+00:00 sakila	staff	utf8mb4_0900_ai_ci
2026-02-12T13:54:37.656560+00:00 sakila	store	utf8mb4_0900_ai_ci
2026-02-12T13:54:37.656579+00:00 testdb	orders_json	utf8mb4_0900_ai_ci
2026-02-12T13:54:37.656598+00:00 world	city	utf8mb4_0900_ai_ci
2026-02-12T13:54:37.656617+00:00 world	country	utf8mb4_0900_ai_ci
2026-02-12T13:54:37.656635+00:00 world	countrylanguage	utf8mb4_0900_ai_ci
2026-02-12T13:54:37.656654+00:00 
2026-02-12T13:54:37.656689+00:00 ---- mysql8_column_collations ----
2026-02-12T13:54:37.656708+00:00 sakila	actor	first_name	utf8mb4_0900_ai_ci
2026-02-12T13:54:37.656727+00:00 sakila	actor	last_name	utf8mb4_0900_ai_ci
2026-02-12T13:54:37.656746+00:00 sakila	actor_info	film_info	utf8mb4_0900_ai_ci
2026-02-12T13:54:37.656765+00:00 sakila	actor_info	first_name	utf8mb4_0900_ai_ci
2026-02-12T13:54:37.656784+00:00 sakila	actor_info	last_name	utf8mb4_0900_ai_ci
2026-02-12T13:54:37.656803+00:00 sakila	address	address	utf8mb4_0900_ai_ci
2026-02-12T13:54:37.656821+00:00 sakila	address	address2	utf8mb4_0900_ai_ci
2026-02-12T13:54:37.656840+00:00 sakila	address	district	utf8mb4_0900_ai_ci
2026-02-12T13:54:37.656859+00:00 sakila	address	phone	utf8mb4_0900_ai_ci
2026-02-12T13:54:37.656878+00:00 sakila	address	postal_code	utf8mb4_0900_ai_ci
2026-02-12T13:54:37.656904+00:00 sakila	category	name	utf8mb4_0900_ai_ci
2026-02-12T13:54:37.656933+00:00 sakila	city	city	utf8mb4_0900_ai_ci
2026-02-12T13:54:37.656956+00:00 sakila	country	country	utf8mb4_0900_ai_ci
2026-02-12T13:54:37.656977+00:00 sakila	customer	email	utf8mb4_0900_ai_ci
2026-02-12T13:54:37.656998+00:00 sakila	customer	first_name	utf8mb4_0900_ai_ci
2026-02-12T13:54:37.657019+00:00 sakila	customer	last_name	utf8mb4_0900_ai_ci
2026-02-12T13:54:37.657041+00:00 sakila	customer_list	address	utf8mb4_0900_ai_ci
2026-02-12T13:54:37.657062+00:00 sakila	customer_list	city	utf8mb4_0900_ai_ci
2026-02-12T13:54:37.657083+00:00 sakila	customer_list	country	utf8mb4_0900_ai_ci
2026-02-12T13:54:37.657105+00:00 sakila	customer_list	name	utf8mb4_0900_ai_ci
2026-02-12T13:54:37.657129+00:00 sakila	customer_list	notes	utf8mb4_0900_ai_ci
2026-02-12T13:54:37.657150+00:00 sakila	customer_list	phone	utf8mb4_0900_ai_ci
2026-02-12T13:54:37.657171+00:00 sakila	customer_list	zip code	utf8mb4_0900_ai_ci
2026-02-12T13:54:37.657192+00:00 sakila	film	description	utf8mb4_0900_ai_ci
2026-02-12T13:54:37.657214+00:00 sakila	film	rating	utf8mb4_0900_ai_ci
2026-02-12T13:54:37.657235+00:00 sakila	film	special_features	utf8mb4_0900_ai_ci
2026-02-12T13:54:37.657256+00:00 sakila	film	title	utf8mb4_0900_ai_ci
2026-02-12T13:54:37.657277+00:00 sakila	film_list	actors	utf8mb4_0900_ai_ci
2026-02-12T13:54:37.657298+00:00 sakila	film_list	category	utf8mb4_0900_ai_ci
2026-02-12T13:54:37.657319+00:00 sakila	film_list	description	utf8mb4_0900_ai_ci
2026-02-12T13:54:37.657340+00:00 sakila	film_list	rating	utf8mb4_0900_ai_ci
2026-02-12T13:54:37.657362+00:00 sakila	film_list	title	utf8mb4_0900_ai_ci
2026-02-12T13:54:37.657383+00:00 sakila	film_text	description	utf8mb4_0900_ai_ci
2026-02-12T13:54:37.657404+00:00 sakila	film_text	title	utf8mb4_0900_ai_ci
2026-02-12T13:54:37.657425+00:00 sakila	language	name	utf8mb4_0900_ai_ci
2026-02-12T13:54:37.657446+00:00 sakila	nicer_but_slower_film_list	actors	utf8mb4_0900_ai_ci
2026-02-12T13:54:37.657467+00:00 sakila	nicer_but_slower_film_list	category	utf8mb4_0900_ai_ci
2026-02-12T13:54:37.657488+00:00 sakila	nicer_but_slower_film_list	description	utf8mb4_0900_ai_ci
2026-02-12T13:54:37.657510+00:00 sakila	nicer_but_slower_film_list	rating	utf8mb4_0900_ai_ci
2026-02-12T13:54:37.657531+00:00 sakila	nicer_but_slower_film_list	title	utf8mb4_0900_ai_ci
2026-02-12T13:54:37.657552+00:00 sakila	sales_by_film_category	category	utf8mb4_0900_ai_ci
2026-02-12T13:54:37.657573+00:00 sakila	sales_by_store	manager	utf8mb4_0900_ai_ci
2026-02-12T13:54:37.657595+00:00 sakila	sales_by_store	store	utf8mb4_0900_ai_ci
2026-02-12T13:54:37.657616+00:00 sakila	staff	email	utf8mb4_0900_ai_ci
2026-02-12T13:54:37.657637+00:00 sakila	staff	first_name	utf8mb4_0900_ai_ci
2026-02-12T13:54:37.657661+00:00 sakila	staff	last_name	utf8mb4_0900_ai_ci
2026-02-12T13:54:37.657682+00:00 sakila	staff	username	utf8mb4_0900_ai_ci
2026-02-12T13:54:37.657703+00:00 sakila	staff_list	address	utf8mb4_0900_ai_ci
2026-02-12T13:54:37.657724+00:00 sakila	staff_list	city	utf8mb4_0900_ai_ci
2026-02-12T13:54:37.657745+00:00 sakila	staff_list	country	utf8mb4_0900_ai_ci
2026-02-12T13:54:37.657766+00:00 ... (truncated; full output in artifacts/assess_20260212_192436/precheck/mysql8_column_collations.tsv)
2026-02-12T13:54:37.657801+00:00 
2026-02-12T13:54:37.657823+00:00 ---- sql_mode ----
2026-02-12T13:54:37.657845+00:00 ONLY_FULL_GROUP_BY,STRICT_TRANS_TABLES,NO_ZERO_IN_DATE,NO_ZERO_DATE,ERROR_FOR_DIVISION_BY_ZERO,NO_ENGINE_SUBSTITUTION
2026-02-12T13:54:37.657864+00:00 
2026-02-12T13:54:37.657882+00:00 ---- definers_inventory ----
2026-02-12T13:54:37.657901+00:00 ROUTINE	root@localhost	6
2026-02-12T13:54:37.657920+00:00 TRIGGER	root@localhost	6
2026-02-12T13:54:37.657943+00:00 VIEW	root@localhost	7
2026-02-12T13:54:37.657961+00:00 
2026-02-12T13:54:37.657983+00:00 ---- partitioned_tables ----
2026-02-12T13:54:37.658004+00:00 (no rows)
2026-02-12T13:54:37.658023+00:00 
2026-02-12T13:54:37.658044+00:00 ---- active_plugins ----
2026-02-12T13:54:37.658065+00:00 ARCHIVE	ACTIVE
2026-02-12T13:54:37.658087+00:00 binlog	ACTIVE
2026-02-12T13:54:37.658108+00:00 BLACKHOLE	ACTIVE
2026-02-12T13:54:37.658129+00:00 caching_sha2_password	ACTIVE
2026-02-12T13:54:37.658153+00:00 CSV	ACTIVE
2026-02-12T13:54:37.658174+00:00 daemon_keyring_proxy_plugin	ACTIVE
2026-02-12T13:54:37.658195+00:00 InnoDB	ACTIVE
2026-02-12T13:54:37.658214+00:00 INNODB_BUFFER_PAGE	ACTIVE
2026-02-12T13:54:37.658235+00:00 INNODB_BUFFER_PAGE_LRU	ACTIVE
2026-02-12T13:54:37.658256+00:00 INNODB_BUFFER_POOL_STATS	ACTIVE
2026-02-12T13:54:37.658277+00:00 INNODB_CACHED_INDEXES	ACTIVE
2026-02-12T13:54:37.658299+00:00 INNODB_CMP	ACTIVE
2026-02-12T13:54:37.658320+00:00 INNODB_CMPMEM	ACTIVE
2026-02-12T13:54:37.658341+00:00 INNODB_CMPMEM_RESET	ACTIVE
2026-02-12T13:54:37.658360+00:00 INNODB_CMP_PER_INDEX	ACTIVE
2026-02-12T13:54:37.658381+00:00 INNODB_CMP_PER_INDEX_RESET	ACTIVE
2026-02-12T13:54:37.658402+00:00 INNODB_CMP_RESET	ACTIVE
2026-02-12T13:54:37.658423+00:00 INNODB_COLUMNS	ACTIVE
2026-02-12T13:54:37.658444+00:00 INNODB_FT_BEING_DELETED	ACTIVE
2026-02-12T13:54:37.658465+00:00 INNODB_FT_CONFIG	ACTIVE
2026-02-12T13:54:37.658486+00:00 INNODB_FT_DEFAULT_STOPWORD	ACTIVE
2026-02-12T13:54:37.658508+00:00 INNODB_FT_DELETED	ACTIVE
2026-02-12T13:54:37.658529+00:00 INNODB_FT_INDEX_CACHE	ACTIVE
2026-02-12T13:54:37.658550+00:00 INNODB_FT_INDEX_TABLE	ACTIVE
2026-02-12T13:54:37.658572+00:00 INNODB_INDEXES	ACTIVE
2026-02-12T13:54:37.658593+00:00 INNODB_METRICS	ACTIVE
2026-02-12T13:54:37.658614+00:00 INNODB_SESSION_TEMP_TABLESPACES	ACTIVE
2026-02-12T13:54:37.658633+00:00 INNODB_TABLES	ACTIVE
2026-02-12T13:54:37.658654+00:00 INNODB_TABLESPACES	ACTIVE
2026-02-12T13:54:37.658675+00:00 INNODB_TABLESTATS	ACTIVE
2026-02-12T13:54:37.658697+00:00 INNODB_TEMP_TABLE_INFO	ACTIVE
2026-02-12T13:54:37.658718+00:00 INNODB_TRX	ACTIVE
2026-02-12T13:54:37.658739+00:00 INNODB_VIRTUAL	ACTIVE
2026-02-12T13:54:37.658760+00:00 MEMORY	ACTIVE
2026-02-12T13:54:37.658781+00:00 MRG_MYISAM	ACTIVE
2026-02-12T13:54:37.658802+00:00 MyISAM	ACTIVE
2026-02-12T13:54:37.658823+00:00 mysqlx	ACTIVE
2026-02-12T13:54:37.658842+00:00 mysqlx_cache_cleaner	ACTIVE
2026-02-12T13:54:37.658862+00:00 ngram	ACTIVE
2026-02-12T13:54:37.658885+00:00 PERFORMANCE_SCHEMA	ACTIVE
2026-02-12T13:54:37.658906+00:00 sha256_password	ACTIVE
2026-02-12T13:54:37.658927+00:00 sha2_cache_cleaner	ACTIVE
2026-02-12T13:54:37.658948+00:00 TempTable	ACTIVE
2026-02-12T13:54:37.658970+00:00 
2026-02-12T13:54:37.658991+00:00 ---- functional_indexes ----
2026-02-12T13:54:37.659012+00:00 (no rows)
2026-02-12T13:54:37.659033+00:00 
2026-02-12T13:54:37.659054+00:00 ---- functional_defaults ----
2026-02-12T13:54:37.659077+00:00 (no rows)
2026-02-12T13:54:37.659098+00:00 
2026-02-12T13:54:37.659118+00:00 ---- invisible_columns ----
2026-02-12T13:54:37.659137+00:00 (no rows)
2026-02-12T13:54:37.659156+00:00 
2026-02-12T13:54:37.659175+00:00 ---- check_constraints ----
2026-02-12T13:54:37.659193+00:00 (no rows)
2026-02-12T13:54:37.659212+00:00 
2026-02-12T13:54:37.659231+00:00 ---- partial_revokes ----
2026-02-12T13:54:37.659250+00:00 (no rows)
2026-02-12T13:54:37.659268+00:00 
2026-02-12T13:54:37.659287+00:00 ---- gis_srid_usage ----
2026-02-12T13:54:37.659305+00:00 sakila	address	location	0
2026-02-12T13:54:37.659328+00:00 
2026-02-12T13:54:37.659362+00:00 ---- resource_groups ----
2026-02-12T13:54:37.659387+00:00 (no rows)
2026-02-12T13:54:37.659411+00:00 
2026-02-12T13:54:37.659435+00:00 ---- xplugin_status ----
2026-02-12T13:54:37.659460+00:00 mysqlx	ACTIVE
2026-02-12T13:54:37.659484+00:00 
2026-02-12T13:54:37.659508+00:00 ---- fk_name_lengths ----
2026-02-12T13:54:37.659532+00:00 (no rows)
2026-02-12T13:54:37.659557+00:00 
2026-02-12T13:54:37.659581+00:00 ---- trigger_order ----
2026-02-12T13:54:37.659606+00:00 (no rows)
2026-02-12T13:54:37.659631+00:00 
2026-02-12T13:54:37.659655+00:00 Precheck complete.
2026-02-12T13:54:37.659680+00:00 TSV outputs: artifacts/assess_20260212_192436/precheck/*.tsv
2026-02-12T13:54:37.660587+00:00 FINISH success=True message=Assessment passed. Ready to plan/run.
