2026-02-12T14:21:16.644832+00:00 START mode=assessment config=config/source.yaml
2026-02-12T14:21:16.691943+00:00 Assessment source auth selected: SRC_USER (migrate)
2026-02-12T14:21:16.692118+00:00 RUN precheck -> /Users/balajin/Documents/GitHub/Mysql-to-MariaDB-Migration/scripts/00_precheck.sh
2026-02-12T14:21:17.386109+00:00 == Precheck runner ==
2026-02-12T14:21:17.386251+00:00 Host: 192.168.68.107  Port: 3306  User: migrate
2026-02-12T14:21:17.386287+00:00 Checks dir: /Users/balajin/Documents/GitHub/Mysql-to-MariaDB-Migration/sql/checks
2026-02-12T14:21:17.386314+00:00 Outdir: artifacts/assess_20260212_195116/precheck
2026-02-12T14:21:17.386341+00:00 
2026-02-12T14:21:17.386366+00:00 NOTE: mariadb-migrate-config-file not found; skipping config check.
2026-02-12T14:21:17.386390+00:00 ---- mysql_version ----
2026-02-12T14:21:17.386414+00:00 8.4.8
2026-02-12T14:21:17.386439+00:00 
2026-02-12T14:21:17.386462+00:00 ---- innodb_settings ----
2026-02-12T14:21:17.386485+00:00 1	1
2026-02-12T14:21:17.386507+00:00 
2026-02-12T14:21:17.386531+00:00 ---- auth_plugins ----
2026-02-12T14:21:17.386554+00:00 migrate	%	caching_sha2_password
2026-02-12T14:21:17.386576+00:00 migrate	192.168.64.2	caching_sha2_password
2026-02-12T14:21:17.386598+00:00 packer	%	caching_sha2_password
2026-02-12T14:21:17.386620+00:00 root	localhost	caching_sha2_password
2026-02-12T14:21:17.386643+00:00 
2026-02-12T14:21:17.386664+00:00 ---- json_columns ----
2026-02-12T14:21:17.386685+00:00 testdb	orders_json	data_json	json
2026-02-12T14:21:17.386707+00:00 
2026-02-12T14:21:17.386731+00:00 ---- compression_encryption ----
2026-02-12T14:21:17.386761+00:00 (no rows)
2026-02-12T14:21:17.386783+00:00 
2026-02-12T14:21:17.386808+00:00 ---- engines_summary ----
2026-02-12T14:21:17.386829+00:00 PERFORMANCE_SCHEMA	113
2026-02-12T14:21:17.386855+00:00 InnoDB	65
2026-02-12T14:21:17.386880+00:00 CSV	2
2026-02-12T14:21:17.386904+00:00 
2026-02-12T14:21:17.386926+00:00 ---- schema_sizes ----
2026-02-12T14:21:17.386947+00:00 testdb	38.56
2026-02-12T14:21:17.386969+00:00 sakila	6.45
2026-02-12T14:21:17.386991+00:00 mysql	2.61
2026-02-12T14:21:17.387012+00:00 world	0.77
2026-02-12T14:21:17.387034+00:00 classicmodels	0.50
2026-02-12T14:21:17.387056+00:00 sys	0.02
2026-02-12T14:21:17.387077+00:00 information_schema	0.00
2026-02-12T14:21:17.387099+00:00 performance_schema	0.00
2026-02-12T14:21:17.387120+00:00 
2026-02-12T14:21:17.387141+00:00 ---- schema_charsets ----
2026-02-12T14:21:17.387163+00:00 classicmodels	latin1	latin1_swedish_ci
2026-02-12T14:21:17.387185+00:00 sakila	utf8mb4	utf8mb4_0900_ai_ci
2026-02-12T14:21:17.387207+00:00 testdb	utf8mb4	utf8mb4_0900_ai_ci
2026-02-12T14:21:17.387229+00:00 world	utf8mb4	utf8mb4_0900_ai_ci
2026-02-12T14:21:17.387250+00:00 
2026-02-12T14:21:17.387271+00:00 ---- mysql8_collations ----
2026-02-12T14:21:17.387293+00:00 sakila	actor	utf8mb4_0900_ai_ci
2026-02-12T14:21:17.387314+00:00 sakila	address	utf8mb4_0900_ai_ci
2026-02-12T14:21:17.387335+00:00 sakila	category	utf8mb4_0900_ai_ci
2026-02-12T14:21:17.387357+00:00 sakila	city	utf8mb4_0900_ai_ci
2026-02-12T14:21:17.387378+00:00 sakila	country	utf8mb4_0900_ai_ci
2026-02-12T14:21:17.387400+00:00 sakila	customer	utf8mb4_0900_ai_ci
2026-02-12T14:21:17.387421+00:00 sakila	film	utf8mb4_0900_ai_ci
2026-02-12T14:21:17.387442+00:00 sakila	film_actor	utf8mb4_0900_ai_ci
2026-02-12T14:21:17.387464+00:00 sakila	film_category	utf8mb4_0900_ai_ci
2026-02-12T14:21:17.387485+00:00 sakila	film_text	utf8mb4_0900_ai_ci
2026-02-12T14:21:17.387506+00:00 sakila	inventory	utf8mb4_0900_ai_ci
2026-02-12T14:21:17.387527+00:00 sakila	language	utf8mb4_0900_ai_ci
2026-02-12T14:21:17.387548+00:00 sakila	payment	utf8mb4_0900_ai_ci
2026-02-12T14:21:17.387569+00:00 sakila	rental	utf8mb4_0900_ai_ci
2026-02-12T14:21:17.387590+00:00 sakila	staff	utf8mb4_0900_ai_ci
2026-02-12T14:21:17.387611+00:00 sakila	store	utf8mb4_0900_ai_ci
2026-02-12T14:21:17.387632+00:00 testdb	orders_json	utf8mb4_0900_ai_ci
2026-02-12T14:21:17.387653+00:00 world	city	utf8mb4_0900_ai_ci
2026-02-12T14:21:17.387674+00:00 world	country	utf8mb4_0900_ai_ci
2026-02-12T14:21:17.387832+00:00 world	countrylanguage	utf8mb4_0900_ai_ci
2026-02-12T14:21:17.387858+00:00 
2026-02-12T14:21:17.387883+00:00 ---- mysql8_column_collations ----
2026-02-12T14:21:17.387907+00:00 sakila	actor	first_name	utf8mb4_0900_ai_ci
2026-02-12T14:21:17.387931+00:00 sakila	actor	last_name	utf8mb4_0900_ai_ci
2026-02-12T14:21:17.387959+00:00 sakila	actor_info	film_info	utf8mb4_0900_ai_ci
2026-02-12T14:21:17.387983+00:00 sakila	actor_info	first_name	utf8mb4_0900_ai_ci
2026-02-12T14:21:17.388008+00:00 sakila	actor_info	last_name	utf8mb4_0900_ai_ci
2026-02-12T14:21:17.388032+00:00 sakila	address	address	utf8mb4_0900_ai_ci
2026-02-12T14:21:17.388056+00:00 sakila	address	address2	utf8mb4_0900_ai_ci
2026-02-12T14:21:17.388080+00:00 sakila	address	district	utf8mb4_0900_ai_ci
2026-02-12T14:21:17.388105+00:00 sakila	address	phone	utf8mb4_0900_ai_ci
2026-02-12T14:21:17.388129+00:00 sakila	address	postal_code	utf8mb4_0900_ai_ci
2026-02-12T14:21:17.388153+00:00 sakila	category	name	utf8mb4_0900_ai_ci
2026-02-12T14:21:17.388177+00:00 sakila	city	city	utf8mb4_0900_ai_ci
2026-02-12T14:21:17.388201+00:00 sakila	country	country	utf8mb4_0900_ai_ci
2026-02-12T14:21:17.388226+00:00 sakila	customer	email	utf8mb4_0900_ai_ci
2026-02-12T14:21:17.388250+00:00 sakila	customer	first_name	utf8mb4_0900_ai_ci
2026-02-12T14:21:17.388275+00:00 sakila	customer	last_name	utf8mb4_0900_ai_ci
2026-02-12T14:21:17.388299+00:00 sakila	customer_list	address	utf8mb4_0900_ai_ci
2026-02-12T14:21:17.388323+00:00 sakila	customer_list	city	utf8mb4_0900_ai_ci
2026-02-12T14:21:17.388348+00:00 sakila	customer_list	country	utf8mb4_0900_ai_ci
2026-02-12T14:21:17.388372+00:00 sakila	customer_list	name	utf8mb4_0900_ai_ci
2026-02-12T14:21:17.388397+00:00 sakila	customer_list	notes	utf8mb4_0900_ai_ci
2026-02-12T14:21:17.388421+00:00 sakila	customer_list	phone	utf8mb4_0900_ai_ci
2026-02-12T14:21:17.388445+00:00 sakila	customer_list	zip code	utf8mb4_0900_ai_ci
2026-02-12T14:21:17.388469+00:00 sakila	film	description	utf8mb4_0900_ai_ci
2026-02-12T14:21:17.388494+00:00 sakila	film	rating	utf8mb4_0900_ai_ci
2026-02-12T14:21:17.388518+00:00 sakila	film	special_features	utf8mb4_0900_ai_ci
2026-02-12T14:21:17.388543+00:00 sakila	film	title	utf8mb4_0900_ai_ci
2026-02-12T14:21:17.388567+00:00 sakila	film_list	actors	utf8mb4_0900_ai_ci
2026-02-12T14:21:17.388591+00:00 sakila	film_list	category	utf8mb4_0900_ai_ci
2026-02-12T14:21:17.388616+00:00 sakila	film_list	description	utf8mb4_0900_ai_ci
2026-02-12T14:21:17.388640+00:00 sakila	film_list	rating	utf8mb4_0900_ai_ci
2026-02-12T14:21:17.388664+00:00 sakila	film_list	title	utf8mb4_0900_ai_ci
2026-02-12T14:21:17.388688+00:00 sakila	film_text	description	utf8mb4_0900_ai_ci
2026-02-12T14:21:17.388713+00:00 sakila	film_text	title	utf8mb4_0900_ai_ci
2026-02-12T14:21:17.388737+00:00 sakila	language	name	utf8mb4_0900_ai_ci
2026-02-12T14:21:17.388761+00:00 sakila	nicer_but_slower_film_list	actors	utf8mb4_0900_ai_ci
2026-02-12T14:21:17.388787+00:00 sakila	nicer_but_slower_film_list	category	utf8mb4_0900_ai_ci
2026-02-12T14:21:17.388812+00:00 sakila	nicer_but_slower_film_list	description	utf8mb4_0900_ai_ci
2026-02-12T14:21:17.388836+00:00 sakila	nicer_but_slower_film_list	rating	utf8mb4_0900_ai_ci
2026-02-12T14:21:17.388860+00:00 sakila	nicer_but_slower_film_list	title	utf8mb4_0900_ai_ci
2026-02-12T14:21:17.388885+00:00 sakila	sales_by_film_category	category	utf8mb4_0900_ai_ci
2026-02-12T14:21:17.388909+00:00 sakila	sales_by_store	manager	utf8mb4_0900_ai_ci
2026-02-12T14:21:17.388933+00:00 sakila	sales_by_store	store	utf8mb4_0900_ai_ci
2026-02-12T14:21:17.388958+00:00 sakila	staff	email	utf8mb4_0900_ai_ci
2026-02-12T14:21:17.388982+00:00 sakila	staff	first_name	utf8mb4_0900_ai_ci
2026-02-12T14:21:17.389007+00:00 sakila	staff	last_name	utf8mb4_0900_ai_ci
2026-02-12T14:21:17.389031+00:00 sakila	staff	username	utf8mb4_0900_ai_ci
2026-02-12T14:21:17.389055+00:00 sakila	staff_list	address	utf8mb4_0900_ai_ci
2026-02-12T14:21:17.389079+00:00 sakila	staff_list	city	utf8mb4_0900_ai_ci
2026-02-12T14:21:17.389103+00:00 sakila	staff_list	country	utf8mb4_0900_ai_ci
2026-02-12T14:21:17.389257+00:00 ... (truncated; full output in artifacts/assess_20260212_195116/precheck/mysql8_column_collations.tsv)
2026-02-12T14:21:17.389289+00:00 
2026-02-12T14:21:17.389317+00:00 ---- sql_mode ----
2026-02-12T14:21:17.389344+00:00 ONLY_FULL_GROUP_BY,STRICT_TRANS_TABLES,NO_ZERO_IN_DATE,NO_ZERO_DATE,ERROR_FOR_DIVISION_BY_ZERO,NO_ENGINE_SUBSTITUTION
2026-02-12T14:21:17.389372+00:00 
2026-02-12T14:21:17.389399+00:00 ---- definers_inventory ----
2026-02-12T14:21:17.389427+00:00 ROUTINE	root@localhost	6
2026-02-12T14:21:17.389454+00:00 TRIGGER	root@localhost	6
2026-02-12T14:21:17.389482+00:00 VIEW	root@localhost	7
2026-02-12T14:21:17.389510+00:00 
2026-02-12T14:21:17.389543+00:00 ---- partitioned_tables ----
2026-02-12T14:21:17.389571+00:00 (no rows)
2026-02-12T14:21:17.389598+00:00 
2026-02-12T14:21:17.389626+00:00 ---- active_plugins ----
2026-02-12T14:21:17.389654+00:00 ARCHIVE	ACTIVE
2026-02-12T14:21:17.389681+00:00 binlog	ACTIVE
2026-02-12T14:21:17.389709+00:00 BLACKHOLE	ACTIVE
2026-02-12T14:21:17.389737+00:00 caching_sha2_password	ACTIVE
2026-02-12T14:21:17.389765+00:00 CSV	ACTIVE
2026-02-12T14:21:17.389793+00:00 daemon_keyring_proxy_plugin	ACTIVE
2026-02-12T14:21:17.389820+00:00 InnoDB	ACTIVE
2026-02-12T14:21:17.389848+00:00 INNODB_BUFFER_PAGE	ACTIVE
2026-02-12T14:21:17.389875+00:00 INNODB_BUFFER_PAGE_LRU	ACTIVE
2026-02-12T14:21:17.389900+00:00 INNODB_BUFFER_POOL_STATS	ACTIVE
2026-02-12T14:21:17.389925+00:00 INNODB_CACHED_INDEXES	ACTIVE
2026-02-12T14:21:17.389949+00:00 INNODB_CMP	ACTIVE
2026-02-12T14:21:17.389974+00:00 INNODB_CMPMEM	ACTIVE
2026-02-12T14:21:17.389998+00:00 INNODB_CMPMEM_RESET	ACTIVE
2026-02-12T14:21:17.390023+00:00 INNODB_CMP_PER_INDEX	ACTIVE
2026-02-12T14:21:17.390048+00:00 INNODB_CMP_PER_INDEX_RESET	ACTIVE
2026-02-12T14:21:17.390072+00:00 INNODB_CMP_RESET	ACTIVE
2026-02-12T14:21:17.390097+00:00 INNODB_COLUMNS	ACTIVE
2026-02-12T14:21:17.390121+00:00 INNODB_FT_BEING_DELETED	ACTIVE
2026-02-12T14:21:17.390146+00:00 INNODB_FT_CONFIG	ACTIVE
2026-02-12T14:21:17.390171+00:00 INNODB_FT_DEFAULT_STOPWORD	ACTIVE
2026-02-12T14:21:17.390205+00:00 INNODB_FT_DELETED	ACTIVE
2026-02-12T14:21:17.390229+00:00 INNODB_FT_INDEX_CACHE	ACTIVE
2026-02-12T14:21:17.390257+00:00 INNODB_FT_INDEX_TABLE	ACTIVE
2026-02-12T14:21:17.390287+00:00 INNODB_INDEXES	ACTIVE
2026-02-12T14:21:17.390317+00:00 INNODB_METRICS	ACTIVE
2026-02-12T14:21:17.390345+00:00 INNODB_SESSION_TEMP_TABLESPACES	ACTIVE
2026-02-12T14:21:17.390373+00:00 INNODB_TABLES	ACTIVE
2026-02-12T14:21:17.390400+00:00 INNODB_TABLESPACES	ACTIVE
2026-02-12T14:21:17.390428+00:00 INNODB_TABLESTATS	ACTIVE
2026-02-12T14:21:17.390455+00:00 INNODB_TEMP_TABLE_INFO	ACTIVE
2026-02-12T14:21:17.390483+00:00 INNODB_TRX	ACTIVE
2026-02-12T14:21:17.390511+00:00 INNODB_VIRTUAL	ACTIVE
2026-02-12T14:21:17.390538+00:00 MEMORY	ACTIVE
2026-02-12T14:21:17.390566+00:00 MRG_MYISAM	ACTIVE
2026-02-12T14:21:17.390597+00:00 MyISAM	ACTIVE
2026-02-12T14:21:17.390625+00:00 mysqlx	ACTIVE
2026-02-12T14:21:17.390653+00:00 mysqlx_cache_cleaner	ACTIVE
2026-02-12T14:21:17.390679+00:00 ngram	ACTIVE
2026-02-12T14:21:17.390704+00:00 PERFORMANCE_SCHEMA	ACTIVE
2026-02-12T14:21:17.390728+00:00 sha256_password	ACTIVE
2026-02-12T14:21:17.390752+00:00 sha2_cache_cleaner	ACTIVE
2026-02-12T14:21:17.390777+00:00 TempTable	ACTIVE
2026-02-12T14:21:17.390801+00:00 
2026-02-12T14:21:17.390826+00:00 ---- functional_indexes ----
2026-02-12T14:21:17.390851+00:00 (no rows)
2026-02-12T14:21:17.390875+00:00 
2026-02-12T14:21:17.390900+00:00 ---- functional_defaults ----
2026-02-12T14:21:17.390924+00:00 (no rows)
2026-02-12T14:21:17.390949+00:00 
2026-02-12T14:21:17.390973+00:00 ---- invisible_columns ----
2026-02-12T14:21:17.390998+00:00 (no rows)
2026-02-12T14:21:17.391022+00:00 
2026-02-12T14:21:17.391047+00:00 ---- check_constraints ----
2026-02-12T14:21:17.391071+00:00 (no rows)
2026-02-12T14:21:17.391095+00:00 
2026-02-12T14:21:17.391120+00:00 ---- partial_revokes ----
2026-02-12T14:21:17.391144+00:00 (no rows)
2026-02-12T14:21:17.391169+00:00 
2026-02-12T14:21:17.391193+00:00 ---- gis_srid_usage ----
2026-02-12T14:21:17.391229+00:00 sakila	address	location	0
2026-02-12T14:21:17.391258+00:00 
2026-02-12T14:21:17.391288+00:00 ---- resource_groups ----
2026-02-12T14:21:17.391322+00:00 (no rows)
2026-02-12T14:21:17.391351+00:00 
2026-02-12T14:21:17.391385+00:00 ---- xplugin_status ----
2026-02-12T14:21:17.391415+00:00 mysqlx	ACTIVE
2026-02-12T14:21:17.391453+00:00 
2026-02-12T14:21:17.391484+00:00 ---- fk_name_lengths ----
2026-02-12T14:21:17.391513+00:00 (no rows)
2026-02-12T14:21:17.391541+00:00 
2026-02-12T14:21:17.391569+00:00 ---- trigger_order ----
2026-02-12T14:21:17.391599+00:00 (no rows)
2026-02-12T14:21:17.391627+00:00 
2026-02-12T14:21:17.391655+00:00 Precheck complete.
2026-02-12T14:21:17.391688+00:00 TSV outputs: artifacts/assess_20260212_195116/precheck/*.tsv
2026-02-12T14:21:17.451398+00:00 FINISH success=False message=Assessment failed: one or more hard gates failed.
