2026-02-25T07:33:45.988389+00:00 START mode=assessment config=config/source.yaml
2026-02-25T07:33:47.105693+00:00 Assessment source auth selected: SRC_ADMIN_USER (admin)
2026-02-25T07:33:47.132904+00:00 RUN precheck -> /mnt/macshare/scripts/00_precheck.sh
2026-02-25T07:34:16.391399+00:00 == Precheck runner ==
2026-02-25T07:34:16.404777+00:00 Host: 192.168.64.7  Port: 3306  User: admin
2026-02-25T07:34:16.412780+00:00 Checks dir: /mnt/macshare/sql/checks
2026-02-25T07:34:16.420783+00:00 Outdir: artifacts/assess_20260225_073339/precheck
2026-02-25T07:34:16.429403+00:00 
2026-02-25T07:34:16.437416+00:00 NOTE: mariadb-migrate-config-file not found; skipping config check.
2026-02-25T07:34:16.447908+00:00 ---- mysql_version ----
2026-02-25T07:34:16.455640+00:00 8.0.45-0ubuntu0.24.04.1
2026-02-25T07:34:16.463462+00:00 
2026-02-25T07:34:16.472356+00:00 ---- innodb_settings ----
2026-02-25T07:34:16.478939+00:00 1	1
2026-02-25T07:34:16.486498+00:00 
2026-02-25T07:34:16.494105+00:00 ---- auth_plugins ----
2026-02-25T07:34:16.500804+00:00 admin	%	caching_sha2_password
2026-02-25T07:34:16.508851+00:00 admin	192.168.64.11	caching_sha2_password
2026-02-25T07:34:16.516052+00:00 admin	192.168.64.3	caching_sha2_password
2026-02-25T07:34:16.523352+00:00 admin	192.168.64.7	caching_sha2_password
2026-02-25T07:34:16.530334+00:00 admin	localhost	caching_sha2_password
2026-02-25T07:34:16.540152+00:00 debian-sys-maint	localhost	caching_sha2_password
2026-02-25T07:34:16.546369+00:00 migrate	%	caching_sha2_password
2026-02-25T07:34:16.555715+00:00 
2026-02-25T07:34:16.563305+00:00 ---- json_columns ----
2026-02-25T07:34:16.570749+00:00 testdb	orders_json	data_json	json
2026-02-25T07:34:16.577851+00:00 
2026-02-25T07:34:16.585515+00:00 ---- compression_encryption ----
2026-02-25T07:34:16.594207+00:00 (no rows)
2026-02-25T07:34:16.600052+00:00 
2026-02-25T07:34:16.611506+00:00 ---- engines_summary ----
2026-02-25T07:34:16.625316+00:00 PERFORMANCE_SCHEMA	111
2026-02-25T07:34:16.633236+00:00 InnoDB	56
2026-02-25T07:34:16.639545+00:00 CSV	2
2026-02-25T07:34:16.652481+00:00 
2026-02-25T07:34:16.659074+00:00 ---- schema_sizes ----
2026-02-25T07:34:16.666954+00:00 testdb	38.56
2026-02-25T07:34:16.673177+00:00 sakila	6.45
2026-02-25T07:34:16.679481+00:00 mysql	2.70
2026-02-25T07:34:16.687313+00:00 world	0.77
2026-02-25T07:34:16.695312+00:00 sys	0.02
2026-02-25T07:34:16.702251+00:00 information_schema	0.00
2026-02-25T07:34:16.710661+00:00 performance_schema	0.00
2026-02-25T07:34:16.719209+00:00 
2026-02-25T07:34:16.725900+00:00 ---- schema_charsets ----
2026-02-25T07:34:16.732256+00:00 sakila	utf8mb4	utf8mb4_0900_ai_ci
2026-02-25T07:34:16.740328+00:00 testdb	utf8mb4	utf8mb4_0900_ai_ci
2026-02-25T07:34:16.748041+00:00 world	utf8mb4	utf8mb4_0900_ai_ci
2026-02-25T07:34:16.755039+00:00 
2026-02-25T07:34:16.764010+00:00 ---- mysql8_collations ----
2026-02-25T07:34:16.774154+00:00 sakila	actor	utf8mb4_0900_ai_ci
2026-02-25T07:34:16.784045+00:00 sakila	address	utf8mb4_0900_ai_ci
2026-02-25T07:34:16.787778+00:00 sakila	category	utf8mb4_0900_ai_ci
2026-02-25T07:34:16.796597+00:00 sakila	city	utf8mb4_0900_ai_ci
2026-02-25T07:34:16.803035+00:00 sakila	country	utf8mb4_0900_ai_ci
2026-02-25T07:34:16.812463+00:00 sakila	customer	utf8mb4_0900_ai_ci
2026-02-25T07:34:16.820819+00:00 sakila	film	utf8mb4_0900_ai_ci
2026-02-25T07:34:16.827216+00:00 sakila	film_actor	utf8mb4_0900_ai_ci
2026-02-25T07:34:16.833837+00:00 sakila	film_category	utf8mb4_0900_ai_ci
2026-02-25T07:34:16.843086+00:00 sakila	film_text	utf8mb4_0900_ai_ci
2026-02-25T07:34:16.854757+00:00 sakila	inventory	utf8mb4_0900_ai_ci
2026-02-25T07:34:16.863568+00:00 sakila	language	utf8mb4_0900_ai_ci
2026-02-25T07:34:16.872766+00:00 sakila	payment	utf8mb4_0900_ai_ci
2026-02-25T07:34:16.877873+00:00 sakila	rental	utf8mb4_0900_ai_ci
2026-02-25T07:34:16.885301+00:00 sakila	staff	utf8mb4_0900_ai_ci
2026-02-25T07:34:16.891280+00:00 sakila	store	utf8mb4_0900_ai_ci
2026-02-25T07:34:16.898925+00:00 testdb	orders_json	utf8mb4_0900_ai_ci
2026-02-25T07:34:16.905417+00:00 world	city	utf8mb4_0900_ai_ci
2026-02-25T07:34:16.915033+00:00 world	country	utf8mb4_0900_ai_ci
2026-02-25T07:34:16.921127+00:00 world	countrylanguage	utf8mb4_0900_ai_ci
2026-02-25T07:34:16.928705+00:00 
2026-02-25T07:34:16.935738+00:00 ---- mysql8_column_collations ----
2026-02-25T07:34:16.942084+00:00 sakila	actor	first_name	utf8mb4_0900_ai_ci
2026-02-25T07:34:16.952623+00:00 sakila	actor	last_name	utf8mb4_0900_ai_ci
2026-02-25T07:34:16.956594+00:00 sakila	actor_info	film_info	utf8mb4_0900_ai_ci
2026-02-25T07:34:16.964986+00:00 sakila	actor_info	first_name	utf8mb4_0900_ai_ci
2026-02-25T07:34:16.972226+00:00 sakila	actor_info	last_name	utf8mb4_0900_ai_ci
2026-02-25T07:34:16.981214+00:00 sakila	address	address	utf8mb4_0900_ai_ci
2026-02-25T07:34:16.988232+00:00 sakila	address	address2	utf8mb4_0900_ai_ci
2026-02-25T07:34:16.995067+00:00 sakila	address	district	utf8mb4_0900_ai_ci
2026-02-25T07:34:16.999791+00:00 sakila	address	phone	utf8mb4_0900_ai_ci
2026-02-25T07:34:17.007859+00:00 sakila	address	postal_code	utf8mb4_0900_ai_ci
2026-02-25T07:34:17.017001+00:00 sakila	category	name	utf8mb4_0900_ai_ci
2026-02-25T07:34:17.023141+00:00 sakila	city	city	utf8mb4_0900_ai_ci
2026-02-25T07:34:17.031972+00:00 sakila	country	country	utf8mb4_0900_ai_ci
2026-02-25T07:34:17.040786+00:00 sakila	customer	email	utf8mb4_0900_ai_ci
2026-02-25T07:34:17.047524+00:00 sakila	customer	first_name	utf8mb4_0900_ai_ci
2026-02-25T07:34:17.057930+00:00 sakila	customer	last_name	utf8mb4_0900_ai_ci
2026-02-25T07:34:17.070861+00:00 sakila	customer_list	address	utf8mb4_0900_ai_ci
2026-02-25T07:34:17.077706+00:00 sakila	customer_list	city	utf8mb4_0900_ai_ci
2026-02-25T07:34:17.092499+00:00 sakila	customer_list	country	utf8mb4_0900_ai_ci
2026-02-25T07:34:17.101550+00:00 sakila	customer_list	name	utf8mb4_0900_ai_ci
2026-02-25T07:34:17.108034+00:00 sakila	customer_list	notes	utf8mb4_0900_ai_ci
2026-02-25T07:34:17.116899+00:00 sakila	customer_list	phone	utf8mb4_0900_ai_ci
2026-02-25T07:34:17.124493+00:00 sakila	customer_list	zip code	utf8mb4_0900_ai_ci
2026-02-25T07:34:17.132791+00:00 sakila	film	description	utf8mb4_0900_ai_ci
2026-02-25T07:34:17.138831+00:00 sakila	film	rating	utf8mb4_0900_ai_ci
2026-02-25T07:34:17.151166+00:00 sakila	film	special_features	utf8mb4_0900_ai_ci
2026-02-25T07:34:17.165222+00:00 sakila	film	title	utf8mb4_0900_ai_ci
2026-02-25T07:34:17.179019+00:00 sakila	film_list	actors	utf8mb4_0900_ai_ci
2026-02-25T07:34:17.190887+00:00 sakila	film_list	category	utf8mb4_0900_ai_ci
2026-02-25T07:34:17.202163+00:00 sakila	film_list	description	utf8mb4_0900_ai_ci
2026-02-25T07:34:17.212222+00:00 sakila	film_list	rating	utf8mb4_0900_ai_ci
2026-02-25T07:34:17.221249+00:00 sakila	film_list	title	utf8mb4_0900_ai_ci
2026-02-25T07:34:17.227261+00:00 sakila	film_text	description	utf8mb4_0900_ai_ci
2026-02-25T07:34:17.238249+00:00 sakila	film_text	title	utf8mb4_0900_ai_ci
2026-02-25T07:34:17.243862+00:00 sakila	language	name	utf8mb4_0900_ai_ci
2026-02-25T07:34:17.256393+00:00 sakila	nicer_but_slower_film_list	actors	utf8mb4_0900_ai_ci
2026-02-25T07:34:17.268199+00:00 sakila	nicer_but_slower_film_list	category	utf8mb4_0900_ai_ci
2026-02-25T07:34:17.276838+00:00 sakila	nicer_but_slower_film_list	description	utf8mb4_0900_ai_ci
2026-02-25T07:34:17.287000+00:00 sakila	nicer_but_slower_film_list	rating	utf8mb4_0900_ai_ci
2026-02-25T07:34:17.292259+00:00 sakila	nicer_but_slower_film_list	title	utf8mb4_0900_ai_ci
2026-02-25T07:34:17.298736+00:00 sakila	sales_by_film_category	category	utf8mb4_0900_ai_ci
2026-02-25T07:34:17.309306+00:00 sakila	sales_by_store	manager	utf8mb4_0900_ai_ci
2026-02-25T07:34:17.318105+00:00 sakila	sales_by_store	store	utf8mb4_0900_ai_ci
2026-02-25T07:34:17.324942+00:00 sakila	staff	email	utf8mb4_0900_ai_ci
2026-02-25T07:34:17.332987+00:00 sakila	staff	first_name	utf8mb4_0900_ai_ci
2026-02-25T07:34:17.340376+00:00 sakila	staff	last_name	utf8mb4_0900_ai_ci
2026-02-25T07:34:17.349417+00:00 sakila	staff	username	utf8mb4_0900_ai_ci
2026-02-25T07:34:17.357167+00:00 sakila	staff_list	address	utf8mb4_0900_ai_ci
2026-02-25T07:34:17.364313+00:00 sakila	staff_list	city	utf8mb4_0900_ai_ci
2026-02-25T07:34:17.373489+00:00 sakila	staff_list	country	utf8mb4_0900_ai_ci
2026-02-25T07:34:17.380116+00:00 ... (truncated; full output in artifacts/assess_20260225_073339/precheck/mysql8_column_collations.tsv)
2026-02-25T07:34:17.390046+00:00 
2026-02-25T07:34:17.394709+00:00 ---- sql_mode ----
2026-02-25T07:34:17.406318+00:00 ONLY_FULL_GROUP_BY,STRICT_TRANS_TABLES,NO_ZERO_IN_DATE,NO_ZERO_DATE,ERROR_FOR_DIVISION_BY_ZERO,NO_ENGINE_SUBSTITUTION
2026-02-25T07:34:17.415083+00:00 
2026-02-25T07:34:17.423900+00:00 ---- definers_inventory ----
2026-02-25T07:34:17.431222+00:00 TRIGGER	root@localhost	6
2026-02-25T07:34:17.437684+00:00 VIEW	root@localhost	7
2026-02-25T07:34:17.448823+00:00 
2026-02-25T07:34:17.455725+00:00 ---- partitioned_tables ----
2026-02-25T07:34:17.463584+00:00 (no rows)
2026-02-25T07:34:17.469518+00:00 
2026-02-25T07:34:17.480467+00:00 ---- active_plugins ----
2026-02-25T07:34:17.486238+00:00 ARCHIVE	ACTIVE
2026-02-25T07:34:17.495765+00:00 auth_socket	ACTIVE
2026-02-25T07:34:17.503137+00:00 binlog	ACTIVE
2026-02-25T07:34:17.509560+00:00 BLACKHOLE	ACTIVE
2026-02-25T07:34:17.515534+00:00 caching_sha2_password	ACTIVE
2026-02-25T07:34:17.522552+00:00 CSV	ACTIVE
2026-02-25T07:34:17.529995+00:00 daemon_keyring_proxy_plugin	ACTIVE
2026-02-25T07:34:17.536878+00:00 InnoDB	ACTIVE
2026-02-25T07:34:17.544284+00:00 INNODB_BUFFER_PAGE	ACTIVE
2026-02-25T07:34:17.549624+00:00 INNODB_BUFFER_PAGE_LRU	ACTIVE
2026-02-25T07:34:17.555920+00:00 INNODB_BUFFER_POOL_STATS	ACTIVE
2026-02-25T07:34:17.566148+00:00 INNODB_CACHED_INDEXES	ACTIVE
2026-02-25T07:34:17.571091+00:00 INNODB_CMP	ACTIVE
2026-02-25T07:34:17.578580+00:00 INNODB_CMPMEM	ACTIVE
2026-02-25T07:34:17.582037+00:00 INNODB_CMPMEM_RESET	ACTIVE
2026-02-25T07:34:17.590457+00:00 INNODB_CMP_PER_INDEX	ACTIVE
2026-02-25T07:34:17.597564+00:00 INNODB_CMP_PER_INDEX_RESET	ACTIVE
2026-02-25T07:34:17.608449+00:00 INNODB_CMP_RESET	ACTIVE
2026-02-25T07:34:17.611820+00:00 INNODB_COLUMNS	ACTIVE
2026-02-25T07:34:17.618811+00:00 INNODB_FT_BEING_DELETED	ACTIVE
2026-02-25T07:34:17.627698+00:00 INNODB_FT_CONFIG	ACTIVE
2026-02-25T07:34:17.634204+00:00 INNODB_FT_DEFAULT_STOPWORD	ACTIVE
2026-02-25T07:34:17.641596+00:00 INNODB_FT_DELETED	ACTIVE
2026-02-25T07:34:17.649437+00:00 INNODB_FT_INDEX_CACHE	ACTIVE
2026-02-25T07:34:17.656854+00:00 INNODB_FT_INDEX_TABLE	ACTIVE
2026-02-25T07:34:17.663507+00:00 INNODB_INDEXES	ACTIVE
2026-02-25T07:34:17.669756+00:00 INNODB_METRICS	ACTIVE
2026-02-25T07:34:17.675543+00:00 INNODB_SESSION_TEMP_TABLESPACES	ACTIVE
2026-02-25T07:34:17.686291+00:00 INNODB_TABLES	ACTIVE
2026-02-25T07:34:17.693313+00:00 INNODB_TABLESPACES	ACTIVE
2026-02-25T07:34:17.698826+00:00 INNODB_TABLESTATS	ACTIVE
2026-02-25T07:34:17.705436+00:00 INNODB_TEMP_TABLE_INFO	ACTIVE
2026-02-25T07:34:17.714030+00:00 INNODB_TRX	ACTIVE
2026-02-25T07:34:17.720598+00:00 INNODB_VIRTUAL	ACTIVE
2026-02-25T07:34:17.727360+00:00 MEMORY	ACTIVE
2026-02-25T07:34:17.732919+00:00 MRG_MYISAM	ACTIVE
2026-02-25T07:34:17.740132+00:00 MyISAM	ACTIVE
2026-02-25T07:34:17.747208+00:00 mysqlx	ACTIVE
2026-02-25T07:34:17.753127+00:00 mysqlx_cache_cleaner	ACTIVE
2026-02-25T07:34:17.758302+00:00 mysql_native_password	ACTIVE
2026-02-25T07:34:17.767344+00:00 ngram	ACTIVE
2026-02-25T07:34:17.774729+00:00 PERFORMANCE_SCHEMA	ACTIVE
2026-02-25T07:34:17.779529+00:00 sha256_password	ACTIVE
2026-02-25T07:34:17.787415+00:00 sha2_cache_cleaner	ACTIVE
2026-02-25T07:34:17.796644+00:00 TempTable	ACTIVE
2026-02-25T07:34:17.804189+00:00 
2026-02-25T07:34:17.810295+00:00 ---- functional_indexes ----
2026-02-25T07:34:17.816431+00:00 (no rows)
2026-02-25T07:34:17.825473+00:00 
2026-02-25T07:34:17.832757+00:00 ---- functional_defaults ----
2026-02-25T07:34:17.840448+00:00 (no rows)
2026-02-25T07:34:17.847591+00:00 
2026-02-25T07:34:17.851999+00:00 ---- invisible_columns ----
2026-02-25T07:34:17.859250+00:00 (no rows)
2026-02-25T07:34:17.868361+00:00 
2026-02-25T07:34:17.875836+00:00 ---- check_constraints ----
2026-02-25T07:34:17.883395+00:00 (no rows)
2026-02-25T07:34:17.893556+00:00 
2026-02-25T07:34:17.902593+00:00 ---- partial_revokes ----
2026-02-25T07:34:17.909252+00:00 (no rows)
2026-02-25T07:34:17.916613+00:00 
2026-02-25T07:34:17.922988+00:00 ---- gis_srid_usage ----
2026-02-25T07:34:17.934767+00:00 sakila	address	location	0
2026-02-25T07:34:17.942590+00:00 
2026-02-25T07:34:17.951617+00:00 ---- resource_groups ----
2026-02-25T07:34:17.958387+00:00 USR_default	USER	1	0-9	0
2026-02-25T07:34:17.965714+00:00 SYS_default	SYSTEM	1	0-9	0
2026-02-25T07:34:17.972605+00:00 
2026-02-25T07:34:17.980998+00:00 ---- xplugin_status ----
2026-02-25T07:34:17.988018+00:00 mysqlx	ACTIVE
2026-02-25T07:34:17.994107+00:00 
2026-02-25T07:34:18.001722+00:00 ---- fk_name_lengths ----
2026-02-25T07:34:18.007766+00:00 (no rows)
2026-02-25T07:34:18.015200+00:00 
2026-02-25T07:34:18.022807+00:00 ---- trigger_order ----
2026-02-25T07:34:18.030692+00:00 (no rows)
2026-02-25T07:34:18.036221+00:00 
2026-02-25T07:34:18.043823+00:00 Precheck complete.
2026-02-25T07:34:18.051484+00:00 TSV outputs: artifacts/assess_20260225_073339/precheck/*.tsv
2026-02-25T07:34:20.538710+00:00 FINISH success=True message=Assessment passed. Ready to plan/run.
