2026-03-04T17:43:47.073931+00:00 START mode=run config=config/migration.yaml
2026-03-04T17:43:47.161392+00:00 RUN  preflight_binlog (Preflight checks (binlog)) -> scripts/00_preflight_binlog.sh
2026-03-04T17:43:47.169530+00:00 CMD /mnt/macshare/scripts/00_preflight_binlog.sh
2026-03-04T17:43:47.197728+00:00 OUT ==> Preflight checks (binlog)
2026-03-04T17:43:47.208950+00:00 OUT Checking source admin connectivity...
2026-03-04T17:43:47.456378+00:00 OUT Checking target admin connectivity...
2026-03-04T17:43:47.737377+00:00 OUT Checking source binary logging...
2026-03-04T17:43:48.011503+00:00 OUT Checking source binlog format...
2026-03-04T17:43:48.292523+00:00 OUT Checking source master status visibility...
2026-03-04T17:43:48.580703+00:00 OUT Checking source database(s) exist...
2026-03-04T17:43:49.113152+00:00 OUT Preflight complete.
2026-03-04T17:43:49.142099+00:00 RUN  precheck (Precheck source variables and blockers) -> scripts/00_precheck.sh
2026-03-04T17:43:49.150089+00:00 CMD /mnt/macshare/scripts/00_precheck.sh
2026-03-04T17:43:49.226937+00:00 OUT == Precheck runner ==
2026-03-04T17:43:49.249679+00:00 OUT Host: 192.168.64.7  Port: 3306  User: admin
2026-03-04T17:43:49.272427+00:00 OUT Checks dir: /mnt/macshare/sql/checks
2026-03-04T17:43:49.293558+00:00 OUT Outdir: /mnt/macshare/artifacts/precheck
2026-03-04T17:43:49.315410+00:00 OUT 
2026-03-04T17:43:49.345588+00:00 OUT NOTE: mariadb-migrate-config-file not found; skipping config check.
2026-03-04T17:43:49.383992+00:00 OUT ---- mysql_version ----
2026-03-04T17:43:49.687274+00:00 OUT 8.0.45-0ubuntu0.24.04.1
2026-03-04T17:43:49.726545+00:00 OUT 
2026-03-04T17:43:49.764584+00:00 OUT ---- innodb_settings ----
2026-03-04T17:43:50.058334+00:00 OUT 1	1
2026-03-04T17:43:50.095371+00:00 OUT 
2026-03-04T17:43:50.130942+00:00 OUT ---- auth_plugins ----
2026-03-04T17:43:50.442302+00:00 OUT debian-sys-maint	localhost	caching_sha2_password
2026-03-04T17:43:50.481469+00:00 OUT 
2026-03-04T17:43:50.516509+00:00 OUT ---- json_columns ----
2026-03-04T17:43:50.862595+00:00 OUT advanced_test	json_test	data	json
2026-03-04T17:43:50.867254+00:00 OUT advanced_test	json_test	metadata	json
2026-03-04T17:43:50.876696+00:00 OUT testdb	orders_json	data_json	json
2026-03-04T17:43:50.908239+00:00 OUT 
2026-03-04T17:43:50.949399+00:00 OUT ---- compression_encryption ----
2026-03-04T17:43:51.314042+00:00 OUT (no rows)
2026-03-04T17:43:51.336153+00:00 OUT 
2026-03-04T17:43:51.369656+00:00 OUT ---- engines_summary ----
2026-03-04T17:43:51.672484+00:00 OUT PERFORMANCE_SCHEMA	111
2026-03-04T17:43:51.680839+00:00 OUT InnoDB	58
2026-03-04T17:43:51.691628+00:00 OUT CSV	2
2026-03-04T17:43:51.720235+00:00 OUT 
2026-03-04T17:43:51.757459+00:00 OUT ---- schema_sizes ----
2026-03-04T17:43:52.059467+00:00 OUT testdb	38.56
2026-03-04T17:43:52.063566+00:00 OUT sakila	6.45
2026-03-04T17:43:52.074544+00:00 OUT mysql	2.73
2026-03-04T17:43:52.078547+00:00 OUT world	0.77
2026-03-04T17:43:52.083790+00:00 OUT sys	0.02
2026-03-04T17:43:52.090389+00:00 OUT advanced_test	0.02
2026-03-04T17:43:52.105194+00:00 OUT test_replication	0.02
2026-03-04T17:43:52.111892+00:00 OUT information_schema	0.00
2026-03-04T17:43:52.125071+00:00 OUT performance_schema	0.00
2026-03-04T17:43:52.135605+00:00 OUT 
2026-03-04T17:43:52.185893+00:00 OUT ---- schema_charsets ----
2026-03-04T17:43:52.499061+00:00 OUT advanced_test	utf8mb4	utf8mb4_0900_ai_ci
2026-03-04T17:43:52.505656+00:00 OUT sakila	utf8mb4	utf8mb4_0900_ai_ci
2026-03-04T17:43:52.513407+00:00 OUT test_replication	utf8mb4	utf8mb4_0900_ai_ci
2026-03-04T17:43:52.522101+00:00 OUT testdb	utf8mb4	utf8mb4_0900_ai_ci
2026-03-04T17:43:52.528019+00:00 OUT world	utf8mb4	utf8mb4_0900_ai_ci
2026-03-04T17:43:52.553618+00:00 OUT 
2026-03-04T17:43:52.588630+00:00 OUT ---- mysql8_collations ----
2026-03-04T17:43:52.892587+00:00 OUT advanced_test	json_test	utf8mb4_0900_ai_ci
2026-03-04T17:43:52.900060+00:00 OUT sakila	actor	utf8mb4_0900_ai_ci
2026-03-04T17:43:52.906806+00:00 OUT sakila	address	utf8mb4_0900_ai_ci
2026-03-04T17:43:52.911349+00:00 OUT sakila	category	utf8mb4_0900_ai_ci
2026-03-04T17:43:52.916125+00:00 OUT sakila	city	utf8mb4_0900_ai_ci
2026-03-04T17:43:52.921944+00:00 OUT sakila	country	utf8mb4_0900_ai_ci
2026-03-04T17:43:52.928179+00:00 OUT sakila	customer	utf8mb4_0900_ai_ci
2026-03-04T17:43:52.933318+00:00 OUT sakila	film	utf8mb4_0900_ai_ci
2026-03-04T17:43:52.939790+00:00 OUT sakila	film_actor	utf8mb4_0900_ai_ci
2026-03-04T17:43:52.945894+00:00 OUT sakila	film_category	utf8mb4_0900_ai_ci
2026-03-04T17:43:52.949855+00:00 OUT sakila	film_text	utf8mb4_0900_ai_ci
2026-03-04T17:43:52.956187+00:00 OUT sakila	inventory	utf8mb4_0900_ai_ci
2026-03-04T17:43:52.962263+00:00 OUT sakila	language	utf8mb4_0900_ai_ci
2026-03-04T17:43:52.968786+00:00 OUT sakila	payment	utf8mb4_0900_ai_ci
2026-03-04T17:43:52.973473+00:00 OUT sakila	rental	utf8mb4_0900_ai_ci
2026-03-04T17:43:52.979029+00:00 OUT sakila	staff	utf8mb4_0900_ai_ci
2026-03-04T17:43:52.987110+00:00 OUT sakila	store	utf8mb4_0900_ai_ci
2026-03-04T17:43:52.993814+00:00 OUT test_replication	customers	utf8mb4_0900_ai_ci
2026-03-04T17:43:52.998383+00:00 OUT testdb	orders_json	utf8mb4_0900_ai_ci
2026-03-04T17:43:53.004850+00:00 OUT world	city	utf8mb4_0900_ai_ci
2026-03-04T17:43:53.009604+00:00 OUT world	country	utf8mb4_0900_ai_ci
2026-03-04T17:43:53.014397+00:00 OUT world	countrylanguage	utf8mb4_0900_ai_ci
2026-03-04T17:43:53.018610+00:00 OUT 
2026-03-04T17:43:53.026008+00:00 OUT ---- mysql8_column_collations ----
2026-03-04T17:43:53.339666+00:00 OUT sakila	actor	first_name	utf8mb4_0900_ai_ci
2026-03-04T17:43:53.346497+00:00 OUT sakila	actor	last_name	utf8mb4_0900_ai_ci
2026-03-04T17:43:53.353319+00:00 OUT sakila	actor_info	film_info	utf8mb4_0900_ai_ci
2026-03-04T17:43:53.359326+00:00 OUT sakila	actor_info	first_name	utf8mb4_0900_ai_ci
2026-03-04T17:43:53.365613+00:00 OUT sakila	actor_info	last_name	utf8mb4_0900_ai_ci
2026-03-04T17:43:53.372723+00:00 OUT sakila	address	address	utf8mb4_0900_ai_ci
2026-03-04T17:43:53.380239+00:00 OUT sakila	address	address2	utf8mb4_0900_ai_ci
2026-03-04T17:43:53.387135+00:00 OUT sakila	address	district	utf8mb4_0900_ai_ci
2026-03-04T17:43:53.394393+00:00 OUT sakila	address	phone	utf8mb4_0900_ai_ci
2026-03-04T17:43:53.400111+00:00 OUT sakila	address	postal_code	utf8mb4_0900_ai_ci
2026-03-04T17:43:53.406856+00:00 OUT sakila	category	name	utf8mb4_0900_ai_ci
2026-03-04T17:43:53.416582+00:00 OUT sakila	city	city	utf8mb4_0900_ai_ci
2026-03-04T17:43:53.421120+00:00 OUT sakila	country	country	utf8mb4_0900_ai_ci
2026-03-04T17:43:53.427363+00:00 OUT sakila	customer	email	utf8mb4_0900_ai_ci
2026-03-04T17:43:53.431841+00:00 OUT sakila	customer	first_name	utf8mb4_0900_ai_ci
2026-03-04T17:43:53.439174+00:00 OUT sakila	customer	last_name	utf8mb4_0900_ai_ci
2026-03-04T17:43:53.445580+00:00 OUT sakila	customer_list	address	utf8mb4_0900_ai_ci
2026-03-04T17:43:53.453975+00:00 OUT sakila	customer_list	city	utf8mb4_0900_ai_ci
2026-03-04T17:43:53.466816+00:00 OUT sakila	customer_list	country	utf8mb4_0900_ai_ci
2026-03-04T17:43:53.473067+00:00 OUT sakila	customer_list	name	utf8mb4_0900_ai_ci
2026-03-04T17:43:53.480200+00:00 OUT sakila	customer_list	notes	utf8mb4_0900_ai_ci
2026-03-04T17:43:53.486748+00:00 OUT sakila	customer_list	phone	utf8mb4_0900_ai_ci
2026-03-04T17:43:53.496917+00:00 OUT sakila	customer_list	zip code	utf8mb4_0900_ai_ci
2026-03-04T17:43:53.503540+00:00 OUT sakila	film	description	utf8mb4_0900_ai_ci
2026-03-04T17:43:53.512189+00:00 OUT sakila	film	rating	utf8mb4_0900_ai_ci
2026-03-04T17:43:53.522791+00:00 OUT sakila	film	special_features	utf8mb4_0900_ai_ci
2026-03-04T17:43:53.531159+00:00 OUT sakila	film	title	utf8mb4_0900_ai_ci
2026-03-04T17:43:53.538237+00:00 OUT sakila	film_list	actors	utf8mb4_0900_ai_ci
2026-03-04T17:43:53.543588+00:00 OUT sakila	film_list	category	utf8mb4_0900_ai_ci
2026-03-04T17:43:53.549276+00:00 OUT sakila	film_list	description	utf8mb4_0900_ai_ci
2026-03-04T17:43:53.558705+00:00 OUT sakila	film_list	rating	utf8mb4_0900_ai_ci
2026-03-04T17:43:53.567462+00:00 OUT sakila	film_list	title	utf8mb4_0900_ai_ci
2026-03-04T17:43:53.577336+00:00 OUT sakila	film_text	description	utf8mb4_0900_ai_ci
2026-03-04T17:43:53.585772+00:00 OUT sakila	film_text	title	utf8mb4_0900_ai_ci
2026-03-04T17:43:53.590419+00:00 OUT sakila	language	name	utf8mb4_0900_ai_ci
2026-03-04T17:43:53.598558+00:00 OUT sakila	nicer_but_slower_film_list	actors	utf8mb4_0900_ai_ci
2026-03-04T17:43:53.605869+00:00 OUT sakila	nicer_but_slower_film_list	category	utf8mb4_0900_ai_ci
2026-03-04T17:43:53.612036+00:00 OUT sakila	nicer_but_slower_film_list	description	utf8mb4_0900_ai_ci
2026-03-04T17:43:53.618686+00:00 OUT sakila	nicer_but_slower_film_list	rating	utf8mb4_0900_ai_ci
2026-03-04T17:43:53.625197+00:00 OUT sakila	nicer_but_slower_film_list	title	utf8mb4_0900_ai_ci
2026-03-04T17:43:53.632679+00:00 OUT sakila	sales_by_film_category	category	utf8mb4_0900_ai_ci
2026-03-04T17:43:53.641029+00:00 OUT sakila	sales_by_store	manager	utf8mb4_0900_ai_ci
2026-03-04T17:43:53.649845+00:00 OUT sakila	sales_by_store	store	utf8mb4_0900_ai_ci
2026-03-04T17:43:53.655609+00:00 OUT sakila	staff	email	utf8mb4_0900_ai_ci
2026-03-04T17:43:53.662977+00:00 OUT sakila	staff	first_name	utf8mb4_0900_ai_ci
2026-03-04T17:43:53.670210+00:00 OUT sakila	staff	last_name	utf8mb4_0900_ai_ci
2026-03-04T17:43:53.676521+00:00 OUT sakila	staff	username	utf8mb4_0900_ai_ci
2026-03-04T17:43:53.683116+00:00 OUT sakila	staff_list	address	utf8mb4_0900_ai_ci
2026-03-04T17:43:53.688469+00:00 OUT sakila	staff_list	city	utf8mb4_0900_ai_ci
2026-03-04T17:43:53.694309+00:00 OUT sakila	staff_list	country	utf8mb4_0900_ai_ci
2026-03-04T17:43:53.700442+00:00 OUT ... (truncated; full output in /mnt/macshare/artifacts/precheck/mysql8_column_collations.tsv)
2026-03-04T17:43:53.706933+00:00 OUT 
2026-03-04T17:43:53.715560+00:00 OUT ---- sql_mode ----
2026-03-04T17:43:53.971293+00:00 OUT ONLY_FULL_GROUP_BY,STRICT_TRANS_TABLES,NO_ZERO_IN_DATE,NO_ZERO_DATE,ERROR_FOR_DIVISION_BY_ZERO,NO_ENGINE_SUBSTITUTION
2026-03-04T17:43:54.016874+00:00 OUT 
2026-03-04T17:43:54.063758+00:00 OUT ---- definers_inventory ----
2026-03-04T17:43:54.381048+00:00 OUT TRIGGER	root@localhost	6
2026-03-04T17:43:54.388818+00:00 OUT VIEW	root@localhost	7
2026-03-04T17:43:54.423830+00:00 OUT 
2026-03-04T17:43:54.458711+00:00 OUT ---- partitioned_tables ----
2026-03-04T17:43:54.751382+00:00 OUT (no rows)
2026-03-04T17:43:54.773846+00:00 OUT 
2026-03-04T17:43:54.808395+00:00 OUT ---- active_plugins ----
2026-03-04T17:43:55.111108+00:00 OUT ARCHIVE	ACTIVE
2026-03-04T17:43:55.117235+00:00 OUT auth_socket	ACTIVE
2026-03-04T17:43:55.125502+00:00 OUT binlog	ACTIVE
2026-03-04T17:43:55.131025+00:00 OUT BLACKHOLE	ACTIVE
2026-03-04T17:43:55.135734+00:00 OUT caching_sha2_password	ACTIVE
2026-03-04T17:43:55.139984+00:00 OUT CSV	ACTIVE
2026-03-04T17:43:55.145478+00:00 OUT daemon_keyring_proxy_plugin	ACTIVE
2026-03-04T17:43:55.152173+00:00 OUT InnoDB	ACTIVE
2026-03-04T17:43:55.159795+00:00 OUT INNODB_BUFFER_PAGE	ACTIVE
2026-03-04T17:43:55.164088+00:00 OUT INNODB_BUFFER_PAGE_LRU	ACTIVE
2026-03-04T17:43:55.168625+00:00 OUT INNODB_BUFFER_POOL_STATS	ACTIVE
2026-03-04T17:43:55.174032+00:00 OUT INNODB_CACHED_INDEXES	ACTIVE
2026-03-04T17:43:55.179658+00:00 OUT INNODB_CMP	ACTIVE
2026-03-04T17:43:55.185114+00:00 OUT INNODB_CMPMEM	ACTIVE
2026-03-04T17:43:55.191871+00:00 OUT INNODB_CMPMEM_RESET	ACTIVE
2026-03-04T17:43:55.196869+00:00 OUT INNODB_CMP_PER_INDEX	ACTIVE
2026-03-04T17:43:55.204879+00:00 OUT INNODB_CMP_PER_INDEX_RESET	ACTIVE
2026-03-04T17:43:55.212669+00:00 OUT INNODB_CMP_RESET	ACTIVE
2026-03-04T17:43:55.216803+00:00 OUT INNODB_COLUMNS	ACTIVE
2026-03-04T17:43:55.222584+00:00 OUT INNODB_FT_BEING_DELETED	ACTIVE
2026-03-04T17:43:55.226789+00:00 OUT INNODB_FT_CONFIG	ACTIVE
2026-03-04T17:43:55.229821+00:00 OUT INNODB_FT_DEFAULT_STOPWORD	ACTIVE
2026-03-04T17:43:55.236453+00:00 OUT INNODB_FT_DELETED	ACTIVE
2026-03-04T17:43:55.243098+00:00 OUT INNODB_FT_INDEX_CACHE	ACTIVE
2026-03-04T17:43:55.246925+00:00 OUT INNODB_FT_INDEX_TABLE	ACTIVE
2026-03-04T17:43:55.251403+00:00 OUT INNODB_INDEXES	ACTIVE
2026-03-04T17:43:55.255177+00:00 OUT INNODB_METRICS	ACTIVE
2026-03-04T17:43:55.261203+00:00 OUT INNODB_SESSION_TEMP_TABLESPACES	ACTIVE
2026-03-04T17:43:55.265707+00:00 OUT INNODB_TABLES	ACTIVE
2026-03-04T17:43:55.269988+00:00 OUT INNODB_TABLESPACES	ACTIVE
2026-03-04T17:43:55.274498+00:00 OUT INNODB_TABLESTATS	ACTIVE
2026-03-04T17:43:55.279061+00:00 OUT INNODB_TEMP_TABLE_INFO	ACTIVE
2026-03-04T17:43:55.285585+00:00 OUT INNODB_TRX	ACTIVE
2026-03-04T17:43:55.291031+00:00 OUT INNODB_VIRTUAL	ACTIVE
2026-03-04T17:43:55.295579+00:00 OUT MEMORY	ACTIVE
2026-03-04T17:43:55.299939+00:00 OUT MRG_MYISAM	ACTIVE
2026-03-04T17:43:55.305661+00:00 OUT MyISAM	ACTIVE
2026-03-04T17:43:55.308487+00:00 OUT mysqlx	ACTIVE
2026-03-04T17:43:55.312802+00:00 OUT mysqlx_cache_cleaner	ACTIVE
2026-03-04T17:43:55.320238+00:00 OUT mysql_native_password	ACTIVE
2026-03-04T17:43:55.325021+00:00 OUT ngram	ACTIVE
2026-03-04T17:43:55.329633+00:00 OUT PERFORMANCE_SCHEMA	ACTIVE
2026-03-04T17:43:55.334972+00:00 OUT sha256_password	ACTIVE
2026-03-04T17:43:55.339076+00:00 OUT sha2_cache_cleaner	ACTIVE
2026-03-04T17:43:55.344700+00:00 OUT TempTable	ACTIVE
2026-03-04T17:43:55.349198+00:00 OUT 
2026-03-04T17:43:55.354347+00:00 OUT ---- functional_indexes ----
2026-03-04T17:43:55.598847+00:00 OUT (no rows)
2026-03-04T17:43:55.621051+00:00 OUT 
2026-03-04T17:43:55.652431+00:00 OUT ---- functional_defaults ----
2026-03-04T17:43:55.941906+00:00 OUT (no rows)
2026-03-04T17:43:55.963744+00:00 OUT 
2026-03-04T17:43:55.997041+00:00 OUT ---- invisible_columns ----
2026-03-04T17:43:56.287493+00:00 OUT (no rows)
2026-03-04T17:43:56.309211+00:00 OUT 
2026-03-04T17:43:56.339932+00:00 OUT ---- check_constraints ----
2026-03-04T17:43:56.623965+00:00 OUT (no rows)
2026-03-04T17:43:56.645147+00:00 OUT 
2026-03-04T17:43:56.675712+00:00 OUT ---- partial_revokes ----
2026-03-04T17:43:56.953599+00:00 OUT (no rows)
2026-03-04T17:43:56.974011+00:00 OUT 
2026-03-04T17:43:57.004930+00:00 OUT ---- gis_srid_usage ----
2026-03-04T17:43:57.297831+00:00 OUT sakila	address	location	0
2026-03-04T17:43:57.335890+00:00 OUT 
2026-03-04T17:43:57.370626+00:00 OUT ---- resource_groups ----
2026-03-04T17:43:57.659167+00:00 OUT USR_default	USER	1	0-9	0
2026-03-04T17:43:57.665889+00:00 OUT SYS_default	SYSTEM	1	0-9	0
2026-03-04T17:43:57.698157+00:00 OUT 
2026-03-04T17:43:57.729366+00:00 OUT ---- xplugin_status ----
2026-03-04T17:43:58.019050+00:00 OUT mysqlx	ACTIVE
2026-03-04T17:43:58.054957+00:00 OUT 
2026-03-04T17:43:58.086006+00:00 OUT ---- fk_name_lengths ----
2026-03-04T17:43:58.370513+00:00 OUT (no rows)
2026-03-04T17:43:58.393100+00:00 OUT 
2026-03-04T17:43:58.425689+00:00 OUT ---- trigger_order ----
2026-03-04T17:43:58.728310+00:00 OUT (no rows)
2026-03-04T17:43:58.750687+00:00 OUT 
2026-03-04T17:43:58.806459+00:00 OUT Precheck complete.
2026-03-04T17:43:58.827569+00:00 OUT TSV outputs: /mnt/macshare/artifacts/precheck/*.tsv
2026-03-04T17:43:58.855542+00:00 RUN  binlog_seed_dump_restore (Seed target with dump/restore snapshot) -> scripts/14_binlog_seed.sh
2026-03-04T17:43:58.862745+00:00 CMD /mnt/macshare/scripts/14_binlog_seed.sh
2026-03-04T17:43:58.887145+00:00 OUT ==> Binlog migration: seed target from source snapshot
2026-03-04T17:43:58.929545+00:00 OUT Preparing target database(s)...
2026-03-04T17:43:59.183043+00:00 OUT Creating source snapshot with binlog coordinates...
2026-03-04T17:44:00.162131+00:00 OUT Restoring snapshot to target...
2026-03-04T17:44:01.214745+00:00 OUT Seed completed.
2026-03-04T17:44:01.222750+00:00 OUT Coordinates file: artifacts/binlog_coords.env
2026-03-04T17:44:01.226947+00:00 OUT Dump file: artifacts/binlog_seed_20260304_174358.sql
2026-03-04T17:44:01.251067+00:00 RUN  binlog_start_replication (Configure and start MariaDB replication from MySQL binlog) -> scripts/15_binlog_start_replication.sh
2026-03-04T17:44:01.257092+00:00 CMD /mnt/macshare/scripts/15_binlog_start_replication.sh
2026-03-04T17:44:01.285179+00:00 OUT ==> Binlog migration: configure and start replication
2026-03-04T17:44:01.295528+00:00 OUT Ensuring replication user exists on source...
2026-03-04T17:44:02.324415+00:00 OUT Applying replication coordinates: mysql-bin.000019:3342
2026-03-04T17:44:03.081203+00:00 OUT Replication started.
2026-03-04T17:44:03.107036+00:00 RUN  binlog_verify_replication (Verify replication status and lag) -> scripts/16_binlog_verify.sh
2026-03-04T17:44:03.114277+00:00 CMD /mnt/macshare/scripts/16_binlog_verify.sh
2026-03-04T17:44:03.140253+00:00 OUT ==> Binlog migration: verify replication
2026-03-04T17:44:03.508435+00:00 OUT IO running: Yes
2026-03-04T17:44:03.515536+00:00 OUT SQL running: Yes
2026-03-04T17:44:03.520859+00:00 OUT Seconds behind master: 0
2026-03-04T17:44:03.524770+00:00 OUT Replication verify passed.
2026-03-04T17:44:03.544201+00:00 FINISH success=True message=Run completed successfully.
