2026-02-12T05:01:52.377283+00:00 START mode=assessment config=config/source.yaml
2026-02-12T05:01:52.377510+00:00 RUN precheck -> /Users/balajin/Documents/GitHub/Mysql-to-MariaDB-Migration/scripts/00_precheck.sh
2026-02-12T05:01:53.612004+00:00 == Precheck runner ==
2026-02-12T05:01:53.612183+00:00 Host: 127.0.0.1  Port: 3306  User: root
2026-02-12T05:01:53.612220+00:00 Checks dir: /Users/balajin/Documents/GitHub/Mysql-to-MariaDB-Migration/sql/checks
2026-02-12T05:01:53.612248+00:00 Outdir: artifacts/assess_20260212_103152/precheck
2026-02-12T05:01:53.612277+00:00 
2026-02-12T05:01:53.612312+00:00 NOTE: mariadb-migrate-config-file not found; skipping config check.
2026-02-12T05:01:53.612335+00:00 ---- mysql_version ----
2026-02-12T05:01:53.612358+00:00 8.4.8
2026-02-12T05:01:53.612380+00:00 
2026-02-12T05:01:53.612403+00:00 ---- innodb_settings ----
2026-02-12T05:01:53.612425+00:00 1	1
2026-02-12T05:01:53.612446+00:00 
2026-02-12T05:01:53.612467+00:00 ---- auth_plugins ----
2026-02-12T05:01:53.612488+00:00 migrate	%	caching_sha2_password
2026-02-12T05:01:53.612511+00:00 migrate	192.168.64.2	caching_sha2_password
2026-02-12T05:01:53.612532+00:00 packer	%	caching_sha2_password
2026-02-12T05:01:53.612553+00:00 root	localhost	caching_sha2_password
2026-02-12T05:01:53.612574+00:00 
2026-02-12T05:01:53.612594+00:00 ---- json_columns ----
2026-02-12T05:01:53.612615+00:00 testdb	orders_json	data_json	json
2026-02-12T05:01:53.612635+00:00 
2026-02-12T05:01:53.612656+00:00 ---- compression_encryption ----
2026-02-12T05:01:53.612682+00:00 (no rows)
2026-02-12T05:01:53.612702+00:00 
2026-02-12T05:01:53.612723+00:00 ---- engines_summary ----
2026-02-12T05:01:53.612743+00:00 PERFORMANCE_SCHEMA	113
2026-02-12T05:01:53.612764+00:00 InnoDB	65
2026-02-12T05:01:53.612786+00:00 CSV	2
2026-02-12T05:01:53.612806+00:00 
2026-02-12T05:01:53.612827+00:00 ---- schema_sizes ----
2026-02-12T05:01:53.612846+00:00 testdb	38.56
2026-02-12T05:01:53.612866+00:00 sakila	6.45
2026-02-12T05:01:53.612886+00:00 mysql	2.61
2026-02-12T05:01:53.612906+00:00 world	0.77
2026-02-12T05:01:53.612926+00:00 classicmodels	0.50
2026-02-12T05:01:53.612946+00:00 sys	0.02
2026-02-12T05:01:53.612969+00:00 information_schema	0.00
2026-02-12T05:01:53.612989+00:00 performance_schema	0.00
2026-02-12T05:01:53.613008+00:00 
2026-02-12T05:01:53.613028+00:00 ---- schema_charsets ----
2026-02-12T05:01:53.613048+00:00 classicmodels	latin1	latin1_swedish_ci
2026-02-12T05:01:53.613069+00:00 sakila	utf8mb4	utf8mb4_0900_ai_ci
2026-02-12T05:01:53.613089+00:00 testdb	utf8mb4	utf8mb4_0900_ai_ci
2026-02-12T05:01:53.613110+00:00 world	utf8mb4	utf8mb4_0900_ai_ci
2026-02-12T05:01:53.613130+00:00 
2026-02-12T05:01:53.613150+00:00 ---- mysql8_collations ----
2026-02-12T05:01:53.613170+00:00 sakila	actor	utf8mb4_0900_ai_ci
2026-02-12T05:01:53.613190+00:00 sakila	address	utf8mb4_0900_ai_ci
2026-02-12T05:01:53.613209+00:00 sakila	category	utf8mb4_0900_ai_ci
2026-02-12T05:01:53.613229+00:00 sakila	city	utf8mb4_0900_ai_ci
2026-02-12T05:01:53.613249+00:00 sakila	country	utf8mb4_0900_ai_ci
2026-02-12T05:01:53.613288+00:00 sakila	customer	utf8mb4_0900_ai_ci
2026-02-12T05:01:53.613308+00:00 sakila	film	utf8mb4_0900_ai_ci
2026-02-12T05:01:53.613327+00:00 sakila	film_actor	utf8mb4_0900_ai_ci
2026-02-12T05:01:53.613365+00:00 sakila	film_category	utf8mb4_0900_ai_ci
2026-02-12T05:01:53.613387+00:00 sakila	film_text	utf8mb4_0900_ai_ci
2026-02-12T05:01:53.613410+00:00 sakila	inventory	utf8mb4_0900_ai_ci
2026-02-12T05:01:53.613430+00:00 sakila	language	utf8mb4_0900_ai_ci
2026-02-12T05:01:53.613449+00:00 sakila	payment	utf8mb4_0900_ai_ci
2026-02-12T05:01:53.613469+00:00 sakila	rental	utf8mb4_0900_ai_ci
2026-02-12T05:01:53.613489+00:00 sakila	staff	utf8mb4_0900_ai_ci
2026-02-12T05:01:53.613509+00:00 sakila	store	utf8mb4_0900_ai_ci
2026-02-12T05:01:53.613529+00:00 testdb	orders_json	utf8mb4_0900_ai_ci
2026-02-12T05:01:53.613549+00:00 world	city	utf8mb4_0900_ai_ci
2026-02-12T05:01:53.613569+00:00 world	country	utf8mb4_0900_ai_ci
2026-02-12T05:01:53.613590+00:00 world	countrylanguage	utf8mb4_0900_ai_ci
2026-02-12T05:01:53.613609+00:00 
2026-02-12T05:01:53.613649+00:00 ---- mysql8_column_collations ----
2026-02-12T05:01:53.613674+00:00 sakila	actor	first_name	utf8mb4_0900_ai_ci
2026-02-12T05:01:53.613698+00:00 sakila	actor	last_name	utf8mb4_0900_ai_ci
2026-02-12T05:01:53.613726+00:00 sakila	actor_info	film_info	utf8mb4_0900_ai_ci
2026-02-12T05:01:53.613751+00:00 sakila	actor_info	first_name	utf8mb4_0900_ai_ci
2026-02-12T05:01:53.613777+00:00 sakila	actor_info	last_name	utf8mb4_0900_ai_ci
2026-02-12T05:01:53.613801+00:00 sakila	address	address	utf8mb4_0900_ai_ci
2026-02-12T05:01:53.613824+00:00 sakila	address	address2	utf8mb4_0900_ai_ci
2026-02-12T05:01:53.613847+00:00 sakila	address	district	utf8mb4_0900_ai_ci
2026-02-12T05:01:53.613871+00:00 sakila	address	phone	utf8mb4_0900_ai_ci
2026-02-12T05:01:53.613895+00:00 sakila	address	postal_code	utf8mb4_0900_ai_ci
2026-02-12T05:01:53.613918+00:00 sakila	category	name	utf8mb4_0900_ai_ci
2026-02-12T05:01:53.613941+00:00 sakila	city	city	utf8mb4_0900_ai_ci
2026-02-12T05:01:53.613964+00:00 sakila	country	country	utf8mb4_0900_ai_ci
2026-02-12T05:01:53.613987+00:00 sakila	customer	email	utf8mb4_0900_ai_ci
2026-02-12T05:01:53.614010+00:00 sakila	customer	first_name	utf8mb4_0900_ai_ci
2026-02-12T05:01:53.614033+00:00 sakila	customer	last_name	utf8mb4_0900_ai_ci
2026-02-12T05:01:53.614058+00:00 sakila	customer_list	address	utf8mb4_0900_ai_ci
2026-02-12T05:01:53.614082+00:00 sakila	customer_list	city	utf8mb4_0900_ai_ci
2026-02-12T05:01:53.614107+00:00 sakila	customer_list	country	utf8mb4_0900_ai_ci
2026-02-12T05:01:53.614129+00:00 sakila	customer_list	name	utf8mb4_0900_ai_ci
2026-02-12T05:01:53.614153+00:00 sakila	customer_list	notes	utf8mb4_0900_ai_ci
2026-02-12T05:01:53.614176+00:00 sakila	customer_list	phone	utf8mb4_0900_ai_ci
2026-02-12T05:01:53.614199+00:00 sakila	customer_list	zip code	utf8mb4_0900_ai_ci
2026-02-12T05:01:53.614222+00:00 sakila	film	description	utf8mb4_0900_ai_ci
2026-02-12T05:01:53.614245+00:00 sakila	film	rating	utf8mb4_0900_ai_ci
2026-02-12T05:01:53.614268+00:00 sakila	film	special_features	utf8mb4_0900_ai_ci
2026-02-12T05:01:53.614291+00:00 sakila	film	title	utf8mb4_0900_ai_ci
2026-02-12T05:01:53.614314+00:00 sakila	film_list	actors	utf8mb4_0900_ai_ci
2026-02-12T05:01:53.614336+00:00 sakila	film_list	category	utf8mb4_0900_ai_ci
2026-02-12T05:01:53.614359+00:00 sakila	film_list	description	utf8mb4_0900_ai_ci
2026-02-12T05:01:53.614381+00:00 sakila	film_list	rating	utf8mb4_0900_ai_ci
2026-02-12T05:01:53.614404+00:00 sakila	film_list	title	utf8mb4_0900_ai_ci
2026-02-12T05:01:53.614426+00:00 sakila	film_text	description	utf8mb4_0900_ai_ci
2026-02-12T05:01:53.614449+00:00 sakila	film_text	title	utf8mb4_0900_ai_ci
2026-02-12T05:01:53.614472+00:00 sakila	language	name	utf8mb4_0900_ai_ci
2026-02-12T05:01:53.614494+00:00 sakila	nicer_but_slower_film_list	actors	utf8mb4_0900_ai_ci
2026-02-12T05:01:53.614518+00:00 sakila	nicer_but_slower_film_list	category	utf8mb4_0900_ai_ci
2026-02-12T05:01:53.614542+00:00 sakila	nicer_but_slower_film_list	description	utf8mb4_0900_ai_ci
2026-02-12T05:01:53.614571+00:00 sakila	nicer_but_slower_film_list	rating	utf8mb4_0900_ai_ci
2026-02-12T05:01:53.614596+00:00 sakila	nicer_but_slower_film_list	title	utf8mb4_0900_ai_ci
2026-02-12T05:01:53.614619+00:00 sakila	sales_by_film_category	category	utf8mb4_0900_ai_ci
2026-02-12T05:01:53.614641+00:00 sakila	sales_by_store	manager	utf8mb4_0900_ai_ci
2026-02-12T05:01:53.614666+00:00 sakila	sales_by_store	store	utf8mb4_0900_ai_ci
2026-02-12T05:01:53.614690+00:00 sakila	staff	email	utf8mb4_0900_ai_ci
2026-02-12T05:01:53.614713+00:00 sakila	staff	first_name	utf8mb4_0900_ai_ci
2026-02-12T05:01:53.614736+00:00 sakila	staff	last_name	utf8mb4_0900_ai_ci
2026-02-12T05:01:53.614759+00:00 sakila	staff	username	utf8mb4_0900_ai_ci
2026-02-12T05:01:53.614783+00:00 sakila	staff_list	address	utf8mb4_0900_ai_ci
2026-02-12T05:01:53.614806+00:00 sakila	staff_list	city	utf8mb4_0900_ai_ci
2026-02-12T05:01:53.614830+00:00 sakila	staff_list	country	utf8mb4_0900_ai_ci
2026-02-12T05:01:53.614854+00:00 ... (truncated; full output in artifacts/assess_20260212_103152/precheck/mysql8_column_collations.tsv)
2026-02-12T05:01:53.614894+00:00 
2026-02-12T05:01:53.614922+00:00 ---- sql_mode ----
2026-02-12T05:01:53.614949+00:00 ONLY_FULL_GROUP_BY,STRICT_TRANS_TABLES,NO_ZERO_IN_DATE,NO_ZERO_DATE,ERROR_FOR_DIVISION_BY_ZERO,NO_ENGINE_SUBSTITUTION
2026-02-12T05:01:53.614976+00:00 
2026-02-12T05:01:53.615002+00:00 ---- definers_inventory ----
2026-02-12T05:01:53.615029+00:00 ROUTINE	root@localhost	6
2026-02-12T05:01:53.615059+00:00 TRIGGER	root@localhost	6
2026-02-12T05:01:53.615086+00:00 VIEW	root@localhost	7
2026-02-12T05:01:53.615114+00:00 
2026-02-12T05:01:53.615141+00:00 ---- partitioned_tables ----
2026-02-12T05:01:53.615168+00:00 (no rows)
2026-02-12T05:01:53.615195+00:00 
2026-02-12T05:01:53.615222+00:00 ---- active_plugins ----
2026-02-12T05:01:53.615250+00:00 ARCHIVE	ACTIVE
2026-02-12T05:01:53.615279+00:00 binlog	ACTIVE
2026-02-12T05:01:53.615307+00:00 BLACKHOLE	ACTIVE
2026-02-12T05:01:53.615344+00:00 caching_sha2_password	ACTIVE
2026-02-12T05:01:53.615373+00:00 CSV	ACTIVE
2026-02-12T05:01:53.615403+00:00 daemon_keyring_proxy_plugin	ACTIVE
2026-02-12T05:01:53.615431+00:00 InnoDB	ACTIVE
2026-02-12T05:01:53.615458+00:00 INNODB_BUFFER_PAGE	ACTIVE
2026-02-12T05:01:53.615487+00:00 INNODB_BUFFER_PAGE_LRU	ACTIVE
2026-02-12T05:01:53.615515+00:00 INNODB_BUFFER_POOL_STATS	ACTIVE
2026-02-12T05:01:53.615542+00:00 INNODB_CACHED_INDEXES	ACTIVE
2026-02-12T05:01:53.615579+00:00 INNODB_CMP	ACTIVE
2026-02-12T05:01:53.615606+00:00 INNODB_CMPMEM	ACTIVE
2026-02-12T05:01:53.615633+00:00 INNODB_CMPMEM_RESET	ACTIVE
2026-02-12T05:01:53.615659+00:00 INNODB_CMP_PER_INDEX	ACTIVE
2026-02-12T05:01:53.615685+00:00 INNODB_CMP_PER_INDEX_RESET	ACTIVE
2026-02-12T05:01:53.615711+00:00 INNODB_CMP_RESET	ACTIVE
2026-02-12T05:01:53.615737+00:00 INNODB_COLUMNS	ACTIVE
2026-02-12T05:01:53.615763+00:00 INNODB_FT_BEING_DELETED	ACTIVE
2026-02-12T05:01:53.615789+00:00 INNODB_FT_CONFIG	ACTIVE
2026-02-12T05:01:53.615815+00:00 INNODB_FT_DEFAULT_STOPWORD	ACTIVE
2026-02-12T05:01:53.615842+00:00 INNODB_FT_DELETED	ACTIVE
2026-02-12T05:01:53.615868+00:00 INNODB_FT_INDEX_CACHE	ACTIVE
2026-02-12T05:01:53.615895+00:00 INNODB_FT_INDEX_TABLE	ACTIVE
2026-02-12T05:01:53.615922+00:00 INNODB_INDEXES	ACTIVE
2026-02-12T05:01:53.615948+00:00 INNODB_METRICS	ACTIVE
2026-02-12T05:01:53.615974+00:00 INNODB_SESSION_TEMP_TABLESPACES	ACTIVE
2026-02-12T05:01:53.616001+00:00 INNODB_TABLES	ACTIVE
2026-02-12T05:01:53.616032+00:00 INNODB_TABLESPACES	ACTIVE
2026-02-12T05:01:53.616060+00:00 INNODB_TABLESTATS	ACTIVE
2026-02-12T05:01:53.616088+00:00 INNODB_TEMP_TABLE_INFO	ACTIVE
2026-02-12T05:01:53.616116+00:00 INNODB_TRX	ACTIVE
2026-02-12T05:01:53.616144+00:00 INNODB_VIRTUAL	ACTIVE
2026-02-12T05:01:53.616174+00:00 MEMORY	ACTIVE
2026-02-12T05:01:53.616201+00:00 MRG_MYISAM	ACTIVE
2026-02-12T05:01:53.616237+00:00 MyISAM	ACTIVE
2026-02-12T05:01:53.616264+00:00 mysqlx	ACTIVE
2026-02-12T05:01:53.616292+00:00 mysqlx_cache_cleaner	ACTIVE
2026-02-12T05:01:53.616320+00:00 ngram	ACTIVE
2026-02-12T05:01:53.616347+00:00 PERFORMANCE_SCHEMA	ACTIVE
2026-02-12T05:01:53.616374+00:00 sha256_password	ACTIVE
2026-02-12T05:01:53.616401+00:00 sha2_cache_cleaner	ACTIVE
2026-02-12T05:01:53.616428+00:00 TempTable	ACTIVE
2026-02-12T05:01:53.616456+00:00 
2026-02-12T05:01:53.616484+00:00 ---- functional_indexes ----
2026-02-12T05:01:53.616510+00:00 (no rows)
2026-02-12T05:01:53.616538+00:00 
2026-02-12T05:01:53.616565+00:00 ---- functional_defaults ----
2026-02-12T05:01:53.616592+00:00 (no rows)
2026-02-12T05:01:53.616620+00:00 
2026-02-12T05:01:53.616648+00:00 ---- invisible_columns ----
2026-02-12T05:01:53.616676+00:00 (no rows)
2026-02-12T05:01:53.616704+00:00 
2026-02-12T05:01:53.616731+00:00 ---- check_constraints ----
2026-02-12T05:01:53.616759+00:00 (no rows)
2026-02-12T05:01:53.616787+00:00 
2026-02-12T05:01:53.616815+00:00 ---- partial_revokes ----
2026-02-12T05:01:53.616842+00:00 (no rows)
2026-02-12T05:01:53.616870+00:00 
2026-02-12T05:01:53.616898+00:00 ---- gis_srid_usage ----
2026-02-12T05:01:53.616930+00:00 sakila	address	location	0
2026-02-12T05:01:53.616966+00:00 
2026-02-12T05:01:53.617017+00:00 ---- resource_groups ----
2026-02-12T05:01:53.617050+00:00 (no rows)
2026-02-12T05:01:53.617081+00:00 
2026-02-12T05:01:53.617113+00:00 ---- xplugin_status ----
2026-02-12T05:01:53.617144+00:00 mysqlx	ACTIVE
2026-02-12T05:01:53.617176+00:00 
2026-02-12T05:01:53.617211+00:00 ---- fk_name_lengths ----
2026-02-12T05:01:53.617243+00:00 (no rows)
2026-02-12T05:01:53.617277+00:00 
2026-02-12T05:01:53.617312+00:00 ---- trigger_order ----
2026-02-12T05:01:53.617346+00:00 (no rows)
2026-02-12T05:01:53.617379+00:00 
2026-02-12T05:01:53.617413+00:00 Precheck complete.
2026-02-12T05:01:53.617445+00:00 TSV outputs: artifacts/assess_20260212_103152/precheck/*.tsv
2026-02-12T05:01:53.618601+00:00 FINISH success=True message=Assessment passed. Ready to plan/run.
