2026-03-04T17:17:27.340973+00:00 START mode=assessment config=config/source.yaml
2026-03-04T17:17:28.368948+00:00 Assessment source auth selected: SRC_ADMIN_USER (admin)
2026-03-04T17:17:28.391839+00:00 RUN precheck -> /mnt/macshare/scripts/00_precheck.sh
2026-03-04T17:18:01.541739+00:00 == Precheck runner ==
2026-03-04T17:18:01.551136+00:00 Host: 192.168.64.7  Port: 3306  User: admin
2026-03-04T17:18:01.565719+00:00 Checks dir: /mnt/macshare/sql/checks
2026-03-04T17:18:01.576085+00:00 Outdir: artifacts/assess_20260304_171720/precheck
2026-03-04T17:18:01.584317+00:00 
2026-03-04T17:18:01.591899+00:00 NOTE: mariadb-migrate-config-file not found; skipping config check.
2026-03-04T17:18:01.600971+00:00 ---- mysql_version ----
2026-03-04T17:18:01.609795+00:00 8.0.45-0ubuntu0.24.04.1
2026-03-04T17:18:01.617114+00:00 
2026-03-04T17:18:01.624372+00:00 ---- innodb_settings ----
2026-03-04T17:18:01.633761+00:00 1	1
2026-03-04T17:18:01.640756+00:00 
2026-03-04T17:18:01.652946+00:00 ---- auth_plugins ----
2026-03-04T17:18:01.660010+00:00 debian-sys-maint	localhost	caching_sha2_password
2026-03-04T17:18:01.667914+00:00 
2026-03-04T17:18:01.674023+00:00 ---- json_columns ----
2026-03-04T17:18:01.684429+00:00 advanced_test	json_test	data	json
2026-03-04T17:18:01.694498+00:00 advanced_test	json_test	metadata	json
2026-03-04T17:18:01.707065+00:00 testdb	orders_json	data_json	json
2026-03-04T17:18:01.721731+00:00 
2026-03-04T17:18:01.733173+00:00 ---- compression_encryption ----
2026-03-04T17:18:01.745592+00:00 (no rows)
2026-03-04T17:18:01.754463+00:00 
2026-03-04T17:18:01.762782+00:00 ---- engines_summary ----
2026-03-04T17:18:01.770472+00:00 PERFORMANCE_SCHEMA	111
2026-03-04T17:18:01.778251+00:00 InnoDB	58
2026-03-04T17:18:01.789291+00:00 CSV	2
2026-03-04T17:18:01.799587+00:00 
2026-03-04T17:18:01.810830+00:00 ---- schema_sizes ----
2026-03-04T17:18:01.821753+00:00 testdb	38.56
2026-03-04T17:18:01.828418+00:00 sakila	6.45
2026-03-04T17:18:01.835444+00:00 mysql	2.73
2026-03-04T17:18:01.842732+00:00 world	0.77
2026-03-04T17:18:01.851542+00:00 sys	0.02
2026-03-04T17:18:01.858881+00:00 advanced_test	0.02
2026-03-04T17:18:01.865571+00:00 test_replication	0.02
2026-03-04T17:18:01.875029+00:00 information_schema	0.00
2026-03-04T17:18:01.880230+00:00 performance_schema	0.00
2026-03-04T17:18:01.888609+00:00 
2026-03-04T17:18:01.899422+00:00 ---- schema_charsets ----
2026-03-04T17:18:01.906195+00:00 advanced_test	utf8mb4	utf8mb4_0900_ai_ci
2026-03-04T17:18:01.916013+00:00 sakila	utf8mb4	utf8mb4_0900_ai_ci
2026-03-04T17:18:01.923569+00:00 test_replication	utf8mb4	utf8mb4_0900_ai_ci
2026-03-04T17:18:01.931759+00:00 testdb	utf8mb4	utf8mb4_0900_ai_ci
2026-03-04T17:18:01.938432+00:00 world	utf8mb4	utf8mb4_0900_ai_ci
2026-03-04T17:18:01.948407+00:00 
2026-03-04T17:18:01.958661+00:00 ---- mysql8_collations ----
2026-03-04T17:18:01.966983+00:00 advanced_test	json_test	utf8mb4_0900_ai_ci
2026-03-04T17:18:01.976115+00:00 sakila	actor	utf8mb4_0900_ai_ci
2026-03-04T17:18:01.986186+00:00 sakila	address	utf8mb4_0900_ai_ci
2026-03-04T17:18:01.995022+00:00 sakila	category	utf8mb4_0900_ai_ci
2026-03-04T17:18:02.002404+00:00 sakila	city	utf8mb4_0900_ai_ci
2026-03-04T17:18:02.009280+00:00 sakila	country	utf8mb4_0900_ai_ci
2026-03-04T17:18:02.017977+00:00 sakila	customer	utf8mb4_0900_ai_ci
2026-03-04T17:18:02.026147+00:00 sakila	film	utf8mb4_0900_ai_ci
2026-03-04T17:18:02.035191+00:00 sakila	film_actor	utf8mb4_0900_ai_ci
2026-03-04T17:18:02.045364+00:00 sakila	film_category	utf8mb4_0900_ai_ci
2026-03-04T17:18:02.054813+00:00 sakila	film_text	utf8mb4_0900_ai_ci
2026-03-04T17:18:02.063870+00:00 sakila	inventory	utf8mb4_0900_ai_ci
2026-03-04T17:18:02.070151+00:00 sakila	language	utf8mb4_0900_ai_ci
2026-03-04T17:18:02.079570+00:00 sakila	payment	utf8mb4_0900_ai_ci
2026-03-04T17:18:02.088940+00:00 sakila	rental	utf8mb4_0900_ai_ci
2026-03-04T17:18:02.094054+00:00 sakila	staff	utf8mb4_0900_ai_ci
2026-03-04T17:18:02.104205+00:00 sakila	store	utf8mb4_0900_ai_ci
2026-03-04T17:18:02.109373+00:00 test_replication	customers	utf8mb4_0900_ai_ci
2026-03-04T17:18:02.117770+00:00 testdb	orders_json	utf8mb4_0900_ai_ci
2026-03-04T17:18:02.126911+00:00 world	city	utf8mb4_0900_ai_ci
2026-03-04T17:18:02.135865+00:00 world	country	utf8mb4_0900_ai_ci
2026-03-04T17:18:02.149062+00:00 world	countrylanguage	utf8mb4_0900_ai_ci
2026-03-04T17:18:02.157201+00:00 
2026-03-04T17:18:02.168815+00:00 ---- mysql8_column_collations ----
2026-03-04T17:18:02.176156+00:00 sakila	actor	first_name	utf8mb4_0900_ai_ci
2026-03-04T17:18:02.183083+00:00 sakila	actor	last_name	utf8mb4_0900_ai_ci
2026-03-04T17:18:02.194021+00:00 sakila	actor_info	film_info	utf8mb4_0900_ai_ci
2026-03-04T17:18:02.201203+00:00 sakila	actor_info	first_name	utf8mb4_0900_ai_ci
2026-03-04T17:18:02.209869+00:00 sakila	actor_info	last_name	utf8mb4_0900_ai_ci
2026-03-04T17:18:02.219046+00:00 sakila	address	address	utf8mb4_0900_ai_ci
2026-03-04T17:18:02.227750+00:00 sakila	address	address2	utf8mb4_0900_ai_ci
2026-03-04T17:18:02.239209+00:00 sakila	address	district	utf8mb4_0900_ai_ci
2026-03-04T17:18:02.248591+00:00 sakila	address	phone	utf8mb4_0900_ai_ci
2026-03-04T17:18:02.258181+00:00 sakila	address	postal_code	utf8mb4_0900_ai_ci
2026-03-04T17:18:02.269440+00:00 sakila	category	name	utf8mb4_0900_ai_ci
2026-03-04T17:18:02.276217+00:00 sakila	city	city	utf8mb4_0900_ai_ci
2026-03-04T17:18:02.286783+00:00 sakila	country	country	utf8mb4_0900_ai_ci
2026-03-04T17:18:02.294598+00:00 sakila	customer	email	utf8mb4_0900_ai_ci
2026-03-04T17:18:02.304211+00:00 sakila	customer	first_name	utf8mb4_0900_ai_ci
2026-03-04T17:18:02.313204+00:00 sakila	customer	last_name	utf8mb4_0900_ai_ci
2026-03-04T17:18:02.322357+00:00 sakila	customer_list	address	utf8mb4_0900_ai_ci
2026-03-04T17:18:02.330277+00:00 sakila	customer_list	city	utf8mb4_0900_ai_ci
2026-03-04T17:18:02.337615+00:00 sakila	customer_list	country	utf8mb4_0900_ai_ci
2026-03-04T17:18:02.349884+00:00 sakila	customer_list	name	utf8mb4_0900_ai_ci
2026-03-04T17:18:02.359150+00:00 sakila	customer_list	notes	utf8mb4_0900_ai_ci
2026-03-04T17:18:02.365472+00:00 sakila	customer_list	phone	utf8mb4_0900_ai_ci
2026-03-04T17:18:02.376909+00:00 sakila	customer_list	zip code	utf8mb4_0900_ai_ci
2026-03-04T17:18:02.384158+00:00 sakila	film	description	utf8mb4_0900_ai_ci
2026-03-04T17:18:02.393384+00:00 sakila	film	rating	utf8mb4_0900_ai_ci
2026-03-04T17:18:02.400709+00:00 sakila	film	special_features	utf8mb4_0900_ai_ci
2026-03-04T17:18:02.408431+00:00 sakila	film	title	utf8mb4_0900_ai_ci
2026-03-04T17:18:02.417787+00:00 sakila	film_list	actors	utf8mb4_0900_ai_ci
2026-03-04T17:18:02.424800+00:00 sakila	film_list	category	utf8mb4_0900_ai_ci
2026-03-04T17:18:02.431959+00:00 sakila	film_list	description	utf8mb4_0900_ai_ci
2026-03-04T17:18:02.439296+00:00 sakila	film_list	rating	utf8mb4_0900_ai_ci
2026-03-04T17:18:02.451144+00:00 sakila	film_list	title	utf8mb4_0900_ai_ci
2026-03-04T17:18:02.460635+00:00 sakila	film_text	description	utf8mb4_0900_ai_ci
2026-03-04T17:18:02.467835+00:00 sakila	film_text	title	utf8mb4_0900_ai_ci
2026-03-04T17:18:02.476216+00:00 sakila	language	name	utf8mb4_0900_ai_ci
2026-03-04T17:18:02.486621+00:00 sakila	nicer_but_slower_film_list	actors	utf8mb4_0900_ai_ci
2026-03-04T17:18:02.498144+00:00 sakila	nicer_but_slower_film_list	category	utf8mb4_0900_ai_ci
2026-03-04T17:18:02.505785+00:00 sakila	nicer_but_slower_film_list	description	utf8mb4_0900_ai_ci
2026-03-04T17:18:02.514316+00:00 sakila	nicer_but_slower_film_list	rating	utf8mb4_0900_ai_ci
2026-03-04T17:18:02.524253+00:00 sakila	nicer_but_slower_film_list	title	utf8mb4_0900_ai_ci
2026-03-04T17:18:02.532546+00:00 sakila	sales_by_film_category	category	utf8mb4_0900_ai_ci
2026-03-04T17:18:02.544647+00:00 sakila	sales_by_store	manager	utf8mb4_0900_ai_ci
2026-03-04T17:18:02.554350+00:00 sakila	sales_by_store	store	utf8mb4_0900_ai_ci
2026-03-04T17:18:02.558895+00:00 sakila	staff	email	utf8mb4_0900_ai_ci
2026-03-04T17:18:02.569378+00:00 sakila	staff	first_name	utf8mb4_0900_ai_ci
2026-03-04T17:18:02.576930+00:00 sakila	staff	last_name	utf8mb4_0900_ai_ci
2026-03-04T17:18:02.583608+00:00 sakila	staff	username	utf8mb4_0900_ai_ci
2026-03-04T17:18:02.591613+00:00 sakila	staff_list	address	utf8mb4_0900_ai_ci
2026-03-04T17:18:02.600081+00:00 sakila	staff_list	city	utf8mb4_0900_ai_ci
2026-03-04T17:18:02.610206+00:00 sakila	staff_list	country	utf8mb4_0900_ai_ci
2026-03-04T17:18:02.619243+00:00 ... (truncated; full output in artifacts/assess_20260304_171720/precheck/mysql8_column_collations.tsv)
2026-03-04T17:18:02.628447+00:00 
2026-03-04T17:18:02.635510+00:00 ---- sql_mode ----
2026-03-04T17:18:02.646611+00:00 ONLY_FULL_GROUP_BY,STRICT_TRANS_TABLES,NO_ZERO_IN_DATE,NO_ZERO_DATE,ERROR_FOR_DIVISION_BY_ZERO,NO_ENGINE_SUBSTITUTION
2026-03-04T17:18:02.655569+00:00 
2026-03-04T17:18:02.664345+00:00 ---- definers_inventory ----
2026-03-04T17:18:02.672300+00:00 TRIGGER	root@localhost	6
2026-03-04T17:18:02.679423+00:00 VIEW	root@localhost	7
2026-03-04T17:18:02.686422+00:00 
2026-03-04T17:18:02.695984+00:00 ---- partitioned_tables ----
2026-03-04T17:18:02.703158+00:00 (no rows)
2026-03-04T17:18:02.711485+00:00 
2026-03-04T17:18:02.723722+00:00 ---- active_plugins ----
2026-03-04T17:18:02.732694+00:00 ARCHIVE	ACTIVE
2026-03-04T17:18:02.738962+00:00 auth_socket	ACTIVE
2026-03-04T17:18:02.746081+00:00 binlog	ACTIVE
2026-03-04T17:18:02.755789+00:00 BLACKHOLE	ACTIVE
2026-03-04T17:18:02.763202+00:00 caching_sha2_password	ACTIVE
2026-03-04T17:18:02.773280+00:00 CSV	ACTIVE
2026-03-04T17:18:02.780746+00:00 daemon_keyring_proxy_plugin	ACTIVE
2026-03-04T17:18:02.787882+00:00 InnoDB	ACTIVE
2026-03-04T17:18:02.793923+00:00 INNODB_BUFFER_PAGE	ACTIVE
2026-03-04T17:18:02.802294+00:00 INNODB_BUFFER_PAGE_LRU	ACTIVE
2026-03-04T17:18:02.808361+00:00 INNODB_BUFFER_POOL_STATS	ACTIVE
2026-03-04T17:18:02.815880+00:00 INNODB_CACHED_INDEXES	ACTIVE
2026-03-04T17:18:02.826180+00:00 INNODB_CMP	ACTIVE
2026-03-04T17:18:02.833584+00:00 INNODB_CMPMEM	ACTIVE
2026-03-04T17:18:02.842337+00:00 INNODB_CMPMEM_RESET	ACTIVE
2026-03-04T17:18:02.850923+00:00 INNODB_CMP_PER_INDEX	ACTIVE
2026-03-04T17:18:02.861621+00:00 INNODB_CMP_PER_INDEX_RESET	ACTIVE
2026-03-04T17:18:02.871281+00:00 INNODB_CMP_RESET	ACTIVE
2026-03-04T17:18:02.879048+00:00 INNODB_COLUMNS	ACTIVE
2026-03-04T17:18:02.889884+00:00 INNODB_FT_BEING_DELETED	ACTIVE
2026-03-04T17:18:02.898383+00:00 INNODB_FT_CONFIG	ACTIVE
2026-03-04T17:18:02.904037+00:00 INNODB_FT_DEFAULT_STOPWORD	ACTIVE
2026-03-04T17:18:02.912599+00:00 INNODB_FT_DELETED	ACTIVE
2026-03-04T17:18:02.921916+00:00 INNODB_FT_INDEX_CACHE	ACTIVE
2026-03-04T17:18:02.931668+00:00 INNODB_FT_INDEX_TABLE	ACTIVE
2026-03-04T17:18:02.938869+00:00 INNODB_INDEXES	ACTIVE
2026-03-04T17:18:02.947147+00:00 INNODB_METRICS	ACTIVE
2026-03-04T17:18:02.954213+00:00 INNODB_SESSION_TEMP_TABLESPACES	ACTIVE
2026-03-04T17:18:02.965549+00:00 INNODB_TABLES	ACTIVE
2026-03-04T17:18:02.973129+00:00 INNODB_TABLESPACES	ACTIVE
2026-03-04T17:18:02.978925+00:00 INNODB_TABLESTATS	ACTIVE
2026-03-04T17:18:02.987770+00:00 INNODB_TEMP_TABLE_INFO	ACTIVE
2026-03-04T17:18:02.997583+00:00 INNODB_TRX	ACTIVE
2026-03-04T17:18:03.005098+00:00 INNODB_VIRTUAL	ACTIVE
2026-03-04T17:18:03.013812+00:00 MEMORY	ACTIVE
2026-03-04T17:18:03.021355+00:00 MRG_MYISAM	ACTIVE
2026-03-04T17:18:03.029188+00:00 MyISAM	ACTIVE
2026-03-04T17:18:03.035285+00:00 mysqlx	ACTIVE
2026-03-04T17:18:03.044791+00:00 mysqlx_cache_cleaner	ACTIVE
2026-03-04T17:18:03.053960+00:00 mysql_native_password	ACTIVE
2026-03-04T17:18:03.063124+00:00 ngram	ACTIVE
2026-03-04T17:18:03.071448+00:00 PERFORMANCE_SCHEMA	ACTIVE
2026-03-04T17:18:03.078987+00:00 sha256_password	ACTIVE
2026-03-04T17:18:03.085489+00:00 sha2_cache_cleaner	ACTIVE
2026-03-04T17:18:03.094518+00:00 TempTable	ACTIVE
2026-03-04T17:18:03.101127+00:00 
2026-03-04T17:18:03.112053+00:00 ---- functional_indexes ----
2026-03-04T17:18:03.120580+00:00 (no rows)
2026-03-04T17:18:03.125957+00:00 
2026-03-04T17:18:03.136067+00:00 ---- functional_defaults ----
2026-03-04T17:18:03.145281+00:00 (no rows)
2026-03-04T17:18:03.151617+00:00 
2026-03-04T17:18:03.161718+00:00 ---- invisible_columns ----
2026-03-04T17:18:03.168890+00:00 (no rows)
2026-03-04T17:18:03.175681+00:00 
2026-03-04T17:18:03.183967+00:00 ---- check_constraints ----
2026-03-04T17:18:03.191852+00:00 (no rows)
2026-03-04T17:18:03.202387+00:00 
2026-03-04T17:18:03.210681+00:00 ---- partial_revokes ----
2026-03-04T17:18:03.217719+00:00 (no rows)
2026-03-04T17:18:03.224699+00:00 
2026-03-04T17:18:03.233414+00:00 ---- gis_srid_usage ----
2026-03-04T17:18:03.245132+00:00 sakila	address	location	0
2026-03-04T17:18:03.252105+00:00 
2026-03-04T17:18:03.261486+00:00 ---- resource_groups ----
2026-03-04T17:18:03.267950+00:00 USR_default	USER	1	0-9	0
2026-03-04T17:18:03.276617+00:00 SYS_default	SYSTEM	1	0-9	0
2026-03-04T17:18:03.287256+00:00 
2026-03-04T17:18:03.295520+00:00 ---- xplugin_status ----
2026-03-04T17:18:03.305171+00:00 mysqlx	ACTIVE
2026-03-04T17:18:03.313335+00:00 
2026-03-04T17:18:03.323637+00:00 ---- fk_name_lengths ----
2026-03-04T17:18:03.331395+00:00 (no rows)
2026-03-04T17:18:03.341576+00:00 
2026-03-04T17:18:03.346491+00:00 ---- trigger_order ----
2026-03-04T17:18:03.356379+00:00 (no rows)
2026-03-04T17:18:03.364515+00:00 
2026-03-04T17:18:03.375550+00:00 Precheck complete.
2026-03-04T17:18:03.383504+00:00 TSV outputs: artifacts/assess_20260304_171720/precheck/*.tsv
2026-03-04T17:18:05.808824+00:00 FINISH success=True message=Assessment passed. Ready to plan/run.
