2026-02-14T18:55:54.002382+00:00 START mode=run config=config/migration.yaml
2026-02-14T18:55:54.011604+00:00 RUN  preflight_one_step (Preflight checks (one_step)) -> scripts/00_preflight_one_step.sh
2026-02-14T18:55:54.015642+00:00 CMD /mnt/macshare/scripts/00_preflight_one_step.sh
2026-02-14T18:55:54.021510+00:00 OUT ==> Preflight checks (one_step)
2026-02-14T18:55:54.023568+00:00 OUT mariadb-dump not found; mysqldump is available (OK).
2026-02-14T18:55:54.025694+00:00 OUT Checking source connectivity...
2026-02-14T18:55:54.038054+00:00 OUT Checking source migration user readiness...
2026-02-14T18:55:54.053882+00:00 OUT Checking source database(s) exist...
2026-02-14T18:55:54.071274+00:00 OUT Checking target SSH connectivity...
2026-02-14T18:55:54.303163+00:00 OUT Checking target mariadb client...
2026-02-14T18:55:54.534955+00:00 OUT Checking target TCP connectivity...
2026-02-14T18:55:54.749480+00:00 OUT Checking target migration user readiness...
2026-02-14T18:55:55.192298+00:00 OUT WARNING: option --ssl-verify-server-cert is disabled, because of an insecure passwordless login.
2026-02-14T18:55:55.202534+00:00 OUT pv not found (optional).
2026-02-14T18:55:55.205335+00:00 OUT Preflight complete.
2026-02-14T18:55:55.215668+00:00 RUN  create_migration_user (Create migration user on source and target) -> scripts/09_create_migration_user.sh
2026-02-14T18:55:55.219732+00:00 CMD /mnt/macshare/scripts/09_create_migration_user.sh
2026-02-14T18:55:55.226928+00:00 OUT ==> Create migration user on source and target
2026-02-14T18:55:55.237047+00:00 OUT Creating migration user on source: 192.168.64.7:3306
2026-02-14T18:55:55.264470+00:00 OUT Creating migration user on target: 192.168.64.3:3306
2026-02-14T18:55:56.135610+00:00 OUT ERROR 1045 (28000): Access denied for user 'admin'@'localhost' (using password: NO)
2026-02-14T18:55:56.146278+00:00 FINISH success=False message=Run failed at step: create_migration_user
