2026-02-25T16:12:43.795623+00:00 START mode=assessment config=config/source.yaml
2026-02-25T16:12:44.073627+00:00 Assessment source auth selected: SRC_ADMIN_USER (admin)
2026-02-25T16:12:44.082987+00:00 RUN precheck -> /mnt/macshare/scripts/00_precheck.sh
2026-02-25T16:12:52.464620+00:00 == Precheck runner ==
2026-02-25T16:12:52.467632+00:00 Host: 192.168.64.7  Port: 3306  User: admin
2026-02-25T16:12:52.472844+00:00 Checks dir: /mnt/macshare/sql/checks
2026-02-25T16:12:52.478313+00:00 Outdir: artifacts/assess_20260225_161242/precheck
2026-02-25T16:12:52.481431+00:00 
2026-02-25T16:12:52.486634+00:00 NOTE: mariadb-migrate-config-file not found; skipping config check.
2026-02-25T16:12:52.490525+00:00 ---- mysql_version ----
2026-02-25T16:12:52.498348+00:00 8.0.45-0ubuntu0.24.04.1
2026-02-25T16:12:52.501824+00:00 
2026-02-25T16:12:52.506845+00:00 ---- innodb_settings ----
2026-02-25T16:12:52.511165+00:00 1	1
2026-02-25T16:12:52.515390+00:00 
2026-02-25T16:12:52.519514+00:00 ---- auth_plugins ----
2026-02-25T16:12:52.528488+00:00 debian-sys-maint	localhost	caching_sha2_password
2026-02-25T16:12:52.533119+00:00 
2026-02-25T16:12:52.537378+00:00 ---- json_columns ----
2026-02-25T16:12:52.543736+00:00 testdb	orders_json	data_json	json
2026-02-25T16:12:52.547924+00:00 
2026-02-25T16:12:52.554355+00:00 ---- compression_encryption ----
2026-02-25T16:12:52.559599+00:00 (no rows)
2026-02-25T16:12:52.564914+00:00 
2026-02-25T16:12:52.570092+00:00 ---- engines_summary ----
2026-02-25T16:12:52.573303+00:00 PERFORMANCE_SCHEMA	111
2026-02-25T16:12:52.578857+00:00 InnoDB	56
2026-02-25T16:12:52.583254+00:00 CSV	2
2026-02-25T16:12:52.586624+00:00 
2026-02-25T16:12:52.590531+00:00 ---- schema_sizes ----
2026-02-25T16:12:52.595594+00:00 testdb	38.56
2026-02-25T16:12:52.600239+00:00 sakila	6.45
2026-02-25T16:12:52.605992+00:00 mysql	2.70
2026-02-25T16:12:52.608324+00:00 world	0.77
2026-02-25T16:12:52.613307+00:00 sys	0.02
2026-02-25T16:12:52.618293+00:00 information_schema	0.00
2026-02-25T16:12:52.625291+00:00 performance_schema	0.00
2026-02-25T16:12:52.630787+00:00 
2026-02-25T16:12:52.634015+00:00 ---- schema_charsets ----
2026-02-25T16:12:52.641821+00:00 sakila	utf8mb4	utf8mb4_0900_ai_ci
2026-02-25T16:12:52.644629+00:00 testdb	utf8mb4	utf8mb4_0900_ai_ci
2026-02-25T16:12:52.650587+00:00 world	utf8mb4	utf8mb4_0900_ai_ci
2026-02-25T16:12:52.655979+00:00 
2026-02-25T16:12:52.661166+00:00 ---- mysql8_collations ----
2026-02-25T16:12:52.666229+00:00 sakila	actor	utf8mb4_0900_ai_ci
2026-02-25T16:12:52.671509+00:00 sakila	address	utf8mb4_0900_ai_ci
2026-02-25T16:12:52.675112+00:00 sakila	category	utf8mb4_0900_ai_ci
2026-02-25T16:12:52.681115+00:00 sakila	city	utf8mb4_0900_ai_ci
2026-02-25T16:12:52.688035+00:00 sakila	country	utf8mb4_0900_ai_ci
2026-02-25T16:12:52.691831+00:00 sakila	customer	utf8mb4_0900_ai_ci
2026-02-25T16:12:52.699634+00:00 sakila	film	utf8mb4_0900_ai_ci
2026-02-25T16:12:52.703657+00:00 sakila	film_actor	utf8mb4_0900_ai_ci
2026-02-25T16:12:52.709888+00:00 sakila	film_category	utf8mb4_0900_ai_ci
2026-02-25T16:12:52.713711+00:00 sakila	film_text	utf8mb4_0900_ai_ci
2026-02-25T16:12:52.718702+00:00 sakila	inventory	utf8mb4_0900_ai_ci
2026-02-25T16:12:52.724965+00:00 sakila	language	utf8mb4_0900_ai_ci
2026-02-25T16:12:52.729347+00:00 sakila	payment	utf8mb4_0900_ai_ci
2026-02-25T16:12:52.736446+00:00 sakila	rental	utf8mb4_0900_ai_ci
2026-02-25T16:12:52.741465+00:00 sakila	staff	utf8mb4_0900_ai_ci
2026-02-25T16:12:52.745422+00:00 sakila	store	utf8mb4_0900_ai_ci
2026-02-25T16:12:52.752412+00:00 testdb	orders_json	utf8mb4_0900_ai_ci
2026-02-25T16:12:52.754798+00:00 world	city	utf8mb4_0900_ai_ci
2026-02-25T16:12:52.759746+00:00 world	country	utf8mb4_0900_ai_ci
2026-02-25T16:12:52.763918+00:00 world	countrylanguage	utf8mb4_0900_ai_ci
2026-02-25T16:12:52.768739+00:00 
2026-02-25T16:12:52.774551+00:00 ---- mysql8_column_collations ----
2026-02-25T16:12:52.778270+00:00 sakila	actor	first_name	utf8mb4_0900_ai_ci
2026-02-25T16:12:52.782944+00:00 sakila	actor	last_name	utf8mb4_0900_ai_ci
2026-02-25T16:12:52.787313+00:00 sakila	actor_info	film_info	utf8mb4_0900_ai_ci
2026-02-25T16:12:52.794349+00:00 sakila	actor_info	first_name	utf8mb4_0900_ai_ci
2026-02-25T16:12:52.799008+00:00 sakila	actor_info	last_name	utf8mb4_0900_ai_ci
2026-02-25T16:12:52.803677+00:00 sakila	address	address	utf8mb4_0900_ai_ci
2026-02-25T16:12:52.809826+00:00 sakila	address	address2	utf8mb4_0900_ai_ci
2026-02-25T16:12:52.814262+00:00 sakila	address	district	utf8mb4_0900_ai_ci
2026-02-25T16:12:52.819208+00:00 sakila	address	phone	utf8mb4_0900_ai_ci
2026-02-25T16:12:52.822989+00:00 sakila	address	postal_code	utf8mb4_0900_ai_ci
2026-02-25T16:12:52.827163+00:00 sakila	category	name	utf8mb4_0900_ai_ci
2026-02-25T16:12:52.832553+00:00 sakila	city	city	utf8mb4_0900_ai_ci
2026-02-25T16:12:52.836964+00:00 sakila	country	country	utf8mb4_0900_ai_ci
2026-02-25T16:12:52.841032+00:00 sakila	customer	email	utf8mb4_0900_ai_ci
2026-02-25T16:12:52.845317+00:00 sakila	customer	first_name	utf8mb4_0900_ai_ci
2026-02-25T16:12:52.849613+00:00 sakila	customer	last_name	utf8mb4_0900_ai_ci
2026-02-25T16:12:52.855180+00:00 sakila	customer_list	address	utf8mb4_0900_ai_ci
2026-02-25T16:12:52.858919+00:00 sakila	customer_list	city	utf8mb4_0900_ai_ci
2026-02-25T16:12:52.863515+00:00 sakila	customer_list	country	utf8mb4_0900_ai_ci
2026-02-25T16:12:52.868367+00:00 sakila	customer_list	name	utf8mb4_0900_ai_ci
2026-02-25T16:12:52.873013+00:00 sakila	customer_list	notes	utf8mb4_0900_ai_ci
2026-02-25T16:12:52.877662+00:00 sakila	customer_list	phone	utf8mb4_0900_ai_ci
2026-02-25T16:12:52.882635+00:00 sakila	customer_list	zip code	utf8mb4_0900_ai_ci
2026-02-25T16:12:52.888559+00:00 sakila	film	description	utf8mb4_0900_ai_ci
2026-02-25T16:12:52.893003+00:00 sakila	film	rating	utf8mb4_0900_ai_ci
2026-02-25T16:12:52.898451+00:00 sakila	film	special_features	utf8mb4_0900_ai_ci
2026-02-25T16:12:52.905202+00:00 sakila	film	title	utf8mb4_0900_ai_ci
2026-02-25T16:12:52.909605+00:00 sakila	film_list	actors	utf8mb4_0900_ai_ci
2026-02-25T16:12:52.916212+00:00 sakila	film_list	category	utf8mb4_0900_ai_ci
2026-02-25T16:12:52.919336+00:00 sakila	film_list	description	utf8mb4_0900_ai_ci
2026-02-25T16:12:52.927381+00:00 sakila	film_list	rating	utf8mb4_0900_ai_ci
2026-02-25T16:12:52.935209+00:00 sakila	film_list	title	utf8mb4_0900_ai_ci
2026-02-25T16:12:52.945889+00:00 sakila	film_text	description	utf8mb4_0900_ai_ci
2026-02-25T16:12:52.950907+00:00 sakila	film_text	title	utf8mb4_0900_ai_ci
2026-02-25T16:12:52.958154+00:00 sakila	language	name	utf8mb4_0900_ai_ci
2026-02-25T16:12:52.961934+00:00 sakila	nicer_but_slower_film_list	actors	utf8mb4_0900_ai_ci
2026-02-25T16:12:52.966552+00:00 sakila	nicer_but_slower_film_list	category	utf8mb4_0900_ai_ci
2026-02-25T16:12:52.973644+00:00 sakila	nicer_but_slower_film_list	description	utf8mb4_0900_ai_ci
2026-02-25T16:12:52.977778+00:00 sakila	nicer_but_slower_film_list	rating	utf8mb4_0900_ai_ci
2026-02-25T16:12:52.985535+00:00 sakila	nicer_but_slower_film_list	title	utf8mb4_0900_ai_ci
2026-02-25T16:12:52.989521+00:00 sakila	sales_by_film_category	category	utf8mb4_0900_ai_ci
2026-02-25T16:12:52.995722+00:00 sakila	sales_by_store	manager	utf8mb4_0900_ai_ci
2026-02-25T16:12:53.001269+00:00 sakila	sales_by_store	store	utf8mb4_0900_ai_ci
2026-02-25T16:12:53.005817+00:00 sakila	staff	email	utf8mb4_0900_ai_ci
2026-02-25T16:12:53.011399+00:00 sakila	staff	first_name	utf8mb4_0900_ai_ci
2026-02-25T16:12:53.017452+00:00 sakila	staff	last_name	utf8mb4_0900_ai_ci
2026-02-25T16:12:53.020636+00:00 sakila	staff	username	utf8mb4_0900_ai_ci
2026-02-25T16:12:53.027034+00:00 sakila	staff_list	address	utf8mb4_0900_ai_ci
2026-02-25T16:12:53.031106+00:00 sakila	staff_list	city	utf8mb4_0900_ai_ci
2026-02-25T16:12:53.035544+00:00 sakila	staff_list	country	utf8mb4_0900_ai_ci
2026-02-25T16:12:53.041648+00:00 ... (truncated; full output in artifacts/assess_20260225_161242/precheck/mysql8_column_collations.tsv)
2026-02-25T16:12:53.047621+00:00 
2026-02-25T16:12:53.052588+00:00 ---- sql_mode ----
2026-02-25T16:12:53.056929+00:00 ONLY_FULL_GROUP_BY,STRICT_TRANS_TABLES,NO_ZERO_IN_DATE,NO_ZERO_DATE,ERROR_FOR_DIVISION_BY_ZERO,NO_ENGINE_SUBSTITUTION
2026-02-25T16:12:53.063386+00:00 
2026-02-25T16:12:53.069503+00:00 ---- definers_inventory ----
2026-02-25T16:12:53.073433+00:00 TRIGGER	root@localhost	6
2026-02-25T16:12:53.078559+00:00 VIEW	root@localhost	7
2026-02-25T16:12:53.081434+00:00 
2026-02-25T16:12:53.087394+00:00 ---- partitioned_tables ----
2026-02-25T16:12:53.095074+00:00 (no rows)
2026-02-25T16:12:53.099692+00:00 
2026-02-25T16:12:53.103834+00:00 ---- active_plugins ----
2026-02-25T16:12:53.110553+00:00 ARCHIVE	ACTIVE
2026-02-25T16:12:53.125056+00:00 auth_socket	ACTIVE
2026-02-25T16:12:53.132138+00:00 binlog	ACTIVE
2026-02-25T16:12:53.144841+00:00 BLACKHOLE	ACTIVE
2026-02-25T16:12:53.154477+00:00 caching_sha2_password	ACTIVE
2026-02-25T16:12:53.159262+00:00 CSV	ACTIVE
2026-02-25T16:12:53.164837+00:00 daemon_keyring_proxy_plugin	ACTIVE
2026-02-25T16:12:53.170457+00:00 InnoDB	ACTIVE
2026-02-25T16:12:53.174647+00:00 INNODB_BUFFER_PAGE	ACTIVE
2026-02-25T16:12:53.179788+00:00 INNODB_BUFFER_PAGE_LRU	ACTIVE
2026-02-25T16:12:53.185772+00:00 INNODB_BUFFER_POOL_STATS	ACTIVE
2026-02-25T16:12:53.190408+00:00 INNODB_CACHED_INDEXES	ACTIVE
2026-02-25T16:12:53.197494+00:00 INNODB_CMP	ACTIVE
2026-02-25T16:12:53.201285+00:00 INNODB_CMPMEM	ACTIVE
2026-02-25T16:12:53.206774+00:00 INNODB_CMPMEM_RESET	ACTIVE
2026-02-25T16:12:53.214491+00:00 INNODB_CMP_PER_INDEX	ACTIVE
2026-02-25T16:12:53.218078+00:00 INNODB_CMP_PER_INDEX_RESET	ACTIVE
2026-02-25T16:12:53.221387+00:00 INNODB_CMP_RESET	ACTIVE
2026-02-25T16:12:53.227183+00:00 INNODB_COLUMNS	ACTIVE
2026-02-25T16:12:53.232615+00:00 INNODB_FT_BEING_DELETED	ACTIVE
2026-02-25T16:12:53.238884+00:00 INNODB_FT_CONFIG	ACTIVE
2026-02-25T16:12:53.242412+00:00 INNODB_FT_DEFAULT_STOPWORD	ACTIVE
2026-02-25T16:12:53.248533+00:00 INNODB_FT_DELETED	ACTIVE
2026-02-25T16:12:53.254759+00:00 INNODB_FT_INDEX_CACHE	ACTIVE
2026-02-25T16:12:53.263059+00:00 INNODB_FT_INDEX_TABLE	ACTIVE
2026-02-25T16:12:53.267548+00:00 INNODB_INDEXES	ACTIVE
2026-02-25T16:12:53.273642+00:00 INNODB_METRICS	ACTIVE
2026-02-25T16:12:53.278620+00:00 INNODB_SESSION_TEMP_TABLESPACES	ACTIVE
2026-02-25T16:12:53.285825+00:00 INNODB_TABLES	ACTIVE
2026-02-25T16:12:53.289195+00:00 INNODB_TABLESPACES	ACTIVE
2026-02-25T16:12:53.296718+00:00 INNODB_TABLESTATS	ACTIVE
2026-02-25T16:12:53.299976+00:00 INNODB_TEMP_TABLE_INFO	ACTIVE
2026-02-25T16:12:53.306904+00:00 INNODB_TRX	ACTIVE
2026-02-25T16:12:53.312225+00:00 INNODB_VIRTUAL	ACTIVE
2026-02-25T16:12:53.317164+00:00 MEMORY	ACTIVE
2026-02-25T16:12:53.323685+00:00 MRG_MYISAM	ACTIVE
2026-02-25T16:12:53.326967+00:00 MyISAM	ACTIVE
2026-02-25T16:12:53.331961+00:00 mysqlx	ACTIVE
2026-02-25T16:12:53.338657+00:00 mysqlx_cache_cleaner	ACTIVE
2026-02-25T16:12:53.342059+00:00 mysql_native_password	ACTIVE
2026-02-25T16:12:53.347315+00:00 ngram	ACTIVE
2026-02-25T16:12:53.358990+00:00 PERFORMANCE_SCHEMA	ACTIVE
2026-02-25T16:12:53.363827+00:00 sha256_password	ACTIVE
2026-02-25T16:12:53.369811+00:00 sha2_cache_cleaner	ACTIVE
2026-02-25T16:12:53.375421+00:00 TempTable	ACTIVE
2026-02-25T16:12:53.380948+00:00 
2026-02-25T16:12:53.387444+00:00 ---- functional_indexes ----
2026-02-25T16:12:53.391644+00:00 (no rows)
2026-02-25T16:12:53.399207+00:00 
2026-02-25T16:12:53.403482+00:00 ---- functional_defaults ----
2026-02-25T16:12:53.410981+00:00 (no rows)
2026-02-25T16:12:53.413766+00:00 
2026-02-25T16:12:53.419395+00:00 ---- invisible_columns ----
2026-02-25T16:12:53.423136+00:00 (no rows)
2026-02-25T16:12:53.429289+00:00 
2026-02-25T16:12:53.435332+00:00 ---- check_constraints ----
2026-02-25T16:12:53.441269+00:00 (no rows)
2026-02-25T16:12:53.446309+00:00 
2026-02-25T16:12:53.451043+00:00 ---- partial_revokes ----
2026-02-25T16:12:53.456298+00:00 (no rows)
2026-02-25T16:12:53.461649+00:00 
2026-02-25T16:12:53.467706+00:00 ---- gis_srid_usage ----
2026-02-25T16:12:53.476121+00:00 sakila	address	location	0
2026-02-25T16:12:53.480566+00:00 
2026-02-25T16:12:53.486845+00:00 ---- resource_groups ----
2026-02-25T16:12:53.492923+00:00 USR_default	USER	1	0-9	0
2026-02-25T16:12:53.497981+00:00 SYS_default	SYSTEM	1	0-9	0
2026-02-25T16:12:53.505060+00:00 
2026-02-25T16:12:53.510540+00:00 ---- xplugin_status ----
2026-02-25T16:12:53.517825+00:00 mysqlx	ACTIVE
2026-02-25T16:12:53.524493+00:00 
2026-02-25T16:12:53.530978+00:00 ---- fk_name_lengths ----
2026-02-25T16:12:53.536633+00:00 (no rows)
2026-02-25T16:12:53.543219+00:00 
2026-02-25T16:12:53.548955+00:00 ---- trigger_order ----
2026-02-25T16:12:53.555968+00:00 (no rows)
2026-02-25T16:12:53.568805+00:00 
2026-02-25T16:12:53.576196+00:00 Precheck complete.
2026-02-25T16:12:53.582148+00:00 TSV outputs: artifacts/assess_20260225_161242/precheck/*.tsv
2026-02-25T16:12:54.224221+00:00 FINISH success=True message=Assessment passed. Ready to plan/run.
