2026-02-14T19:09:46.963720+00:00 START mode=assessment config=config/source.yaml
2026-02-14T19:09:47.000650+00:00 Assessment source auth selected: SRC_ADMIN_USER (admin)
2026-02-14T19:09:47.005590+00:00 RUN precheck -> /mnt/macshare/scripts/00_precheck.sh
2026-02-14T19:09:48.131375+00:00 == Precheck runner ==
2026-02-14T19:09:48.134923+00:00 Host: 192.168.64.7  Port: 3306  User: admin
2026-02-14T19:09:48.149349+00:00 Checks dir: /mnt/macshare/sql/checks
2026-02-14T19:09:48.168317+00:00 Outdir: artifacts/assess_20260214_190946/precheck
2026-02-14T19:09:48.171431+00:00 
2026-02-14T19:09:48.180260+00:00 NOTE: mariadb-migrate-config-file not found; skipping config check.
2026-02-14T19:09:48.186719+00:00 ---- mysql_version ----
2026-02-14T19:09:48.189010+00:00 8.0.45-0ubuntu0.24.04.1
2026-02-14T19:09:48.190874+00:00 
2026-02-14T19:09:48.192615+00:00 ---- innodb_settings ----
2026-02-14T19:09:48.194374+00:00 1	1
2026-02-14T19:09:48.196253+00:00 
2026-02-14T19:09:48.198164+00:00 ---- auth_plugins ----
2026-02-14T19:09:48.199811+00:00 admin	%	caching_sha2_password
2026-02-14T19:09:48.201461+00:00 admin	192.168.64.3	caching_sha2_password
2026-02-14T19:09:48.203044+00:00 admin	192.168.64.7	caching_sha2_password
2026-02-14T19:09:48.204628+00:00 admin	localhost	caching_sha2_password
2026-02-14T19:09:48.206214+00:00 debian-sys-maint	localhost	caching_sha2_password
2026-02-14T19:09:48.207736+00:00 migrate	%	caching_sha2_password
2026-02-14T19:09:48.209285+00:00 
2026-02-14T19:09:48.210941+00:00 ---- json_columns ----
2026-02-14T19:09:48.212521+00:00 testdb	orders_json	data_json	json
2026-02-14T19:09:48.214203+00:00 
2026-02-14T19:09:48.215888+00:00 ---- compression_encryption ----
2026-02-14T19:09:48.219164+00:00 (no rows)
2026-02-14T19:09:48.232555+00:00 
2026-02-14T19:09:48.234378+00:00 ---- engines_summary ----
2026-02-14T19:09:48.236105+00:00 PERFORMANCE_SCHEMA	111
2026-02-14T19:09:48.237822+00:00 InnoDB	56
2026-02-14T19:09:48.239554+00:00 CSV	2
2026-02-14T19:09:48.241288+00:00 
2026-02-14T19:09:48.242878+00:00 ---- schema_sizes ----
2026-02-14T19:09:48.244534+00:00 testdb	38.56
2026-02-14T19:09:48.246630+00:00 sakila	6.45
2026-02-14T19:09:48.248531+00:00 mysql	2.66
2026-02-14T19:09:48.251046+00:00 world	0.77
2026-02-14T19:09:48.253474+00:00 sys	0.02
2026-02-14T19:09:48.257257+00:00 information_schema	0.00
2026-02-14T19:09:48.258725+00:00 performance_schema	0.00
2026-02-14T19:09:48.261406+00:00 
2026-02-14T19:09:48.263879+00:00 ---- schema_charsets ----
2026-02-14T19:09:48.266115+00:00 sakila	utf8mb4	utf8mb4_0900_ai_ci
2026-02-14T19:09:48.268939+00:00 testdb	utf8mb4	utf8mb4_0900_ai_ci
2026-02-14T19:09:48.272437+00:00 world	utf8mb4	utf8mb4_0900_ai_ci
2026-02-14T19:09:48.273994+00:00 
2026-02-14T19:09:48.275505+00:00 ---- mysql8_collations ----
2026-02-14T19:09:48.277083+00:00 sakila	actor	utf8mb4_0900_ai_ci
2026-02-14T19:09:48.278670+00:00 sakila	address	utf8mb4_0900_ai_ci
2026-02-14T19:09:48.280292+00:00 sakila	category	utf8mb4_0900_ai_ci
2026-02-14T19:09:48.286179+00:00 sakila	city	utf8mb4_0900_ai_ci
2026-02-14T19:09:48.288717+00:00 sakila	country	utf8mb4_0900_ai_ci
2026-02-14T19:09:48.293365+00:00 sakila	customer	utf8mb4_0900_ai_ci
2026-02-14T19:09:48.297164+00:00 sakila	film	utf8mb4_0900_ai_ci
2026-02-14T19:09:48.299650+00:00 sakila	film_actor	utf8mb4_0900_ai_ci
2026-02-14T19:09:48.300842+00:00 sakila	film_category	utf8mb4_0900_ai_ci
2026-02-14T19:09:48.303839+00:00 sakila	film_text	utf8mb4_0900_ai_ci
2026-02-14T19:09:48.307013+00:00 sakila	inventory	utf8mb4_0900_ai_ci
2026-02-14T19:09:48.310192+00:00 sakila	language	utf8mb4_0900_ai_ci
2026-02-14T19:09:48.313846+00:00 sakila	payment	utf8mb4_0900_ai_ci
2026-02-14T19:09:48.317328+00:00 sakila	rental	utf8mb4_0900_ai_ci
2026-02-14T19:09:48.320805+00:00 sakila	staff	utf8mb4_0900_ai_ci
2026-02-14T19:09:48.323401+00:00 sakila	store	utf8mb4_0900_ai_ci
2026-02-14T19:09:48.326327+00:00 testdb	orders_json	utf8mb4_0900_ai_ci
2026-02-14T19:09:48.328878+00:00 world	city	utf8mb4_0900_ai_ci
2026-02-14T19:09:48.334165+00:00 world	country	utf8mb4_0900_ai_ci
2026-02-14T19:09:48.335930+00:00 world	countrylanguage	utf8mb4_0900_ai_ci
2026-02-14T19:09:48.337969+00:00 
2026-02-14T19:09:48.342951+00:00 ---- mysql8_column_collations ----
2026-02-14T19:09:48.344787+00:00 sakila	actor	first_name	utf8mb4_0900_ai_ci
2026-02-14T19:09:48.347011+00:00 sakila	actor	last_name	utf8mb4_0900_ai_ci
2026-02-14T19:09:48.349209+00:00 sakila	actor_info	film_info	utf8mb4_0900_ai_ci
2026-02-14T19:09:48.352951+00:00 sakila	actor_info	first_name	utf8mb4_0900_ai_ci
2026-02-14T19:09:48.354184+00:00 sakila	actor_info	last_name	utf8mb4_0900_ai_ci
2026-02-14T19:09:48.356557+00:00 sakila	address	address	utf8mb4_0900_ai_ci
2026-02-14T19:09:48.358644+00:00 sakila	address	address2	utf8mb4_0900_ai_ci
2026-02-14T19:09:48.361026+00:00 sakila	address	district	utf8mb4_0900_ai_ci
2026-02-14T19:09:48.363396+00:00 sakila	address	phone	utf8mb4_0900_ai_ci
2026-02-14T19:09:48.365476+00:00 sakila	address	postal_code	utf8mb4_0900_ai_ci
2026-02-14T19:09:48.367715+00:00 sakila	category	name	utf8mb4_0900_ai_ci
2026-02-14T19:09:48.369964+00:00 sakila	city	city	utf8mb4_0900_ai_ci
2026-02-14T19:09:48.372582+00:00 sakila	country	country	utf8mb4_0900_ai_ci
2026-02-14T19:09:48.374621+00:00 sakila	customer	email	utf8mb4_0900_ai_ci
2026-02-14T19:09:48.377011+00:00 sakila	customer	first_name	utf8mb4_0900_ai_ci
2026-02-14T19:09:48.380050+00:00 sakila	customer	last_name	utf8mb4_0900_ai_ci
2026-02-14T19:09:48.383041+00:00 sakila	customer_list	address	utf8mb4_0900_ai_ci
2026-02-14T19:09:48.386148+00:00 sakila	customer_list	city	utf8mb4_0900_ai_ci
2026-02-14T19:09:48.388543+00:00 sakila	customer_list	country	utf8mb4_0900_ai_ci
2026-02-14T19:09:48.393816+00:00 sakila	customer_list	name	utf8mb4_0900_ai_ci
2026-02-14T19:09:48.397151+00:00 sakila	customer_list	notes	utf8mb4_0900_ai_ci
2026-02-14T19:09:48.399791+00:00 sakila	customer_list	phone	utf8mb4_0900_ai_ci
2026-02-14T19:09:48.402341+00:00 sakila	customer_list	zip code	utf8mb4_0900_ai_ci
2026-02-14T19:09:48.404786+00:00 sakila	film	description	utf8mb4_0900_ai_ci
2026-02-14T19:09:48.407127+00:00 sakila	film	rating	utf8mb4_0900_ai_ci
2026-02-14T19:09:48.409621+00:00 sakila	film	special_features	utf8mb4_0900_ai_ci
2026-02-14T19:09:48.412256+00:00 sakila	film	title	utf8mb4_0900_ai_ci
2026-02-14T19:09:48.416344+00:00 sakila	film_list	actors	utf8mb4_0900_ai_ci
2026-02-14T19:09:48.418573+00:00 sakila	film_list	category	utf8mb4_0900_ai_ci
2026-02-14T19:09:48.420979+00:00 sakila	film_list	description	utf8mb4_0900_ai_ci
2026-02-14T19:09:48.423707+00:00 sakila	film_list	rating	utf8mb4_0900_ai_ci
2026-02-14T19:09:48.426044+00:00 sakila	film_list	title	utf8mb4_0900_ai_ci
2026-02-14T19:09:48.428239+00:00 sakila	film_text	description	utf8mb4_0900_ai_ci
2026-02-14T19:09:48.430494+00:00 sakila	film_text	title	utf8mb4_0900_ai_ci
2026-02-14T19:09:48.432725+00:00 sakila	language	name	utf8mb4_0900_ai_ci
2026-02-14T19:09:48.435240+00:00 sakila	nicer_but_slower_film_list	actors	utf8mb4_0900_ai_ci
2026-02-14T19:09:48.438052+00:00 sakila	nicer_but_slower_film_list	category	utf8mb4_0900_ai_ci
2026-02-14T19:09:48.440223+00:00 sakila	nicer_but_slower_film_list	description	utf8mb4_0900_ai_ci
2026-02-14T19:09:48.442632+00:00 sakila	nicer_but_slower_film_list	rating	utf8mb4_0900_ai_ci
2026-02-14T19:09:48.444848+00:00 sakila	nicer_but_slower_film_list	title	utf8mb4_0900_ai_ci
2026-02-14T19:09:48.447620+00:00 sakila	sales_by_film_category	category	utf8mb4_0900_ai_ci
2026-02-14T19:09:48.449726+00:00 sakila	sales_by_store	manager	utf8mb4_0900_ai_ci
2026-02-14T19:09:48.452101+00:00 sakila	sales_by_store	store	utf8mb4_0900_ai_ci
2026-02-14T19:09:48.454447+00:00 sakila	staff	email	utf8mb4_0900_ai_ci
2026-02-14T19:09:48.456761+00:00 sakila	staff	first_name	utf8mb4_0900_ai_ci
2026-02-14T19:09:48.459093+00:00 sakila	staff	last_name	utf8mb4_0900_ai_ci
2026-02-14T19:09:48.461180+00:00 sakila	staff	username	utf8mb4_0900_ai_ci
2026-02-14T19:09:48.463523+00:00 sakila	staff_list	address	utf8mb4_0900_ai_ci
2026-02-14T19:09:48.465721+00:00 sakila	staff_list	city	utf8mb4_0900_ai_ci
2026-02-14T19:09:48.468121+00:00 sakila	staff_list	country	utf8mb4_0900_ai_ci
2026-02-14T19:09:48.471246+00:00 ... (truncated; full output in artifacts/assess_20260214_190946/precheck/mysql8_column_collations.tsv)
2026-02-14T19:09:48.473102+00:00 
2026-02-14T19:09:48.475346+00:00 ---- sql_mode ----
2026-02-14T19:09:48.477605+00:00 ONLY_FULL_GROUP_BY,STRICT_TRANS_TABLES,NO_ZERO_IN_DATE,NO_ZERO_DATE,ERROR_FOR_DIVISION_BY_ZERO,NO_ENGINE_SUBSTITUTION
2026-02-14T19:09:48.479829+00:00 
2026-02-14T19:09:48.483205+00:00 ---- definers_inventory ----
2026-02-14T19:09:48.484536+00:00 TRIGGER	root@localhost	6
2026-02-14T19:09:48.486895+00:00 VIEW	root@localhost	7
2026-02-14T19:09:48.489175+00:00 
2026-02-14T19:09:48.491439+00:00 ---- partitioned_tables ----
2026-02-14T19:09:48.494627+00:00 (no rows)
2026-02-14T19:09:48.495852+00:00 
2026-02-14T19:09:48.498092+00:00 ---- active_plugins ----
2026-02-14T19:09:48.500367+00:00 ARCHIVE	ACTIVE
2026-02-14T19:09:48.502722+00:00 auth_socket	ACTIVE
2026-02-14T19:09:48.506541+00:00 binlog	ACTIVE
2026-02-14T19:09:48.508283+00:00 BLACKHOLE	ACTIVE
2026-02-14T19:09:48.510645+00:00 caching_sha2_password	ACTIVE
2026-02-14T19:09:48.512920+00:00 CSV	ACTIVE
2026-02-14T19:09:48.515195+00:00 daemon_keyring_proxy_plugin	ACTIVE
2026-02-14T19:09:48.517772+00:00 InnoDB	ACTIVE
2026-02-14T19:09:48.520155+00:00 INNODB_BUFFER_PAGE	ACTIVE
2026-02-14T19:09:48.522500+00:00 INNODB_BUFFER_PAGE_LRU	ACTIVE
2026-02-14T19:09:48.524709+00:00 INNODB_BUFFER_POOL_STATS	ACTIVE
2026-02-14T19:09:48.533168+00:00 INNODB_CACHED_INDEXES	ACTIVE
2026-02-14T19:09:48.539913+00:00 INNODB_CMP	ACTIVE
2026-02-14T19:09:48.543766+00:00 INNODB_CMPMEM	ACTIVE
2026-02-14T19:09:48.546641+00:00 INNODB_CMPMEM_RESET	ACTIVE
2026-02-14T19:09:48.548206+00:00 INNODB_CMP_PER_INDEX	ACTIVE
2026-02-14T19:09:48.555432+00:00 INNODB_CMP_PER_INDEX_RESET	ACTIVE
2026-02-14T19:09:48.557870+00:00 INNODB_CMP_RESET	ACTIVE
2026-02-14T19:09:48.562879+00:00 INNODB_COLUMNS	ACTIVE
2026-02-14T19:09:48.566518+00:00 INNODB_FT_BEING_DELETED	ACTIVE
2026-02-14T19:09:48.568044+00:00 INNODB_FT_CONFIG	ACTIVE
2026-02-14T19:09:48.572713+00:00 INNODB_FT_DEFAULT_STOPWORD	ACTIVE
2026-02-14T19:09:48.576131+00:00 INNODB_FT_DELETED	ACTIVE
2026-02-14T19:09:48.579854+00:00 INNODB_FT_INDEX_CACHE	ACTIVE
2026-02-14T19:09:48.582975+00:00 INNODB_FT_INDEX_TABLE	ACTIVE
2026-02-14T19:09:48.586014+00:00 INNODB_INDEXES	ACTIVE
2026-02-14T19:09:48.589176+00:00 INNODB_METRICS	ACTIVE
2026-02-14T19:09:48.592000+00:00 INNODB_SESSION_TEMP_TABLESPACES	ACTIVE
2026-02-14T19:09:48.595251+00:00 INNODB_TABLES	ACTIVE
2026-02-14T19:09:48.597869+00:00 INNODB_TABLESPACES	ACTIVE
2026-02-14T19:09:48.600045+00:00 INNODB_TABLESTATS	ACTIVE
2026-02-14T19:09:48.604217+00:00 INNODB_TEMP_TABLE_INFO	ACTIVE
2026-02-14T19:09:48.608888+00:00 INNODB_TRX	ACTIVE
2026-02-14T19:09:48.631488+00:00 INNODB_VIRTUAL	ACTIVE
2026-02-14T19:09:48.635883+00:00 MEMORY	ACTIVE
2026-02-14T19:09:48.639604+00:00 MRG_MYISAM	ACTIVE
2026-02-14T19:09:48.642682+00:00 MyISAM	ACTIVE
2026-02-14T19:09:48.645741+00:00 mysqlx	ACTIVE
2026-02-14T19:09:48.648594+00:00 mysqlx_cache_cleaner	ACTIVE
2026-02-14T19:09:48.651849+00:00 mysql_native_password	ACTIVE
2026-02-14T19:09:48.654235+00:00 ngram	ACTIVE
2026-02-14T19:09:48.657726+00:00 PERFORMANCE_SCHEMA	ACTIVE
2026-02-14T19:09:48.659348+00:00 sha256_password	ACTIVE
2026-02-14T19:09:48.660646+00:00 sha2_cache_cleaner	ACTIVE
2026-02-14T19:09:48.664905+00:00 TempTable	ACTIVE
2026-02-14T19:09:48.666565+00:00 
2026-02-14T19:09:48.667881+00:00 ---- functional_indexes ----
2026-02-14T19:09:48.670225+00:00 (no rows)
2026-02-14T19:09:48.672399+00:00 
2026-02-14T19:09:48.675418+00:00 ---- functional_defaults ----
2026-02-14T19:09:48.676670+00:00 (no rows)
2026-02-14T19:09:48.678815+00:00 
2026-02-14T19:09:48.681058+00:00 ---- invisible_columns ----
2026-02-14T19:09:48.683339+00:00 (no rows)
2026-02-14T19:09:48.687036+00:00 
2026-02-14T19:09:48.688196+00:00 ---- check_constraints ----
2026-02-14T19:09:48.690028+00:00 (no rows)
2026-02-14T19:09:48.691926+00:00 
2026-02-14T19:09:48.693874+00:00 ---- partial_revokes ----
2026-02-14T19:09:48.696308+00:00 (no rows)
2026-02-14T19:09:48.698537+00:00 
2026-02-14T19:09:48.700608+00:00 ---- gis_srid_usage ----
2026-02-14T19:09:48.703027+00:00 sakila	address	location	0
2026-02-14T19:09:48.705497+00:00 
2026-02-14T19:09:48.707699+00:00 ---- resource_groups ----
2026-02-14T19:09:48.710006+00:00 USR_default	USER	1	0-9	0
2026-02-14T19:09:48.712459+00:00 SYS_default	SYSTEM	1	0-9	0
2026-02-14T19:09:48.714599+00:00 
2026-02-14T19:09:48.716736+00:00 ---- xplugin_status ----
2026-02-14T19:09:48.718863+00:00 mysqlx	ACTIVE
2026-02-14T19:09:48.721070+00:00 
2026-02-14T19:09:48.723525+00:00 ---- fk_name_lengths ----
2026-02-14T19:09:48.725730+00:00 (no rows)
2026-02-14T19:09:48.727890+00:00 
2026-02-14T19:09:48.730144+00:00 ---- trigger_order ----
2026-02-14T19:09:48.732219+00:00 (no rows)
2026-02-14T19:09:48.734532+00:00 
2026-02-14T19:09:48.736667+00:00 Precheck complete.
2026-02-14T19:09:48.738797+00:00 TSV outputs: artifacts/assess_20260214_190946/precheck/*.tsv
2026-02-14T19:09:48.803257+00:00 FINISH success=True message=Assessment passed. Ready to plan/run.
