== Precheck runner ==
Host: 127.0.0.1  Port: 13306  User: root
Checks dir: /Users/balajin/Documents/GitHub/Mysql-to-MariaDB-Migration/sql/checks
Outdir: artifacts/assess/precheck

---- mysql_version ----
8.0.44

---- innodb_settings ----
1	0

---- auth_plugins ----
analytics	10.%	caching_sha2_password
app_ro	%	caching_sha2_password
app_rw	%	caching_sha2_password
root	localhost	caching_sha2_password

---- json_columns ----
appdb	big_orders	payload	json
json_poc	json_test	payload	json

---- compression_encryption ----
(no rows)

---- engines_summary ----
PERFORMANCE_SCHEMA	111
InnoDB	58
CSV	2

---- schema_sizes ----
appdb	6367.56
sakila	6.45
mysql	2.66
json_poc	0.02
sys	0.02
information_schema	0.00
performance_schema	0.00

---- schema_charsets ----
appdb	utf8mb4	utf8mb4_0900_ai_ci
json_poc	utf8mb4	utf8mb4_0900_ai_ci
sakila	utf8mb4	utf8mb4_0900_ai_ci

---- mysql8_collations ----
appdb	big_orders	utf8mb4_0900_ai_ci
appdb	customers	utf8mb4_0900_ai_ci
appdb	orders	utf8mb4_0900_ai_ci
appdb	seq_1M	utf8mb4_0900_ai_ci
json_poc	json_test	utf8mb4_0900_ai_ci
sakila	actor	utf8mb4_0900_ai_ci
sakila	address	utf8mb4_0900_ai_ci
sakila	category	utf8mb4_0900_ai_ci
sakila	city	utf8mb4_0900_ai_ci
sakila	country	utf8mb4_0900_ai_ci
sakila	customer	utf8mb4_0900_ai_ci
sakila	film	utf8mb4_0900_ai_ci
sakila	film_actor	utf8mb4_0900_ai_ci
sakila	film_category	utf8mb4_0900_ai_ci
sakila	film_text	utf8mb4_0900_ai_ci
sakila	inventory	utf8mb4_0900_ai_ci
sakila	language	utf8mb4_0900_ai_ci
sakila	payment	utf8mb4_0900_ai_ci
sakila	rental	utf8mb4_0900_ai_ci
sakila	staff	utf8mb4_0900_ai_ci
sakila	store	utf8mb4_0900_ai_ci

---- mysql8_column_collations ----
appdb	big_orders	filler	utf8mb4_0900_ai_ci
appdb	customers	email	utf8mb4_0900_ai_ci
appdb	customers	name	utf8mb4_0900_ai_ci
appdb	orders	status	utf8mb4_0900_ai_ci
sakila	actor	first_name	utf8mb4_0900_ai_ci
sakila	actor	last_name	utf8mb4_0900_ai_ci
sakila	actor_info	film_info	utf8mb4_0900_ai_ci
sakila	actor_info	first_name	utf8mb4_0900_ai_ci
sakila	actor_info	last_name	utf8mb4_0900_ai_ci
sakila	address	address	utf8mb4_0900_ai_ci
sakila	address	address2	utf8mb4_0900_ai_ci
sakila	address	district	utf8mb4_0900_ai_ci
sakila	address	phone	utf8mb4_0900_ai_ci
sakila	address	postal_code	utf8mb4_0900_ai_ci
sakila	category	name	utf8mb4_0900_ai_ci
sakila	city	city	utf8mb4_0900_ai_ci
sakila	country	country	utf8mb4_0900_ai_ci
sakila	customer	email	utf8mb4_0900_ai_ci
sakila	customer	first_name	utf8mb4_0900_ai_ci
sakila	customer	last_name	utf8mb4_0900_ai_ci
sakila	customer_list	address	utf8mb4_0900_ai_ci
sakila	customer_list	city	utf8mb4_0900_ai_ci
sakila	customer_list	country	utf8mb4_0900_ai_ci
sakila	customer_list	name	utf8mb4_0900_ai_ci
sakila	customer_list	notes	utf8mb4_0900_ai_ci
sakila	customer_list	phone	utf8mb4_0900_ai_ci
sakila	customer_list	zip code	utf8mb4_0900_ai_ci
sakila	film	description	utf8mb4_0900_ai_ci
sakila	film	rating	utf8mb4_0900_ai_ci
sakila	film	special_features	utf8mb4_0900_ai_ci
sakila	film	title	utf8mb4_0900_ai_ci
sakila	film_list	actors	utf8mb4_0900_ai_ci
sakila	film_list	category	utf8mb4_0900_ai_ci
sakila	film_list	description	utf8mb4_0900_ai_ci
sakila	film_list	rating	utf8mb4_0900_ai_ci
sakila	film_list	title	utf8mb4_0900_ai_ci
sakila	film_text	description	utf8mb4_0900_ai_ci
sakila	film_text	title	utf8mb4_0900_ai_ci
sakila	language	name	utf8mb4_0900_ai_ci
sakila	nicer_but_slower_film_list	actors	utf8mb4_0900_ai_ci
sakila	nicer_but_slower_film_list	category	utf8mb4_0900_ai_ci
sakila	nicer_but_slower_film_list	description	utf8mb4_0900_ai_ci
sakila	nicer_but_slower_film_list	rating	utf8mb4_0900_ai_ci
sakila	nicer_but_slower_film_list	title	utf8mb4_0900_ai_ci
sakila	sales_by_film_category	category	utf8mb4_0900_ai_ci
sakila	sales_by_store	manager	utf8mb4_0900_ai_ci
sakila	sales_by_store	store	utf8mb4_0900_ai_ci
sakila	staff	email	utf8mb4_0900_ai_ci
sakila	staff	first_name	utf8mb4_0900_ai_ci
sakila	staff	last_name	utf8mb4_0900_ai_ci
... (truncated; full output in artifacts/assess/precheck/mysql8_column_collations.tsv)

---- sql_mode ----
ONLY_FULL_GROUP_BY,STRICT_TRANS_TABLES,NO_ZERO_IN_DATE,NO_ZERO_DATE,ERROR_FOR_DIVISION_BY_ZERO,NO_ENGINE_SUBSTITUTION

---- definers_inventory ----
ROUTINE	root@localhost	7
TRIGGER	root@localhost	6
VIEW	root@localhost	7

---- partitioned_tables ----
(no rows)

---- active_plugins ----
ARCHIVE	ACTIVE
binlog	ACTIVE
BLACKHOLE	ACTIVE
caching_sha2_password	ACTIVE
CSV	ACTIVE
daemon_keyring_proxy_plugin	ACTIVE
InnoDB	ACTIVE
INNODB_BUFFER_PAGE	ACTIVE
INNODB_BUFFER_PAGE_LRU	ACTIVE
INNODB_BUFFER_POOL_STATS	ACTIVE
INNODB_CACHED_INDEXES	ACTIVE
INNODB_CMP	ACTIVE
INNODB_CMPMEM	ACTIVE
INNODB_CMPMEM_RESET	ACTIVE
INNODB_CMP_PER_INDEX	ACTIVE
INNODB_CMP_PER_INDEX_RESET	ACTIVE
INNODB_CMP_RESET	ACTIVE
INNODB_COLUMNS	ACTIVE
INNODB_FT_BEING_DELETED	ACTIVE
INNODB_FT_CONFIG	ACTIVE
INNODB_FT_DEFAULT_STOPWORD	ACTIVE
INNODB_FT_DELETED	ACTIVE
INNODB_FT_INDEX_CACHE	ACTIVE
INNODB_FT_INDEX_TABLE	ACTIVE
INNODB_INDEXES	ACTIVE
INNODB_METRICS	ACTIVE
INNODB_SESSION_TEMP_TABLESPACES	ACTIVE
INNODB_TABLES	ACTIVE
INNODB_TABLESPACES	ACTIVE
INNODB_TABLESTATS	ACTIVE
INNODB_TEMP_TABLE_INFO	ACTIVE
INNODB_TRX	ACTIVE
INNODB_VIRTUAL	ACTIVE
MEMORY	ACTIVE
MRG_MYISAM	ACTIVE
MyISAM	ACTIVE
mysqlx	ACTIVE
mysqlx_cache_cleaner	ACTIVE
mysql_native_password	ACTIVE
ngram	ACTIVE
PERFORMANCE_SCHEMA	ACTIVE
sha256_password	ACTIVE
sha2_cache_cleaner	ACTIVE
TempTable	ACTIVE

Precheck complete.
TSV outputs: artifacts/assess/precheck/*.tsv
