2026-02-14T17:50:01.168863+00:00 START mode=assessment config=config/source.yaml
2026-02-14T17:50:01.241013+00:00 Assessment source auth selected: SRC_ADMIN_USER (admin)
2026-02-14T17:50:01.246694+00:00 RUN precheck -> /mnt/macshare/scripts/00_precheck.sh
2026-02-14T17:50:02.494815+00:00 == Precheck runner ==
2026-02-14T17:50:02.496960+00:00 Host: 192.168.64.7  Port: 3306  User: admin
2026-02-14T17:50:02.501044+00:00 Checks dir: /mnt/macshare/sql/checks
2026-02-14T17:50:02.504456+00:00 Outdir: artifacts/assess_20260214_175001/precheck
2026-02-14T17:50:02.507183+00:00 
2026-02-14T17:50:02.509910+00:00 NOTE: mariadb-migrate-config-file not found; skipping config check.
2026-02-14T17:50:02.512759+00:00 ---- mysql_version ----
2026-02-14T17:50:02.516571+00:00 8.0.45-0ubuntu0.24.04.1
2026-02-14T17:50:02.518417+00:00 
2026-02-14T17:50:02.521413+00:00 ---- innodb_settings ----
2026-02-14T17:50:02.524093+00:00 1	1
2026-02-14T17:50:02.526763+00:00 
2026-02-14T17:50:02.529257+00:00 ---- auth_plugins ----
2026-02-14T17:50:02.531742+00:00 admin	192.168.64.7	caching_sha2_password
2026-02-14T17:50:02.534025+00:00 debian-sys-maint	localhost	caching_sha2_password
2026-02-14T17:50:02.536597+00:00 
2026-02-14T17:50:02.540260+00:00 ---- json_columns ----
2026-02-14T17:50:02.543367+00:00 testdb	orders_json	data_json	json
2026-02-14T17:50:02.546359+00:00 
2026-02-14T17:50:02.549535+00:00 ---- compression_encryption ----
2026-02-14T17:50:02.552092+00:00 (no rows)
2026-02-14T17:50:02.554521+00:00 
2026-02-14T17:50:02.556710+00:00 ---- engines_summary ----
2026-02-14T17:50:02.559399+00:00 PERFORMANCE_SCHEMA	111
2026-02-14T17:50:02.562355+00:00 InnoDB	56
2026-02-14T17:50:02.564699+00:00 CSV	2
2026-02-14T17:50:02.567260+00:00 
2026-02-14T17:50:02.570446+00:00 ---- schema_sizes ----
2026-02-14T17:50:02.572980+00:00 testdb	38.56
2026-02-14T17:50:02.575099+00:00 sakila	6.45
2026-02-14T17:50:02.577136+00:00 mysql	2.66
2026-02-14T17:50:02.579316+00:00 world	0.77
2026-02-14T17:50:02.581811+00:00 sys	0.02
2026-02-14T17:50:02.585451+00:00 information_schema	0.00
2026-02-14T17:50:02.586639+00:00 performance_schema	0.00
2026-02-14T17:50:02.588829+00:00 
2026-02-14T17:50:02.591185+00:00 ---- schema_charsets ----
2026-02-14T17:50:02.593131+00:00 sakila	utf8mb4	utf8mb4_0900_ai_ci
2026-02-14T17:50:02.594964+00:00 testdb	utf8mb4	utf8mb4_0900_ai_ci
2026-02-14T17:50:02.597170+00:00 world	utf8mb4	utf8mb4_0900_ai_ci
2026-02-14T17:50:02.599070+00:00 
2026-02-14T17:50:02.601400+00:00 ---- mysql8_collations ----
2026-02-14T17:50:02.603162+00:00 sakila	actor	utf8mb4_0900_ai_ci
2026-02-14T17:50:02.605334+00:00 sakila	address	utf8mb4_0900_ai_ci
2026-02-14T17:50:02.607764+00:00 sakila	category	utf8mb4_0900_ai_ci
2026-02-14T17:50:02.610312+00:00 sakila	city	utf8mb4_0900_ai_ci
2026-02-14T17:50:02.612878+00:00 sakila	country	utf8mb4_0900_ai_ci
2026-02-14T17:50:02.615446+00:00 sakila	customer	utf8mb4_0900_ai_ci
2026-02-14T17:50:02.618561+00:00 sakila	film	utf8mb4_0900_ai_ci
2026-02-14T17:50:02.621987+00:00 sakila	film_actor	utf8mb4_0900_ai_ci
2026-02-14T17:50:02.624830+00:00 sakila	film_category	utf8mb4_0900_ai_ci
2026-02-14T17:50:02.627512+00:00 sakila	film_text	utf8mb4_0900_ai_ci
2026-02-14T17:50:02.629627+00:00 sakila	inventory	utf8mb4_0900_ai_ci
2026-02-14T17:50:02.632065+00:00 sakila	language	utf8mb4_0900_ai_ci
2026-02-14T17:50:02.634655+00:00 sakila	payment	utf8mb4_0900_ai_ci
2026-02-14T17:50:02.636909+00:00 sakila	rental	utf8mb4_0900_ai_ci
2026-02-14T17:50:02.639312+00:00 sakila	staff	utf8mb4_0900_ai_ci
2026-02-14T17:50:02.641727+00:00 sakila	store	utf8mb4_0900_ai_ci
2026-02-14T17:50:02.644304+00:00 testdb	orders_json	utf8mb4_0900_ai_ci
2026-02-14T17:50:02.646966+00:00 world	city	utf8mb4_0900_ai_ci
2026-02-14T17:50:02.649231+00:00 world	country	utf8mb4_0900_ai_ci
2026-02-14T17:50:02.651637+00:00 world	countrylanguage	utf8mb4_0900_ai_ci
2026-02-14T17:50:02.654001+00:00 
2026-02-14T17:50:02.656121+00:00 ---- mysql8_column_collations ----
2026-02-14T17:50:02.658755+00:00 sakila	actor	first_name	utf8mb4_0900_ai_ci
2026-02-14T17:50:02.659944+00:00 sakila	actor	last_name	utf8mb4_0900_ai_ci
2026-02-14T17:50:02.662491+00:00 sakila	actor_info	film_info	utf8mb4_0900_ai_ci
2026-02-14T17:50:02.664414+00:00 sakila	actor_info	first_name	utf8mb4_0900_ai_ci
2026-02-14T17:50:02.666332+00:00 sakila	actor_info	last_name	utf8mb4_0900_ai_ci
2026-02-14T17:50:02.668539+00:00 sakila	address	address	utf8mb4_0900_ai_ci
2026-02-14T17:50:02.670950+00:00 sakila	address	address2	utf8mb4_0900_ai_ci
2026-02-14T17:50:02.673105+00:00 sakila	address	district	utf8mb4_0900_ai_ci
2026-02-14T17:50:02.675358+00:00 sakila	address	phone	utf8mb4_0900_ai_ci
2026-02-14T17:50:02.677453+00:00 sakila	address	postal_code	utf8mb4_0900_ai_ci
2026-02-14T17:50:02.679604+00:00 sakila	category	name	utf8mb4_0900_ai_ci
2026-02-14T17:50:02.682645+00:00 sakila	city	city	utf8mb4_0900_ai_ci
2026-02-14T17:50:02.684261+00:00 sakila	country	country	utf8mb4_0900_ai_ci
2026-02-14T17:50:02.689573+00:00 sakila	customer	email	utf8mb4_0900_ai_ci
2026-02-14T17:50:02.692499+00:00 sakila	customer	first_name	utf8mb4_0900_ai_ci
2026-02-14T17:50:02.695700+00:00 sakila	customer	last_name	utf8mb4_0900_ai_ci
2026-02-14T17:50:02.698527+00:00 sakila	customer_list	address	utf8mb4_0900_ai_ci
2026-02-14T17:50:02.700934+00:00 sakila	customer_list	city	utf8mb4_0900_ai_ci
2026-02-14T17:50:02.703443+00:00 sakila	customer_list	country	utf8mb4_0900_ai_ci
2026-02-14T17:50:02.706061+00:00 sakila	customer_list	name	utf8mb4_0900_ai_ci
2026-02-14T17:50:02.709390+00:00 sakila	customer_list	notes	utf8mb4_0900_ai_ci
2026-02-14T17:50:02.711642+00:00 sakila	customer_list	phone	utf8mb4_0900_ai_ci
2026-02-14T17:50:02.714240+00:00 sakila	customer_list	zip code	utf8mb4_0900_ai_ci
2026-02-14T17:50:02.717070+00:00 sakila	film	description	utf8mb4_0900_ai_ci
2026-02-14T17:50:02.719855+00:00 sakila	film	rating	utf8mb4_0900_ai_ci
2026-02-14T17:50:02.722831+00:00 sakila	film	special_features	utf8mb4_0900_ai_ci
2026-02-14T17:50:02.725675+00:00 sakila	film	title	utf8mb4_0900_ai_ci
2026-02-14T17:50:02.728304+00:00 sakila	film_list	actors	utf8mb4_0900_ai_ci
2026-02-14T17:50:02.730986+00:00 sakila	film_list	category	utf8mb4_0900_ai_ci
2026-02-14T17:50:02.733682+00:00 sakila	film_list	description	utf8mb4_0900_ai_ci
2026-02-14T17:50:02.736538+00:00 sakila	film_list	rating	utf8mb4_0900_ai_ci
2026-02-14T17:50:02.738658+00:00 sakila	film_list	title	utf8mb4_0900_ai_ci
2026-02-14T17:50:02.740726+00:00 sakila	film_text	description	utf8mb4_0900_ai_ci
2026-02-14T17:50:02.743072+00:00 sakila	film_text	title	utf8mb4_0900_ai_ci
2026-02-14T17:50:02.745789+00:00 sakila	language	name	utf8mb4_0900_ai_ci
2026-02-14T17:50:02.749639+00:00 sakila	nicer_but_slower_film_list	actors	utf8mb4_0900_ai_ci
2026-02-14T17:50:02.750812+00:00 sakila	nicer_but_slower_film_list	category	utf8mb4_0900_ai_ci
2026-02-14T17:50:02.753014+00:00 sakila	nicer_but_slower_film_list	description	utf8mb4_0900_ai_ci
2026-02-14T17:50:02.755126+00:00 sakila	nicer_but_slower_film_list	rating	utf8mb4_0900_ai_ci
2026-02-14T17:50:02.757145+00:00 sakila	nicer_but_slower_film_list	title	utf8mb4_0900_ai_ci
2026-02-14T17:50:02.759759+00:00 sakila	sales_by_film_category	category	utf8mb4_0900_ai_ci
2026-02-14T17:50:02.762580+00:00 sakila	sales_by_store	manager	utf8mb4_0900_ai_ci
2026-02-14T17:50:02.765168+00:00 sakila	sales_by_store	store	utf8mb4_0900_ai_ci
2026-02-14T17:50:02.767660+00:00 sakila	staff	email	utf8mb4_0900_ai_ci
2026-02-14T17:50:02.770445+00:00 sakila	staff	first_name	utf8mb4_0900_ai_ci
2026-02-14T17:50:02.773296+00:00 sakila	staff	last_name	utf8mb4_0900_ai_ci
2026-02-14T17:50:02.776499+00:00 sakila	staff	username	utf8mb4_0900_ai_ci
2026-02-14T17:50:02.779557+00:00 sakila	staff_list	address	utf8mb4_0900_ai_ci
2026-02-14T17:50:02.782455+00:00 sakila	staff_list	city	utf8mb4_0900_ai_ci
2026-02-14T17:50:02.785308+00:00 sakila	staff_list	country	utf8mb4_0900_ai_ci
2026-02-14T17:50:02.788167+00:00 ... (truncated; full output in artifacts/assess_20260214_175001/precheck/mysql8_column_collations.tsv)
2026-02-14T17:50:02.790963+00:00 
2026-02-14T17:50:02.793636+00:00 ---- sql_mode ----
2026-02-14T17:50:02.796763+00:00 ONLY_FULL_GROUP_BY,STRICT_TRANS_TABLES,NO_ZERO_IN_DATE,NO_ZERO_DATE,ERROR_FOR_DIVISION_BY_ZERO,NO_ENGINE_SUBSTITUTION
2026-02-14T17:50:02.799799+00:00 
2026-02-14T17:50:02.802889+00:00 ---- definers_inventory ----
2026-02-14T17:50:02.806059+00:00 TRIGGER	root@localhost	6
2026-02-14T17:50:02.809000+00:00 VIEW	root@localhost	7
2026-02-14T17:50:02.811955+00:00 
2026-02-14T17:50:02.814721+00:00 ---- partitioned_tables ----
2026-02-14T17:50:02.817339+00:00 (no rows)
2026-02-14T17:50:02.819881+00:00 
2026-02-14T17:50:02.823220+00:00 ---- active_plugins ----
2026-02-14T17:50:02.826157+00:00 ARCHIVE	ACTIVE
2026-02-14T17:50:02.828865+00:00 auth_socket	ACTIVE
2026-02-14T17:50:02.831960+00:00 binlog	ACTIVE
2026-02-14T17:50:02.834710+00:00 BLACKHOLE	ACTIVE
2026-02-14T17:50:02.837776+00:00 caching_sha2_password	ACTIVE
2026-02-14T17:50:02.841083+00:00 CSV	ACTIVE
2026-02-14T17:50:02.844590+00:00 daemon_keyring_proxy_plugin	ACTIVE
2026-02-14T17:50:02.847377+00:00 InnoDB	ACTIVE
2026-02-14T17:50:02.850251+00:00 INNODB_BUFFER_PAGE	ACTIVE
2026-02-14T17:50:02.853289+00:00 INNODB_BUFFER_PAGE_LRU	ACTIVE
2026-02-14T17:50:02.856403+00:00 INNODB_BUFFER_POOL_STATS	ACTIVE
2026-02-14T17:50:02.859333+00:00 INNODB_CACHED_INDEXES	ACTIVE
2026-02-14T17:50:02.862039+00:00 INNODB_CMP	ACTIVE
2026-02-14T17:50:02.864910+00:00 INNODB_CMPMEM	ACTIVE
2026-02-14T17:50:02.867836+00:00 INNODB_CMPMEM_RESET	ACTIVE
2026-02-14T17:50:02.870632+00:00 INNODB_CMP_PER_INDEX	ACTIVE
2026-02-14T17:50:02.873531+00:00 INNODB_CMP_PER_INDEX_RESET	ACTIVE
2026-02-14T17:50:02.876253+00:00 INNODB_CMP_RESET	ACTIVE
2026-02-14T17:50:02.879190+00:00 INNODB_COLUMNS	ACTIVE
2026-02-14T17:50:02.882059+00:00 INNODB_FT_BEING_DELETED	ACTIVE
2026-02-14T17:50:02.884778+00:00 INNODB_FT_CONFIG	ACTIVE
2026-02-14T17:50:02.887701+00:00 INNODB_FT_DEFAULT_STOPWORD	ACTIVE
2026-02-14T17:50:02.891287+00:00 INNODB_FT_DELETED	ACTIVE
2026-02-14T17:50:02.892838+00:00 INNODB_FT_INDEX_CACHE	ACTIVE
2026-02-14T17:50:02.895714+00:00 INNODB_FT_INDEX_TABLE	ACTIVE
2026-02-14T17:50:02.898638+00:00 INNODB_INDEXES	ACTIVE
2026-02-14T17:50:02.902507+00:00 INNODB_METRICS	ACTIVE
2026-02-14T17:50:02.903995+00:00 INNODB_SESSION_TEMP_TABLESPACES	ACTIVE
2026-02-14T17:50:02.906593+00:00 INNODB_TABLES	ACTIVE
2026-02-14T17:50:02.909709+00:00 INNODB_TABLESPACES	ACTIVE
2026-02-14T17:50:02.912699+00:00 INNODB_TABLESTATS	ACTIVE
2026-02-14T17:50:02.915657+00:00 INNODB_TEMP_TABLE_INFO	ACTIVE
2026-02-14T17:50:02.918556+00:00 INNODB_TRX	ACTIVE
2026-02-14T17:50:02.921353+00:00 INNODB_VIRTUAL	ACTIVE
2026-02-14T17:50:02.925012+00:00 MEMORY	ACTIVE
2026-02-14T17:50:02.926248+00:00 MRG_MYISAM	ACTIVE
2026-02-14T17:50:02.928914+00:00 MyISAM	ACTIVE
2026-02-14T17:50:02.931628+00:00 mysqlx	ACTIVE
2026-02-14T17:50:02.934288+00:00 mysqlx_cache_cleaner	ACTIVE
2026-02-14T17:50:02.936305+00:00 mysql_native_password	ACTIVE
2026-02-14T17:50:02.938583+00:00 ngram	ACTIVE
2026-02-14T17:50:02.940876+00:00 PERFORMANCE_SCHEMA	ACTIVE
2026-02-14T17:50:02.943118+00:00 sha256_password	ACTIVE
2026-02-14T17:50:02.945408+00:00 sha2_cache_cleaner	ACTIVE
2026-02-14T17:50:02.947719+00:00 TempTable	ACTIVE
2026-02-14T17:50:02.950143+00:00 
2026-02-14T17:50:02.952494+00:00 ---- functional_indexes ----
2026-02-14T17:50:02.954784+00:00 (no rows)
2026-02-14T17:50:02.958028+00:00 
2026-02-14T17:50:02.960704+00:00 ---- functional_defaults ----
2026-02-14T17:50:02.963584+00:00 (no rows)
2026-02-14T17:50:02.966241+00:00 
2026-02-14T17:50:02.969042+00:00 ---- invisible_columns ----
2026-02-14T17:50:02.972171+00:00 (no rows)
2026-02-14T17:50:02.975107+00:00 
2026-02-14T17:50:02.978069+00:00 ---- check_constraints ----
2026-02-14T17:50:02.981163+00:00 (no rows)
2026-02-14T17:50:02.984314+00:00 
2026-02-14T17:50:02.987485+00:00 ---- partial_revokes ----
2026-02-14T17:50:02.991037+00:00 (no rows)
2026-02-14T17:50:02.994434+00:00 
2026-02-14T17:50:02.998195+00:00 ---- gis_srid_usage ----
2026-02-14T17:50:03.001231+00:00 sakila	address	location	0
2026-02-14T17:50:03.004605+00:00 
2026-02-14T17:50:03.007694+00:00 ---- resource_groups ----
2026-02-14T17:50:03.010901+00:00 USR_default	USER	1	0-9	0
2026-02-14T17:50:03.014253+00:00 SYS_default	SYSTEM	1	0-9	0
2026-02-14T17:50:03.018241+00:00 
2026-02-14T17:50:03.021957+00:00 ---- xplugin_status ----
2026-02-14T17:50:03.023501+00:00 mysqlx	ACTIVE
2026-02-14T17:50:03.026122+00:00 
2026-02-14T17:50:03.028257+00:00 ---- fk_name_lengths ----
2026-02-14T17:50:03.030511+00:00 (no rows)
2026-02-14T17:50:03.033239+00:00 
2026-02-14T17:50:03.035543+00:00 ---- trigger_order ----
2026-02-14T17:50:03.038538+00:00 (no rows)
2026-02-14T17:50:03.041323+00:00 
2026-02-14T17:50:03.044822+00:00 Precheck complete.
2026-02-14T17:50:03.046385+00:00 TSV outputs: artifacts/assess_20260214_175001/precheck/*.tsv
2026-02-14T17:50:03.111479+00:00 FINISH success=True message=Assessment passed. Ready to plan/run.
