2026-02-27T10:36:34.902837+00:00 START mode=assessment config=config/source.yaml
2026-02-27T10:36:35.422857+00:00 Assessment source auth selected: SRC_ADMIN_USER (admin)
2026-02-27T10:36:35.436461+00:00 RUN precheck -> /mnt/macshare/scripts/00_precheck.sh
2026-02-27T10:36:45.279618+00:00 == Precheck runner ==
2026-02-27T10:36:45.286483+00:00 Host: 192.168.64.7  Port: 3306  User: admin
2026-02-27T10:36:45.291447+00:00 Checks dir: /mnt/macshare/sql/checks
2026-02-27T10:36:45.307453+00:00 Outdir: artifacts/assess_20260227_103632/precheck
2026-02-27T10:36:45.316403+00:00 
2026-02-27T10:36:45.323491+00:00 NOTE: mariadb-migrate-config-file not found; skipping config check.
2026-02-27T10:36:45.329250+00:00 ---- mysql_version ----
2026-02-27T10:36:45.333395+00:00 8.0.45-0ubuntu0.24.04.1
2026-02-27T10:36:45.336695+00:00 
2026-02-27T10:36:45.340114+00:00 ---- innodb_settings ----
2026-02-27T10:36:45.343625+00:00 1	1
2026-02-27T10:36:45.353422+00:00 
2026-02-27T10:36:45.358314+00:00 ---- auth_plugins ----
2026-02-27T10:36:45.361998+00:00 debian-sys-maint	localhost	caching_sha2_password
2026-02-27T10:36:45.368269+00:00 
2026-02-27T10:36:45.373259+00:00 ---- json_columns ----
2026-02-27T10:36:45.378902+00:00 advanced_test	json_test	data	json
2026-02-27T10:36:45.383721+00:00 advanced_test	json_test	metadata	json
2026-02-27T10:36:45.387559+00:00 testdb	orders_json	data_json	json
2026-02-27T10:36:45.393055+00:00 
2026-02-27T10:36:45.398298+00:00 ---- compression_encryption ----
2026-02-27T10:36:45.400745+00:00 (no rows)
2026-02-27T10:36:45.405702+00:00 
2026-02-27T10:36:45.410804+00:00 ---- engines_summary ----
2026-02-27T10:36:45.420206+00:00 PERFORMANCE_SCHEMA	111
2026-02-27T10:36:45.426767+00:00 InnoDB	57
2026-02-27T10:36:45.430686+00:00 CSV	2
2026-02-27T10:36:45.435714+00:00 
2026-02-27T10:36:45.440613+00:00 ---- schema_sizes ----
2026-02-27T10:36:45.444271+00:00 testdb	38.56
2026-02-27T10:36:45.448179+00:00 sakila	6.45
2026-02-27T10:36:45.451742+00:00 mysql	2.73
2026-02-27T10:36:45.454283+00:00 world	0.77
2026-02-27T10:36:45.458112+00:00 sys	0.02
2026-02-27T10:36:45.461635+00:00 advanced_test	0.02
2026-02-27T10:36:45.464204+00:00 information_schema	0.00
2026-02-27T10:36:45.467921+00:00 performance_schema	0.00
2026-02-27T10:36:45.473062+00:00 
2026-02-27T10:36:45.477174+00:00 ---- schema_charsets ----
2026-02-27T10:36:45.482766+00:00 advanced_test	utf8mb4	utf8mb4_0900_ai_ci
2026-02-27T10:36:45.485501+00:00 sakila	utf8mb4	utf8mb4_0900_ai_ci
2026-02-27T10:36:45.488000+00:00 testdb	utf8mb4	utf8mb4_0900_ai_ci
2026-02-27T10:36:45.491902+00:00 world	utf8mb4	utf8mb4_0900_ai_ci
2026-02-27T10:36:45.496234+00:00 
2026-02-27T10:36:45.498977+00:00 ---- mysql8_collations ----
2026-02-27T10:36:45.501513+00:00 advanced_test	json_test	utf8mb4_0900_ai_ci
2026-02-27T10:36:45.504449+00:00 sakila	actor	utf8mb4_0900_ai_ci
2026-02-27T10:36:45.508300+00:00 sakila	address	utf8mb4_0900_ai_ci
2026-02-27T10:36:45.513992+00:00 sakila	category	utf8mb4_0900_ai_ci
2026-02-27T10:36:45.518252+00:00 sakila	city	utf8mb4_0900_ai_ci
2026-02-27T10:36:45.523833+00:00 sakila	country	utf8mb4_0900_ai_ci
2026-02-27T10:36:45.527912+00:00 sakila	customer	utf8mb4_0900_ai_ci
2026-02-27T10:36:45.530872+00:00 sakila	film	utf8mb4_0900_ai_ci
2026-02-27T10:36:45.533585+00:00 sakila	film_actor	utf8mb4_0900_ai_ci
2026-02-27T10:36:45.537849+00:00 sakila	film_category	utf8mb4_0900_ai_ci
2026-02-27T10:36:45.542100+00:00 sakila	film_text	utf8mb4_0900_ai_ci
2026-02-27T10:36:45.546308+00:00 sakila	inventory	utf8mb4_0900_ai_ci
2026-02-27T10:36:45.549317+00:00 sakila	language	utf8mb4_0900_ai_ci
2026-02-27T10:36:45.553233+00:00 sakila	payment	utf8mb4_0900_ai_ci
2026-02-27T10:36:45.557676+00:00 sakila	rental	utf8mb4_0900_ai_ci
2026-02-27T10:36:45.561999+00:00 sakila	staff	utf8mb4_0900_ai_ci
2026-02-27T10:36:45.570004+00:00 sakila	store	utf8mb4_0900_ai_ci
2026-02-27T10:36:45.573972+00:00 testdb	orders_json	utf8mb4_0900_ai_ci
2026-02-27T10:36:45.587224+00:00 world	city	utf8mb4_0900_ai_ci
2026-02-27T10:36:45.590221+00:00 world	country	utf8mb4_0900_ai_ci
2026-02-27T10:36:45.595678+00:00 world	countrylanguage	utf8mb4_0900_ai_ci
2026-02-27T10:36:45.599650+00:00 
2026-02-27T10:36:45.614353+00:00 ---- mysql8_column_collations ----
2026-02-27T10:36:45.618044+00:00 sakila	actor	first_name	utf8mb4_0900_ai_ci
2026-02-27T10:36:45.652888+00:00 sakila	actor	last_name	utf8mb4_0900_ai_ci
2026-02-27T10:36:45.667562+00:00 sakila	actor_info	film_info	utf8mb4_0900_ai_ci
2026-02-27T10:36:45.672392+00:00 sakila	actor_info	first_name	utf8mb4_0900_ai_ci
2026-02-27T10:36:45.680479+00:00 sakila	actor_info	last_name	utf8mb4_0900_ai_ci
2026-02-27T10:36:45.685543+00:00 sakila	address	address	utf8mb4_0900_ai_ci
2026-02-27T10:36:45.688844+00:00 sakila	address	address2	utf8mb4_0900_ai_ci
2026-02-27T10:36:45.693874+00:00 sakila	address	district	utf8mb4_0900_ai_ci
2026-02-27T10:36:45.700022+00:00 sakila	address	phone	utf8mb4_0900_ai_ci
2026-02-27T10:36:45.703572+00:00 sakila	address	postal_code	utf8mb4_0900_ai_ci
2026-02-27T10:36:45.710019+00:00 sakila	category	name	utf8mb4_0900_ai_ci
2026-02-27T10:36:45.714596+00:00 sakila	city	city	utf8mb4_0900_ai_ci
2026-02-27T10:36:45.719749+00:00 sakila	country	country	utf8mb4_0900_ai_ci
2026-02-27T10:36:45.724081+00:00 sakila	customer	email	utf8mb4_0900_ai_ci
2026-02-27T10:36:45.728938+00:00 sakila	customer	first_name	utf8mb4_0900_ai_ci
2026-02-27T10:36:45.733604+00:00 sakila	customer	last_name	utf8mb4_0900_ai_ci
2026-02-27T10:36:45.736980+00:00 sakila	customer_list	address	utf8mb4_0900_ai_ci
2026-02-27T10:36:45.741070+00:00 sakila	customer_list	city	utf8mb4_0900_ai_ci
2026-02-27T10:36:45.744971+00:00 sakila	customer_list	country	utf8mb4_0900_ai_ci
2026-02-27T10:36:45.748511+00:00 sakila	customer_list	name	utf8mb4_0900_ai_ci
2026-02-27T10:36:45.753018+00:00 sakila	customer_list	notes	utf8mb4_0900_ai_ci
2026-02-27T10:36:45.759068+00:00 sakila	customer_list	phone	utf8mb4_0900_ai_ci
2026-02-27T10:36:45.766406+00:00 sakila	customer_list	zip code	utf8mb4_0900_ai_ci
2026-02-27T10:36:45.769964+00:00 sakila	film	description	utf8mb4_0900_ai_ci
2026-02-27T10:36:45.774981+00:00 sakila	film	rating	utf8mb4_0900_ai_ci
2026-02-27T10:36:45.778528+00:00 sakila	film	special_features	utf8mb4_0900_ai_ci
2026-02-27T10:36:45.783328+00:00 sakila	film	title	utf8mb4_0900_ai_ci
2026-02-27T10:36:45.789735+00:00 sakila	film_list	actors	utf8mb4_0900_ai_ci
2026-02-27T10:36:45.796125+00:00 sakila	film_list	category	utf8mb4_0900_ai_ci
2026-02-27T10:36:45.800045+00:00 sakila	film_list	description	utf8mb4_0900_ai_ci
2026-02-27T10:36:45.804375+00:00 sakila	film_list	rating	utf8mb4_0900_ai_ci
2026-02-27T10:36:45.808707+00:00 sakila	film_list	title	utf8mb4_0900_ai_ci
2026-02-27T10:36:45.814980+00:00 sakila	film_text	description	utf8mb4_0900_ai_ci
2026-02-27T10:36:45.819643+00:00 sakila	film_text	title	utf8mb4_0900_ai_ci
2026-02-27T10:36:45.824631+00:00 sakila	language	name	utf8mb4_0900_ai_ci
2026-02-27T10:36:45.835809+00:00 sakila	nicer_but_slower_film_list	actors	utf8mb4_0900_ai_ci
2026-02-27T10:36:45.841646+00:00 sakila	nicer_but_slower_film_list	category	utf8mb4_0900_ai_ci
2026-02-27T10:36:45.845826+00:00 sakila	nicer_but_slower_film_list	description	utf8mb4_0900_ai_ci
2026-02-27T10:36:45.848990+00:00 sakila	nicer_but_slower_film_list	rating	utf8mb4_0900_ai_ci
2026-02-27T10:36:45.853459+00:00 sakila	nicer_but_slower_film_list	title	utf8mb4_0900_ai_ci
2026-02-27T10:36:45.859032+00:00 sakila	sales_by_film_category	category	utf8mb4_0900_ai_ci
2026-02-27T10:36:45.862367+00:00 sakila	sales_by_store	manager	utf8mb4_0900_ai_ci
2026-02-27T10:36:45.868506+00:00 sakila	sales_by_store	store	utf8mb4_0900_ai_ci
2026-02-27T10:36:45.873268+00:00 sakila	staff	email	utf8mb4_0900_ai_ci
2026-02-27T10:36:45.876806+00:00 sakila	staff	first_name	utf8mb4_0900_ai_ci
2026-02-27T10:36:45.881190+00:00 sakila	staff	last_name	utf8mb4_0900_ai_ci
2026-02-27T10:36:45.884864+00:00 sakila	staff	username	utf8mb4_0900_ai_ci
2026-02-27T10:36:45.888363+00:00 sakila	staff_list	address	utf8mb4_0900_ai_ci
2026-02-27T10:36:45.892654+00:00 sakila	staff_list	city	utf8mb4_0900_ai_ci
2026-02-27T10:36:45.896222+00:00 sakila	staff_list	country	utf8mb4_0900_ai_ci
2026-02-27T10:36:45.900593+00:00 ... (truncated; full output in artifacts/assess_20260227_103632/precheck/mysql8_column_collations.tsv)
2026-02-27T10:36:45.905686+00:00 
2026-02-27T10:36:45.909107+00:00 ---- sql_mode ----
2026-02-27T10:36:45.914563+00:00 ONLY_FULL_GROUP_BY,STRICT_TRANS_TABLES,NO_ZERO_IN_DATE,NO_ZERO_DATE,ERROR_FOR_DIVISION_BY_ZERO,NO_ENGINE_SUBSTITUTION
2026-02-27T10:36:45.920020+00:00 
2026-02-27T10:36:45.924073+00:00 ---- definers_inventory ----
2026-02-27T10:36:45.930383+00:00 TRIGGER	root@localhost	6
2026-02-27T10:36:45.933964+00:00 VIEW	root@localhost	7
2026-02-27T10:36:45.937834+00:00 
2026-02-27T10:36:45.940962+00:00 ---- partitioned_tables ----
2026-02-27T10:36:45.946120+00:00 (no rows)
2026-02-27T10:36:45.949859+00:00 
2026-02-27T10:36:45.954536+00:00 ---- active_plugins ----
2026-02-27T10:36:45.957875+00:00 ARCHIVE	ACTIVE
2026-02-27T10:36:45.961322+00:00 auth_socket	ACTIVE
2026-02-27T10:36:45.965573+00:00 binlog	ACTIVE
2026-02-27T10:36:45.969324+00:00 BLACKHOLE	ACTIVE
2026-02-27T10:36:45.972929+00:00 caching_sha2_password	ACTIVE
2026-02-27T10:36:45.980171+00:00 CSV	ACTIVE
2026-02-27T10:36:45.984841+00:00 daemon_keyring_proxy_plugin	ACTIVE
2026-02-27T10:36:45.988949+00:00 InnoDB	ACTIVE
2026-02-27T10:36:45.999556+00:00 INNODB_BUFFER_PAGE	ACTIVE
2026-02-27T10:36:46.002962+00:00 INNODB_BUFFER_PAGE_LRU	ACTIVE
2026-02-27T10:36:46.007299+00:00 INNODB_BUFFER_POOL_STATS	ACTIVE
2026-02-27T10:36:46.013366+00:00 INNODB_CACHED_INDEXES	ACTIVE
2026-02-27T10:36:46.019202+00:00 INNODB_CMP	ACTIVE
2026-02-27T10:36:46.026403+00:00 INNODB_CMPMEM	ACTIVE
2026-02-27T10:36:46.031288+00:00 INNODB_CMPMEM_RESET	ACTIVE
2026-02-27T10:36:46.035228+00:00 INNODB_CMP_PER_INDEX	ACTIVE
2026-02-27T10:36:46.048553+00:00 INNODB_CMP_PER_INDEX_RESET	ACTIVE
2026-02-27T10:36:46.052293+00:00 INNODB_CMP_RESET	ACTIVE
2026-02-27T10:36:46.058638+00:00 INNODB_COLUMNS	ACTIVE
2026-02-27T10:36:46.062750+00:00 INNODB_FT_BEING_DELETED	ACTIVE
2026-02-27T10:36:46.067487+00:00 INNODB_FT_CONFIG	ACTIVE
2026-02-27T10:36:46.073859+00:00 INNODB_FT_DEFAULT_STOPWORD	ACTIVE
2026-02-27T10:36:46.080318+00:00 INNODB_FT_DELETED	ACTIVE
2026-02-27T10:36:46.085361+00:00 INNODB_FT_INDEX_CACHE	ACTIVE
2026-02-27T10:36:46.090350+00:00 INNODB_FT_INDEX_TABLE	ACTIVE
2026-02-27T10:36:46.094783+00:00 INNODB_INDEXES	ACTIVE
2026-02-27T10:36:46.099874+00:00 INNODB_METRICS	ACTIVE
2026-02-27T10:36:46.105144+00:00 INNODB_SESSION_TEMP_TABLESPACES	ACTIVE
2026-02-27T10:36:46.108664+00:00 INNODB_TABLES	ACTIVE
2026-02-27T10:36:46.113169+00:00 INNODB_TABLESPACES	ACTIVE
2026-02-27T10:36:46.119708+00:00 INNODB_TABLESTATS	ACTIVE
2026-02-27T10:36:46.130587+00:00 INNODB_TEMP_TABLE_INFO	ACTIVE
2026-02-27T10:36:46.136433+00:00 INNODB_TRX	ACTIVE
2026-02-27T10:36:46.143074+00:00 INNODB_VIRTUAL	ACTIVE
2026-02-27T10:36:46.151590+00:00 MEMORY	ACTIVE
2026-02-27T10:36:46.156906+00:00 MRG_MYISAM	ACTIVE
2026-02-27T10:36:46.161992+00:00 MyISAM	ACTIVE
2026-02-27T10:36:46.166065+00:00 mysqlx	ACTIVE
2026-02-27T10:36:46.173791+00:00 mysqlx_cache_cleaner	ACTIVE
2026-02-27T10:36:46.179065+00:00 mysql_native_password	ACTIVE
2026-02-27T10:36:46.184998+00:00 ngram	ACTIVE
2026-02-27T10:36:46.189648+00:00 PERFORMANCE_SCHEMA	ACTIVE
2026-02-27T10:36:46.198618+00:00 sha256_password	ACTIVE
2026-02-27T10:36:46.204056+00:00 sha2_cache_cleaner	ACTIVE
2026-02-27T10:36:46.209455+00:00 TempTable	ACTIVE
2026-02-27T10:36:46.213804+00:00 
2026-02-27T10:36:46.217815+00:00 ---- functional_indexes ----
2026-02-27T10:36:46.223765+00:00 (no rows)
2026-02-27T10:36:46.228614+00:00 
2026-02-27T10:36:46.233321+00:00 ---- functional_defaults ----
2026-02-27T10:36:46.240152+00:00 (no rows)
2026-02-27T10:36:46.248867+00:00 
2026-02-27T10:36:46.254186+00:00 ---- invisible_columns ----
2026-02-27T10:36:46.258882+00:00 (no rows)
2026-02-27T10:36:46.261887+00:00 
2026-02-27T10:36:46.266265+00:00 ---- check_constraints ----
2026-02-27T10:36:46.272369+00:00 (no rows)
2026-02-27T10:36:46.276381+00:00 
2026-02-27T10:36:46.280597+00:00 ---- partial_revokes ----
2026-02-27T10:36:46.284684+00:00 (no rows)
2026-02-27T10:36:46.288837+00:00 
2026-02-27T10:36:46.296727+00:00 ---- gis_srid_usage ----
2026-02-27T10:36:46.301871+00:00 sakila	address	location	0
2026-02-27T10:36:46.305632+00:00 
2026-02-27T10:36:46.311506+00:00 ---- resource_groups ----
2026-02-27T10:36:46.316909+00:00 USR_default	USER	1	0-9	0
2026-02-27T10:36:46.322808+00:00 SYS_default	SYSTEM	1	0-9	0
2026-02-27T10:36:46.330573+00:00 
2026-02-27T10:36:46.340259+00:00 ---- xplugin_status ----
2026-02-27T10:36:46.353757+00:00 mysqlx	ACTIVE
2026-02-27T10:36:46.361411+00:00 
2026-02-27T10:36:46.365384+00:00 ---- fk_name_lengths ----
2026-02-27T10:36:46.369840+00:00 (no rows)
2026-02-27T10:36:46.375535+00:00 
2026-02-27T10:36:46.384136+00:00 ---- trigger_order ----
2026-02-27T10:36:46.388622+00:00 (no rows)
2026-02-27T10:36:46.394873+00:00 
2026-02-27T10:36:46.399797+00:00 Precheck complete.
2026-02-27T10:36:46.405578+00:00 TSV outputs: artifacts/assess_20260227_103632/precheck/*.tsv
2026-02-27T10:36:47.060980+00:00 FINISH success=True message=Assessment passed. Ready to plan/run.
