2026-02-12T13:26:49.538023+00:00 START mode=assessment config=config/source.yaml
2026-02-12T13:26:49.538219+00:00 RUN precheck -> /Users/balajin/Documents/GitHub/Mysql-to-MariaDB-Migration/scripts/00_precheck.sh
2026-02-12T13:26:50.437981+00:00 == Precheck runner ==
2026-02-12T13:26:50.438170+00:00 Host: 127.0.0.1  Port: 3306  User: root
2026-02-12T13:26:50.438205+00:00 Checks dir: /Users/balajin/Documents/GitHub/Mysql-to-MariaDB-Migration/sql/checks
2026-02-12T13:26:50.438234+00:00 Outdir: artifacts/assess_20260212_185649/precheck
2026-02-12T13:26:50.438260+00:00 
2026-02-12T13:26:50.438286+00:00 NOTE: mariadb-migrate-config-file not found; skipping config check.
2026-02-12T13:26:50.438310+00:00 ---- mysql_version ----
2026-02-12T13:26:50.438333+00:00 8.4.8
2026-02-12T13:26:50.438368+00:00 
2026-02-12T13:26:50.438396+00:00 ---- innodb_settings ----
2026-02-12T13:26:50.438429+00:00 1	1
2026-02-12T13:26:50.438454+00:00 
2026-02-12T13:26:50.438477+00:00 ---- auth_plugins ----
2026-02-12T13:26:50.438499+00:00 migrate	%	caching_sha2_password
2026-02-12T13:26:50.438522+00:00 migrate	192.168.64.2	caching_sha2_password
2026-02-12T13:26:50.438546+00:00 packer	%	caching_sha2_password
2026-02-12T13:26:50.438568+00:00 root	localhost	caching_sha2_password
2026-02-12T13:26:50.438590+00:00 
2026-02-12T13:26:50.438609+00:00 ---- json_columns ----
2026-02-12T13:26:50.438628+00:00 testdb	orders_json	data_json	json
2026-02-12T13:26:50.438648+00:00 
2026-02-12T13:26:50.438669+00:00 ---- compression_encryption ----
2026-02-12T13:26:50.438688+00:00 (no rows)
2026-02-12T13:26:50.438708+00:00 
2026-02-12T13:26:50.438727+00:00 ---- engines_summary ----
2026-02-12T13:26:50.438746+00:00 PERFORMANCE_SCHEMA	113
2026-02-12T13:26:50.438765+00:00 InnoDB	65
2026-02-12T13:26:50.438784+00:00 CSV	2
2026-02-12T13:26:50.438803+00:00 
2026-02-12T13:26:50.438825+00:00 ---- schema_sizes ----
2026-02-12T13:26:50.438844+00:00 testdb	38.56
2026-02-12T13:26:50.438863+00:00 sakila	6.45
2026-02-12T13:26:50.438882+00:00 mysql	2.61
2026-02-12T13:26:50.438902+00:00 world	0.77
2026-02-12T13:26:50.438924+00:00 classicmodels	0.50
2026-02-12T13:26:50.438943+00:00 sys	0.02
2026-02-12T13:26:50.438962+00:00 information_schema	0.00
2026-02-12T13:26:50.438982+00:00 performance_schema	0.00
2026-02-12T13:26:50.439001+00:00 
2026-02-12T13:26:50.439020+00:00 ---- schema_charsets ----
2026-02-12T13:26:50.439039+00:00 classicmodels	latin1	latin1_swedish_ci
2026-02-12T13:26:50.439058+00:00 sakila	utf8mb4	utf8mb4_0900_ai_ci
2026-02-12T13:26:50.439078+00:00 testdb	utf8mb4	utf8mb4_0900_ai_ci
2026-02-12T13:26:50.439097+00:00 world	utf8mb4	utf8mb4_0900_ai_ci
2026-02-12T13:26:50.439116+00:00 
2026-02-12T13:26:50.439135+00:00 ---- mysql8_collations ----
2026-02-12T13:26:50.439154+00:00 sakila	actor	utf8mb4_0900_ai_ci
2026-02-12T13:26:50.439174+00:00 sakila	address	utf8mb4_0900_ai_ci
2026-02-12T13:26:50.439192+00:00 sakila	category	utf8mb4_0900_ai_ci
2026-02-12T13:26:50.439211+00:00 sakila	city	utf8mb4_0900_ai_ci
2026-02-12T13:26:50.439230+00:00 sakila	country	utf8mb4_0900_ai_ci
2026-02-12T13:26:50.439249+00:00 sakila	customer	utf8mb4_0900_ai_ci
2026-02-12T13:26:50.439267+00:00 sakila	film	utf8mb4_0900_ai_ci
2026-02-12T13:26:50.439286+00:00 sakila	film_actor	utf8mb4_0900_ai_ci
2026-02-12T13:26:50.439305+00:00 sakila	film_category	utf8mb4_0900_ai_ci
2026-02-12T13:26:50.439324+00:00 sakila	film_text	utf8mb4_0900_ai_ci
2026-02-12T13:26:50.439344+00:00 sakila	inventory	utf8mb4_0900_ai_ci
2026-02-12T13:26:50.439362+00:00 sakila	language	utf8mb4_0900_ai_ci
2026-02-12T13:26:50.439384+00:00 sakila	payment	utf8mb4_0900_ai_ci
2026-02-12T13:26:50.439403+00:00 sakila	rental	utf8mb4_0900_ai_ci
2026-02-12T13:26:50.439422+00:00 sakila	staff	utf8mb4_0900_ai_ci
2026-02-12T13:26:50.439441+00:00 sakila	store	utf8mb4_0900_ai_ci
2026-02-12T13:26:50.439460+00:00 testdb	orders_json	utf8mb4_0900_ai_ci
2026-02-12T13:26:50.439478+00:00 world	city	utf8mb4_0900_ai_ci
2026-02-12T13:26:50.439497+00:00 world	country	utf8mb4_0900_ai_ci
2026-02-12T13:26:50.439516+00:00 world	countrylanguage	utf8mb4_0900_ai_ci
2026-02-12T13:26:50.439535+00:00 
2026-02-12T13:26:50.439571+00:00 ---- mysql8_column_collations ----
2026-02-12T13:26:50.439593+00:00 sakila	actor	first_name	utf8mb4_0900_ai_ci
2026-02-12T13:26:50.439615+00:00 sakila	actor	last_name	utf8mb4_0900_ai_ci
2026-02-12T13:26:50.439638+00:00 sakila	actor_info	film_info	utf8mb4_0900_ai_ci
2026-02-12T13:26:50.439660+00:00 sakila	actor_info	first_name	utf8mb4_0900_ai_ci
2026-02-12T13:26:50.439682+00:00 sakila	actor_info	last_name	utf8mb4_0900_ai_ci
2026-02-12T13:26:50.439705+00:00 sakila	address	address	utf8mb4_0900_ai_ci
2026-02-12T13:26:50.439727+00:00 sakila	address	address2	utf8mb4_0900_ai_ci
2026-02-12T13:26:50.439749+00:00 sakila	address	district	utf8mb4_0900_ai_ci
2026-02-12T13:26:50.439772+00:00 sakila	address	phone	utf8mb4_0900_ai_ci
2026-02-12T13:26:50.439794+00:00 sakila	address	postal_code	utf8mb4_0900_ai_ci
2026-02-12T13:26:50.439817+00:00 sakila	category	name	utf8mb4_0900_ai_ci
2026-02-12T13:26:50.439839+00:00 sakila	city	city	utf8mb4_0900_ai_ci
2026-02-12T13:26:50.439861+00:00 sakila	country	country	utf8mb4_0900_ai_ci
2026-02-12T13:26:50.439883+00:00 sakila	customer	email	utf8mb4_0900_ai_ci
2026-02-12T13:26:50.439905+00:00 sakila	customer	first_name	utf8mb4_0900_ai_ci
2026-02-12T13:26:50.439928+00:00 sakila	customer	last_name	utf8mb4_0900_ai_ci
2026-02-12T13:26:50.439950+00:00 sakila	customer_list	address	utf8mb4_0900_ai_ci
2026-02-12T13:26:50.439972+00:00 sakila	customer_list	city	utf8mb4_0900_ai_ci
2026-02-12T13:26:50.439994+00:00 sakila	customer_list	country	utf8mb4_0900_ai_ci
2026-02-12T13:26:50.440016+00:00 sakila	customer_list	name	utf8mb4_0900_ai_ci
2026-02-12T13:26:50.440038+00:00 sakila	customer_list	notes	utf8mb4_0900_ai_ci
2026-02-12T13:26:50.440060+00:00 sakila	customer_list	phone	utf8mb4_0900_ai_ci
2026-02-12T13:26:50.440082+00:00 sakila	customer_list	zip code	utf8mb4_0900_ai_ci
2026-02-12T13:26:50.440104+00:00 sakila	film	description	utf8mb4_0900_ai_ci
2026-02-12T13:26:50.440126+00:00 sakila	film	rating	utf8mb4_0900_ai_ci
2026-02-12T13:26:50.440147+00:00 sakila	film	special_features	utf8mb4_0900_ai_ci
2026-02-12T13:26:50.440170+00:00 sakila	film	title	utf8mb4_0900_ai_ci
2026-02-12T13:26:50.440192+00:00 sakila	film_list	actors	utf8mb4_0900_ai_ci
2026-02-12T13:26:50.440214+00:00 sakila	film_list	category	utf8mb4_0900_ai_ci
2026-02-12T13:26:50.440236+00:00 sakila	film_list	description	utf8mb4_0900_ai_ci
2026-02-12T13:26:50.440258+00:00 sakila	film_list	rating	utf8mb4_0900_ai_ci
2026-02-12T13:26:50.440279+00:00 sakila	film_list	title	utf8mb4_0900_ai_ci
2026-02-12T13:26:50.440301+00:00 sakila	film_text	description	utf8mb4_0900_ai_ci
2026-02-12T13:26:50.440323+00:00 sakila	film_text	title	utf8mb4_0900_ai_ci
2026-02-12T13:26:50.440345+00:00 sakila	language	name	utf8mb4_0900_ai_ci
2026-02-12T13:26:50.440367+00:00 sakila	nicer_but_slower_film_list	actors	utf8mb4_0900_ai_ci
2026-02-12T13:26:50.440389+00:00 sakila	nicer_but_slower_film_list	category	utf8mb4_0900_ai_ci
2026-02-12T13:26:50.440411+00:00 sakila	nicer_but_slower_film_list	description	utf8mb4_0900_ai_ci
2026-02-12T13:26:50.440433+00:00 sakila	nicer_but_slower_film_list	rating	utf8mb4_0900_ai_ci
2026-02-12T13:26:50.440455+00:00 sakila	nicer_but_slower_film_list	title	utf8mb4_0900_ai_ci
2026-02-12T13:26:50.440477+00:00 sakila	sales_by_film_category	category	utf8mb4_0900_ai_ci
2026-02-12T13:26:50.440499+00:00 sakila	sales_by_store	manager	utf8mb4_0900_ai_ci
2026-02-12T13:26:50.440520+00:00 sakila	sales_by_store	store	utf8mb4_0900_ai_ci
2026-02-12T13:26:50.440542+00:00 sakila	staff	email	utf8mb4_0900_ai_ci
2026-02-12T13:26:50.440564+00:00 sakila	staff	first_name	utf8mb4_0900_ai_ci
2026-02-12T13:26:50.440586+00:00 sakila	staff	last_name	utf8mb4_0900_ai_ci
2026-02-12T13:26:50.440608+00:00 sakila	staff	username	utf8mb4_0900_ai_ci
2026-02-12T13:26:50.440630+00:00 sakila	staff_list	address	utf8mb4_0900_ai_ci
2026-02-12T13:26:50.440652+00:00 sakila	staff_list	city	utf8mb4_0900_ai_ci
2026-02-12T13:26:50.440673+00:00 sakila	staff_list	country	utf8mb4_0900_ai_ci
2026-02-12T13:26:50.440695+00:00 ... (truncated; full output in artifacts/assess_20260212_185649/precheck/mysql8_column_collations.tsv)
2026-02-12T13:26:50.440745+00:00 
2026-02-12T13:26:50.440786+00:00 ---- sql_mode ----
2026-02-12T13:26:50.440834+00:00 ONLY_FULL_GROUP_BY,STRICT_TRANS_TABLES,NO_ZERO_IN_DATE,NO_ZERO_DATE,ERROR_FOR_DIVISION_BY_ZERO,NO_ENGINE_SUBSTITUTION
2026-02-12T13:26:50.440874+00:00 
2026-02-12T13:26:50.440914+00:00 ---- definers_inventory ----
2026-02-12T13:26:50.440970+00:00 ROUTINE	root@localhost	6
2026-02-12T13:26:50.441016+00:00 TRIGGER	root@localhost	6
2026-02-12T13:26:50.441065+00:00 VIEW	root@localhost	7
2026-02-12T13:26:50.441090+00:00 
2026-02-12T13:26:50.441147+00:00 ---- partitioned_tables ----
2026-02-12T13:26:50.441179+00:00 (no rows)
2026-02-12T13:26:50.441236+00:00 
2026-02-12T13:26:50.441265+00:00 ---- active_plugins ----
2026-02-12T13:26:50.441306+00:00 ARCHIVE	ACTIVE
2026-02-12T13:26:50.441339+00:00 binlog	ACTIVE
2026-02-12T13:26:50.441384+00:00 BLACKHOLE	ACTIVE
2026-02-12T13:26:50.441424+00:00 caching_sha2_password	ACTIVE
2026-02-12T13:26:50.441473+00:00 CSV	ACTIVE
2026-02-12T13:26:50.441516+00:00 daemon_keyring_proxy_plugin	ACTIVE
2026-02-12T13:26:50.441579+00:00 InnoDB	ACTIVE
2026-02-12T13:26:50.441610+00:00 INNODB_BUFFER_PAGE	ACTIVE
2026-02-12T13:26:50.441649+00:00 INNODB_BUFFER_PAGE_LRU	ACTIVE
2026-02-12T13:26:50.441687+00:00 INNODB_BUFFER_POOL_STATS	ACTIVE
2026-02-12T13:26:50.441724+00:00 INNODB_CACHED_INDEXES	ACTIVE
2026-02-12T13:26:50.441769+00:00 INNODB_CMP	ACTIVE
2026-02-12T13:26:50.441831+00:00 INNODB_CMPMEM	ACTIVE
2026-02-12T13:26:50.441909+00:00 INNODB_CMPMEM_RESET	ACTIVE
2026-02-12T13:26:50.441960+00:00 INNODB_CMP_PER_INDEX	ACTIVE
2026-02-12T13:26:50.442002+00:00 INNODB_CMP_PER_INDEX_RESET	ACTIVE
2026-02-12T13:26:50.442040+00:00 INNODB_CMP_RESET	ACTIVE
2026-02-12T13:26:50.442083+00:00 INNODB_COLUMNS	ACTIVE
2026-02-12T13:26:50.442146+00:00 INNODB_FT_BEING_DELETED	ACTIVE
2026-02-12T13:26:50.442181+00:00 INNODB_FT_CONFIG	ACTIVE
2026-02-12T13:26:50.442219+00:00 INNODB_FT_DEFAULT_STOPWORD	ACTIVE
2026-02-12T13:26:50.442255+00:00 INNODB_FT_DELETED	ACTIVE
2026-02-12T13:26:50.442304+00:00 INNODB_FT_INDEX_CACHE	ACTIVE
2026-02-12T13:26:50.442334+00:00 INNODB_FT_INDEX_TABLE	ACTIVE
2026-02-12T13:26:50.442369+00:00 INNODB_INDEXES	ACTIVE
2026-02-12T13:26:50.442407+00:00 INNODB_METRICS	ACTIVE
2026-02-12T13:26:50.442457+00:00 INNODB_SESSION_TEMP_TABLESPACES	ACTIVE
2026-02-12T13:26:50.442484+00:00 INNODB_TABLES	ACTIVE
2026-02-12T13:26:50.442521+00:00 INNODB_TABLESPACES	ACTIVE
2026-02-12T13:26:50.442564+00:00 INNODB_TABLESTATS	ACTIVE
2026-02-12T13:26:50.442613+00:00 INNODB_TEMP_TABLE_INFO	ACTIVE
2026-02-12T13:26:50.442661+00:00 INNODB_TRX	ACTIVE
2026-02-12T13:26:50.442703+00:00 INNODB_VIRTUAL	ACTIVE
2026-02-12T13:26:50.442731+00:00 MEMORY	ACTIVE
2026-02-12T13:26:50.442766+00:00 MRG_MYISAM	ACTIVE
2026-02-12T13:26:50.442807+00:00 MyISAM	ACTIVE
2026-02-12T13:26:50.442850+00:00 mysqlx	ACTIVE
2026-02-12T13:26:50.442900+00:00 mysqlx_cache_cleaner	ACTIVE
2026-02-12T13:26:50.442962+00:00 ngram	ACTIVE
2026-02-12T13:26:50.443006+00:00 PERFORMANCE_SCHEMA	ACTIVE
2026-02-12T13:26:50.443054+00:00 sha256_password	ACTIVE
2026-02-12T13:26:50.443101+00:00 sha2_cache_cleaner	ACTIVE
2026-02-12T13:26:50.443140+00:00 TempTable	ACTIVE
2026-02-12T13:26:50.443171+00:00 
2026-02-12T13:26:50.443208+00:00 ---- functional_indexes ----
2026-02-12T13:26:50.443238+00:00 (no rows)
2026-02-12T13:26:50.443273+00:00 
2026-02-12T13:26:50.443302+00:00 ---- functional_defaults ----
2026-02-12T13:26:50.443515+00:00 (no rows)
2026-02-12T13:26:50.443566+00:00 
2026-02-12T13:26:50.443632+00:00 ---- invisible_columns ----
2026-02-12T13:26:50.443678+00:00 (no rows)
2026-02-12T13:26:50.443719+00:00 
2026-02-12T13:26:50.443754+00:00 ---- check_constraints ----
2026-02-12T13:26:50.443782+00:00 (no rows)
2026-02-12T13:26:50.443842+00:00 
2026-02-12T13:26:50.443884+00:00 ---- partial_revokes ----
2026-02-12T13:26:50.443921+00:00 (no rows)
2026-02-12T13:26:50.444288+00:00 
2026-02-12T13:26:50.444327+00:00 ---- gis_srid_usage ----
2026-02-12T13:26:50.444361+00:00 sakila	address	location	0
2026-02-12T13:26:50.444435+00:00 
2026-02-12T13:26:50.448348+00:00 ---- resource_groups ----
2026-02-12T13:26:50.448405+00:00 (no rows)
2026-02-12T13:26:50.448437+00:00 
2026-02-12T13:26:50.448469+00:00 ---- xplugin_status ----
2026-02-12T13:26:50.448500+00:00 mysqlx	ACTIVE
2026-02-12T13:26:50.448530+00:00 
2026-02-12T13:26:50.448561+00:00 ---- fk_name_lengths ----
2026-02-12T13:26:50.448591+00:00 (no rows)
2026-02-12T13:26:50.448622+00:00 
2026-02-12T13:26:50.448652+00:00 ---- trigger_order ----
2026-02-12T13:26:50.448683+00:00 (no rows)
2026-02-12T13:26:50.448712+00:00 
2026-02-12T13:26:50.448741+00:00 Precheck complete.
2026-02-12T13:26:50.448788+00:00 TSV outputs: artifacts/assess_20260212_185649/precheck/*.tsv
2026-02-12T13:26:50.455486+00:00 FINISH success=True message=Assessment passed. Ready to plan/run.
