2026-03-05T18:26:51.151703+00:00 START mode=assessment config=config/source.yaml
2026-03-05T18:26:51.435840+00:00 Assessment source auth selected: SRC_ADMIN_USER (admin)
2026-03-05T18:26:51.443820+00:00 RUN precheck -> /mnt/macshare/scripts/00_precheck.sh
2026-03-05T18:27:00.090677+00:00 == Precheck runner ==
2026-03-05T18:27:00.093773+00:00 Host: 192.168.64.7  Port: 3306  User: admin
2026-03-05T18:27:00.097241+00:00 Checks dir: /mnt/macshare/sql/checks
2026-03-05T18:27:00.101241+00:00 Outdir: artifacts/assess_20260305_182649/precheck
2026-03-05T18:27:00.105107+00:00 
2026-03-05T18:27:00.109911+00:00 NOTE: mariadb-migrate-config-file not found; skipping config check.
2026-03-05T18:27:00.113624+00:00 ---- mysql_version ----
2026-03-05T18:27:00.117233+00:00 8.0.45-0ubuntu0.24.04.1
2026-03-05T18:27:00.121163+00:00 
2026-03-05T18:27:00.123887+00:00 ---- innodb_settings ----
2026-03-05T18:27:00.127994+00:00 1	1
2026-03-05T18:27:00.131147+00:00 
2026-03-05T18:27:00.134002+00:00 ---- auth_plugins ----
2026-03-05T18:27:00.136852+00:00 debian-sys-maint	localhost	caching_sha2_password
2026-03-05T18:27:00.140948+00:00 
2026-03-05T18:27:00.144503+00:00 ---- json_columns ----
2026-03-05T18:27:00.148310+00:00 advanced_test	json_test	data	json
2026-03-05T18:27:00.151951+00:00 advanced_test	json_test	metadata	json
2026-03-05T18:27:00.155622+00:00 testdb	orders_json	data_json	json
2026-03-05T18:27:00.160168+00:00 
2026-03-05T18:27:00.163929+00:00 ---- compression_encryption ----
2026-03-05T18:27:00.177841+00:00 (no rows)
2026-03-05T18:27:00.184991+00:00 
2026-03-05T18:27:00.188361+00:00 ---- engines_summary ----
2026-03-05T18:27:00.192271+00:00 PERFORMANCE_SCHEMA	111
2026-03-05T18:27:00.194923+00:00 InnoDB	59
2026-03-05T18:27:00.199627+00:00 CSV	2
2026-03-05T18:27:00.203889+00:00 
2026-03-05T18:27:00.207091+00:00 ---- schema_sizes ----
2026-03-05T18:27:00.210452+00:00 testdb	38.56
2026-03-05T18:27:00.213530+00:00 sakila	6.45
2026-03-05T18:27:00.216738+00:00 mysql	2.73
2026-03-05T18:27:00.220255+00:00 world	0.77
2026-03-05T18:27:00.224511+00:00 test_replication	0.03
2026-03-05T18:27:00.227719+00:00 sys	0.02
2026-03-05T18:27:00.234142+00:00 advanced_test	0.02
2026-03-05T18:27:00.237832+00:00 information_schema	0.00
2026-03-05T18:27:00.240919+00:00 performance_schema	0.00
2026-03-05T18:27:00.244394+00:00 
2026-03-05T18:27:00.248366+00:00 ---- schema_charsets ----
2026-03-05T18:27:00.251938+00:00 advanced_test	utf8mb4	utf8mb4_0900_ai_ci
2026-03-05T18:27:00.255119+00:00 sakila	utf8mb4	utf8mb4_0900_ai_ci
2026-03-05T18:27:00.262782+00:00 test_replication	utf8mb4	utf8mb4_0900_ai_ci
2026-03-05T18:27:00.266029+00:00 testdb	utf8mb4	utf8mb4_0900_ai_ci
2026-03-05T18:27:00.269682+00:00 world	utf8mb4	utf8mb4_0900_ai_ci
2026-03-05T18:27:00.274278+00:00 
2026-03-05T18:27:00.278418+00:00 ---- mysql8_collations ----
2026-03-05T18:27:00.281988+00:00 advanced_test	json_test	utf8mb4_0900_ai_ci
2026-03-05T18:27:00.285304+00:00 sakila	actor	utf8mb4_0900_ai_ci
2026-03-05T18:27:00.288976+00:00 sakila	address	utf8mb4_0900_ai_ci
2026-03-05T18:27:00.294348+00:00 sakila	category	utf8mb4_0900_ai_ci
2026-03-05T18:27:00.300014+00:00 sakila	city	utf8mb4_0900_ai_ci
2026-03-05T18:27:00.304050+00:00 sakila	country	utf8mb4_0900_ai_ci
2026-03-05T18:27:00.308200+00:00 sakila	customer	utf8mb4_0900_ai_ci
2026-03-05T18:27:00.313597+00:00 sakila	film	utf8mb4_0900_ai_ci
2026-03-05T18:27:00.318699+00:00 sakila	film_actor	utf8mb4_0900_ai_ci
2026-03-05T18:27:00.322142+00:00 sakila	film_category	utf8mb4_0900_ai_ci
2026-03-05T18:27:00.326681+00:00 sakila	film_text	utf8mb4_0900_ai_ci
2026-03-05T18:27:00.331911+00:00 sakila	inventory	utf8mb4_0900_ai_ci
2026-03-05T18:27:00.337878+00:00 sakila	language	utf8mb4_0900_ai_ci
2026-03-05T18:27:00.341016+00:00 sakila	payment	utf8mb4_0900_ai_ci
2026-03-05T18:27:00.344371+00:00 sakila	rental	utf8mb4_0900_ai_ci
2026-03-05T18:27:00.347400+00:00 sakila	staff	utf8mb4_0900_ai_ci
2026-03-05T18:27:00.350577+00:00 sakila	store	utf8mb4_0900_ai_ci
2026-03-05T18:27:00.355104+00:00 test_replication	customers	utf8mb4_0900_ai_ci
2026-03-05T18:27:00.358255+00:00 test_replication	replication_test	utf8mb4_0900_ai_ci
2026-03-05T18:27:00.361501+00:00 testdb	orders_json	utf8mb4_0900_ai_ci
2026-03-05T18:27:00.365966+00:00 world	city	utf8mb4_0900_ai_ci
2026-03-05T18:27:00.370733+00:00 world	country	utf8mb4_0900_ai_ci
2026-03-05T18:27:00.375052+00:00 world	countrylanguage	utf8mb4_0900_ai_ci
2026-03-05T18:27:00.378528+00:00 
2026-03-05T18:27:00.382790+00:00 ---- mysql8_column_collations ----
2026-03-05T18:27:00.387309+00:00 sakila	actor	first_name	utf8mb4_0900_ai_ci
2026-03-05T18:27:00.391308+00:00 sakila	actor	last_name	utf8mb4_0900_ai_ci
2026-03-05T18:27:00.395622+00:00 sakila	actor_info	film_info	utf8mb4_0900_ai_ci
2026-03-05T18:27:00.399936+00:00 sakila	actor_info	first_name	utf8mb4_0900_ai_ci
2026-03-05T18:27:00.403300+00:00 sakila	actor_info	last_name	utf8mb4_0900_ai_ci
2026-03-05T18:27:00.407745+00:00 sakila	address	address	utf8mb4_0900_ai_ci
2026-03-05T18:27:00.410892+00:00 sakila	address	address2	utf8mb4_0900_ai_ci
2026-03-05T18:27:00.415283+00:00 sakila	address	district	utf8mb4_0900_ai_ci
2026-03-05T18:27:00.419594+00:00 sakila	address	phone	utf8mb4_0900_ai_ci
2026-03-05T18:27:00.424225+00:00 sakila	address	postal_code	utf8mb4_0900_ai_ci
2026-03-05T18:27:00.427892+00:00 sakila	category	name	utf8mb4_0900_ai_ci
2026-03-05T18:27:00.431410+00:00 sakila	city	city	utf8mb4_0900_ai_ci
2026-03-05T18:27:00.435799+00:00 sakila	country	country	utf8mb4_0900_ai_ci
2026-03-05T18:27:00.440649+00:00 sakila	customer	email	utf8mb4_0900_ai_ci
2026-03-05T18:27:00.444486+00:00 sakila	customer	first_name	utf8mb4_0900_ai_ci
2026-03-05T18:27:00.448098+00:00 sakila	customer	last_name	utf8mb4_0900_ai_ci
2026-03-05T18:27:00.451701+00:00 sakila	customer_list	address	utf8mb4_0900_ai_ci
2026-03-05T18:27:00.455176+00:00 sakila	customer_list	city	utf8mb4_0900_ai_ci
2026-03-05T18:27:00.458320+00:00 sakila	customer_list	country	utf8mb4_0900_ai_ci
2026-03-05T18:27:00.461921+00:00 sakila	customer_list	name	utf8mb4_0900_ai_ci
2026-03-05T18:27:00.465431+00:00 sakila	customer_list	notes	utf8mb4_0900_ai_ci
2026-03-05T18:27:00.469133+00:00 sakila	customer_list	phone	utf8mb4_0900_ai_ci
2026-03-05T18:27:00.472858+00:00 sakila	customer_list	zip code	utf8mb4_0900_ai_ci
2026-03-05T18:27:00.476567+00:00 sakila	film	description	utf8mb4_0900_ai_ci
2026-03-05T18:27:00.479969+00:00 sakila	film	rating	utf8mb4_0900_ai_ci
2026-03-05T18:27:00.483789+00:00 sakila	film	special_features	utf8mb4_0900_ai_ci
2026-03-05T18:27:00.487590+00:00 sakila	film	title	utf8mb4_0900_ai_ci
2026-03-05T18:27:00.492118+00:00 sakila	film_list	actors	utf8mb4_0900_ai_ci
2026-03-05T18:27:00.495535+00:00 sakila	film_list	category	utf8mb4_0900_ai_ci
2026-03-05T18:27:00.499023+00:00 sakila	film_list	description	utf8mb4_0900_ai_ci
2026-03-05T18:27:00.503895+00:00 sakila	film_list	rating	utf8mb4_0900_ai_ci
2026-03-05T18:27:00.507554+00:00 sakila	film_list	title	utf8mb4_0900_ai_ci
2026-03-05T18:27:00.510775+00:00 sakila	film_text	description	utf8mb4_0900_ai_ci
2026-03-05T18:27:00.514406+00:00 sakila	film_text	title	utf8mb4_0900_ai_ci
2026-03-05T18:27:00.517916+00:00 sakila	language	name	utf8mb4_0900_ai_ci
2026-03-05T18:27:00.521228+00:00 sakila	nicer_but_slower_film_list	actors	utf8mb4_0900_ai_ci
2026-03-05T18:27:00.525546+00:00 sakila	nicer_but_slower_film_list	category	utf8mb4_0900_ai_ci
2026-03-05T18:27:00.528792+00:00 sakila	nicer_but_slower_film_list	description	utf8mb4_0900_ai_ci
2026-03-05T18:27:00.532107+00:00 sakila	nicer_but_slower_film_list	rating	utf8mb4_0900_ai_ci
2026-03-05T18:27:00.535949+00:00 sakila	nicer_but_slower_film_list	title	utf8mb4_0900_ai_ci
2026-03-05T18:27:00.539798+00:00 sakila	sales_by_film_category	category	utf8mb4_0900_ai_ci
2026-03-05T18:27:00.543153+00:00 sakila	sales_by_store	manager	utf8mb4_0900_ai_ci
2026-03-05T18:27:00.546755+00:00 sakila	sales_by_store	store	utf8mb4_0900_ai_ci
2026-03-05T18:27:00.550249+00:00 sakila	staff	email	utf8mb4_0900_ai_ci
2026-03-05T18:27:00.553574+00:00 sakila	staff	first_name	utf8mb4_0900_ai_ci
2026-03-05T18:27:00.557227+00:00 sakila	staff	last_name	utf8mb4_0900_ai_ci
2026-03-05T18:27:00.560989+00:00 sakila	staff	username	utf8mb4_0900_ai_ci
2026-03-05T18:27:00.564587+00:00 sakila	staff_list	address	utf8mb4_0900_ai_ci
2026-03-05T18:27:00.569151+00:00 sakila	staff_list	city	utf8mb4_0900_ai_ci
2026-03-05T18:27:00.572547+00:00 sakila	staff_list	country	utf8mb4_0900_ai_ci
2026-03-05T18:27:00.576329+00:00 ... (truncated; full output in artifacts/assess_20260305_182649/precheck/mysql8_column_collations.tsv)
2026-03-05T18:27:00.581015+00:00 
2026-03-05T18:27:00.585623+00:00 ---- sql_mode ----
2026-03-05T18:27:00.590081+00:00 ONLY_FULL_GROUP_BY,STRICT_TRANS_TABLES,NO_ZERO_IN_DATE,NO_ZERO_DATE,ERROR_FOR_DIVISION_BY_ZERO,NO_ENGINE_SUBSTITUTION
2026-03-05T18:27:00.593495+00:00 
2026-03-05T18:27:00.598032+00:00 ---- definers_inventory ----
2026-03-05T18:27:00.601423+00:00 TRIGGER	root@localhost	6
2026-03-05T18:27:00.605602+00:00 VIEW	root@localhost	7
2026-03-05T18:27:00.609505+00:00 
2026-03-05T18:27:00.615199+00:00 ---- partitioned_tables ----
2026-03-05T18:27:00.620045+00:00 (no rows)
2026-03-05T18:27:00.624766+00:00 
2026-03-05T18:27:00.629483+00:00 ---- active_plugins ----
2026-03-05T18:27:00.632802+00:00 ARCHIVE	ACTIVE
2026-03-05T18:27:00.637590+00:00 auth_socket	ACTIVE
2026-03-05T18:27:00.643468+00:00 binlog	ACTIVE
2026-03-05T18:27:00.646844+00:00 BLACKHOLE	ACTIVE
2026-03-05T18:27:00.652586+00:00 caching_sha2_password	ACTIVE
2026-03-05T18:27:00.657443+00:00 CSV	ACTIVE
2026-03-05T18:27:00.662320+00:00 daemon_keyring_proxy_plugin	ACTIVE
2026-03-05T18:27:00.665695+00:00 InnoDB	ACTIVE
2026-03-05T18:27:00.669450+00:00 INNODB_BUFFER_PAGE	ACTIVE
2026-03-05T18:27:00.672893+00:00 INNODB_BUFFER_PAGE_LRU	ACTIVE
2026-03-05T18:27:00.676345+00:00 INNODB_BUFFER_POOL_STATS	ACTIVE
2026-03-05T18:27:00.680123+00:00 INNODB_CACHED_INDEXES	ACTIVE
2026-03-05T18:27:00.683836+00:00 INNODB_CMP	ACTIVE
2026-03-05T18:27:00.687556+00:00 INNODB_CMPMEM	ACTIVE
2026-03-05T18:27:00.691226+00:00 INNODB_CMPMEM_RESET	ACTIVE
2026-03-05T18:27:00.696573+00:00 INNODB_CMP_PER_INDEX	ACTIVE
2026-03-05T18:27:00.701127+00:00 INNODB_CMP_PER_INDEX_RESET	ACTIVE
2026-03-05T18:27:00.706013+00:00 INNODB_CMP_RESET	ACTIVE
2026-03-05T18:27:00.710445+00:00 INNODB_COLUMNS	ACTIVE
2026-03-05T18:27:00.714664+00:00 INNODB_FT_BEING_DELETED	ACTIVE
2026-03-05T18:27:00.718750+00:00 INNODB_FT_CONFIG	ACTIVE
2026-03-05T18:27:00.724405+00:00 INNODB_FT_DEFAULT_STOPWORD	ACTIVE
2026-03-05T18:27:00.728519+00:00 INNODB_FT_DELETED	ACTIVE
2026-03-05T18:27:00.732329+00:00 INNODB_FT_INDEX_CACHE	ACTIVE
2026-03-05T18:27:00.738093+00:00 INNODB_FT_INDEX_TABLE	ACTIVE
2026-03-05T18:27:00.741705+00:00 INNODB_INDEXES	ACTIVE
2026-03-05T18:27:00.746606+00:00 INNODB_METRICS	ACTIVE
2026-03-05T18:27:00.750342+00:00 INNODB_SESSION_TEMP_TABLESPACES	ACTIVE
2026-03-05T18:27:00.755119+00:00 INNODB_TABLES	ACTIVE
2026-03-05T18:27:00.759988+00:00 INNODB_TABLESPACES	ACTIVE
2026-03-05T18:27:00.763681+00:00 INNODB_TABLESTATS	ACTIVE
2026-03-05T18:27:00.769574+00:00 INNODB_TEMP_TABLE_INFO	ACTIVE
2026-03-05T18:27:00.773629+00:00 INNODB_TRX	ACTIVE
2026-03-05T18:27:00.777514+00:00 INNODB_VIRTUAL	ACTIVE
2026-03-05T18:27:00.782150+00:00 MEMORY	ACTIVE
2026-03-05T18:27:00.787341+00:00 MRG_MYISAM	ACTIVE
2026-03-05T18:27:00.792652+00:00 MyISAM	ACTIVE
2026-03-05T18:27:00.799111+00:00 mysqlx	ACTIVE
2026-03-05T18:27:00.803960+00:00 mysqlx_cache_cleaner	ACTIVE
2026-03-05T18:27:00.807552+00:00 mysql_native_password	ACTIVE
2026-03-05T18:27:00.812379+00:00 ngram	ACTIVE
2026-03-05T18:27:00.818482+00:00 PERFORMANCE_SCHEMA	ACTIVE
2026-03-05T18:27:00.823390+00:00 sha256_password	ACTIVE
2026-03-05T18:27:00.827402+00:00 sha2_cache_cleaner	ACTIVE
2026-03-05T18:27:00.831723+00:00 TempTable	ACTIVE
2026-03-05T18:27:00.836972+00:00 
2026-03-05T18:27:00.841494+00:00 ---- functional_indexes ----
2026-03-05T18:27:00.845795+00:00 (no rows)
2026-03-05T18:27:00.849853+00:00 
2026-03-05T18:27:00.854382+00:00 ---- functional_defaults ----
2026-03-05T18:27:00.859417+00:00 (no rows)
2026-03-05T18:27:00.863388+00:00 
2026-03-05T18:27:00.868423+00:00 ---- invisible_columns ----
2026-03-05T18:27:00.872158+00:00 (no rows)
2026-03-05T18:27:00.876011+00:00 
2026-03-05T18:27:00.880878+00:00 ---- check_constraints ----
2026-03-05T18:27:00.884959+00:00 (no rows)
2026-03-05T18:27:00.889123+00:00 
2026-03-05T18:27:00.894258+00:00 ---- partial_revokes ----
2026-03-05T18:27:00.899429+00:00 (no rows)
2026-03-05T18:27:00.904586+00:00 
2026-03-05T18:27:00.908446+00:00 ---- gis_srid_usage ----
2026-03-05T18:27:00.912204+00:00 sakila	address	location	0
2026-03-05T18:27:00.918621+00:00 
2026-03-05T18:27:00.923304+00:00 ---- resource_groups ----
2026-03-05T18:27:00.927305+00:00 USR_default	USER	1	0-9	0
2026-03-05T18:27:00.932121+00:00 SYS_default	SYSTEM	1	0-9	0
2026-03-05T18:27:00.942141+00:00 
2026-03-05T18:27:00.948246+00:00 ---- xplugin_status ----
2026-03-05T18:27:00.951807+00:00 mysqlx	ACTIVE
2026-03-05T18:27:00.955353+00:00 
2026-03-05T18:27:00.959789+00:00 ---- fk_name_lengths ----
2026-03-05T18:27:00.964437+00:00 (no rows)
2026-03-05T18:27:00.968890+00:00 
2026-03-05T18:27:00.973500+00:00 ---- trigger_order ----
2026-03-05T18:27:00.978227+00:00 (no rows)
2026-03-05T18:27:00.982560+00:00 
2026-03-05T18:27:00.987488+00:00 Precheck complete.
2026-03-05T18:27:00.992009+00:00 TSV outputs: artifacts/assess_20260305_182649/precheck/*.tsv
2026-03-05T18:27:01.632951+00:00 FINISH success=True message=Assessment passed. Ready to plan/run.
