2026-03-04T16:31:18.822465+00:00 START mode=assessment config=config/source.yaml
2026-03-04T16:31:19.897652+00:00 Assessment source auth selected: SRC_ADMIN_USER (admin)
2026-03-04T16:31:19.911676+00:00 RUN precheck -> /mnt/macshare/scripts/00_precheck.sh
2026-03-04T16:31:54.187440+00:00 == Precheck runner ==
2026-03-04T16:31:54.194572+00:00 Host: 192.168.64.7  Port: 3306  User: admin
2026-03-04T16:31:54.204138+00:00 Checks dir: /mnt/macshare/sql/checks
2026-03-04T16:31:54.210533+00:00 Outdir: artifacts/assess_20260304_163111/precheck
2026-03-04T16:31:54.217149+00:00 
2026-03-04T16:31:54.222851+00:00 NOTE: mariadb-migrate-config-file not found; skipping config check.
2026-03-04T16:31:54.229030+00:00 ---- mysql_version ----
2026-03-04T16:31:54.237817+00:00 8.0.45-0ubuntu0.24.04.1
2026-03-04T16:31:54.241480+00:00 
2026-03-04T16:31:54.247965+00:00 ---- innodb_settings ----
2026-03-04T16:31:54.254396+00:00 1	1
2026-03-04T16:31:54.261009+00:00 
2026-03-04T16:31:54.267119+00:00 ---- auth_plugins ----
2026-03-04T16:31:54.276531+00:00 debian-sys-maint	localhost	caching_sha2_password
2026-03-04T16:31:54.282838+00:00 
2026-03-04T16:31:54.290635+00:00 ---- json_columns ----
2026-03-04T16:31:54.299770+00:00 advanced_test	json_test	data	json
2026-03-04T16:31:54.306605+00:00 advanced_test	json_test	metadata	json
2026-03-04T16:31:54.318150+00:00 testdb	orders_json	data_json	json
2026-03-04T16:31:54.329473+00:00 
2026-03-04T16:31:54.336619+00:00 ---- compression_encryption ----
2026-03-04T16:31:54.344523+00:00 (no rows)
2026-03-04T16:31:54.351802+00:00 
2026-03-04T16:31:54.360489+00:00 ---- engines_summary ----
2026-03-04T16:31:54.368683+00:00 PERFORMANCE_SCHEMA	111
2026-03-04T16:31:54.376366+00:00 InnoDB	58
2026-03-04T16:31:54.387677+00:00 CSV	2
2026-03-04T16:31:54.391988+00:00 
2026-03-04T16:31:54.398399+00:00 ---- schema_sizes ----
2026-03-04T16:31:54.405679+00:00 testdb	38.56
2026-03-04T16:31:54.414508+00:00 sakila	6.45
2026-03-04T16:31:54.418438+00:00 mysql	2.73
2026-03-04T16:31:54.427395+00:00 world	0.77
2026-03-04T16:31:54.437169+00:00 sys	0.02
2026-03-04T16:31:54.442466+00:00 advanced_test	0.02
2026-03-04T16:31:54.449964+00:00 test_replication	0.02
2026-03-04T16:31:54.458972+00:00 information_schema	0.00
2026-03-04T16:31:54.465572+00:00 performance_schema	0.00
2026-03-04T16:31:54.472979+00:00 
2026-03-04T16:31:54.484444+00:00 ---- schema_charsets ----
2026-03-04T16:31:54.491390+00:00 advanced_test	utf8mb4	utf8mb4_0900_ai_ci
2026-03-04T16:31:54.498127+00:00 sakila	utf8mb4	utf8mb4_0900_ai_ci
2026-03-04T16:31:54.504776+00:00 test_replication	utf8mb4	utf8mb4_0900_ai_ci
2026-03-04T16:31:54.511433+00:00 testdb	utf8mb4	utf8mb4_0900_ai_ci
2026-03-04T16:31:54.518351+00:00 world	utf8mb4	utf8mb4_0900_ai_ci
2026-03-04T16:31:54.529799+00:00 
2026-03-04T16:31:54.541225+00:00 ---- mysql8_collations ----
2026-03-04T16:31:54.545786+00:00 advanced_test	json_test	utf8mb4_0900_ai_ci
2026-03-04T16:31:54.555070+00:00 sakila	actor	utf8mb4_0900_ai_ci
2026-03-04T16:31:54.563472+00:00 sakila	address	utf8mb4_0900_ai_ci
2026-03-04T16:31:54.569487+00:00 sakila	category	utf8mb4_0900_ai_ci
2026-03-04T16:31:54.579369+00:00 sakila	city	utf8mb4_0900_ai_ci
2026-03-04T16:31:54.590717+00:00 sakila	country	utf8mb4_0900_ai_ci
2026-03-04T16:31:54.597398+00:00 sakila	customer	utf8mb4_0900_ai_ci
2026-03-04T16:31:54.605437+00:00 sakila	film	utf8mb4_0900_ai_ci
2026-03-04T16:31:54.618006+00:00 sakila	film_actor	utf8mb4_0900_ai_ci
2026-03-04T16:31:54.626007+00:00 sakila	film_category	utf8mb4_0900_ai_ci
2026-03-04T16:31:54.633891+00:00 sakila	film_text	utf8mb4_0900_ai_ci
2026-03-04T16:31:54.639905+00:00 sakila	inventory	utf8mb4_0900_ai_ci
2026-03-04T16:31:54.647330+00:00 sakila	language	utf8mb4_0900_ai_ci
2026-03-04T16:31:54.656421+00:00 sakila	payment	utf8mb4_0900_ai_ci
2026-03-04T16:31:54.664449+00:00 sakila	rental	utf8mb4_0900_ai_ci
2026-03-04T16:31:54.670579+00:00 sakila	staff	utf8mb4_0900_ai_ci
2026-03-04T16:31:54.680030+00:00 sakila	store	utf8mb4_0900_ai_ci
2026-03-04T16:31:54.686402+00:00 test_replication	customers	utf8mb4_0900_ai_ci
2026-03-04T16:31:54.693861+00:00 testdb	orders_json	utf8mb4_0900_ai_ci
2026-03-04T16:31:54.700666+00:00 world	city	utf8mb4_0900_ai_ci
2026-03-04T16:31:54.705258+00:00 world	country	utf8mb4_0900_ai_ci
2026-03-04T16:31:54.712682+00:00 world	countrylanguage	utf8mb4_0900_ai_ci
2026-03-04T16:31:54.719628+00:00 
2026-03-04T16:31:54.726632+00:00 ---- mysql8_column_collations ----
2026-03-04T16:31:54.732686+00:00 sakila	actor	first_name	utf8mb4_0900_ai_ci
2026-03-04T16:31:54.739452+00:00 sakila	actor	last_name	utf8mb4_0900_ai_ci
2026-03-04T16:31:54.746182+00:00 sakila	actor_info	film_info	utf8mb4_0900_ai_ci
2026-03-04T16:31:54.752541+00:00 sakila	actor_info	first_name	utf8mb4_0900_ai_ci
2026-03-04T16:31:54.758317+00:00 sakila	actor_info	last_name	utf8mb4_0900_ai_ci
2026-03-04T16:31:54.764908+00:00 sakila	address	address	utf8mb4_0900_ai_ci
2026-03-04T16:31:54.768429+00:00 sakila	address	address2	utf8mb4_0900_ai_ci
2026-03-04T16:31:54.774999+00:00 sakila	address	district	utf8mb4_0900_ai_ci
2026-03-04T16:31:54.783437+00:00 sakila	address	phone	utf8mb4_0900_ai_ci
2026-03-04T16:31:54.789937+00:00 sakila	address	postal_code	utf8mb4_0900_ai_ci
2026-03-04T16:31:54.795712+00:00 sakila	category	name	utf8mb4_0900_ai_ci
2026-03-04T16:31:54.801085+00:00 sakila	city	city	utf8mb4_0900_ai_ci
2026-03-04T16:31:54.806992+00:00 sakila	country	country	utf8mb4_0900_ai_ci
2026-03-04T16:31:54.815776+00:00 sakila	customer	email	utf8mb4_0900_ai_ci
2026-03-04T16:31:54.822838+00:00 sakila	customer	first_name	utf8mb4_0900_ai_ci
2026-03-04T16:31:54.830449+00:00 sakila	customer	last_name	utf8mb4_0900_ai_ci
2026-03-04T16:31:54.835241+00:00 sakila	customer_list	address	utf8mb4_0900_ai_ci
2026-03-04T16:31:54.842567+00:00 sakila	customer_list	city	utf8mb4_0900_ai_ci
2026-03-04T16:31:54.849753+00:00 sakila	customer_list	country	utf8mb4_0900_ai_ci
2026-03-04T16:31:54.853635+00:00 sakila	customer_list	name	utf8mb4_0900_ai_ci
2026-03-04T16:31:54.859979+00:00 sakila	customer_list	notes	utf8mb4_0900_ai_ci
2026-03-04T16:31:54.865098+00:00 sakila	customer_list	phone	utf8mb4_0900_ai_ci
2026-03-04T16:31:54.868650+00:00 sakila	customer_list	zip code	utf8mb4_0900_ai_ci
2026-03-04T16:31:54.874068+00:00 sakila	film	description	utf8mb4_0900_ai_ci
2026-03-04T16:31:54.882830+00:00 sakila	film	rating	utf8mb4_0900_ai_ci
2026-03-04T16:31:54.887304+00:00 sakila	film	special_features	utf8mb4_0900_ai_ci
2026-03-04T16:31:54.892410+00:00 sakila	film	title	utf8mb4_0900_ai_ci
2026-03-04T16:31:54.900096+00:00 sakila	film_list	actors	utf8mb4_0900_ai_ci
2026-03-04T16:31:54.905687+00:00 sakila	film_list	category	utf8mb4_0900_ai_ci
2026-03-04T16:31:54.909662+00:00 sakila	film_list	description	utf8mb4_0900_ai_ci
2026-03-04T16:31:54.916152+00:00 sakila	film_list	rating	utf8mb4_0900_ai_ci
2026-03-04T16:31:54.923435+00:00 sakila	film_list	title	utf8mb4_0900_ai_ci
2026-03-04T16:31:54.931274+00:00 sakila	film_text	description	utf8mb4_0900_ai_ci
2026-03-04T16:31:54.935641+00:00 sakila	film_text	title	utf8mb4_0900_ai_ci
2026-03-04T16:31:54.944392+00:00 sakila	language	name	utf8mb4_0900_ai_ci
2026-03-04T16:31:54.950134+00:00 sakila	nicer_but_slower_film_list	actors	utf8mb4_0900_ai_ci
2026-03-04T16:31:54.955528+00:00 sakila	nicer_but_slower_film_list	category	utf8mb4_0900_ai_ci
2026-03-04T16:31:54.960701+00:00 sakila	nicer_but_slower_film_list	description	utf8mb4_0900_ai_ci
2026-03-04T16:31:54.969258+00:00 sakila	nicer_but_slower_film_list	rating	utf8mb4_0900_ai_ci
2026-03-04T16:31:54.980315+00:00 sakila	nicer_but_slower_film_list	title	utf8mb4_0900_ai_ci
2026-03-04T16:31:54.990693+00:00 sakila	sales_by_film_category	category	utf8mb4_0900_ai_ci
2026-03-04T16:31:55.001061+00:00 sakila	sales_by_store	manager	utf8mb4_0900_ai_ci
2026-03-04T16:31:55.010065+00:00 sakila	sales_by_store	store	utf8mb4_0900_ai_ci
2026-03-04T16:31:55.016805+00:00 sakila	staff	email	utf8mb4_0900_ai_ci
2026-03-04T16:31:55.022630+00:00 sakila	staff	first_name	utf8mb4_0900_ai_ci
2026-03-04T16:31:55.028937+00:00 sakila	staff	last_name	utf8mb4_0900_ai_ci
2026-03-04T16:31:55.036216+00:00 sakila	staff	username	utf8mb4_0900_ai_ci
2026-03-04T16:31:55.043717+00:00 sakila	staff_list	address	utf8mb4_0900_ai_ci
2026-03-04T16:31:55.051564+00:00 sakila	staff_list	city	utf8mb4_0900_ai_ci
2026-03-04T16:31:55.057405+00:00 sakila	staff_list	country	utf8mb4_0900_ai_ci
2026-03-04T16:31:55.063900+00:00 ... (truncated; full output in artifacts/assess_20260304_163111/precheck/mysql8_column_collations.tsv)
2026-03-04T16:31:55.067745+00:00 
2026-03-04T16:31:55.077452+00:00 ---- sql_mode ----
2026-03-04T16:31:55.084348+00:00 ONLY_FULL_GROUP_BY,STRICT_TRANS_TABLES,NO_ZERO_IN_DATE,NO_ZERO_DATE,ERROR_FOR_DIVISION_BY_ZERO,NO_ENGINE_SUBSTITUTION
2026-03-04T16:31:55.091470+00:00 
2026-03-04T16:31:55.098182+00:00 ---- definers_inventory ----
2026-03-04T16:31:55.108308+00:00 TRIGGER	root@localhost	6
2026-03-04T16:31:55.115277+00:00 VIEW	root@localhost	7
2026-03-04T16:31:55.123047+00:00 
2026-03-04T16:31:55.131227+00:00 ---- partitioned_tables ----
2026-03-04T16:31:55.139279+00:00 (no rows)
2026-03-04T16:31:55.144511+00:00 
2026-03-04T16:31:55.152663+00:00 ---- active_plugins ----
2026-03-04T16:31:55.159453+00:00 ARCHIVE	ACTIVE
2026-03-04T16:31:55.168631+00:00 auth_socket	ACTIVE
2026-03-04T16:31:55.175636+00:00 binlog	ACTIVE
2026-03-04T16:31:55.183124+00:00 BLACKHOLE	ACTIVE
2026-03-04T16:31:55.188398+00:00 caching_sha2_password	ACTIVE
2026-03-04T16:31:55.195701+00:00 CSV	ACTIVE
2026-03-04T16:31:55.202007+00:00 daemon_keyring_proxy_plugin	ACTIVE
2026-03-04T16:31:55.210068+00:00 InnoDB	ACTIVE
2026-03-04T16:31:55.218081+00:00 INNODB_BUFFER_PAGE	ACTIVE
2026-03-04T16:31:55.227704+00:00 INNODB_BUFFER_PAGE_LRU	ACTIVE
2026-03-04T16:31:55.237238+00:00 INNODB_BUFFER_POOL_STATS	ACTIVE
2026-03-04T16:31:55.244833+00:00 INNODB_CACHED_INDEXES	ACTIVE
2026-03-04T16:31:55.251157+00:00 INNODB_CMP	ACTIVE
2026-03-04T16:31:55.259905+00:00 INNODB_CMPMEM	ACTIVE
2026-03-04T16:31:55.269649+00:00 INNODB_CMPMEM_RESET	ACTIVE
2026-03-04T16:31:55.278941+00:00 INNODB_CMP_PER_INDEX	ACTIVE
2026-03-04T16:31:55.283456+00:00 INNODB_CMP_PER_INDEX_RESET	ACTIVE
2026-03-04T16:31:55.291137+00:00 INNODB_CMP_RESET	ACTIVE
2026-03-04T16:31:55.300667+00:00 INNODB_COLUMNS	ACTIVE
2026-03-04T16:31:55.310826+00:00 INNODB_FT_BEING_DELETED	ACTIVE
2026-03-04T16:31:55.316393+00:00 INNODB_FT_CONFIG	ACTIVE
2026-03-04T16:31:55.322037+00:00 INNODB_FT_DEFAULT_STOPWORD	ACTIVE
2026-03-04T16:31:55.327526+00:00 INNODB_FT_DELETED	ACTIVE
2026-03-04T16:31:55.335602+00:00 INNODB_FT_INDEX_CACHE	ACTIVE
2026-03-04T16:31:55.342337+00:00 INNODB_FT_INDEX_TABLE	ACTIVE
2026-03-04T16:31:55.348688+00:00 INNODB_INDEXES	ACTIVE
2026-03-04T16:31:55.355931+00:00 INNODB_METRICS	ACTIVE
2026-03-04T16:31:55.364776+00:00 INNODB_SESSION_TEMP_TABLESPACES	ACTIVE
2026-03-04T16:31:55.375136+00:00 INNODB_TABLES	ACTIVE
2026-03-04T16:31:55.381223+00:00 INNODB_TABLESPACES	ACTIVE
2026-03-04T16:31:55.388677+00:00 INNODB_TABLESTATS	ACTIVE
2026-03-04T16:31:55.397039+00:00 INNODB_TEMP_TABLE_INFO	ACTIVE
2026-03-04T16:31:55.401193+00:00 INNODB_TRX	ACTIVE
2026-03-04T16:31:55.412163+00:00 INNODB_VIRTUAL	ACTIVE
2026-03-04T16:31:55.420475+00:00 MEMORY	ACTIVE
2026-03-04T16:31:55.430547+00:00 MRG_MYISAM	ACTIVE
2026-03-04T16:31:55.440253+00:00 MyISAM	ACTIVE
2026-03-04T16:31:55.447998+00:00 mysqlx	ACTIVE
2026-03-04T16:31:55.457187+00:00 mysqlx_cache_cleaner	ACTIVE
2026-03-04T16:31:55.463961+00:00 mysql_native_password	ACTIVE
2026-03-04T16:31:55.470291+00:00 ngram	ACTIVE
2026-03-04T16:31:55.478638+00:00 PERFORMANCE_SCHEMA	ACTIVE
2026-03-04T16:31:55.482963+00:00 sha256_password	ACTIVE
2026-03-04T16:31:55.490295+00:00 sha2_cache_cleaner	ACTIVE
2026-03-04T16:31:55.499582+00:00 TempTable	ACTIVE
2026-03-04T16:31:55.503945+00:00 
2026-03-04T16:31:55.507579+00:00 ---- functional_indexes ----
2026-03-04T16:31:55.513621+00:00 (no rows)
2026-03-04T16:31:55.520053+00:00 
2026-03-04T16:31:55.527980+00:00 ---- functional_defaults ----
2026-03-04T16:31:55.535582+00:00 (no rows)
2026-03-04T16:31:55.545935+00:00 
2026-03-04T16:31:55.553849+00:00 ---- invisible_columns ----
2026-03-04T16:31:55.557982+00:00 (no rows)
2026-03-04T16:31:55.562040+00:00 
2026-03-04T16:31:55.570095+00:00 ---- check_constraints ----
2026-03-04T16:31:55.576892+00:00 (no rows)
2026-03-04T16:31:55.583019+00:00 
2026-03-04T16:31:55.591554+00:00 ---- partial_revokes ----
2026-03-04T16:31:55.600937+00:00 (no rows)
2026-03-04T16:31:55.608227+00:00 
2026-03-04T16:31:55.616348+00:00 ---- gis_srid_usage ----
2026-03-04T16:31:55.623334+00:00 sakila	address	location	0
2026-03-04T16:31:55.634543+00:00 
2026-03-04T16:31:55.639273+00:00 ---- resource_groups ----
2026-03-04T16:31:55.645608+00:00 USR_default	USER	1	0-9	0
2026-03-04T16:31:55.655642+00:00 SYS_default	SYSTEM	1	0-9	0
2026-03-04T16:31:55.666318+00:00 
2026-03-04T16:31:55.673830+00:00 ---- xplugin_status ----
2026-03-04T16:31:55.679819+00:00 mysqlx	ACTIVE
2026-03-04T16:31:55.687332+00:00 
2026-03-04T16:31:55.693436+00:00 ---- fk_name_lengths ----
2026-03-04T16:31:55.698676+00:00 (no rows)
2026-03-04T16:31:55.710951+00:00 
2026-03-04T16:31:55.716079+00:00 ---- trigger_order ----
2026-03-04T16:31:55.723592+00:00 (no rows)
2026-03-04T16:31:55.730030+00:00 
2026-03-04T16:31:55.736830+00:00 Precheck complete.
2026-03-04T16:31:55.743384+00:00 TSV outputs: artifacts/assess_20260304_163111/precheck/*.tsv
2026-03-04T16:31:58.313528+00:00 FINISH success=True message=Assessment passed. Ready to plan/run.
