2026-03-05T17:40:34.474851+00:00 START mode=assessment config=config/source.yaml
2026-03-05T17:40:36.416483+00:00 Assessment source auth selected: SRC_ADMIN_USER (admin)
2026-03-05T17:40:36.441261+00:00 RUN precheck -> /mnt/macshare/scripts/00_precheck.sh
2026-03-05T17:41:10.991085+00:00 == Precheck runner ==
2026-03-05T17:41:11.002202+00:00 Host: 192.168.64.7  Port: 3306  User: admin
2026-03-05T17:41:11.009104+00:00 Checks dir: /mnt/macshare/sql/checks
2026-03-05T17:41:11.016376+00:00 Outdir: artifacts/assess_20260305_174026/precheck
2026-03-05T17:41:11.022178+00:00 
2026-03-05T17:41:11.030254+00:00 NOTE: mariadb-migrate-config-file not found; skipping config check.
2026-03-05T17:41:11.040821+00:00 ---- mysql_version ----
2026-03-05T17:41:11.047595+00:00 8.0.45-0ubuntu0.24.04.1
2026-03-05T17:41:11.054273+00:00 
2026-03-05T17:41:11.063028+00:00 ---- innodb_settings ----
2026-03-05T17:41:11.072847+00:00 1	1
2026-03-05T17:41:11.079775+00:00 
2026-03-05T17:41:11.085699+00:00 ---- auth_plugins ----
2026-03-05T17:41:11.093655+00:00 debian-sys-maint	localhost	caching_sha2_password
2026-03-05T17:41:11.100448+00:00 
2026-03-05T17:41:11.108435+00:00 ---- json_columns ----
2026-03-05T17:41:11.115567+00:00 advanced_test	json_test	data	json
2026-03-05T17:41:11.121359+00:00 advanced_test	json_test	metadata	json
2026-03-05T17:41:11.130403+00:00 testdb	orders_json	data_json	json
2026-03-05T17:41:11.142290+00:00 
2026-03-05T17:41:11.149232+00:00 ---- compression_encryption ----
2026-03-05T17:41:11.156269+00:00 (no rows)
2026-03-05T17:41:11.163659+00:00 
2026-03-05T17:41:11.171107+00:00 ---- engines_summary ----
2026-03-05T17:41:11.181340+00:00 PERFORMANCE_SCHEMA	111
2026-03-05T17:41:11.188095+00:00 InnoDB	59
2026-03-05T17:41:11.194863+00:00 CSV	2
2026-03-05T17:41:11.205551+00:00 
2026-03-05T17:41:11.212603+00:00 ---- schema_sizes ----
2026-03-05T17:41:11.221318+00:00 testdb	38.56
2026-03-05T17:41:11.230616+00:00 sakila	6.45
2026-03-05T17:41:11.243860+00:00 mysql	2.73
2026-03-05T17:41:11.256620+00:00 world	0.77
2026-03-05T17:41:11.265637+00:00 test_replication	0.03
2026-03-05T17:41:11.272615+00:00 sys	0.02
2026-03-05T17:41:11.280530+00:00 advanced_test	0.02
2026-03-05T17:41:11.286712+00:00 information_schema	0.00
2026-03-05T17:41:11.293460+00:00 performance_schema	0.00
2026-03-05T17:41:11.300631+00:00 
2026-03-05T17:41:11.307794+00:00 ---- schema_charsets ----
2026-03-05T17:41:11.313684+00:00 advanced_test	utf8mb4	utf8mb4_0900_ai_ci
2026-03-05T17:41:11.320370+00:00 sakila	utf8mb4	utf8mb4_0900_ai_ci
2026-03-05T17:41:11.327767+00:00 test_replication	utf8mb4	utf8mb4_0900_ai_ci
2026-03-05T17:41:11.334076+00:00 testdb	utf8mb4	utf8mb4_0900_ai_ci
2026-03-05T17:41:11.341112+00:00 world	utf8mb4	utf8mb4_0900_ai_ci
2026-03-05T17:41:11.350167+00:00 
2026-03-05T17:41:11.361480+00:00 ---- mysql8_collations ----
2026-03-05T17:41:11.370199+00:00 advanced_test	json_test	utf8mb4_0900_ai_ci
2026-03-05T17:41:11.377159+00:00 sakila	actor	utf8mb4_0900_ai_ci
2026-03-05T17:41:11.386802+00:00 sakila	address	utf8mb4_0900_ai_ci
2026-03-05T17:41:11.394146+00:00 sakila	category	utf8mb4_0900_ai_ci
2026-03-05T17:41:11.403179+00:00 sakila	city	utf8mb4_0900_ai_ci
2026-03-05T17:41:11.411820+00:00 sakila	country	utf8mb4_0900_ai_ci
2026-03-05T17:41:11.419466+00:00 sakila	customer	utf8mb4_0900_ai_ci
2026-03-05T17:41:11.427201+00:00 sakila	film	utf8mb4_0900_ai_ci
2026-03-05T17:41:11.433434+00:00 sakila	film_actor	utf8mb4_0900_ai_ci
2026-03-05T17:41:11.440626+00:00 sakila	film_category	utf8mb4_0900_ai_ci
2026-03-05T17:41:11.448205+00:00 sakila	film_text	utf8mb4_0900_ai_ci
2026-03-05T17:41:11.455947+00:00 sakila	inventory	utf8mb4_0900_ai_ci
2026-03-05T17:41:11.463543+00:00 sakila	language	utf8mb4_0900_ai_ci
2026-03-05T17:41:11.472524+00:00 sakila	payment	utf8mb4_0900_ai_ci
2026-03-05T17:41:11.479806+00:00 sakila	rental	utf8mb4_0900_ai_ci
2026-03-05T17:41:11.487673+00:00 sakila	staff	utf8mb4_0900_ai_ci
2026-03-05T17:41:11.494117+00:00 sakila	store	utf8mb4_0900_ai_ci
2026-03-05T17:41:11.503616+00:00 test_replication	customers	utf8mb4_0900_ai_ci
2026-03-05T17:41:11.513963+00:00 test_replication	replication_test	utf8mb4_0900_ai_ci
2026-03-05T17:41:11.521327+00:00 testdb	orders_json	utf8mb4_0900_ai_ci
2026-03-05T17:41:11.531277+00:00 world	city	utf8mb4_0900_ai_ci
2026-03-05T17:41:11.536266+00:00 world	country	utf8mb4_0900_ai_ci
2026-03-05T17:41:11.543844+00:00 world	countrylanguage	utf8mb4_0900_ai_ci
2026-03-05T17:41:11.548469+00:00 
2026-03-05T17:41:11.556058+00:00 ---- mysql8_column_collations ----
2026-03-05T17:41:11.562269+00:00 sakila	actor	first_name	utf8mb4_0900_ai_ci
2026-03-05T17:41:11.569583+00:00 sakila	actor	last_name	utf8mb4_0900_ai_ci
2026-03-05T17:41:11.575834+00:00 sakila	actor_info	film_info	utf8mb4_0900_ai_ci
2026-03-05T17:41:11.585169+00:00 sakila	actor_info	first_name	utf8mb4_0900_ai_ci
2026-03-05T17:41:11.591132+00:00 sakila	actor_info	last_name	utf8mb4_0900_ai_ci
2026-03-05T17:41:11.599223+00:00 sakila	address	address	utf8mb4_0900_ai_ci
2026-03-05T17:41:11.605250+00:00 sakila	address	address2	utf8mb4_0900_ai_ci
2026-03-05T17:41:11.612567+00:00 sakila	address	district	utf8mb4_0900_ai_ci
2026-03-05T17:41:11.623469+00:00 sakila	address	phone	utf8mb4_0900_ai_ci
2026-03-05T17:41:11.631720+00:00 sakila	address	postal_code	utf8mb4_0900_ai_ci
2026-03-05T17:41:11.639465+00:00 sakila	category	name	utf8mb4_0900_ai_ci
2026-03-05T17:41:11.647017+00:00 sakila	city	city	utf8mb4_0900_ai_ci
2026-03-05T17:41:11.655427+00:00 sakila	country	country	utf8mb4_0900_ai_ci
2026-03-05T17:41:11.662605+00:00 sakila	customer	email	utf8mb4_0900_ai_ci
2026-03-05T17:41:11.671309+00:00 sakila	customer	first_name	utf8mb4_0900_ai_ci
2026-03-05T17:41:11.679567+00:00 sakila	customer	last_name	utf8mb4_0900_ai_ci
2026-03-05T17:41:11.691325+00:00 sakila	customer_list	address	utf8mb4_0900_ai_ci
2026-03-05T17:41:11.699515+00:00 sakila	customer_list	city	utf8mb4_0900_ai_ci
2026-03-05T17:41:11.709577+00:00 sakila	customer_list	country	utf8mb4_0900_ai_ci
2026-03-05T17:41:11.717656+00:00 sakila	customer_list	name	utf8mb4_0900_ai_ci
2026-03-05T17:41:11.726372+00:00 sakila	customer_list	notes	utf8mb4_0900_ai_ci
2026-03-05T17:41:11.735725+00:00 sakila	customer_list	phone	utf8mb4_0900_ai_ci
2026-03-05T17:41:11.742576+00:00 sakila	customer_list	zip code	utf8mb4_0900_ai_ci
2026-03-05T17:41:11.749098+00:00 sakila	film	description	utf8mb4_0900_ai_ci
2026-03-05T17:41:11.755486+00:00 sakila	film	rating	utf8mb4_0900_ai_ci
2026-03-05T17:41:11.764248+00:00 sakila	film	special_features	utf8mb4_0900_ai_ci
2026-03-05T17:41:11.770950+00:00 sakila	film	title	utf8mb4_0900_ai_ci
2026-03-05T17:41:11.779249+00:00 sakila	film_list	actors	utf8mb4_0900_ai_ci
2026-03-05T17:41:11.787360+00:00 sakila	film_list	category	utf8mb4_0900_ai_ci
2026-03-05T17:41:11.791948+00:00 sakila	film_list	description	utf8mb4_0900_ai_ci
2026-03-05T17:41:11.798075+00:00 sakila	film_list	rating	utf8mb4_0900_ai_ci
2026-03-05T17:41:11.805375+00:00 sakila	film_list	title	utf8mb4_0900_ai_ci
2026-03-05T17:41:11.811809+00:00 sakila	film_text	description	utf8mb4_0900_ai_ci
2026-03-05T17:41:11.817013+00:00 sakila	film_text	title	utf8mb4_0900_ai_ci
2026-03-05T17:41:11.825611+00:00 sakila	language	name	utf8mb4_0900_ai_ci
2026-03-05T17:41:11.831428+00:00 sakila	nicer_but_slower_film_list	actors	utf8mb4_0900_ai_ci
2026-03-05T17:41:11.839345+00:00 sakila	nicer_but_slower_film_list	category	utf8mb4_0900_ai_ci
2026-03-05T17:41:11.846776+00:00 sakila	nicer_but_slower_film_list	description	utf8mb4_0900_ai_ci
2026-03-05T17:41:11.853338+00:00 sakila	nicer_but_slower_film_list	rating	utf8mb4_0900_ai_ci
2026-03-05T17:41:11.860316+00:00 sakila	nicer_but_slower_film_list	title	utf8mb4_0900_ai_ci
2026-03-05T17:41:11.866537+00:00 sakila	sales_by_film_category	category	utf8mb4_0900_ai_ci
2026-03-05T17:41:11.872788+00:00 sakila	sales_by_store	manager	utf8mb4_0900_ai_ci
2026-03-05T17:41:11.882281+00:00 sakila	sales_by_store	store	utf8mb4_0900_ai_ci
2026-03-05T17:41:11.892256+00:00 sakila	staff	email	utf8mb4_0900_ai_ci
2026-03-05T17:41:11.897693+00:00 sakila	staff	first_name	utf8mb4_0900_ai_ci
2026-03-05T17:41:11.903759+00:00 sakila	staff	last_name	utf8mb4_0900_ai_ci
2026-03-05T17:41:11.909545+00:00 sakila	staff	username	utf8mb4_0900_ai_ci
2026-03-05T17:41:11.916449+00:00 sakila	staff_list	address	utf8mb4_0900_ai_ci
2026-03-05T17:41:11.925853+00:00 sakila	staff_list	city	utf8mb4_0900_ai_ci
2026-03-05T17:41:11.933447+00:00 sakila	staff_list	country	utf8mb4_0900_ai_ci
2026-03-05T17:41:11.942556+00:00 ... (truncated; full output in artifacts/assess_20260305_174026/precheck/mysql8_column_collations.tsv)
2026-03-05T17:41:11.948433+00:00 
2026-03-05T17:41:11.953419+00:00 ---- sql_mode ----
2026-03-05T17:41:11.960747+00:00 ONLY_FULL_GROUP_BY,STRICT_TRANS_TABLES,NO_ZERO_IN_DATE,NO_ZERO_DATE,ERROR_FOR_DIVISION_BY_ZERO,NO_ENGINE_SUBSTITUTION
2026-03-05T17:41:11.967126+00:00 
2026-03-05T17:41:11.972246+00:00 ---- definers_inventory ----
2026-03-05T17:41:11.977350+00:00 TRIGGER	root@localhost	6
2026-03-05T17:41:11.983622+00:00 VIEW	root@localhost	7
2026-03-05T17:41:11.989969+00:00 
2026-03-05T17:41:11.998056+00:00 ---- partitioned_tables ----
2026-03-05T17:41:12.004684+00:00 (no rows)
2026-03-05T17:41:12.013610+00:00 
2026-03-05T17:41:12.021293+00:00 ---- active_plugins ----
2026-03-05T17:41:12.029756+00:00 ARCHIVE	ACTIVE
2026-03-05T17:41:12.035205+00:00 auth_socket	ACTIVE
2026-03-05T17:41:12.043464+00:00 binlog	ACTIVE
2026-03-05T17:41:12.051412+00:00 BLACKHOLE	ACTIVE
2026-03-05T17:41:12.059624+00:00 caching_sha2_password	ACTIVE
2026-03-05T17:41:12.072390+00:00 CSV	ACTIVE
2026-03-05T17:41:12.077423+00:00 daemon_keyring_proxy_plugin	ACTIVE
2026-03-05T17:41:12.083571+00:00 InnoDB	ACTIVE
2026-03-05T17:41:12.087691+00:00 INNODB_BUFFER_PAGE	ACTIVE
2026-03-05T17:41:12.096669+00:00 INNODB_BUFFER_PAGE_LRU	ACTIVE
2026-03-05T17:41:12.106575+00:00 INNODB_BUFFER_POOL_STATS	ACTIVE
2026-03-05T17:41:12.113544+00:00 INNODB_CACHED_INDEXES	ACTIVE
2026-03-05T17:41:12.118895+00:00 INNODB_CMP	ACTIVE
2026-03-05T17:41:12.128873+00:00 INNODB_CMPMEM	ACTIVE
2026-03-05T17:41:12.139448+00:00 INNODB_CMPMEM_RESET	ACTIVE
2026-03-05T17:41:12.146326+00:00 INNODB_CMP_PER_INDEX	ACTIVE
2026-03-05T17:41:12.156711+00:00 INNODB_CMP_PER_INDEX_RESET	ACTIVE
2026-03-05T17:41:12.162590+00:00 INNODB_CMP_RESET	ACTIVE
2026-03-05T17:41:12.166788+00:00 INNODB_COLUMNS	ACTIVE
2026-03-05T17:41:12.175035+00:00 INNODB_FT_BEING_DELETED	ACTIVE
2026-03-05T17:41:12.181352+00:00 INNODB_FT_CONFIG	ACTIVE
2026-03-05T17:41:12.191294+00:00 INNODB_FT_DEFAULT_STOPWORD	ACTIVE
2026-03-05T17:41:12.199177+00:00 INNODB_FT_DELETED	ACTIVE
2026-03-05T17:41:12.205816+00:00 INNODB_FT_INDEX_CACHE	ACTIVE
2026-03-05T17:41:12.209918+00:00 INNODB_FT_INDEX_TABLE	ACTIVE
2026-03-05T17:41:12.218250+00:00 INNODB_INDEXES	ACTIVE
2026-03-05T17:41:12.222427+00:00 INNODB_METRICS	ACTIVE
2026-03-05T17:41:12.226919+00:00 INNODB_SESSION_TEMP_TABLESPACES	ACTIVE
2026-03-05T17:41:12.234780+00:00 INNODB_TABLES	ACTIVE
2026-03-05T17:41:12.242942+00:00 INNODB_TABLESPACES	ACTIVE
2026-03-05T17:41:12.251157+00:00 INNODB_TABLESTATS	ACTIVE
2026-03-05T17:41:12.258052+00:00 INNODB_TEMP_TABLE_INFO	ACTIVE
2026-03-05T17:41:12.266058+00:00 INNODB_TRX	ACTIVE
2026-03-05T17:41:12.272149+00:00 INNODB_VIRTUAL	ACTIVE
2026-03-05T17:41:12.277598+00:00 MEMORY	ACTIVE
2026-03-05T17:41:12.284256+00:00 MRG_MYISAM	ACTIVE
2026-03-05T17:41:12.288582+00:00 MyISAM	ACTIVE
2026-03-05T17:41:12.295788+00:00 mysqlx	ACTIVE
2026-03-05T17:41:12.302826+00:00 mysqlx_cache_cleaner	ACTIVE
2026-03-05T17:41:12.309127+00:00 mysql_native_password	ACTIVE
2026-03-05T17:41:12.318329+00:00 ngram	ACTIVE
2026-03-05T17:41:12.324467+00:00 PERFORMANCE_SCHEMA	ACTIVE
2026-03-05T17:41:12.331171+00:00 sha256_password	ACTIVE
2026-03-05T17:41:12.337652+00:00 sha2_cache_cleaner	ACTIVE
2026-03-05T17:41:12.344311+00:00 TempTable	ACTIVE
2026-03-05T17:41:12.355989+00:00 
2026-03-05T17:41:12.363662+00:00 ---- functional_indexes ----
2026-03-05T17:41:12.372514+00:00 (no rows)
2026-03-05T17:41:12.376460+00:00 
2026-03-05T17:41:12.383622+00:00 ---- functional_defaults ----
2026-03-05T17:41:12.392730+00:00 (no rows)
2026-03-05T17:41:12.400532+00:00 
2026-03-05T17:41:12.407728+00:00 ---- invisible_columns ----
2026-03-05T17:41:12.416887+00:00 (no rows)
2026-03-05T17:41:12.425604+00:00 
2026-03-05T17:41:12.433639+00:00 ---- check_constraints ----
2026-03-05T17:41:12.437645+00:00 (no rows)
2026-03-05T17:41:12.446336+00:00 
2026-03-05T17:41:12.452681+00:00 ---- partial_revokes ----
2026-03-05T17:41:12.458872+00:00 (no rows)
2026-03-05T17:41:12.464709+00:00 
2026-03-05T17:41:12.471238+00:00 ---- gis_srid_usage ----
2026-03-05T17:41:12.480371+00:00 sakila	address	location	0
2026-03-05T17:41:12.486811+00:00 
2026-03-05T17:41:12.493919+00:00 ---- resource_groups ----
2026-03-05T17:41:12.500716+00:00 USR_default	USER	1	0-9	0
2026-03-05T17:41:12.506396+00:00 SYS_default	SYSTEM	1	0-9	0
2026-03-05T17:41:12.512889+00:00 
2026-03-05T17:41:12.520237+00:00 ---- xplugin_status ----
2026-03-05T17:41:12.527356+00:00 mysqlx	ACTIVE
2026-03-05T17:41:12.535969+00:00 
2026-03-05T17:41:12.543245+00:00 ---- fk_name_lengths ----
2026-03-05T17:41:12.549382+00:00 (no rows)
2026-03-05T17:41:12.558025+00:00 
2026-03-05T17:41:12.566351+00:00 ---- trigger_order ----
2026-03-05T17:41:12.572964+00:00 (no rows)
2026-03-05T17:41:12.580201+00:00 
2026-03-05T17:41:12.588138+00:00 Precheck complete.
2026-03-05T17:41:12.595329+00:00 TSV outputs: artifacts/assess_20260305_174026/precheck/*.tsv
2026-03-05T17:41:15.254965+00:00 FINISH success=True message=Assessment passed. Ready to plan/run.
