2026-02-14T19:06:02.718129+00:00 START mode=run config=config/migration.yaml
2026-02-14T19:06:02.727942+00:00 RUN  preflight_one_step (Preflight checks (one_step)) -> scripts/00_preflight_one_step.sh
2026-02-14T19:06:02.755420+00:00 CMD /mnt/macshare/scripts/00_preflight_one_step.sh
2026-02-14T19:06:02.763289+00:00 OUT ==> Preflight checks (one_step)
2026-02-14T19:06:02.765742+00:00 OUT mariadb-dump not found; mysqldump is available (OK).
2026-02-14T19:06:02.768362+00:00 OUT Checking source connectivity...
2026-02-14T19:06:02.779660+00:00 OUT Checking source migration user readiness...
2026-02-14T19:06:02.797075+00:00 OUT Checking source database(s) exist...
2026-02-14T19:06:02.815047+00:00 OUT Checking target SSH connectivity...
2026-02-14T19:06:03.026366+00:00 OUT Checking target mariadb client...
2026-02-14T19:06:03.230361+00:00 OUT Checking target TCP connectivity...
2026-02-14T19:06:03.464366+00:00 OUT Checking target migration user readiness...
2026-02-14T19:06:03.898958+00:00 OUT WARNING: option --ssl-verify-server-cert is disabled, because of an insecure passwordless login.
2026-02-14T19:06:03.908642+00:00 OUT pv not found (optional).
2026-02-14T19:06:03.911042+00:00 OUT Preflight complete.
2026-02-14T19:06:03.921714+00:00 RUN  create_migration_user (Create migration user on source and target) -> scripts/09_create_migration_user.sh
2026-02-14T19:06:03.925968+00:00 CMD /mnt/macshare/scripts/09_create_migration_user.sh
2026-02-14T19:06:03.933830+00:00 OUT ==> Create migration user on source and target
2026-02-14T19:06:03.944102+00:00 OUT Creating migration user on source: 192.168.64.7:3306
2026-02-14T19:06:03.973105+00:00 OUT Creating migration user on target: 192.168.64.3:3306
2026-02-14T19:06:04.934407+00:00 OUT ERROR 1045 (28000): Access denied for user 'admin'@'localhost' (using password: NO)
2026-02-14T19:06:04.945384+00:00 FINISH success=False message=Run failed at step: create_migration_user
