2026-02-25T15:01:53.905532+00:00 START mode=assessment config=config/source.yaml
2026-02-25T15:01:54.180904+00:00 Assessment source auth selected: SRC_ADMIN_USER (admin)
2026-02-25T15:01:54.189046+00:00 RUN precheck -> /mnt/macshare/scripts/00_precheck.sh
2026-02-25T15:02:02.770169+00:00 == Precheck runner ==
2026-02-25T15:02:02.774394+00:00 Host: 192.168.64.7  Port: 3306  User: admin
2026-02-25T15:02:02.777910+00:00 Checks dir: /mnt/macshare/sql/checks
2026-02-25T15:02:02.782682+00:00 Outdir: artifacts/assess_20260225_150152/precheck
2026-02-25T15:02:02.786115+00:00 
2026-02-25T15:02:02.789502+00:00 NOTE: mariadb-migrate-config-file not found; skipping config check.
2026-02-25T15:02:02.794766+00:00 ---- mysql_version ----
2026-02-25T15:02:02.800031+00:00 8.0.45-0ubuntu0.24.04.1
2026-02-25T15:02:02.804734+00:00 
2026-02-25T15:02:02.809451+00:00 ---- innodb_settings ----
2026-02-25T15:02:02.811878+00:00 1	1
2026-02-25T15:02:02.816622+00:00 
2026-02-25T15:02:02.819896+00:00 ---- auth_plugins ----
2026-02-25T15:02:02.823210+00:00 debian-sys-maint	localhost	caching_sha2_password
2026-02-25T15:02:02.829309+00:00 
2026-02-25T15:02:02.833012+00:00 ---- json_columns ----
2026-02-25T15:02:02.835165+00:00 testdb	orders_json	data_json	json
2026-02-25T15:02:02.841179+00:00 
2026-02-25T15:02:02.846070+00:00 ---- compression_encryption ----
2026-02-25T15:02:02.850949+00:00 (no rows)
2026-02-25T15:02:02.858157+00:00 
2026-02-25T15:02:02.861874+00:00 ---- engines_summary ----
2026-02-25T15:02:02.867953+00:00 PERFORMANCE_SCHEMA	111
2026-02-25T15:02:02.870377+00:00 InnoDB	56
2026-02-25T15:02:02.875670+00:00 CSV	2
2026-02-25T15:02:02.878442+00:00 
2026-02-25T15:02:02.882581+00:00 ---- schema_sizes ----
2026-02-25T15:02:02.886480+00:00 testdb	38.56
2026-02-25T15:02:02.890839+00:00 sakila	6.45
2026-02-25T15:02:02.895090+00:00 mysql	2.70
2026-02-25T15:02:02.899196+00:00 world	0.77
2026-02-25T15:02:02.903251+00:00 sys	0.02
2026-02-25T15:02:02.907599+00:00 information_schema	0.00
2026-02-25T15:02:02.911329+00:00 performance_schema	0.00
2026-02-25T15:02:02.914219+00:00 
2026-02-25T15:02:02.918016+00:00 ---- schema_charsets ----
2026-02-25T15:02:02.922315+00:00 sakila	utf8mb4	utf8mb4_0900_ai_ci
2026-02-25T15:02:02.926242+00:00 testdb	utf8mb4	utf8mb4_0900_ai_ci
2026-02-25T15:02:02.931025+00:00 world	utf8mb4	utf8mb4_0900_ai_ci
2026-02-25T15:02:02.934997+00:00 
2026-02-25T15:02:02.939478+00:00 ---- mysql8_collations ----
2026-02-25T15:02:02.943387+00:00 sakila	actor	utf8mb4_0900_ai_ci
2026-02-25T15:02:02.947420+00:00 sakila	address	utf8mb4_0900_ai_ci
2026-02-25T15:02:02.951056+00:00 sakila	category	utf8mb4_0900_ai_ci
2026-02-25T15:02:02.954833+00:00 sakila	city	utf8mb4_0900_ai_ci
2026-02-25T15:02:02.958738+00:00 sakila	country	utf8mb4_0900_ai_ci
2026-02-25T15:02:02.962765+00:00 sakila	customer	utf8mb4_0900_ai_ci
2026-02-25T15:02:02.966961+00:00 sakila	film	utf8mb4_0900_ai_ci
2026-02-25T15:02:02.969749+00:00 sakila	film_actor	utf8mb4_0900_ai_ci
2026-02-25T15:02:02.973790+00:00 sakila	film_category	utf8mb4_0900_ai_ci
2026-02-25T15:02:02.977755+00:00 sakila	film_text	utf8mb4_0900_ai_ci
2026-02-25T15:02:02.981683+00:00 sakila	inventory	utf8mb4_0900_ai_ci
2026-02-25T15:02:02.985615+00:00 sakila	language	utf8mb4_0900_ai_ci
2026-02-25T15:02:02.989704+00:00 sakila	payment	utf8mb4_0900_ai_ci
2026-02-25T15:02:02.993586+00:00 sakila	rental	utf8mb4_0900_ai_ci
2026-02-25T15:02:02.998132+00:00 sakila	staff	utf8mb4_0900_ai_ci
2026-02-25T15:02:03.001169+00:00 sakila	store	utf8mb4_0900_ai_ci
2026-02-25T15:02:03.005657+00:00 testdb	orders_json	utf8mb4_0900_ai_ci
2026-02-25T15:02:03.009475+00:00 world	city	utf8mb4_0900_ai_ci
2026-02-25T15:02:03.013556+00:00 world	country	utf8mb4_0900_ai_ci
2026-02-25T15:02:03.017446+00:00 world	countrylanguage	utf8mb4_0900_ai_ci
2026-02-25T15:02:03.019994+00:00 
2026-02-25T15:02:03.022572+00:00 ---- mysql8_column_collations ----
2026-02-25T15:02:03.026308+00:00 sakila	actor	first_name	utf8mb4_0900_ai_ci
2026-02-25T15:02:03.028905+00:00 sakila	actor	last_name	utf8mb4_0900_ai_ci
2026-02-25T15:02:03.033097+00:00 sakila	actor_info	film_info	utf8mb4_0900_ai_ci
2026-02-25T15:02:03.039341+00:00 sakila	actor_info	first_name	utf8mb4_0900_ai_ci
2026-02-25T15:02:03.044092+00:00 sakila	actor_info	last_name	utf8mb4_0900_ai_ci
2026-02-25T15:02:03.048104+00:00 sakila	address	address	utf8mb4_0900_ai_ci
2026-02-25T15:02:03.052261+00:00 sakila	address	address2	utf8mb4_0900_ai_ci
2026-02-25T15:02:03.057814+00:00 sakila	address	district	utf8mb4_0900_ai_ci
2026-02-25T15:02:03.062438+00:00 sakila	address	phone	utf8mb4_0900_ai_ci
2026-02-25T15:02:03.065673+00:00 sakila	address	postal_code	utf8mb4_0900_ai_ci
2026-02-25T15:02:03.070385+00:00 sakila	category	name	utf8mb4_0900_ai_ci
2026-02-25T15:02:03.074485+00:00 sakila	city	city	utf8mb4_0900_ai_ci
2026-02-25T15:02:03.077293+00:00 sakila	country	country	utf8mb4_0900_ai_ci
2026-02-25T15:02:03.081290+00:00 sakila	customer	email	utf8mb4_0900_ai_ci
2026-02-25T15:02:03.086626+00:00 sakila	customer	first_name	utf8mb4_0900_ai_ci
2026-02-25T15:02:03.091048+00:00 sakila	customer	last_name	utf8mb4_0900_ai_ci
2026-02-25T15:02:03.095065+00:00 sakila	customer_list	address	utf8mb4_0900_ai_ci
2026-02-25T15:02:03.098597+00:00 sakila	customer_list	city	utf8mb4_0900_ai_ci
2026-02-25T15:02:03.102753+00:00 sakila	customer_list	country	utf8mb4_0900_ai_ci
2026-02-25T15:02:03.106881+00:00 sakila	customer_list	name	utf8mb4_0900_ai_ci
2026-02-25T15:02:03.111033+00:00 sakila	customer_list	notes	utf8mb4_0900_ai_ci
2026-02-25T15:02:03.114352+00:00 sakila	customer_list	phone	utf8mb4_0900_ai_ci
2026-02-25T15:02:03.118888+00:00 sakila	customer_list	zip code	utf8mb4_0900_ai_ci
2026-02-25T15:02:03.123327+00:00 sakila	film	description	utf8mb4_0900_ai_ci
2026-02-25T15:02:03.127414+00:00 sakila	film	rating	utf8mb4_0900_ai_ci
2026-02-25T15:02:03.131847+00:00 sakila	film	special_features	utf8mb4_0900_ai_ci
2026-02-25T15:02:03.136321+00:00 sakila	film	title	utf8mb4_0900_ai_ci
2026-02-25T15:02:03.139256+00:00 sakila	film_list	actors	utf8mb4_0900_ai_ci
2026-02-25T15:02:03.143505+00:00 sakila	film_list	category	utf8mb4_0900_ai_ci
2026-02-25T15:02:03.146763+00:00 sakila	film_list	description	utf8mb4_0900_ai_ci
2026-02-25T15:02:03.150860+00:00 sakila	film_list	rating	utf8mb4_0900_ai_ci
2026-02-25T15:02:03.153803+00:00 sakila	film_list	title	utf8mb4_0900_ai_ci
2026-02-25T15:02:03.158011+00:00 sakila	film_text	description	utf8mb4_0900_ai_ci
2026-02-25T15:02:03.163522+00:00 sakila	film_text	title	utf8mb4_0900_ai_ci
2026-02-25T15:02:03.167715+00:00 sakila	language	name	utf8mb4_0900_ai_ci
2026-02-25T15:02:03.171926+00:00 sakila	nicer_but_slower_film_list	actors	utf8mb4_0900_ai_ci
2026-02-25T15:02:03.176524+00:00 sakila	nicer_but_slower_film_list	category	utf8mb4_0900_ai_ci
2026-02-25T15:02:03.179680+00:00 sakila	nicer_but_slower_film_list	description	utf8mb4_0900_ai_ci
2026-02-25T15:02:03.183958+00:00 sakila	nicer_but_slower_film_list	rating	utf8mb4_0900_ai_ci
2026-02-25T15:02:03.187442+00:00 sakila	nicer_but_slower_film_list	title	utf8mb4_0900_ai_ci
2026-02-25T15:02:03.191912+00:00 sakila	sales_by_film_category	category	utf8mb4_0900_ai_ci
2026-02-25T15:02:03.194908+00:00 sakila	sales_by_store	manager	utf8mb4_0900_ai_ci
2026-02-25T15:02:03.198597+00:00 sakila	sales_by_store	store	utf8mb4_0900_ai_ci
2026-02-25T15:02:03.201794+00:00 sakila	staff	email	utf8mb4_0900_ai_ci
2026-02-25T15:02:03.206504+00:00 sakila	staff	first_name	utf8mb4_0900_ai_ci
2026-02-25T15:02:03.211429+00:00 sakila	staff	last_name	utf8mb4_0900_ai_ci
2026-02-25T15:02:03.216015+00:00 sakila	staff	username	utf8mb4_0900_ai_ci
2026-02-25T15:02:03.220180+00:00 sakila	staff_list	address	utf8mb4_0900_ai_ci
2026-02-25T15:02:03.224099+00:00 sakila	staff_list	city	utf8mb4_0900_ai_ci
2026-02-25T15:02:03.229519+00:00 sakila	staff_list	country	utf8mb4_0900_ai_ci
2026-02-25T15:02:03.234305+00:00 ... (truncated; full output in artifacts/assess_20260225_150152/precheck/mysql8_column_collations.tsv)
2026-02-25T15:02:03.238101+00:00 
2026-02-25T15:02:03.245610+00:00 ---- sql_mode ----
2026-02-25T15:02:03.249725+00:00 ONLY_FULL_GROUP_BY,STRICT_TRANS_TABLES,NO_ZERO_IN_DATE,NO_ZERO_DATE,ERROR_FOR_DIVISION_BY_ZERO,NO_ENGINE_SUBSTITUTION
2026-02-25T15:02:03.253271+00:00 
2026-02-25T15:02:03.258860+00:00 ---- definers_inventory ----
2026-02-25T15:02:03.263810+00:00 TRIGGER	root@localhost	6
2026-02-25T15:02:03.267122+00:00 VIEW	root@localhost	7
2026-02-25T15:02:03.271132+00:00 
2026-02-25T15:02:03.274644+00:00 ---- partitioned_tables ----
2026-02-25T15:02:03.279720+00:00 (no rows)
2026-02-25T15:02:03.283172+00:00 
2026-02-25T15:02:03.287824+00:00 ---- active_plugins ----
2026-02-25T15:02:03.290905+00:00 ARCHIVE	ACTIVE
2026-02-25T15:02:03.294172+00:00 auth_socket	ACTIVE
2026-02-25T15:02:03.299185+00:00 binlog	ACTIVE
2026-02-25T15:02:03.303466+00:00 BLACKHOLE	ACTIVE
2026-02-25T15:02:03.307836+00:00 caching_sha2_password	ACTIVE
2026-02-25T15:02:03.311333+00:00 CSV	ACTIVE
2026-02-25T15:02:03.315899+00:00 daemon_keyring_proxy_plugin	ACTIVE
2026-02-25T15:02:03.320230+00:00 InnoDB	ACTIVE
2026-02-25T15:02:03.324646+00:00 INNODB_BUFFER_PAGE	ACTIVE
2026-02-25T15:02:03.329069+00:00 INNODB_BUFFER_PAGE_LRU	ACTIVE
2026-02-25T15:02:03.333604+00:00 INNODB_BUFFER_POOL_STATS	ACTIVE
2026-02-25T15:02:03.338396+00:00 INNODB_CACHED_INDEXES	ACTIVE
2026-02-25T15:02:03.342412+00:00 INNODB_CMP	ACTIVE
2026-02-25T15:02:03.345712+00:00 INNODB_CMPMEM	ACTIVE
2026-02-25T15:02:03.350444+00:00 INNODB_CMPMEM_RESET	ACTIVE
2026-02-25T15:02:03.354279+00:00 INNODB_CMP_PER_INDEX	ACTIVE
2026-02-25T15:02:03.358125+00:00 INNODB_CMP_PER_INDEX_RESET	ACTIVE
2026-02-25T15:02:03.363513+00:00 INNODB_CMP_RESET	ACTIVE
2026-02-25T15:02:03.366752+00:00 INNODB_COLUMNS	ACTIVE
2026-02-25T15:02:03.371224+00:00 INNODB_FT_BEING_DELETED	ACTIVE
2026-02-25T15:02:03.374704+00:00 INNODB_FT_CONFIG	ACTIVE
2026-02-25T15:02:03.378198+00:00 INNODB_FT_DEFAULT_STOPWORD	ACTIVE
2026-02-25T15:02:03.382699+00:00 INNODB_FT_DELETED	ACTIVE
2026-02-25T15:02:03.388053+00:00 INNODB_FT_INDEX_CACHE	ACTIVE
2026-02-25T15:02:03.392878+00:00 INNODB_FT_INDEX_TABLE	ACTIVE
2026-02-25T15:02:03.397673+00:00 INNODB_INDEXES	ACTIVE
2026-02-25T15:02:03.403005+00:00 INNODB_METRICS	ACTIVE
2026-02-25T15:02:03.406288+00:00 INNODB_SESSION_TEMP_TABLESPACES	ACTIVE
2026-02-25T15:02:03.409700+00:00 INNODB_TABLES	ACTIVE
2026-02-25T15:02:03.414489+00:00 INNODB_TABLESPACES	ACTIVE
2026-02-25T15:02:03.418109+00:00 INNODB_TABLESTATS	ACTIVE
2026-02-25T15:02:03.421533+00:00 INNODB_TEMP_TABLE_INFO	ACTIVE
2026-02-25T15:02:03.426793+00:00 INNODB_TRX	ACTIVE
2026-02-25T15:02:03.430883+00:00 INNODB_VIRTUAL	ACTIVE
2026-02-25T15:02:03.435676+00:00 MEMORY	ACTIVE
2026-02-25T15:02:03.440080+00:00 MRG_MYISAM	ACTIVE
2026-02-25T15:02:03.444551+00:00 MyISAM	ACTIVE
2026-02-25T15:02:03.449636+00:00 mysqlx	ACTIVE
2026-02-25T15:02:03.458259+00:00 mysqlx_cache_cleaner	ACTIVE
2026-02-25T15:02:03.462407+00:00 mysql_native_password	ACTIVE
2026-02-25T15:02:03.467331+00:00 ngram	ACTIVE
2026-02-25T15:02:03.471053+00:00 PERFORMANCE_SCHEMA	ACTIVE
2026-02-25T15:02:03.474872+00:00 sha256_password	ACTIVE
2026-02-25T15:02:03.479428+00:00 sha2_cache_cleaner	ACTIVE
2026-02-25T15:02:03.483020+00:00 TempTable	ACTIVE
2026-02-25T15:02:03.486523+00:00 
2026-02-25T15:02:03.490251+00:00 ---- functional_indexes ----
2026-02-25T15:02:03.493539+00:00 (no rows)
2026-02-25T15:02:03.496940+00:00 
2026-02-25T15:02:03.501247+00:00 ---- functional_defaults ----
2026-02-25T15:02:03.504924+00:00 (no rows)
2026-02-25T15:02:03.508499+00:00 
2026-02-25T15:02:03.512321+00:00 ---- invisible_columns ----
2026-02-25T15:02:03.516053+00:00 (no rows)
2026-02-25T15:02:03.519713+00:00 
2026-02-25T15:02:03.523669+00:00 ---- check_constraints ----
2026-02-25T15:02:03.527122+00:00 (no rows)
2026-02-25T15:02:03.530825+00:00 
2026-02-25T15:02:03.535008+00:00 ---- partial_revokes ----
2026-02-25T15:02:03.539421+00:00 (no rows)
2026-02-25T15:02:03.543384+00:00 
2026-02-25T15:02:03.547792+00:00 ---- gis_srid_usage ----
2026-02-25T15:02:03.553168+00:00 sakila	address	location	0
2026-02-25T15:02:03.557479+00:00 
2026-02-25T15:02:03.561485+00:00 ---- resource_groups ----
2026-02-25T15:02:03.565546+00:00 USR_default	USER	1	0-9	0
2026-02-25T15:02:03.570066+00:00 SYS_default	SYSTEM	1	0-9	0
2026-02-25T15:02:03.575525+00:00 
2026-02-25T15:02:03.580060+00:00 ---- xplugin_status ----
2026-02-25T15:02:03.584510+00:00 mysqlx	ACTIVE
2026-02-25T15:02:03.589488+00:00 
2026-02-25T15:02:03.593854+00:00 ---- fk_name_lengths ----
2026-02-25T15:02:03.598772+00:00 (no rows)
2026-02-25T15:02:03.603331+00:00 
2026-02-25T15:02:03.606906+00:00 ---- trigger_order ----
2026-02-25T15:02:03.611811+00:00 (no rows)
2026-02-25T15:02:03.615624+00:00 
2026-02-25T15:02:03.620613+00:00 Precheck complete.
2026-02-25T15:02:03.625192+00:00 TSV outputs: artifacts/assess_20260225_150152/precheck/*.tsv
2026-02-25T15:02:04.286354+00:00 FINISH success=True message=Assessment passed. Ready to plan/run.
