2026-03-04T14:28:56.825368+00:00 START mode=assessment config=config/source.yaml
2026-03-04T14:28:57.194950+00:00 Assessment source auth selected: SRC_ADMIN_USER (admin)
2026-03-04T14:28:57.203898+00:00 RUN precheck -> /mnt/macshare/scripts/00_precheck.sh
2026-03-04T14:29:06.249910+00:00 == Precheck runner ==
2026-03-04T14:29:06.255737+00:00 Host: 192.168.64.7  Port: 3306  User: admin
2026-03-04T14:29:06.261139+00:00 Checks dir: /mnt/macshare/sql/checks
2026-03-04T14:29:06.266829+00:00 Outdir: artifacts/assess_20260304_142855/precheck
2026-03-04T14:29:06.270353+00:00 
2026-03-04T14:29:06.274648+00:00 NOTE: mariadb-migrate-config-file not found; skipping config check.
2026-03-04T14:29:06.278628+00:00 ---- mysql_version ----
2026-03-04T14:29:06.284543+00:00 8.0.45-0ubuntu0.24.04.1
2026-03-04T14:29:06.288214+00:00 
2026-03-04T14:29:06.292420+00:00 ---- innodb_settings ----
2026-03-04T14:29:06.299537+00:00 1	1
2026-03-04T14:29:06.301878+00:00 
2026-03-04T14:29:06.307954+00:00 ---- auth_plugins ----
2026-03-04T14:29:06.315311+00:00 debian-sys-maint	localhost	caching_sha2_password
2026-03-04T14:29:06.320437+00:00 
2026-03-04T14:29:06.325904+00:00 ---- json_columns ----
2026-03-04T14:29:06.330065+00:00 advanced_test	json_test	data	json
2026-03-04T14:29:06.336470+00:00 advanced_test	json_test	metadata	json
2026-03-04T14:29:06.343123+00:00 testdb	orders_json	data_json	json
2026-03-04T14:29:06.348094+00:00 
2026-03-04T14:29:06.353482+00:00 ---- compression_encryption ----
2026-03-04T14:29:06.360241+00:00 (no rows)
2026-03-04T14:29:06.364806+00:00 
2026-03-04T14:29:06.369503+00:00 ---- engines_summary ----
2026-03-04T14:29:06.373198+00:00 PERFORMANCE_SCHEMA	111
2026-03-04T14:29:06.379268+00:00 InnoDB	58
2026-03-04T14:29:06.384013+00:00 CSV	2
2026-03-04T14:29:06.388759+00:00 
2026-03-04T14:29:06.393478+00:00 ---- schema_sizes ----
2026-03-04T14:29:06.397828+00:00 testdb	38.56
2026-03-04T14:29:06.404848+00:00 sakila	6.45
2026-03-04T14:29:06.408490+00:00 mysql	2.73
2026-03-04T14:29:06.416463+00:00 world	0.77
2026-03-04T14:29:06.420234+00:00 sys	0.02
2026-03-04T14:29:06.425498+00:00 advanced_test	0.02
2026-03-04T14:29:06.431948+00:00 test_replication	0.02
2026-03-04T14:29:06.437992+00:00 information_schema	0.00
2026-03-04T14:29:06.442749+00:00 performance_schema	0.00
2026-03-04T14:29:06.446899+00:00 
2026-03-04T14:29:06.452697+00:00 ---- schema_charsets ----
2026-03-04T14:29:06.456550+00:00 advanced_test	utf8mb4	utf8mb4_0900_ai_ci
2026-03-04T14:29:06.461747+00:00 sakila	utf8mb4	utf8mb4_0900_ai_ci
2026-03-04T14:29:06.467604+00:00 test_replication	utf8mb4	utf8mb4_0900_ai_ci
2026-03-04T14:29:06.470787+00:00 testdb	utf8mb4	utf8mb4_0900_ai_ci
2026-03-04T14:29:06.474482+00:00 world	utf8mb4	utf8mb4_0900_ai_ci
2026-03-04T14:29:06.480437+00:00 
2026-03-04T14:29:06.485430+00:00 ---- mysql8_collations ----
2026-03-04T14:29:06.490879+00:00 advanced_test	json_test	utf8mb4_0900_ai_ci
2026-03-04T14:29:06.498664+00:00 sakila	actor	utf8mb4_0900_ai_ci
2026-03-04T14:29:06.502404+00:00 sakila	address	utf8mb4_0900_ai_ci
2026-03-04T14:29:06.508595+00:00 sakila	category	utf8mb4_0900_ai_ci
2026-03-04T14:29:06.512434+00:00 sakila	city	utf8mb4_0900_ai_ci
2026-03-04T14:29:06.518276+00:00 sakila	country	utf8mb4_0900_ai_ci
2026-03-04T14:29:06.522976+00:00 sakila	customer	utf8mb4_0900_ai_ci
2026-03-04T14:29:06.528387+00:00 sakila	film	utf8mb4_0900_ai_ci
2026-03-04T14:29:06.533807+00:00 sakila	film_actor	utf8mb4_0900_ai_ci
2026-03-04T14:29:06.537700+00:00 sakila	film_category	utf8mb4_0900_ai_ci
2026-03-04T14:29:06.545557+00:00 sakila	film_text	utf8mb4_0900_ai_ci
2026-03-04T14:29:06.551023+00:00 sakila	inventory	utf8mb4_0900_ai_ci
2026-03-04T14:29:06.555956+00:00 sakila	language	utf8mb4_0900_ai_ci
2026-03-04T14:29:06.563384+00:00 sakila	payment	utf8mb4_0900_ai_ci
2026-03-04T14:29:06.571690+00:00 sakila	rental	utf8mb4_0900_ai_ci
2026-03-04T14:29:06.579961+00:00 sakila	staff	utf8mb4_0900_ai_ci
2026-03-04T14:29:06.585960+00:00 sakila	store	utf8mb4_0900_ai_ci
2026-03-04T14:29:06.594738+00:00 test_replication	customers	utf8mb4_0900_ai_ci
2026-03-04T14:29:06.599842+00:00 testdb	orders_json	utf8mb4_0900_ai_ci
2026-03-04T14:29:06.606969+00:00 world	city	utf8mb4_0900_ai_ci
2026-03-04T14:29:06.610757+00:00 world	country	utf8mb4_0900_ai_ci
2026-03-04T14:29:06.616217+00:00 world	countrylanguage	utf8mb4_0900_ai_ci
2026-03-04T14:29:06.621658+00:00 
2026-03-04T14:29:06.626236+00:00 ---- mysql8_column_collations ----
2026-03-04T14:29:06.633357+00:00 sakila	actor	first_name	utf8mb4_0900_ai_ci
2026-03-04T14:29:06.636309+00:00 sakila	actor	last_name	utf8mb4_0900_ai_ci
2026-03-04T14:29:06.641005+00:00 sakila	actor_info	film_info	utf8mb4_0900_ai_ci
2026-03-04T14:29:06.646519+00:00 sakila	actor_info	first_name	utf8mb4_0900_ai_ci
2026-03-04T14:29:06.650578+00:00 sakila	actor_info	last_name	utf8mb4_0900_ai_ci
2026-03-04T14:29:06.657114+00:00 sakila	address	address	utf8mb4_0900_ai_ci
2026-03-04T14:29:06.662543+00:00 sakila	address	address2	utf8mb4_0900_ai_ci
2026-03-04T14:29:06.666837+00:00 sakila	address	district	utf8mb4_0900_ai_ci
2026-03-04T14:29:06.671321+00:00 sakila	address	phone	utf8mb4_0900_ai_ci
2026-03-04T14:29:06.677498+00:00 sakila	address	postal_code	utf8mb4_0900_ai_ci
2026-03-04T14:29:06.681452+00:00 sakila	category	name	utf8mb4_0900_ai_ci
2026-03-04T14:29:06.686896+00:00 sakila	city	city	utf8mb4_0900_ai_ci
2026-03-04T14:29:06.691869+00:00 sakila	country	country	utf8mb4_0900_ai_ci
2026-03-04T14:29:06.697050+00:00 sakila	customer	email	utf8mb4_0900_ai_ci
2026-03-04T14:29:06.702892+00:00 sakila	customer	first_name	utf8mb4_0900_ai_ci
2026-03-04T14:29:06.705922+00:00 sakila	customer	last_name	utf8mb4_0900_ai_ci
2026-03-04T14:29:06.712300+00:00 sakila	customer_list	address	utf8mb4_0900_ai_ci
2026-03-04T14:29:06.718130+00:00 sakila	customer_list	city	utf8mb4_0900_ai_ci
2026-03-04T14:29:06.722455+00:00 sakila	customer_list	country	utf8mb4_0900_ai_ci
2026-03-04T14:29:06.728756+00:00 sakila	customer_list	name	utf8mb4_0900_ai_ci
2026-03-04T14:29:06.734452+00:00 sakila	customer_list	notes	utf8mb4_0900_ai_ci
2026-03-04T14:29:06.739571+00:00 sakila	customer_list	phone	utf8mb4_0900_ai_ci
2026-03-04T14:29:06.746355+00:00 sakila	customer_list	zip code	utf8mb4_0900_ai_ci
2026-03-04T14:29:06.751931+00:00 sakila	film	description	utf8mb4_0900_ai_ci
2026-03-04T14:29:06.759438+00:00 sakila	film	rating	utf8mb4_0900_ai_ci
2026-03-04T14:29:06.765231+00:00 sakila	film	special_features	utf8mb4_0900_ai_ci
2026-03-04T14:29:06.770077+00:00 sakila	film	title	utf8mb4_0900_ai_ci
2026-03-04T14:29:06.775759+00:00 sakila	film_list	actors	utf8mb4_0900_ai_ci
2026-03-04T14:29:06.780228+00:00 sakila	film_list	category	utf8mb4_0900_ai_ci
2026-03-04T14:29:06.787001+00:00 sakila	film_list	description	utf8mb4_0900_ai_ci
2026-03-04T14:29:06.803809+00:00 sakila	film_list	rating	utf8mb4_0900_ai_ci
2026-03-04T14:29:06.899597+00:00 sakila	film_list	title	utf8mb4_0900_ai_ci
2026-03-04T14:29:06.906665+00:00 sakila	film_text	description	utf8mb4_0900_ai_ci
2026-03-04T14:29:06.915915+00:00 sakila	film_text	title	utf8mb4_0900_ai_ci
2026-03-04T14:29:06.927068+00:00 sakila	language	name	utf8mb4_0900_ai_ci
2026-03-04T14:29:06.931737+00:00 sakila	nicer_but_slower_film_list	actors	utf8mb4_0900_ai_ci
2026-03-04T14:29:06.937980+00:00 sakila	nicer_but_slower_film_list	category	utf8mb4_0900_ai_ci
2026-03-04T14:29:06.946253+00:00 sakila	nicer_but_slower_film_list	description	utf8mb4_0900_ai_ci
2026-03-04T14:29:06.956018+00:00 sakila	nicer_but_slower_film_list	rating	utf8mb4_0900_ai_ci
2026-03-04T14:29:06.961452+00:00 sakila	nicer_but_slower_film_list	title	utf8mb4_0900_ai_ci
2026-03-04T14:29:06.978504+00:00 sakila	sales_by_film_category	category	utf8mb4_0900_ai_ci
2026-03-04T14:29:06.986661+00:00 sakila	sales_by_store	manager	utf8mb4_0900_ai_ci
2026-03-04T14:29:06.990545+00:00 sakila	sales_by_store	store	utf8mb4_0900_ai_ci
2026-03-04T14:29:06.997881+00:00 sakila	staff	email	utf8mb4_0900_ai_ci
2026-03-04T14:29:07.005203+00:00 sakila	staff	first_name	utf8mb4_0900_ai_ci
2026-03-04T14:29:07.010619+00:00 sakila	staff	last_name	utf8mb4_0900_ai_ci
2026-03-04T14:29:07.018323+00:00 sakila	staff	username	utf8mb4_0900_ai_ci
2026-03-04T14:29:07.022303+00:00 sakila	staff_list	address	utf8mb4_0900_ai_ci
2026-03-04T14:29:07.029141+00:00 sakila	staff_list	city	utf8mb4_0900_ai_ci
2026-03-04T14:29:07.033963+00:00 sakila	staff_list	country	utf8mb4_0900_ai_ci
2026-03-04T14:29:07.037315+00:00 ... (truncated; full output in artifacts/assess_20260304_142855/precheck/mysql8_column_collations.tsv)
2026-03-04T14:29:07.042540+00:00 
2026-03-04T14:29:07.048711+00:00 ---- sql_mode ----
2026-03-04T14:29:07.053261+00:00 ONLY_FULL_GROUP_BY,STRICT_TRANS_TABLES,NO_ZERO_IN_DATE,NO_ZERO_DATE,ERROR_FOR_DIVISION_BY_ZERO,NO_ENGINE_SUBSTITUTION
2026-03-04T14:29:07.059488+00:00 
2026-03-04T14:29:07.062682+00:00 ---- definers_inventory ----
2026-03-04T14:29:07.069314+00:00 TRIGGER	root@localhost	6
2026-03-04T14:29:07.074040+00:00 VIEW	root@localhost	7
2026-03-04T14:29:07.078420+00:00 
2026-03-04T14:29:07.085321+00:00 ---- partitioned_tables ----
2026-03-04T14:29:07.088618+00:00 (no rows)
2026-03-04T14:29:07.093215+00:00 
2026-03-04T14:29:07.100249+00:00 ---- active_plugins ----
2026-03-04T14:29:07.104289+00:00 ARCHIVE	ACTIVE
2026-03-04T14:29:07.110043+00:00 auth_socket	ACTIVE
2026-03-04T14:29:07.117500+00:00 binlog	ACTIVE
2026-03-04T14:29:07.122560+00:00 BLACKHOLE	ACTIVE
2026-03-04T14:29:07.130812+00:00 caching_sha2_password	ACTIVE
2026-03-04T14:29:07.136423+00:00 CSV	ACTIVE
2026-03-04T14:29:07.145364+00:00 daemon_keyring_proxy_plugin	ACTIVE
2026-03-04T14:29:07.149079+00:00 InnoDB	ACTIVE
2026-03-04T14:29:07.155556+00:00 INNODB_BUFFER_PAGE	ACTIVE
2026-03-04T14:29:07.162291+00:00 INNODB_BUFFER_PAGE_LRU	ACTIVE
2026-03-04T14:29:07.168031+00:00 INNODB_BUFFER_POOL_STATS	ACTIVE
2026-03-04T14:29:07.172581+00:00 INNODB_CACHED_INDEXES	ACTIVE
2026-03-04T14:29:07.178472+00:00 INNODB_CMP	ACTIVE
2026-03-04T14:29:07.187038+00:00 INNODB_CMPMEM	ACTIVE
2026-03-04T14:29:07.196894+00:00 INNODB_CMPMEM_RESET	ACTIVE
2026-03-04T14:29:07.201291+00:00 INNODB_CMP_PER_INDEX	ACTIVE
2026-03-04T14:29:07.205965+00:00 INNODB_CMP_PER_INDEX_RESET	ACTIVE
2026-03-04T14:29:07.212012+00:00 INNODB_CMP_RESET	ACTIVE
2026-03-04T14:29:07.219388+00:00 INNODB_COLUMNS	ACTIVE
2026-03-04T14:29:07.224928+00:00 INNODB_FT_BEING_DELETED	ACTIVE
2026-03-04T14:29:07.230948+00:00 INNODB_FT_CONFIG	ACTIVE
2026-03-04T14:29:07.237180+00:00 INNODB_FT_DEFAULT_STOPWORD	ACTIVE
2026-03-04T14:29:07.246379+00:00 INNODB_FT_DELETED	ACTIVE
2026-03-04T14:29:07.254433+00:00 INNODB_FT_INDEX_CACHE	ACTIVE
2026-03-04T14:29:07.257641+00:00 INNODB_FT_INDEX_TABLE	ACTIVE
2026-03-04T14:29:07.265093+00:00 INNODB_INDEXES	ACTIVE
2026-03-04T14:29:07.269529+00:00 INNODB_METRICS	ACTIVE
2026-03-04T14:29:07.274971+00:00 INNODB_SESSION_TEMP_TABLESPACES	ACTIVE
2026-03-04T14:29:07.279433+00:00 INNODB_TABLES	ACTIVE
2026-03-04T14:29:07.287986+00:00 INNODB_TABLESPACES	ACTIVE
2026-03-04T14:29:07.291283+00:00 INNODB_TABLESTATS	ACTIVE
2026-03-04T14:29:07.298070+00:00 INNODB_TEMP_TABLE_INFO	ACTIVE
2026-03-04T14:29:07.304285+00:00 INNODB_TRX	ACTIVE
2026-03-04T14:29:07.313081+00:00 INNODB_VIRTUAL	ACTIVE
2026-03-04T14:29:07.319133+00:00 MEMORY	ACTIVE
2026-03-04T14:29:07.324767+00:00 MRG_MYISAM	ACTIVE
2026-03-04T14:29:07.330424+00:00 MyISAM	ACTIVE
2026-03-04T14:29:07.337989+00:00 mysqlx	ACTIVE
2026-03-04T14:29:07.345502+00:00 mysqlx_cache_cleaner	ACTIVE
2026-03-04T14:29:07.352709+00:00 mysql_native_password	ACTIVE
2026-03-04T14:29:07.357500+00:00 ngram	ACTIVE
2026-03-04T14:29:07.362605+00:00 PERFORMANCE_SCHEMA	ACTIVE
2026-03-04T14:29:07.369448+00:00 sha256_password	ACTIVE
2026-03-04T14:29:07.372680+00:00 sha2_cache_cleaner	ACTIVE
2026-03-04T14:29:07.380521+00:00 TempTable	ACTIVE
2026-03-04T14:29:07.387905+00:00 
2026-03-04T14:29:07.394631+00:00 ---- functional_indexes ----
2026-03-04T14:29:07.400704+00:00 (no rows)
2026-03-04T14:29:07.406685+00:00 
2026-03-04T14:29:07.411768+00:00 ---- functional_defaults ----
2026-03-04T14:29:07.416765+00:00 (no rows)
2026-03-04T14:29:07.425954+00:00 
2026-03-04T14:29:07.429003+00:00 ---- invisible_columns ----
2026-03-04T14:29:07.436766+00:00 (no rows)
2026-03-04T14:29:07.443063+00:00 
2026-03-04T14:29:07.448173+00:00 ---- check_constraints ----
2026-03-04T14:29:07.453836+00:00 (no rows)
2026-03-04T14:29:07.460310+00:00 
2026-03-04T14:29:07.467006+00:00 ---- partial_revokes ----
2026-03-04T14:29:07.471280+00:00 (no rows)
2026-03-04T14:29:07.478357+00:00 
2026-03-04T14:29:07.481224+00:00 ---- gis_srid_usage ----
2026-03-04T14:29:07.488196+00:00 sakila	address	location	0
2026-03-04T14:29:07.497739+00:00 
2026-03-04T14:29:07.504713+00:00 ---- resource_groups ----
2026-03-04T14:29:07.510574+00:00 USR_default	USER	1	0-9	0
2026-03-04T14:29:07.516539+00:00 SYS_default	SYSTEM	1	0-9	0
2026-03-04T14:29:07.520866+00:00 
2026-03-04T14:29:07.525094+00:00 ---- xplugin_status ----
2026-03-04T14:29:07.533709+00:00 mysqlx	ACTIVE
2026-03-04T14:29:07.537938+00:00 
2026-03-04T14:29:07.543938+00:00 ---- fk_name_lengths ----
2026-03-04T14:29:07.548593+00:00 (no rows)
2026-03-04T14:29:07.553341+00:00 
2026-03-04T14:29:07.561502+00:00 ---- trigger_order ----
2026-03-04T14:29:07.564609+00:00 (no rows)
2026-03-04T14:29:07.571740+00:00 
2026-03-04T14:29:07.577905+00:00 Precheck complete.
2026-03-04T14:29:07.583194+00:00 TSV outputs: artifacts/assess_20260304_142855/precheck/*.tsv
2026-03-04T14:29:08.259592+00:00 FINISH success=True message=Assessment passed. Ready to plan/run.
