2026-02-11T16:51:38.031401+00:00 START mode=run config=config/migration.yaml
2026-02-11T16:51:38.033925+00:00 RUN  preflight_one_step (Preflight checks (one_step)) -> scripts/00_preflight_one_step.sh
2026-02-11T16:51:38.034331+00:00 CMD /Users/balajin/Documents/GitHub/Mysql-to-MariaDB-Migration/scripts/00_preflight_one_step.sh
2026-02-11T16:51:38.044739+00:00 OUT ==> Preflight checks (one_step)
2026-02-11T16:51:38.045328+00:00 OUT mariadb-dump not found; mysqldump is available (OK).
2026-02-11T16:51:38.045362+00:00 OUT Checking source connectivity...
2026-02-11T16:51:38.074219+00:00 OUT Checking target SSH connectivity...
2026-02-11T16:51:38.456008+00:00 OUT Checking target mariadb client...
2026-02-11T16:51:38.728595+00:00 OUT Checking target TCP connectivity...
2026-02-11T16:51:38.959186+00:00 OUT pv not found (optional).
2026-02-11T16:51:38.959507+00:00 OUT Preflight complete.
2026-02-11T16:51:38.961202+00:00 RUN  create_migration_user (Create migration user on source and target) -> scripts/09_create_migration_user.sh
2026-02-11T16:51:38.962484+00:00 CMD /Users/balajin/Documents/GitHub/Mysql-to-MariaDB-Migration/scripts/09_create_migration_user.sh
2026-02-11T16:51:38.974895+00:00 OUT ==> Create migration user on source and target
2026-02-11T16:51:38.993120+00:00 OUT Creating migration user on source: 192.168.68.107:3306
2026-02-11T16:51:39.029153+00:00 OUT Creating migration user on target: 192.168.64.4:3306
2026-02-11T16:51:39.709155+00:00 OUT Migrating application users to target (default password)
2026-02-11T16:51:40.442025+00:00 OUT Migration user setup completed.
2026-02-11T16:51:40.444763+00:00 RUN  precheck (Precheck source variables and blockers) -> scripts/00_precheck.sh
2026-02-11T16:51:40.445408+00:00 CMD /Users/balajin/Documents/GitHub/Mysql-to-MariaDB-Migration/scripts/00_precheck.sh
2026-02-11T16:51:40.467096+00:00 OUT == Precheck runner ==
2026-02-11T16:51:40.469123+00:00 OUT Host: 192.168.68.107  Port: 3306  User: migrate
2026-02-11T16:51:40.470841+00:00 OUT Checks dir: /Users/balajin/Documents/GitHub/Mysql-to-MariaDB-Migration/sql/checks
2026-02-11T16:51:40.473013+00:00 OUT Outdir: /Users/balajin/Documents/GitHub/Mysql-to-MariaDB-Migration/artifacts/precheck
2026-02-11T16:51:40.474811+00:00 OUT 
2026-02-11T16:51:40.476933+00:00 OUT NOTE: mariadb-migrate-config-file not found; skipping config check.
2026-02-11T16:51:40.481551+00:00 OUT ---- mysql_version ----
2026-02-11T16:51:40.514664+00:00 OUT 8.4.8
2026-02-11T16:51:40.519355+00:00 OUT 
2026-02-11T16:51:40.523300+00:00 OUT ---- innodb_settings ----
2026-02-11T16:51:40.547877+00:00 OUT 1	1
2026-02-11T16:51:40.551844+00:00 OUT 
2026-02-11T16:51:40.555556+00:00 OUT ---- auth_plugins ----
2026-02-11T16:51:40.580902+00:00 OUT migrate	%	caching_sha2_password
2026-02-11T16:51:40.580982+00:00 OUT migrate	192.168.64.2	caching_sha2_password
2026-02-11T16:51:40.581014+00:00 OUT packer	%	caching_sha2_password
2026-02-11T16:51:40.581043+00:00 OUT root	localhost	caching_sha2_password
2026-02-11T16:51:40.584658+00:00 OUT 
2026-02-11T16:51:40.587931+00:00 OUT ---- json_columns ----
2026-02-11T16:51:40.611605+00:00 OUT testdb	orders_json	data_json	json
2026-02-11T16:51:40.615172+00:00 OUT 
2026-02-11T16:51:40.626044+00:00 OUT ---- compression_encryption ----
2026-02-11T16:51:40.652363+00:00 OUT (no rows)
2026-02-11T16:51:40.653904+00:00 OUT 
2026-02-11T16:51:40.658905+00:00 OUT ---- engines_summary ----
2026-02-11T16:51:40.684756+00:00 OUT PERFORMANCE_SCHEMA	113
2026-02-11T16:51:40.684832+00:00 OUT InnoDB	65
2026-02-11T16:51:40.684864+00:00 OUT CSV	2
2026-02-11T16:51:40.688319+00:00 OUT 
2026-02-11T16:51:40.691843+00:00 OUT ---- schema_sizes ----
2026-02-11T16:51:40.827404+00:00 OUT testdb	38.56
2026-02-11T16:51:40.827526+00:00 OUT sakila	6.45
2026-02-11T16:51:40.827582+00:00 OUT mysql	2.61
2026-02-11T16:51:40.827622+00:00 OUT world	0.77
2026-02-11T16:51:40.827660+00:00 OUT classicmodels	0.50
2026-02-11T16:51:40.827700+00:00 OUT sys	0.02
2026-02-11T16:51:40.827738+00:00 OUT information_schema	0.00
2026-02-11T16:51:40.827773+00:00 OUT performance_schema	0.00
2026-02-11T16:51:40.832911+00:00 OUT 
2026-02-11T16:51:40.837340+00:00 OUT ---- schema_charsets ----
2026-02-11T16:51:40.866354+00:00 OUT classicmodels	latin1	latin1_swedish_ci
2026-02-11T16:51:40.866433+00:00 OUT sakila	utf8mb4	utf8mb4_0900_ai_ci
2026-02-11T16:51:40.866467+00:00 OUT testdb	utf8mb4	utf8mb4_0900_ai_ci
2026-02-11T16:51:40.866554+00:00 OUT world	utf8mb4	utf8mb4_0900_ai_ci
2026-02-11T16:51:40.870524+00:00 OUT 
2026-02-11T16:51:40.874478+00:00 OUT ---- mysql8_collations ----
2026-02-11T16:51:40.905843+00:00 OUT sakila	actor	utf8mb4_0900_ai_ci
2026-02-11T16:51:40.905922+00:00 OUT sakila	address	utf8mb4_0900_ai_ci
2026-02-11T16:51:40.905966+00:00 OUT sakila	category	utf8mb4_0900_ai_ci
2026-02-11T16:51:40.906003+00:00 OUT sakila	city	utf8mb4_0900_ai_ci
2026-02-11T16:51:40.906040+00:00 OUT sakila	country	utf8mb4_0900_ai_ci
2026-02-11T16:51:40.906080+00:00 OUT sakila	customer	utf8mb4_0900_ai_ci
2026-02-11T16:51:40.906121+00:00 OUT sakila	film	utf8mb4_0900_ai_ci
2026-02-11T16:51:40.906154+00:00 OUT sakila	film_actor	utf8mb4_0900_ai_ci
2026-02-11T16:51:40.906184+00:00 OUT sakila	film_category	utf8mb4_0900_ai_ci
2026-02-11T16:51:40.906220+00:00 OUT sakila	film_text	utf8mb4_0900_ai_ci
2026-02-11T16:51:40.906271+00:00 OUT sakila	inventory	utf8mb4_0900_ai_ci
2026-02-11T16:51:40.906305+00:00 OUT sakila	language	utf8mb4_0900_ai_ci
2026-02-11T16:51:40.906344+00:00 OUT sakila	payment	utf8mb4_0900_ai_ci
2026-02-11T16:51:40.906373+00:00 OUT sakila	rental	utf8mb4_0900_ai_ci
2026-02-11T16:51:40.906403+00:00 OUT sakila	staff	utf8mb4_0900_ai_ci
2026-02-11T16:51:40.906440+00:00 OUT sakila	store	utf8mb4_0900_ai_ci
2026-02-11T16:51:40.906473+00:00 OUT testdb	orders_json	utf8mb4_0900_ai_ci
2026-02-11T16:51:40.906510+00:00 OUT world	city	utf8mb4_0900_ai_ci
2026-02-11T16:51:40.906543+00:00 OUT world	country	utf8mb4_0900_ai_ci
2026-02-11T16:51:40.906580+00:00 OUT world	countrylanguage	utf8mb4_0900_ai_ci
2026-02-11T16:51:40.909768+00:00 OUT 
2026-02-11T16:51:40.913060+00:00 OUT ---- mysql8_column_collations ----
2026-02-11T16:51:40.936076+00:00 OUT sakila	actor	first_name	utf8mb4_0900_ai_ci
2026-02-11T16:51:40.936151+00:00 OUT sakila	actor	last_name	utf8mb4_0900_ai_ci
2026-02-11T16:51:40.936195+00:00 OUT sakila	actor_info	film_info	utf8mb4_0900_ai_ci
2026-02-11T16:51:40.936227+00:00 OUT sakila	actor_info	first_name	utf8mb4_0900_ai_ci
2026-02-11T16:51:40.936260+00:00 OUT sakila	actor_info	last_name	utf8mb4_0900_ai_ci
2026-02-11T16:51:40.936296+00:00 OUT sakila	address	address	utf8mb4_0900_ai_ci
2026-02-11T16:51:40.936333+00:00 OUT sakila	address	address2	utf8mb4_0900_ai_ci
2026-02-11T16:51:40.936364+00:00 OUT sakila	address	district	utf8mb4_0900_ai_ci
2026-02-11T16:51:40.936394+00:00 OUT sakila	address	phone	utf8mb4_0900_ai_ci
2026-02-11T16:51:40.936432+00:00 OUT sakila	address	postal_code	utf8mb4_0900_ai_ci
2026-02-11T16:51:40.936465+00:00 OUT sakila	category	name	utf8mb4_0900_ai_ci
2026-02-11T16:51:40.936492+00:00 OUT sakila	city	city	utf8mb4_0900_ai_ci
2026-02-11T16:51:40.936521+00:00 OUT sakila	country	country	utf8mb4_0900_ai_ci
2026-02-11T16:51:40.936554+00:00 OUT sakila	customer	email	utf8mb4_0900_ai_ci
2026-02-11T16:51:40.936585+00:00 OUT sakila	customer	first_name	utf8mb4_0900_ai_ci
2026-02-11T16:51:40.936613+00:00 OUT sakila	customer	last_name	utf8mb4_0900_ai_ci
2026-02-11T16:51:40.936642+00:00 OUT sakila	customer_list	address	utf8mb4_0900_ai_ci
2026-02-11T16:51:40.936668+00:00 OUT sakila	customer_list	city	utf8mb4_0900_ai_ci
2026-02-11T16:51:40.936699+00:00 OUT sakila	customer_list	country	utf8mb4_0900_ai_ci
2026-02-11T16:51:40.936730+00:00 OUT sakila	customer_list	name	utf8mb4_0900_ai_ci
2026-02-11T16:51:40.936756+00:00 OUT sakila	customer_list	notes	utf8mb4_0900_ai_ci
2026-02-11T16:51:40.936785+00:00 OUT sakila	customer_list	phone	utf8mb4_0900_ai_ci
2026-02-11T16:51:40.936815+00:00 OUT sakila	customer_list	zip code	utf8mb4_0900_ai_ci
2026-02-11T16:51:40.936842+00:00 OUT sakila	film	description	utf8mb4_0900_ai_ci
2026-02-11T16:51:40.936866+00:00 OUT sakila	film	rating	utf8mb4_0900_ai_ci
2026-02-11T16:51:40.936890+00:00 OUT sakila	film	special_features	utf8mb4_0900_ai_ci
2026-02-11T16:51:40.936938+00:00 OUT sakila	film	title	utf8mb4_0900_ai_ci
2026-02-11T16:51:40.936971+00:00 OUT sakila	film_list	actors	utf8mb4_0900_ai_ci
2026-02-11T16:51:40.937001+00:00 OUT sakila	film_list	category	utf8mb4_0900_ai_ci
2026-02-11T16:51:40.937034+00:00 OUT sakila	film_list	description	utf8mb4_0900_ai_ci
2026-02-11T16:51:40.937063+00:00 OUT sakila	film_list	rating	utf8mb4_0900_ai_ci
2026-02-11T16:51:40.937096+00:00 OUT sakila	film_list	title	utf8mb4_0900_ai_ci
2026-02-11T16:51:40.937133+00:00 OUT sakila	film_text	description	utf8mb4_0900_ai_ci
2026-02-11T16:51:40.937164+00:00 OUT sakila	film_text	title	utf8mb4_0900_ai_ci
2026-02-11T16:51:40.937194+00:00 OUT sakila	language	name	utf8mb4_0900_ai_ci
2026-02-11T16:51:40.937228+00:00 OUT sakila	nicer_but_slower_film_list	actors	utf8mb4_0900_ai_ci
2026-02-11T16:51:40.937259+00:00 OUT sakila	nicer_but_slower_film_list	category	utf8mb4_0900_ai_ci
2026-02-11T16:51:40.937289+00:00 OUT sakila	nicer_but_slower_film_list	description	utf8mb4_0900_ai_ci
2026-02-11T16:51:40.937318+00:00 OUT sakila	nicer_but_slower_film_list	rating	utf8mb4_0900_ai_ci
2026-02-11T16:51:40.937346+00:00 OUT sakila	nicer_but_slower_film_list	title	utf8mb4_0900_ai_ci
2026-02-11T16:51:40.937382+00:00 OUT sakila	sales_by_film_category	category	utf8mb4_0900_ai_ci
2026-02-11T16:51:40.937413+00:00 OUT sakila	sales_by_store	manager	utf8mb4_0900_ai_ci
2026-02-11T16:51:40.937440+00:00 OUT sakila	sales_by_store	store	utf8mb4_0900_ai_ci
2026-02-11T16:51:40.937470+00:00 OUT sakila	staff	email	utf8mb4_0900_ai_ci
2026-02-11T16:51:40.937508+00:00 OUT sakila	staff	first_name	utf8mb4_0900_ai_ci
2026-02-11T16:51:40.937543+00:00 OUT sakila	staff	last_name	utf8mb4_0900_ai_ci
2026-02-11T16:51:40.937572+00:00 OUT sakila	staff	username	utf8mb4_0900_ai_ci
2026-02-11T16:51:40.937600+00:00 OUT sakila	staff_list	address	utf8mb4_0900_ai_ci
2026-02-11T16:51:40.937638+00:00 OUT sakila	staff_list	city	utf8mb4_0900_ai_ci
2026-02-11T16:51:40.937664+00:00 OUT sakila	staff_list	country	utf8mb4_0900_ai_ci
2026-02-11T16:51:40.939735+00:00 OUT ... (truncated; full output in /Users/balajin/Documents/GitHub/Mysql-to-MariaDB-Migration/artifacts/precheck/mysql8_column_collations.tsv)
2026-02-11T16:51:40.941306+00:00 OUT 
2026-02-11T16:51:40.944428+00:00 OUT ---- sql_mode ----
2026-02-11T16:51:40.962967+00:00 OUT ONLY_FULL_GROUP_BY,STRICT_TRANS_TABLES,NO_ZERO_IN_DATE,NO_ZERO_DATE,ERROR_FOR_DIVISION_BY_ZERO,NO_ENGINE_SUBSTITUTION
2026-02-11T16:51:40.966547+00:00 OUT 
2026-02-11T16:51:40.969602+00:00 OUT ---- definers_inventory ----
2026-02-11T16:51:41.005294+00:00 OUT ROUTINE	root@localhost	6
2026-02-11T16:51:41.005381+00:00 OUT TRIGGER	root@localhost	6
2026-02-11T16:51:41.005426+00:00 OUT VIEW	root@localhost	7
2026-02-11T16:51:41.008993+00:00 OUT 
2026-02-11T16:51:41.012256+00:00 OUT ---- partitioned_tables ----
2026-02-11T16:51:41.034563+00:00 OUT (no rows)
2026-02-11T16:51:41.036240+00:00 OUT 
2026-02-11T16:51:41.039461+00:00 OUT ---- active_plugins ----
2026-02-11T16:51:41.061484+00:00 OUT ARCHIVE	ACTIVE
2026-02-11T16:51:41.061559+00:00 OUT binlog	ACTIVE
2026-02-11T16:51:41.061609+00:00 OUT BLACKHOLE	ACTIVE
2026-02-11T16:51:41.061647+00:00 OUT caching_sha2_password	ACTIVE
2026-02-11T16:51:41.061682+00:00 OUT CSV	ACTIVE
2026-02-11T16:51:41.061720+00:00 OUT daemon_keyring_proxy_plugin	ACTIVE
2026-02-11T16:51:41.061761+00:00 OUT InnoDB	ACTIVE
2026-02-11T16:51:41.061794+00:00 OUT INNODB_BUFFER_PAGE	ACTIVE
2026-02-11T16:51:41.061826+00:00 OUT INNODB_BUFFER_PAGE_LRU	ACTIVE
2026-02-11T16:51:41.061867+00:00 OUT INNODB_BUFFER_POOL_STATS	ACTIVE
2026-02-11T16:51:41.061898+00:00 OUT INNODB_CACHED_INDEXES	ACTIVE
2026-02-11T16:51:41.061928+00:00 OUT INNODB_CMP	ACTIVE
2026-02-11T16:51:41.061958+00:00 OUT INNODB_CMPMEM	ACTIVE
2026-02-11T16:51:41.061991+00:00 OUT INNODB_CMPMEM_RESET	ACTIVE
2026-02-11T16:51:41.062022+00:00 OUT INNODB_CMP_PER_INDEX	ACTIVE
2026-02-11T16:51:41.062050+00:00 OUT INNODB_CMP_PER_INDEX_RESET	ACTIVE
2026-02-11T16:51:41.062079+00:00 OUT INNODB_CMP_RESET	ACTIVE
2026-02-11T16:51:41.062110+00:00 OUT INNODB_COLUMNS	ACTIVE
2026-02-11T16:51:41.062162+00:00 OUT INNODB_FT_BEING_DELETED	ACTIVE
2026-02-11T16:51:41.062197+00:00 OUT INNODB_FT_CONFIG	ACTIVE
2026-02-11T16:51:41.062232+00:00 OUT INNODB_FT_DEFAULT_STOPWORD	ACTIVE
2026-02-11T16:51:41.062271+00:00 OUT INNODB_FT_DELETED	ACTIVE
2026-02-11T16:51:41.062303+00:00 OUT INNODB_FT_INDEX_CACHE	ACTIVE
2026-02-11T16:51:41.062339+00:00 OUT INNODB_FT_INDEX_TABLE	ACTIVE
2026-02-11T16:51:41.062382+00:00 OUT INNODB_INDEXES	ACTIVE
2026-02-11T16:51:41.062413+00:00 OUT INNODB_METRICS	ACTIVE
2026-02-11T16:51:41.062453+00:00 OUT INNODB_SESSION_TEMP_TABLESPACES	ACTIVE
2026-02-11T16:51:41.062500+00:00 OUT INNODB_TABLES	ACTIVE
2026-02-11T16:51:41.062532+00:00 OUT INNODB_TABLESPACES	ACTIVE
2026-02-11T16:51:41.062565+00:00 OUT INNODB_TABLESTATS	ACTIVE
2026-02-11T16:51:41.062603+00:00 OUT INNODB_TEMP_TABLE_INFO	ACTIVE
2026-02-11T16:51:41.062638+00:00 OUT INNODB_TRX	ACTIVE
2026-02-11T16:51:41.062672+00:00 OUT INNODB_VIRTUAL	ACTIVE
2026-02-11T16:51:41.062712+00:00 OUT MEMORY	ACTIVE
2026-02-11T16:51:41.062749+00:00 OUT MRG_MYISAM	ACTIVE
2026-02-11T16:51:41.062782+00:00 OUT MyISAM	ACTIVE
2026-02-11T16:51:41.062821+00:00 OUT mysqlx	ACTIVE
2026-02-11T16:51:41.062857+00:00 OUT mysqlx_cache_cleaner	ACTIVE
2026-02-11T16:51:41.062895+00:00 OUT ngram	ACTIVE
2026-02-11T16:51:41.062932+00:00 OUT PERFORMANCE_SCHEMA	ACTIVE
2026-02-11T16:51:41.062976+00:00 OUT sha256_password	ACTIVE
2026-02-11T16:51:41.063010+00:00 OUT sha2_cache_cleaner	ACTIVE
2026-02-11T16:51:41.063051+00:00 OUT TempTable	ACTIVE
2026-02-11T16:51:41.065524+00:00 OUT 
2026-02-11T16:51:41.068477+00:00 OUT ---- functional_indexes ----
2026-02-11T16:51:41.091927+00:00 OUT (no rows)
2026-02-11T16:51:41.093405+00:00 OUT 
2026-02-11T16:51:41.096378+00:00 OUT ---- invisible_columns ----
2026-02-11T16:51:41.116668+00:00 OUT (no rows)
2026-02-11T16:51:41.118189+00:00 OUT 
2026-02-11T16:51:41.121118+00:00 OUT ---- check_constraints ----
2026-02-11T16:51:41.144285+00:00 OUT (no rows)
2026-02-11T16:51:41.145868+00:00 OUT 
2026-02-11T16:51:41.149446+00:00 OUT Precheck complete.
2026-02-11T16:51:41.151242+00:00 OUT TSV outputs: /Users/balajin/Documents/GitHub/Mysql-to-MariaDB-Migration/artifacts/precheck/*.tsv
2026-02-11T16:51:41.152139+00:00 RUN  one_step_dump_restore (One-step dump/restore (mariadb-dump | mariadb)) -> scripts/10_one_step_migration.sh
2026-02-11T16:51:41.152452+00:00 CMD /Users/balajin/Documents/GitHub/Mysql-to-MariaDB-Migration/scripts/10_one_step_migration.sh
2026-02-11T16:51:41.157711+00:00 OUT ==> One-step migration (mariadb-dump | mariadb)
2026-02-11T16:51:41.157833+00:00 OUT mariadb-dump not found; using mysqldump.
2026-02-11T16:51:41.157886+00:00 OUT Source: 192.168.68.107:3306  DBs: testdb,world,sakila
2026-02-11T16:51:41.157923+00:00 OUT Target: 192.168.64.4:3306
2026-02-11T16:51:41.157966+00:00 OUT pv not found; running without progress meter.
2026-02-11T16:51:41.407692+00:00 OUT WARNING: option --ssl-verify-server-cert is disabled, because of an insecure passwordless login.
2026-02-11T16:51:42.854619+00:00 OUT One-step migration completed.
2026-02-11T16:51:42.857091+00:00 RUN  validate (Validate after upgrade) -> scripts/07_validate.sh
2026-02-11T16:51:42.857583+00:00 CMD /Users/balajin/Documents/GitHub/Mysql-to-MariaDB-Migration/scripts/07_validate.sh
2026-02-11T16:51:42.869015+00:00 OUT MariaDB version (TCP validation):
2026-02-11T16:51:43.050253+00:00 OUT WARNING: option --ssl-verify-server-cert is disabled, because of an insecure passwordless login.
2026-02-11T16:51:43.059096+00:00 OUT 11.8.5-2-MariaDB-enterprise
2026-02-11T16:51:43.060340+00:00 OUT 
2026-02-11T16:51:43.060632+00:00 OUT User authentication plugins:
2026-02-11T16:51:43.296079+00:00 OUT WARNING: option --ssl-verify-server-cert is disabled, because of an insecure passwordless login.
2026-02-11T16:51:43.307075+00:00 OUT mariadb.sys	localhost	mysql_native_password
2026-02-11T16:51:43.307610+00:00 OUT migrate	%	mysql_native_password
2026-02-11T16:51:43.307787+00:00 OUT mysql	localhost	mysql_native_password
2026-02-11T16:51:43.307898+00:00 OUT packer	%	mysql_native_password
2026-02-11T16:51:43.308070+00:00 OUT root	localhost	mysql_native_password
2026-02-11T16:51:43.308668+00:00 OUT 
2026-02-11T16:51:43.308945+00:00 OUT Storage engines:
2026-02-11T16:51:43.535787+00:00 OUT WARNING: option --ssl-verify-server-cert is disabled, because of an insecure passwordless login.
2026-02-11T16:51:43.545698+00:00 OUT SPIDER	YES	Spider storage engine	YES	YES	NO
2026-02-11T16:51:43.546033+00:00 OUT CSV	YES	Stores tables as CSV files	NO	NO	NO
2026-02-11T16:51:43.546261+00:00 OUT MRG_MyISAM	YES	Collection of identical MyISAM tables	NO	NO	NO
2026-02-11T16:51:43.546445+00:00 OUT Aria	YES	Crash-safe tables with MyISAM heritage. Used for internal temporary tables and privilege tables	NO	NO	NO
2026-02-11T16:51:43.546684+00:00 OUT MyISAM	YES	Non-transactional engine with good performance and small data footprint	NO	NO	NO
2026-02-11T16:51:43.546820+00:00 OUT MEMORY	YES	Hash based, stored in memory, useful for temporary tables	NO	NO	NO
2026-02-11T16:51:43.546943+00:00 OUT InnoDB	DEFAULT	Supports transactions, row-level locking, foreign keys and encryption for tables	YES	YES	YES
2026-02-11T16:51:43.547008+00:00 OUT SEQUENCE	YES	Generated tables filled with sequential values	YES	NO	YES
2026-02-11T16:51:43.547077+00:00 OUT PERFORMANCE_SCHEMA	YES	Performance Schema	NO	NO	NO
2026-02-11T16:51:43.547132+00:00 OUT ROCKSDB	YES	RocksDB storage engine	YES	YES	YES
2026-02-11T16:51:43.547423+00:00 OUT 
2026-02-11T16:51:43.547572+00:00 OUT Validation complete (socket-first).
2026-02-11T16:51:43.549381+00:00 FINISH success=True message=Run completed successfully.
