2026-02-25T07:34:31.590315+00:00 START mode=run config=config/migration.yaml
2026-02-25T07:34:31.813895+00:00 RUN  preflight_binlog (Preflight checks (binlog)) -> scripts/00_preflight_binlog.sh
2026-02-25T07:34:31.832364+00:00 CMD /mnt/macshare/scripts/00_preflight_binlog.sh
2026-02-25T07:34:31.932243+00:00 OUT ==> Preflight checks (binlog)
2026-02-25T07:34:31.945043+00:00 OUT Checking source admin connectivity...
2026-02-25T07:34:32.839153+00:00 OUT Checking target admin connectivity...
2026-02-25T07:34:33.703051+00:00 OUT Checking source binary logging...
2026-02-25T07:34:34.567127+00:00 OUT Checking source master status visibility...
2026-02-25T07:34:34.862723+00:00 OUT Checking source database(s) exist...
2026-02-25T07:34:35.411030+00:00 OUT Preflight complete.
2026-02-25T07:34:35.447001+00:00 RUN  precheck (Precheck source variables and blockers) -> scripts/00_precheck.sh
2026-02-25T07:34:35.459866+00:00 CMD /mnt/macshare/scripts/00_precheck.sh
2026-02-25T07:34:35.574793+00:00 OUT == Precheck runner ==
2026-02-25T07:34:35.598849+00:00 OUT Host: 192.168.64.7  Port: 3306  User: admin
2026-02-25T07:34:35.623426+00:00 OUT Checks dir: /mnt/macshare/sql/checks
2026-02-25T07:34:35.649862+00:00 OUT Outdir: /mnt/macshare/artifacts/precheck
2026-02-25T07:34:35.674998+00:00 OUT 
2026-02-25T07:34:35.703552+00:00 OUT NOTE: mariadb-migrate-config-file not found; skipping config check.
2026-02-25T07:34:35.748687+00:00 OUT ---- mysql_version ----
2026-02-25T07:34:36.055170+00:00 OUT 8.0.45-0ubuntu0.24.04.1
2026-02-25T07:34:36.095034+00:00 OUT 
2026-02-25T07:34:36.135894+00:00 OUT ---- innodb_settings ----
2026-02-25T07:34:36.444616+00:00 OUT 1	1
2026-02-25T07:34:36.491700+00:00 OUT 
2026-02-25T07:34:36.532318+00:00 OUT ---- auth_plugins ----
2026-02-25T07:34:36.839336+00:00 OUT admin	%	caching_sha2_password
2026-02-25T07:34:36.848935+00:00 OUT admin	192.168.64.11	caching_sha2_password
2026-02-25T07:34:36.854331+00:00 OUT admin	192.168.64.3	caching_sha2_password
2026-02-25T07:34:36.861345+00:00 OUT admin	192.168.64.7	caching_sha2_password
2026-02-25T07:34:36.866168+00:00 OUT admin	localhost	caching_sha2_password
2026-02-25T07:34:36.873602+00:00 OUT debian-sys-maint	localhost	caching_sha2_password
2026-02-25T07:34:36.885427+00:00 OUT migrate	%	caching_sha2_password
2026-02-25T07:34:36.900062+00:00 OUT 
2026-02-25T07:34:36.938089+00:00 OUT ---- json_columns ----
2026-02-25T07:34:37.245635+00:00 OUT testdb	orders_json	data_json	json
2026-02-25T07:34:37.288620+00:00 OUT 
2026-02-25T07:34:37.326975+00:00 OUT ---- compression_encryption ----
2026-02-25T07:34:37.618079+00:00 OUT (no rows)
2026-02-25T07:34:37.641934+00:00 OUT 
2026-02-25T07:34:37.682706+00:00 OUT ---- engines_summary ----
2026-02-25T07:34:37.999392+00:00 OUT PERFORMANCE_SCHEMA	111
2026-02-25T07:34:38.013153+00:00 OUT InnoDB	56
2026-02-25T07:34:38.017116+00:00 OUT CSV	2
2026-02-25T07:34:38.051520+00:00 OUT 
2026-02-25T07:34:38.096893+00:00 OUT ---- schema_sizes ----
2026-02-25T07:34:38.399476+00:00 OUT testdb	38.56
2026-02-25T07:34:38.406080+00:00 OUT sakila	6.45
2026-02-25T07:34:38.413601+00:00 OUT mysql	2.70
2026-02-25T07:34:38.419682+00:00 OUT world	0.77
2026-02-25T07:34:38.425130+00:00 OUT sys	0.02
2026-02-25T07:34:38.434375+00:00 OUT information_schema	0.00
2026-02-25T07:34:38.445486+00:00 OUT performance_schema	0.00
2026-02-25T07:34:38.459944+00:00 OUT 
2026-02-25T07:34:38.505196+00:00 OUT ---- schema_charsets ----
2026-02-25T07:34:38.810241+00:00 OUT sakila	utf8mb4	utf8mb4_0900_ai_ci
2026-02-25T07:34:38.831682+00:00 OUT testdb	utf8mb4	utf8mb4_0900_ai_ci
2026-02-25T07:34:38.846682+00:00 OUT world	utf8mb4	utf8mb4_0900_ai_ci
2026-02-25T07:34:38.864428+00:00 OUT 
2026-02-25T07:34:38.911057+00:00 OUT ---- mysql8_collations ----
2026-02-25T07:34:39.212743+00:00 OUT sakila	actor	utf8mb4_0900_ai_ci
2026-02-25T07:34:39.221847+00:00 OUT sakila	address	utf8mb4_0900_ai_ci
2026-02-25T07:34:39.229221+00:00 OUT sakila	category	utf8mb4_0900_ai_ci
2026-02-25T07:34:39.235457+00:00 OUT sakila	city	utf8mb4_0900_ai_ci
2026-02-25T07:34:39.243559+00:00 OUT sakila	country	utf8mb4_0900_ai_ci
2026-02-25T07:34:39.252444+00:00 OUT sakila	customer	utf8mb4_0900_ai_ci
2026-02-25T07:34:39.259453+00:00 OUT sakila	film	utf8mb4_0900_ai_ci
2026-02-25T07:34:39.267519+00:00 OUT sakila	film_actor	utf8mb4_0900_ai_ci
2026-02-25T07:34:39.271560+00:00 OUT sakila	film_category	utf8mb4_0900_ai_ci
2026-02-25T07:34:39.276308+00:00 OUT sakila	film_text	utf8mb4_0900_ai_ci
2026-02-25T07:34:39.285357+00:00 OUT sakila	inventory	utf8mb4_0900_ai_ci
2026-02-25T07:34:39.290109+00:00 OUT sakila	language	utf8mb4_0900_ai_ci
2026-02-25T07:34:39.296240+00:00 OUT sakila	payment	utf8mb4_0900_ai_ci
2026-02-25T07:34:39.301969+00:00 OUT sakila	rental	utf8mb4_0900_ai_ci
2026-02-25T07:34:39.310327+00:00 OUT sakila	staff	utf8mb4_0900_ai_ci
2026-02-25T07:34:39.321990+00:00 OUT sakila	store	utf8mb4_0900_ai_ci
2026-02-25T07:34:39.325999+00:00 OUT testdb	orders_json	utf8mb4_0900_ai_ci
2026-02-25T07:34:39.335814+00:00 OUT world	city	utf8mb4_0900_ai_ci
2026-02-25T07:34:39.339055+00:00 OUT world	country	utf8mb4_0900_ai_ci
2026-02-25T07:34:39.348212+00:00 OUT world	countrylanguage	utf8mb4_0900_ai_ci
2026-02-25T07:34:39.351291+00:00 OUT 
2026-02-25T07:34:39.355495+00:00 OUT ---- mysql8_column_collations ----
2026-02-25T07:34:39.644363+00:00 OUT sakila	actor	first_name	utf8mb4_0900_ai_ci
2026-02-25T07:34:39.650857+00:00 OUT sakila	actor	last_name	utf8mb4_0900_ai_ci
2026-02-25T07:34:39.659867+00:00 OUT sakila	actor_info	film_info	utf8mb4_0900_ai_ci
2026-02-25T07:34:39.664116+00:00 OUT sakila	actor_info	first_name	utf8mb4_0900_ai_ci
2026-02-25T07:34:39.669640+00:00 OUT sakila	actor_info	last_name	utf8mb4_0900_ai_ci
2026-02-25T07:34:39.677385+00:00 OUT sakila	address	address	utf8mb4_0900_ai_ci
2026-02-25T07:34:39.684617+00:00 OUT sakila	address	address2	utf8mb4_0900_ai_ci
2026-02-25T07:34:39.692029+00:00 OUT sakila	address	district	utf8mb4_0900_ai_ci
2026-02-25T07:34:39.697771+00:00 OUT sakila	address	phone	utf8mb4_0900_ai_ci
2026-02-25T07:34:39.704387+00:00 OUT sakila	address	postal_code	utf8mb4_0900_ai_ci
2026-02-25T07:34:39.710164+00:00 OUT sakila	category	name	utf8mb4_0900_ai_ci
2026-02-25T07:34:39.717909+00:00 OUT sakila	city	city	utf8mb4_0900_ai_ci
2026-02-25T07:34:39.726001+00:00 OUT sakila	country	country	utf8mb4_0900_ai_ci
2026-02-25T07:34:39.739656+00:00 OUT sakila	customer	email	utf8mb4_0900_ai_ci
2026-02-25T07:34:39.745906+00:00 OUT sakila	customer	first_name	utf8mb4_0900_ai_ci
2026-02-25T07:34:39.753575+00:00 OUT sakila	customer	last_name	utf8mb4_0900_ai_ci
2026-02-25T07:34:39.759483+00:00 OUT sakila	customer_list	address	utf8mb4_0900_ai_ci
2026-02-25T07:34:39.764830+00:00 OUT sakila	customer_list	city	utf8mb4_0900_ai_ci
2026-02-25T07:34:39.770267+00:00 OUT sakila	customer_list	country	utf8mb4_0900_ai_ci
2026-02-25T07:34:39.780433+00:00 OUT sakila	customer_list	name	utf8mb4_0900_ai_ci
2026-02-25T07:34:39.785349+00:00 OUT sakila	customer_list	notes	utf8mb4_0900_ai_ci
2026-02-25T07:34:39.790717+00:00 OUT sakila	customer_list	phone	utf8mb4_0900_ai_ci
2026-02-25T07:34:39.796107+00:00 OUT sakila	customer_list	zip code	utf8mb4_0900_ai_ci
2026-02-25T07:34:39.801395+00:00 OUT sakila	film	description	utf8mb4_0900_ai_ci
2026-02-25T07:34:39.808311+00:00 OUT sakila	film	rating	utf8mb4_0900_ai_ci
2026-02-25T07:34:39.818078+00:00 OUT sakila	film	special_features	utf8mb4_0900_ai_ci
2026-02-25T07:34:39.823858+00:00 OUT sakila	film	title	utf8mb4_0900_ai_ci
2026-02-25T07:34:39.830116+00:00 OUT sakila	film_list	actors	utf8mb4_0900_ai_ci
2026-02-25T07:34:39.835604+00:00 OUT sakila	film_list	category	utf8mb4_0900_ai_ci
2026-02-25T07:34:39.853957+00:00 OUT sakila	film_list	description	utf8mb4_0900_ai_ci
2026-02-25T07:34:39.860438+00:00 OUT sakila	film_list	rating	utf8mb4_0900_ai_ci
2026-02-25T07:34:39.867064+00:00 OUT sakila	film_list	title	utf8mb4_0900_ai_ci
2026-02-25T07:34:39.872165+00:00 OUT sakila	film_text	description	utf8mb4_0900_ai_ci
2026-02-25T07:34:39.877699+00:00 OUT sakila	film_text	title	utf8mb4_0900_ai_ci
2026-02-25T07:34:39.884497+00:00 OUT sakila	language	name	utf8mb4_0900_ai_ci
2026-02-25T07:34:39.890156+00:00 OUT sakila	nicer_but_slower_film_list	actors	utf8mb4_0900_ai_ci
2026-02-25T07:34:39.896823+00:00 OUT sakila	nicer_but_slower_film_list	category	utf8mb4_0900_ai_ci
2026-02-25T07:34:39.903800+00:00 OUT sakila	nicer_but_slower_film_list	description	utf8mb4_0900_ai_ci
2026-02-25T07:34:39.909191+00:00 OUT sakila	nicer_but_slower_film_list	rating	utf8mb4_0900_ai_ci
2026-02-25T07:34:39.913894+00:00 OUT sakila	nicer_but_slower_film_list	title	utf8mb4_0900_ai_ci
2026-02-25T07:34:39.920151+00:00 OUT sakila	sales_by_film_category	category	utf8mb4_0900_ai_ci
2026-02-25T07:34:39.926865+00:00 OUT sakila	sales_by_store	manager	utf8mb4_0900_ai_ci
2026-02-25T07:34:39.936714+00:00 OUT sakila	sales_by_store	store	utf8mb4_0900_ai_ci
2026-02-25T07:34:39.948245+00:00 OUT sakila	staff	email	utf8mb4_0900_ai_ci
2026-02-25T07:34:39.954124+00:00 OUT sakila	staff	first_name	utf8mb4_0900_ai_ci
2026-02-25T07:34:39.961056+00:00 OUT sakila	staff	last_name	utf8mb4_0900_ai_ci
2026-02-25T07:34:39.966858+00:00 OUT sakila	staff	username	utf8mb4_0900_ai_ci
2026-02-25T07:34:39.974521+00:00 OUT sakila	staff_list	address	utf8mb4_0900_ai_ci
2026-02-25T07:34:39.982021+00:00 OUT sakila	staff_list	city	utf8mb4_0900_ai_ci
2026-02-25T07:34:39.986527+00:00 OUT sakila	staff_list	country	utf8mb4_0900_ai_ci
2026-02-25T07:34:39.994078+00:00 OUT ... (truncated; full output in /mnt/macshare/artifacts/precheck/mysql8_column_collations.tsv)
2026-02-25T07:34:40.001939+00:00 OUT 
2026-02-25T07:34:40.006832+00:00 OUT ---- sql_mode ----
2026-02-25T07:34:40.214576+00:00 OUT ONLY_FULL_GROUP_BY,STRICT_TRANS_TABLES,NO_ZERO_IN_DATE,NO_ZERO_DATE,ERROR_FOR_DIVISION_BY_ZERO,NO_ENGINE_SUBSTITUTION
2026-02-25T07:34:40.266036+00:00 OUT 
2026-02-25T07:34:40.304617+00:00 OUT ---- definers_inventory ----
2026-02-25T07:34:40.609022+00:00 OUT TRIGGER	root@localhost	6
2026-02-25T07:34:40.617042+00:00 OUT VIEW	root@localhost	7
2026-02-25T07:34:40.653186+00:00 OUT 
2026-02-25T07:34:40.693916+00:00 OUT ---- partitioned_tables ----
2026-02-25T07:34:40.984828+00:00 OUT (no rows)
2026-02-25T07:34:41.007919+00:00 OUT 
2026-02-25T07:34:41.044183+00:00 OUT ---- active_plugins ----
2026-02-25T07:34:41.344681+00:00 OUT ARCHIVE	ACTIVE
2026-02-25T07:34:41.349680+00:00 OUT auth_socket	ACTIVE
2026-02-25T07:34:41.361106+00:00 OUT binlog	ACTIVE
2026-02-25T07:34:41.364721+00:00 OUT BLACKHOLE	ACTIVE
2026-02-25T07:34:41.370781+00:00 OUT caching_sha2_password	ACTIVE
2026-02-25T07:34:41.378810+00:00 OUT CSV	ACTIVE
2026-02-25T07:34:41.389060+00:00 OUT daemon_keyring_proxy_plugin	ACTIVE
2026-02-25T07:34:41.403080+00:00 OUT InnoDB	ACTIVE
2026-02-25T07:34:41.407633+00:00 OUT INNODB_BUFFER_PAGE	ACTIVE
2026-02-25T07:34:41.414366+00:00 OUT INNODB_BUFFER_PAGE_LRU	ACTIVE
2026-02-25T07:34:41.422738+00:00 OUT INNODB_BUFFER_POOL_STATS	ACTIVE
2026-02-25T07:34:41.431379+00:00 OUT INNODB_CACHED_INDEXES	ACTIVE
2026-02-25T07:34:41.435449+00:00 OUT INNODB_CMP	ACTIVE
2026-02-25T07:34:41.442135+00:00 OUT INNODB_CMPMEM	ACTIVE
2026-02-25T07:34:41.450711+00:00 OUT INNODB_CMPMEM_RESET	ACTIVE
2026-02-25T07:34:41.459476+00:00 OUT INNODB_CMP_PER_INDEX	ACTIVE
2026-02-25T07:34:41.461666+00:00 OUT INNODB_CMP_PER_INDEX_RESET	ACTIVE
2026-02-25T07:34:41.466880+00:00 OUT INNODB_CMP_RESET	ACTIVE
2026-02-25T07:34:41.475314+00:00 OUT INNODB_COLUMNS	ACTIVE
2026-02-25T07:34:41.479714+00:00 OUT INNODB_FT_BEING_DELETED	ACTIVE
2026-02-25T07:34:41.486972+00:00 OUT INNODB_FT_CONFIG	ACTIVE
2026-02-25T07:34:41.492171+00:00 OUT INNODB_FT_DEFAULT_STOPWORD	ACTIVE
2026-02-25T07:34:41.497553+00:00 OUT INNODB_FT_DELETED	ACTIVE
2026-02-25T07:34:41.506707+00:00 OUT INNODB_FT_INDEX_CACHE	ACTIVE
2026-02-25T07:34:41.510332+00:00 OUT INNODB_FT_INDEX_TABLE	ACTIVE
2026-02-25T07:34:41.517881+00:00 OUT INNODB_INDEXES	ACTIVE
2026-02-25T07:34:41.523772+00:00 OUT INNODB_METRICS	ACTIVE
2026-02-25T07:34:41.529520+00:00 OUT INNODB_SESSION_TEMP_TABLESPACES	ACTIVE
2026-02-25T07:34:41.535123+00:00 OUT INNODB_TABLES	ACTIVE
2026-02-25T07:34:41.540619+00:00 OUT INNODB_TABLESPACES	ACTIVE
2026-02-25T07:34:41.547882+00:00 OUT INNODB_TABLESTATS	ACTIVE
2026-02-25T07:34:41.553333+00:00 OUT INNODB_TEMP_TABLE_INFO	ACTIVE
2026-02-25T07:34:41.559557+00:00 OUT INNODB_TRX	ACTIVE
2026-02-25T07:34:41.569080+00:00 OUT INNODB_VIRTUAL	ACTIVE
2026-02-25T07:34:41.572942+00:00 OUT MEMORY	ACTIVE
2026-02-25T07:34:41.579352+00:00 OUT MRG_MYISAM	ACTIVE
2026-02-25T07:34:41.586507+00:00 OUT MyISAM	ACTIVE
2026-02-25T07:34:41.593031+00:00 OUT mysqlx	ACTIVE
2026-02-25T07:34:41.600073+00:00 OUT mysqlx_cache_cleaner	ACTIVE
2026-02-25T07:34:41.613894+00:00 OUT mysql_native_password	ACTIVE
2026-02-25T07:34:41.622343+00:00 OUT ngram	ACTIVE
2026-02-25T07:34:41.627520+00:00 OUT PERFORMANCE_SCHEMA	ACTIVE
2026-02-25T07:34:41.633047+00:00 OUT sha256_password	ACTIVE
2026-02-25T07:34:41.641630+00:00 OUT sha2_cache_cleaner	ACTIVE
2026-02-25T07:34:41.648426+00:00 OUT TempTable	ACTIVE
2026-02-25T07:34:41.655948+00:00 OUT 
2026-02-25T07:34:41.660795+00:00 OUT ---- functional_indexes ----
2026-02-25T07:34:41.845095+00:00 OUT (no rows)
2026-02-25T07:34:41.869173+00:00 OUT 
2026-02-25T07:34:41.907910+00:00 OUT ---- functional_defaults ----
2026-02-25T07:34:42.204871+00:00 OUT (no rows)
2026-02-25T07:34:42.229897+00:00 OUT 
2026-02-25T07:34:42.271313+00:00 OUT ---- invisible_columns ----
2026-02-25T07:34:42.566239+00:00 OUT (no rows)
2026-02-25T07:34:42.590895+00:00 OUT 
2026-02-25T07:34:42.630011+00:00 OUT ---- check_constraints ----
2026-02-25T07:34:42.920347+00:00 OUT (no rows)
2026-02-25T07:34:42.947244+00:00 OUT 
2026-02-25T07:34:42.983121+00:00 OUT ---- partial_revokes ----
2026-02-25T07:34:43.276603+00:00 OUT (no rows)
2026-02-25T07:34:43.301128+00:00 OUT 
2026-02-25T07:34:43.337538+00:00 OUT ---- gis_srid_usage ----
2026-02-25T07:34:43.636294+00:00 OUT sakila	address	location	0
2026-02-25T07:34:43.675605+00:00 OUT 
2026-02-25T07:34:43.716246+00:00 OUT ---- resource_groups ----
2026-02-25T07:34:44.021071+00:00 OUT USR_default	USER	1	0-9	0
2026-02-25T07:34:44.028485+00:00 OUT SYS_default	SYSTEM	1	0-9	0
2026-02-25T07:34:44.064272+00:00 OUT 
2026-02-25T07:34:44.103116+00:00 OUT ---- xplugin_status ----
2026-02-25T07:34:44.408040+00:00 OUT mysqlx	ACTIVE
2026-02-25T07:34:44.449330+00:00 OUT 
2026-02-25T07:34:44.489900+00:00 OUT ---- fk_name_lengths ----
2026-02-25T07:34:44.802713+00:00 OUT (no rows)
2026-02-25T07:34:44.825673+00:00 OUT 
2026-02-25T07:34:44.864999+00:00 OUT ---- trigger_order ----
2026-02-25T07:34:45.161270+00:00 OUT (no rows)
2026-02-25T07:34:45.184569+00:00 OUT 
2026-02-25T07:34:45.246337+00:00 OUT Precheck complete.
2026-02-25T07:34:45.268167+00:00 OUT TSV outputs: /mnt/macshare/artifacts/precheck/*.tsv
2026-02-25T07:34:45.294525+00:00 RUN  binlog_seed_dump_restore (Seed target with dump/restore snapshot) -> scripts/14_binlog_seed.sh
2026-02-25T07:34:45.300635+00:00 CMD /mnt/macshare/scripts/14_binlog_seed.sh
2026-02-25T07:34:45.330006+00:00 OUT ==> Binlog migration: seed target from source snapshot
2026-02-25T07:34:45.388302+00:00 OUT Preparing target database(s)...
2026-02-25T07:34:45.644785+00:00 OUT Creating source snapshot with binlog coordinates...
2026-02-25T07:34:46.969645+00:00 OUT Restoring snapshot to target...
2026-02-25T07:34:47.250501+00:00 OUT --------------
2026-02-25T07:34:47.255969+00:00 OUT DROP TABLE IF EXISTS `actor`
2026-02-25T07:34:47.263212+00:00 OUT --------------
2026-02-25T07:34:47.268455+00:00 OUT 
2026-02-25T07:34:47.272577+00:00 OUT ERROR 1815 (HY000) at line 39: Internal error: Cannot execute the statement. DBRM is read only!
2026-02-25T07:34:47.293855+00:00 FINISH success=False message=Run failed at step: binlog_seed_dump_restore
