2026-03-07T16:25:35.511377+00:00 START mode=run config=config/migration.yaml
2026-03-07T16:25:36.025973+00:00 RUN  preflight_replace_slave (Preflight checks (replace_slave)) -> scripts/20_preflight_replace_slave.sh
2026-03-07T16:25:36.048319+00:00 CMD /mnt/macshare/scripts/20_preflight_replace_slave.sh
2026-03-07T16:25:36.147857+00:00 OUT ==> Preflight checks (replace_slave)
2026-03-07T16:25:36.348589+00:00 OUT Checking source admin connectivity...
2026-03-07T16:25:37.663232+00:00 OUT Checking source master status visibility...
2026-03-07T16:25:38.871001+00:00 OUT Checking target SSH connectivity...
2026-03-07T16:25:41.146066+00:00 OUT Checking current MySQL slave status on target host...
2026-03-07T16:25:43.511725+00:00 OUT ERROR: Target does not appear to be a MySQL slave/replica (or status cannot be read).
2026-03-07T16:25:43.539321+00:00 OUT ERROR 1045 (28000): Access denied for user 'admin'@'192.168.64.11' (using password: YES)
2026-03-07T16:25:43.559180+00:00 OUT ERROR 1045 (28000): Access denied for user 'admin'@'192.168.64.11' (using password: YES)
2026-03-07T16:25:43.587087+00:00 OUT Verify target admin privileges (REPLICATION CLIENT) and current slave setup.
2026-03-07T16:25:43.632096+00:00 FINISH success=False message=Run failed at step: preflight_replace_slave
2026-03-07T16:27:47.361973+00:00 START mode=run config=config/migration.yaml
2026-03-07T16:27:47.732747+00:00 RUN  preflight_replace_slave (Preflight checks (replace_slave)) -> scripts/20_preflight_replace_slave.sh
2026-03-07T16:27:47.745500+00:00 CMD /mnt/macshare/scripts/20_preflight_replace_slave.sh
2026-03-07T16:27:47.810439+00:00 OUT ==> Preflight checks (replace_slave)
2026-03-07T16:27:47.946550+00:00 OUT Checking source admin connectivity...
2026-03-07T16:27:49.033243+00:00 OUT Checking source master status visibility...
2026-03-07T16:27:50.130978+00:00 OUT Checking target SSH connectivity...
2026-03-07T16:27:52.111037+00:00 OUT Checking current MySQL slave status on target host...
2026-03-07T16:27:54.154268+00:00 OUT ERROR: Target does not appear to be a MySQL slave/replica (or status cannot be read).
2026-03-07T16:27:54.179053+00:00 OUT ERROR 1045 (28000): Access denied for user 'admin'@'192.168.64.11' (using password: YES)
2026-03-07T16:27:54.194823+00:00 OUT ERROR 1045 (28000): Access denied for user 'admin'@'192.168.64.11' (using password: YES)
2026-03-07T16:27:54.229845+00:00 OUT Verify target admin privileges (REPLICATION CLIENT) and current slave setup.
2026-03-07T16:27:54.285576+00:00 FINISH success=False message=Run failed at step: preflight_replace_slave
