2026-02-10T19:06:00.132084+00:00 START mode=run config=config/migration.yaml
2026-02-10T19:06:00.134624+00:00 RUN  preflight_one_step (Preflight checks (one_step)) -> scripts/00_preflight_one_step.sh
2026-02-10T19:06:00.134982+00:00 CMD /Users/balajin/Documents/GitHub/Mysql-to-MariaDB-Migration/scripts/00_preflight_one_step.sh
2026-02-10T19:06:00.145612+00:00 OUT ==> Preflight checks (one_step)
2026-02-10T19:06:00.146205+00:00 OUT mariadb-dump not found; mysqldump is available (OK).
2026-02-10T19:06:00.146235+00:00 OUT Checking source connectivity...
2026-02-10T19:06:00.182957+00:00 OUT Checking target SSH connectivity...
2026-02-10T19:06:00.465362+00:00 OUT Checking target mariadb client...
2026-02-10T19:06:00.702314+00:00 OUT Checking target TCP connectivity...
2026-02-10T19:06:01.003382+00:00 OUT pv not found (optional).
2026-02-10T19:06:01.003780+00:00 OUT Preflight complete.
2026-02-10T19:06:01.005804+00:00 RUN  create_migration_user (Create migration user on source and target) -> scripts/09_create_migration_user.sh
2026-02-10T19:06:01.006679+00:00 CMD /Users/balajin/Documents/GitHub/Mysql-to-MariaDB-Migration/scripts/09_create_migration_user.sh
2026-02-10T19:06:01.018809+00:00 OUT ==> Create migration user on source and target
2026-02-10T19:06:01.044242+00:00 OUT Creating migration user on source: 192.168.68.107:3306
2026-02-10T19:06:01.069101+00:00 OUT Creating migration user on target: 192.168.64.4:3306
2026-02-10T19:06:01.845448+00:00 OUT Migrating application users to target (default password)
2026-02-10T19:06:02.672294+00:00 OUT Migration user setup completed.
2026-02-10T19:06:02.674156+00:00 RUN  precheck (Precheck source variables and blockers) -> scripts/00_precheck.sh
2026-02-10T19:06:02.674917+00:00 CMD /Users/balajin/Documents/GitHub/Mysql-to-MariaDB-Migration/scripts/00_precheck.sh
2026-02-10T19:06:02.698265+00:00 OUT == Precheck runner ==
2026-02-10T19:06:02.700233+00:00 OUT Host: 192.168.68.107  Port: 3306  User: migrate
2026-02-10T19:06:02.702217+00:00 OUT Checks dir: /Users/balajin/Documents/GitHub/Mysql-to-MariaDB-Migration/sql/checks
2026-02-10T19:06:02.704920+00:00 OUT Outdir: /Users/balajin/Documents/GitHub/Mysql-to-MariaDB-Migration/artifacts/precheck
2026-02-10T19:06:02.706689+00:00 OUT 
2026-02-10T19:06:02.708949+00:00 OUT NOTE: mariadb-migrate-config-file not found; skipping config check.
2026-02-10T19:06:02.713977+00:00 OUT ---- mysql_version ----
2026-02-10T19:06:02.742205+00:00 OUT 8.4.8
2026-02-10T19:06:02.747263+00:00 OUT 
2026-02-10T19:06:02.750920+00:00 OUT ---- innodb_settings ----
2026-02-10T19:06:02.776210+00:00 OUT 1	1
2026-02-10T19:06:02.780163+00:00 OUT 
2026-02-10T19:06:02.783650+00:00 OUT ---- auth_plugins ----
2026-02-10T19:06:02.809191+00:00 OUT migrate	%	caching_sha2_password
2026-02-10T19:06:02.809274+00:00 OUT migrate	192.168.64.2	caching_sha2_password
2026-02-10T19:06:02.809307+00:00 OUT packer	%	caching_sha2_password
2026-02-10T19:06:02.809335+00:00 OUT root	localhost	caching_sha2_password
2026-02-10T19:06:02.812845+00:00 OUT 
2026-02-10T19:06:02.816111+00:00 OUT ---- json_columns ----
2026-02-10T19:06:02.843524+00:00 OUT testdb	orders_json	data_json	json
2026-02-10T19:06:02.847172+00:00 OUT 
2026-02-10T19:06:02.850357+00:00 OUT ---- compression_encryption ----
2026-02-10T19:06:02.873443+00:00 OUT (no rows)
2026-02-10T19:06:02.875028+00:00 OUT 
2026-02-10T19:06:02.878455+00:00 OUT ---- engines_summary ----
2026-02-10T19:06:02.902470+00:00 OUT PERFORMANCE_SCHEMA	113
2026-02-10T19:06:02.902527+00:00 OUT InnoDB	65
2026-02-10T19:06:02.902554+00:00 OUT CSV	2
2026-02-10T19:06:02.906113+00:00 OUT 
2026-02-10T19:06:02.909242+00:00 OUT ---- schema_sizes ----
2026-02-10T19:06:02.981412+00:00 OUT testdb	38.56
2026-02-10T19:06:02.981502+00:00 OUT sakila	6.45
2026-02-10T19:06:02.981542+00:00 OUT mysql	2.61
2026-02-10T19:06:02.981576+00:00 OUT world	0.77
2026-02-10T19:06:02.981607+00:00 OUT classicmodels	0.50
2026-02-10T19:06:02.981637+00:00 OUT sys	0.02
2026-02-10T19:06:02.981666+00:00 OUT information_schema	0.00
2026-02-10T19:06:02.981695+00:00 OUT performance_schema	0.00
2026-02-10T19:06:02.985956+00:00 OUT 
2026-02-10T19:06:02.989818+00:00 OUT ---- schema_charsets ----
2026-02-10T19:06:03.022548+00:00 OUT classicmodels	latin1	latin1_swedish_ci
2026-02-10T19:06:03.022622+00:00 OUT sakila	utf8mb4	utf8mb4_0900_ai_ci
2026-02-10T19:06:03.022657+00:00 OUT testdb	utf8mb4	utf8mb4_0900_ai_ci
2026-02-10T19:06:03.022689+00:00 OUT world	utf8mb4	utf8mb4_0900_ai_ci
2026-02-10T19:06:03.026492+00:00 OUT 
2026-02-10T19:06:03.029987+00:00 OUT ---- mysql8_collations ----
2026-02-10T19:06:03.066671+00:00 OUT sakila	actor	utf8mb4_0900_ai_ci
2026-02-10T19:06:03.066763+00:00 OUT sakila	address	utf8mb4_0900_ai_ci
2026-02-10T19:06:03.066796+00:00 OUT sakila	category	utf8mb4_0900_ai_ci
2026-02-10T19:06:03.066826+00:00 OUT sakila	city	utf8mb4_0900_ai_ci
2026-02-10T19:06:03.066858+00:00 OUT sakila	country	utf8mb4_0900_ai_ci
2026-02-10T19:06:03.066886+00:00 OUT sakila	customer	utf8mb4_0900_ai_ci
2026-02-10T19:06:03.066915+00:00 OUT sakila	film	utf8mb4_0900_ai_ci
2026-02-10T19:06:03.066945+00:00 OUT sakila	film_actor	utf8mb4_0900_ai_ci
2026-02-10T19:06:03.066978+00:00 OUT sakila	film_category	utf8mb4_0900_ai_ci
2026-02-10T19:06:03.067011+00:00 OUT sakila	film_text	utf8mb4_0900_ai_ci
2026-02-10T19:06:03.067046+00:00 OUT sakila	inventory	utf8mb4_0900_ai_ci
2026-02-10T19:06:03.067073+00:00 OUT sakila	language	utf8mb4_0900_ai_ci
2026-02-10T19:06:03.067100+00:00 OUT sakila	payment	utf8mb4_0900_ai_ci
2026-02-10T19:06:03.067128+00:00 OUT sakila	rental	utf8mb4_0900_ai_ci
2026-02-10T19:06:03.067161+00:00 OUT sakila	staff	utf8mb4_0900_ai_ci
2026-02-10T19:06:03.067188+00:00 OUT sakila	store	utf8mb4_0900_ai_ci
2026-02-10T19:06:03.067214+00:00 OUT testdb	orders_json	utf8mb4_0900_ai_ci
2026-02-10T19:06:03.067241+00:00 OUT world	city	utf8mb4_0900_ai_ci
2026-02-10T19:06:03.067267+00:00 OUT world	country	utf8mb4_0900_ai_ci
2026-02-10T19:06:03.067293+00:00 OUT world	countrylanguage	utf8mb4_0900_ai_ci
2026-02-10T19:06:03.070796+00:00 OUT 
2026-02-10T19:06:03.074310+00:00 OUT ---- mysql8_column_collations ----
2026-02-10T19:06:03.111178+00:00 OUT sakila	actor	first_name	utf8mb4_0900_ai_ci
2026-02-10T19:06:03.111251+00:00 OUT sakila	actor	last_name	utf8mb4_0900_ai_ci
2026-02-10T19:06:03.111281+00:00 OUT sakila	actor_info	film_info	utf8mb4_0900_ai_ci
2026-02-10T19:06:03.111311+00:00 OUT sakila	actor_info	first_name	utf8mb4_0900_ai_ci
2026-02-10T19:06:03.111337+00:00 OUT sakila	actor_info	last_name	utf8mb4_0900_ai_ci
2026-02-10T19:06:03.111363+00:00 OUT sakila	address	address	utf8mb4_0900_ai_ci
2026-02-10T19:06:03.111389+00:00 OUT sakila	address	address2	utf8mb4_0900_ai_ci
2026-02-10T19:06:03.111414+00:00 OUT sakila	address	district	utf8mb4_0900_ai_ci
2026-02-10T19:06:03.111441+00:00 OUT sakila	address	phone	utf8mb4_0900_ai_ci
2026-02-10T19:06:03.111467+00:00 OUT sakila	address	postal_code	utf8mb4_0900_ai_ci
2026-02-10T19:06:03.111493+00:00 OUT sakila	category	name	utf8mb4_0900_ai_ci
2026-02-10T19:06:03.111518+00:00 OUT sakila	city	city	utf8mb4_0900_ai_ci
2026-02-10T19:06:03.111542+00:00 OUT sakila	country	country	utf8mb4_0900_ai_ci
2026-02-10T19:06:03.111567+00:00 OUT sakila	customer	email	utf8mb4_0900_ai_ci
2026-02-10T19:06:03.111592+00:00 OUT sakila	customer	first_name	utf8mb4_0900_ai_ci
2026-02-10T19:06:03.111616+00:00 OUT sakila	customer	last_name	utf8mb4_0900_ai_ci
2026-02-10T19:06:03.111640+00:00 OUT sakila	customer_list	address	utf8mb4_0900_ai_ci
2026-02-10T19:06:03.111690+00:00 OUT sakila	customer_list	city	utf8mb4_0900_ai_ci
2026-02-10T19:06:03.111716+00:00 OUT sakila	customer_list	country	utf8mb4_0900_ai_ci
2026-02-10T19:06:03.111741+00:00 OUT sakila	customer_list	name	utf8mb4_0900_ai_ci
2026-02-10T19:06:03.111769+00:00 OUT sakila	customer_list	notes	utf8mb4_0900_ai_ci
2026-02-10T19:06:03.111798+00:00 OUT sakila	customer_list	phone	utf8mb4_0900_ai_ci
2026-02-10T19:06:03.111823+00:00 OUT sakila	customer_list	zip code	utf8mb4_0900_ai_ci
2026-02-10T19:06:03.111847+00:00 OUT sakila	film	description	utf8mb4_0900_ai_ci
2026-02-10T19:06:03.111873+00:00 OUT sakila	film	rating	utf8mb4_0900_ai_ci
2026-02-10T19:06:03.111897+00:00 OUT sakila	film	special_features	utf8mb4_0900_ai_ci
2026-02-10T19:06:03.111941+00:00 OUT sakila	film	title	utf8mb4_0900_ai_ci
2026-02-10T19:06:03.111970+00:00 OUT sakila	film_list	actors	utf8mb4_0900_ai_ci
2026-02-10T19:06:03.111998+00:00 OUT sakila	film_list	category	utf8mb4_0900_ai_ci
2026-02-10T19:06:03.112026+00:00 OUT sakila	film_list	description	utf8mb4_0900_ai_ci
2026-02-10T19:06:03.112054+00:00 OUT sakila	film_list	rating	utf8mb4_0900_ai_ci
2026-02-10T19:06:03.112083+00:00 OUT sakila	film_list	title	utf8mb4_0900_ai_ci
2026-02-10T19:06:03.112112+00:00 OUT sakila	film_text	description	utf8mb4_0900_ai_ci
2026-02-10T19:06:03.112139+00:00 OUT sakila	film_text	title	utf8mb4_0900_ai_ci
2026-02-10T19:06:03.112166+00:00 OUT sakila	language	name	utf8mb4_0900_ai_ci
2026-02-10T19:06:03.112194+00:00 OUT sakila	nicer_but_slower_film_list	actors	utf8mb4_0900_ai_ci
2026-02-10T19:06:03.112223+00:00 OUT sakila	nicer_but_slower_film_list	category	utf8mb4_0900_ai_ci
2026-02-10T19:06:03.112250+00:00 OUT sakila	nicer_but_slower_film_list	description	utf8mb4_0900_ai_ci
2026-02-10T19:06:03.112278+00:00 OUT sakila	nicer_but_slower_film_list	rating	utf8mb4_0900_ai_ci
2026-02-10T19:06:03.112306+00:00 OUT sakila	nicer_but_slower_film_list	title	utf8mb4_0900_ai_ci
2026-02-10T19:06:03.112340+00:00 OUT sakila	sales_by_film_category	category	utf8mb4_0900_ai_ci
2026-02-10T19:06:03.112369+00:00 OUT sakila	sales_by_store	manager	utf8mb4_0900_ai_ci
2026-02-10T19:06:03.112398+00:00 OUT sakila	sales_by_store	store	utf8mb4_0900_ai_ci
2026-02-10T19:06:03.112425+00:00 OUT sakila	staff	email	utf8mb4_0900_ai_ci
2026-02-10T19:06:03.112452+00:00 OUT sakila	staff	first_name	utf8mb4_0900_ai_ci
2026-02-10T19:06:03.112479+00:00 OUT sakila	staff	last_name	utf8mb4_0900_ai_ci
2026-02-10T19:06:03.112509+00:00 OUT sakila	staff	username	utf8mb4_0900_ai_ci
2026-02-10T19:06:03.112536+00:00 OUT sakila	staff_list	address	utf8mb4_0900_ai_ci
2026-02-10T19:06:03.112563+00:00 OUT sakila	staff_list	city	utf8mb4_0900_ai_ci
2026-02-10T19:06:03.112590+00:00 OUT sakila	staff_list	country	utf8mb4_0900_ai_ci
2026-02-10T19:06:03.114930+00:00 OUT ... (truncated; full output in /Users/balajin/Documents/GitHub/Mysql-to-MariaDB-Migration/artifacts/precheck/mysql8_column_collations.tsv)
2026-02-10T19:06:03.116471+00:00 OUT 
2026-02-10T19:06:03.119773+00:00 OUT ---- sql_mode ----
2026-02-10T19:06:03.143481+00:00 OUT ONLY_FULL_GROUP_BY,STRICT_TRANS_TABLES,NO_ZERO_IN_DATE,NO_ZERO_DATE,ERROR_FOR_DIVISION_BY_ZERO,NO_ENGINE_SUBSTITUTION
2026-02-10T19:06:03.147181+00:00 OUT 
2026-02-10T19:06:03.150677+00:00 OUT ---- definers_inventory ----
2026-02-10T19:06:03.181911+00:00 OUT ROUTINE	root@localhost	6
2026-02-10T19:06:03.181987+00:00 OUT TRIGGER	root@localhost	6
2026-02-10T19:06:03.182028+00:00 OUT VIEW	root@localhost	7
2026-02-10T19:06:03.185710+00:00 OUT 
2026-02-10T19:06:03.189409+00:00 OUT ---- partitioned_tables ----
2026-02-10T19:06:03.218199+00:00 OUT (no rows)
2026-02-10T19:06:03.219832+00:00 OUT 
2026-02-10T19:06:03.223164+00:00 OUT ---- active_plugins ----
2026-02-10T19:06:03.248225+00:00 OUT ARCHIVE	ACTIVE
2026-02-10T19:06:03.248295+00:00 OUT binlog	ACTIVE
2026-02-10T19:06:03.248330+00:00 OUT BLACKHOLE	ACTIVE
2026-02-10T19:06:03.248365+00:00 OUT caching_sha2_password	ACTIVE
2026-02-10T19:06:03.248398+00:00 OUT CSV	ACTIVE
2026-02-10T19:06:03.248429+00:00 OUT daemon_keyring_proxy_plugin	ACTIVE
2026-02-10T19:06:03.248458+00:00 OUT InnoDB	ACTIVE
2026-02-10T19:06:03.248491+00:00 OUT INNODB_BUFFER_PAGE	ACTIVE
2026-02-10T19:06:03.248520+00:00 OUT INNODB_BUFFER_PAGE_LRU	ACTIVE
2026-02-10T19:06:03.248549+00:00 OUT INNODB_BUFFER_POOL_STATS	ACTIVE
2026-02-10T19:06:03.248583+00:00 OUT INNODB_CACHED_INDEXES	ACTIVE
2026-02-10T19:06:03.248612+00:00 OUT INNODB_CMP	ACTIVE
2026-02-10T19:06:03.248640+00:00 OUT INNODB_CMPMEM	ACTIVE
2026-02-10T19:06:03.248667+00:00 OUT INNODB_CMPMEM_RESET	ACTIVE
2026-02-10T19:06:03.248694+00:00 OUT INNODB_CMP_PER_INDEX	ACTIVE
2026-02-10T19:06:03.248721+00:00 OUT INNODB_CMP_PER_INDEX_RESET	ACTIVE
2026-02-10T19:06:03.248749+00:00 OUT INNODB_CMP_RESET	ACTIVE
2026-02-10T19:06:03.248906+00:00 OUT INNODB_COLUMNS	ACTIVE
2026-02-10T19:06:03.248966+00:00 OUT INNODB_FT_BEING_DELETED	ACTIVE
2026-02-10T19:06:03.249004+00:00 OUT INNODB_FT_CONFIG	ACTIVE
2026-02-10T19:06:03.249039+00:00 OUT INNODB_FT_DEFAULT_STOPWORD	ACTIVE
2026-02-10T19:06:03.249077+00:00 OUT INNODB_FT_DELETED	ACTIVE
2026-02-10T19:06:03.249117+00:00 OUT INNODB_FT_INDEX_CACHE	ACTIVE
2026-02-10T19:06:03.249152+00:00 OUT INNODB_FT_INDEX_TABLE	ACTIVE
2026-02-10T19:06:03.249190+00:00 OUT INNODB_INDEXES	ACTIVE
2026-02-10T19:06:03.249227+00:00 OUT INNODB_METRICS	ACTIVE
2026-02-10T19:06:03.249271+00:00 OUT INNODB_SESSION_TEMP_TABLESPACES	ACTIVE
2026-02-10T19:06:03.249304+00:00 OUT INNODB_TABLES	ACTIVE
2026-02-10T19:06:03.249339+00:00 OUT INNODB_TABLESPACES	ACTIVE
2026-02-10T19:06:03.249373+00:00 OUT INNODB_TABLESTATS	ACTIVE
2026-02-10T19:06:03.249406+00:00 OUT INNODB_TEMP_TABLE_INFO	ACTIVE
2026-02-10T19:06:03.249439+00:00 OUT INNODB_TRX	ACTIVE
2026-02-10T19:06:03.249550+00:00 OUT INNODB_VIRTUAL	ACTIVE
2026-02-10T19:06:03.249584+00:00 OUT MEMORY	ACTIVE
2026-02-10T19:06:03.249613+00:00 OUT MRG_MYISAM	ACTIVE
2026-02-10T19:06:03.249641+00:00 OUT MyISAM	ACTIVE
2026-02-10T19:06:03.249674+00:00 OUT mysqlx	ACTIVE
2026-02-10T19:06:03.249708+00:00 OUT mysqlx_cache_cleaner	ACTIVE
2026-02-10T19:06:03.249741+00:00 OUT ngram	ACTIVE
2026-02-10T19:06:03.249775+00:00 OUT PERFORMANCE_SCHEMA	ACTIVE
2026-02-10T19:06:03.249811+00:00 OUT sha256_password	ACTIVE
2026-02-10T19:06:03.249845+00:00 OUT sha2_cache_cleaner	ACTIVE
2026-02-10T19:06:03.249884+00:00 OUT TempTable	ACTIVE
2026-02-10T19:06:03.252372+00:00 OUT 
2026-02-10T19:06:03.256182+00:00 OUT Precheck complete.
2026-02-10T19:06:03.257694+00:00 OUT TSV outputs: /Users/balajin/Documents/GitHub/Mysql-to-MariaDB-Migration/artifacts/precheck/*.tsv
2026-02-10T19:06:03.258473+00:00 RUN  one_step_dump_restore (One-step dump/restore (mariadb-dump | mariadb)) -> scripts/10_one_step_migration.sh
2026-02-10T19:06:03.258906+00:00 CMD /Users/balajin/Documents/GitHub/Mysql-to-MariaDB-Migration/scripts/10_one_step_migration.sh
2026-02-10T19:06:03.264679+00:00 OUT ==> One-step migration (mariadb-dump | mariadb)
2026-02-10T19:06:03.264767+00:00 OUT mariadb-dump not found; using mysqldump.
2026-02-10T19:06:03.264804+00:00 OUT Source: 192.168.68.107:3306  DB: sakila
2026-02-10T19:06:03.264840+00:00 OUT Target: 192.168.64.4:3306
2026-02-10T19:06:03.264874+00:00 OUT pv not found; running without progress meter.
2026-02-10T19:06:03.485106+00:00 OUT WARNING: option --ssl-verify-server-cert is disabled, because of an insecure passwordless login.
2026-02-10T19:06:03.501621+00:00 OUT --------------
2026-02-10T19:06:03.501794+00:00 OUT DROP TABLE IF EXISTS `actor`
2026-02-10T19:06:03.501881+00:00 OUT --------------
2026-02-10T19:06:03.501946+00:00 OUT 
2026-02-10T19:06:03.502017+00:00 OUT ERROR 1815 (HY000) at line 30: Internal error: Cannot execute the statement. DBRM is read only!
2026-02-10T19:06:03.504301+00:00 OUT mysqldump: Got errno 32 on write
2026-02-10T19:06:03.506267+00:00 FINISH success=False message=Run failed at step: one_step_dump_restore
