2026-02-26T18:26:36.171803+00:00 START mode=run config=config/migration.yaml
2026-02-26T18:26:36.476413+00:00 RUN  preflight_binlog (Preflight checks (binlog)) -> scripts/00_preflight_binlog.sh
2026-02-26T18:26:36.493062+00:00 CMD /mnt/macshare/scripts/00_preflight_binlog.sh
2026-02-26T18:26:36.583314+00:00 OUT ==> Preflight checks (binlog)
2026-02-26T18:26:36.602664+00:00 OUT Checking source admin connectivity...
2026-02-26T18:26:37.862402+00:00 OUT Checking target admin connectivity...
2026-02-26T18:26:38.971257+00:00 OUT Checking source binary logging...
2026-02-26T18:26:40.190123+00:00 OUT Checking source binlog format...
2026-02-26T18:26:41.467767+00:00 OUT Checking source master status visibility...
2026-02-26T18:26:42.686331+00:00 OUT Checking source database(s) exist...
2026-02-26T18:26:45.138215+00:00 OUT Preflight complete.
2026-02-26T18:26:45.210443+00:00 RUN  precheck (Precheck source variables and blockers) -> scripts/00_precheck.sh
2026-02-26T18:26:45.233949+00:00 CMD /mnt/macshare/scripts/00_precheck.sh
2026-02-26T18:26:45.478644+00:00 OUT == Precheck runner ==
2026-02-26T18:26:45.540273+00:00 OUT Host: 192.168.64.7  Port: 3306  User: admin
2026-02-26T18:26:45.610999+00:00 OUT Checks dir: /mnt/macshare/sql/checks
2026-02-26T18:26:45.675554+00:00 OUT Outdir: /mnt/macshare/artifacts/precheck
2026-02-26T18:26:45.754813+00:00 OUT 
2026-02-26T18:26:45.851203+00:00 OUT NOTE: mariadb-migrate-config-file not found; skipping config check.
2026-02-26T18:26:45.992216+00:00 OUT ---- mysql_version ----
2026-02-26T18:26:47.236324+00:00 OUT 8.0.45-0ubuntu0.24.04.1
2026-02-26T18:26:47.369912+00:00 OUT 
2026-02-26T18:26:47.491173+00:00 OUT ---- innodb_settings ----
2026-02-26T18:26:49.013497+00:00 OUT 1	1
2026-02-26T18:26:49.151741+00:00 OUT 
2026-02-26T18:26:49.285374+00:00 OUT ---- auth_plugins ----
2026-02-26T18:26:50.595120+00:00 OUT debian-sys-maint	localhost	caching_sha2_password
2026-02-26T18:26:50.731911+00:00 OUT 
2026-02-26T18:26:50.844083+00:00 OUT ---- json_columns ----
2026-02-26T18:26:52.104354+00:00 OUT advanced_test	json_test	data	json
2026-02-26T18:26:52.120546+00:00 OUT advanced_test	json_test	metadata	json
2026-02-26T18:26:52.132993+00:00 OUT testdb	orders_json	data_json	json
2026-02-26T18:26:52.234102+00:00 OUT 
2026-02-26T18:26:52.348928+00:00 OUT ---- compression_encryption ----
2026-02-26T18:26:53.568642+00:00 OUT (no rows)
2026-02-26T18:26:53.626524+00:00 OUT 
2026-02-26T18:26:53.746653+00:00 OUT ---- engines_summary ----
2026-02-26T18:26:54.982180+00:00 OUT PERFORMANCE_SCHEMA	111
2026-02-26T18:26:55.000577+00:00 OUT InnoDB	57
2026-02-26T18:26:55.012022+00:00 OUT CSV	2
2026-02-26T18:26:55.119982+00:00 OUT 
2026-02-26T18:26:55.237050+00:00 OUT ---- schema_sizes ----
2026-02-26T18:26:56.474767+00:00 OUT testdb	38.56
2026-02-26T18:26:56.486705+00:00 OUT sakila	6.45
2026-02-26T18:26:56.500997+00:00 OUT mysql	2.73
2026-02-26T18:26:56.513823+00:00 OUT world	0.77
2026-02-26T18:26:56.528272+00:00 OUT sys	0.02
2026-02-26T18:26:56.536542+00:00 OUT advanced_test	0.02
2026-02-26T18:26:56.542946+00:00 OUT information_schema	0.00
2026-02-26T18:26:56.552398+00:00 OUT performance_schema	0.00
2026-02-26T18:26:56.615873+00:00 OUT 
2026-02-26T18:26:56.730612+00:00 OUT ---- schema_charsets ----
2026-02-26T18:26:57.979078+00:00 OUT advanced_test	utf8mb4	utf8mb4_0900_ai_ci
2026-02-26T18:26:57.997948+00:00 OUT sakila	utf8mb4	utf8mb4_0900_ai_ci
2026-02-26T18:26:58.010907+00:00 OUT testdb	utf8mb4	utf8mb4_0900_ai_ci
2026-02-26T18:26:58.021034+00:00 OUT world	utf8mb4	utf8mb4_0900_ai_ci
2026-02-26T18:26:58.108172+00:00 OUT 
2026-02-26T18:26:58.212618+00:00 OUT ---- mysql8_collations ----
2026-02-26T18:26:59.292858+00:00 OUT advanced_test	json_test	utf8mb4_0900_ai_ci
2026-02-26T18:26:59.304712+00:00 OUT sakila	actor	utf8mb4_0900_ai_ci
2026-02-26T18:26:59.314964+00:00 OUT sakila	address	utf8mb4_0900_ai_ci
2026-02-26T18:26:59.331027+00:00 OUT sakila	category	utf8mb4_0900_ai_ci
2026-02-26T18:26:59.343823+00:00 OUT sakila	city	utf8mb4_0900_ai_ci
2026-02-26T18:26:59.353008+00:00 OUT sakila	country	utf8mb4_0900_ai_ci
2026-02-26T18:26:59.365653+00:00 OUT sakila	customer	utf8mb4_0900_ai_ci
2026-02-26T18:26:59.375995+00:00 OUT sakila	film	utf8mb4_0900_ai_ci
2026-02-26T18:26:59.383222+00:00 OUT sakila	film_actor	utf8mb4_0900_ai_ci
2026-02-26T18:26:59.396291+00:00 OUT sakila	film_category	utf8mb4_0900_ai_ci
2026-02-26T18:26:59.403097+00:00 OUT sakila	film_text	utf8mb4_0900_ai_ci
2026-02-26T18:26:59.413430+00:00 OUT sakila	inventory	utf8mb4_0900_ai_ci
2026-02-26T18:26:59.421939+00:00 OUT sakila	language	utf8mb4_0900_ai_ci
2026-02-26T18:26:59.429336+00:00 OUT sakila	payment	utf8mb4_0900_ai_ci
2026-02-26T18:26:59.439796+00:00 OUT sakila	rental	utf8mb4_0900_ai_ci
2026-02-26T18:26:59.445621+00:00 OUT sakila	staff	utf8mb4_0900_ai_ci
2026-02-26T18:26:59.454164+00:00 OUT sakila	store	utf8mb4_0900_ai_ci
2026-02-26T18:26:59.461212+00:00 OUT testdb	orders_json	utf8mb4_0900_ai_ci
2026-02-26T18:26:59.470019+00:00 OUT world	city	utf8mb4_0900_ai_ci
2026-02-26T18:26:59.477014+00:00 OUT world	country	utf8mb4_0900_ai_ci
2026-02-26T18:26:59.484364+00:00 OUT world	countrylanguage	utf8mb4_0900_ai_ci
2026-02-26T18:26:59.494430+00:00 OUT 
2026-02-26T18:26:59.506202+00:00 OUT ---- mysql8_column_collations ----
2026-02-26T18:26:59.814485+00:00 OUT sakila	actor	first_name	utf8mb4_0900_ai_ci
2026-02-26T18:26:59.818665+00:00 OUT sakila	actor	last_name	utf8mb4_0900_ai_ci
2026-02-26T18:26:59.826901+00:00 OUT sakila	actor_info	film_info	utf8mb4_0900_ai_ci
2026-02-26T18:26:59.832339+00:00 OUT sakila	actor_info	first_name	utf8mb4_0900_ai_ci
2026-02-26T18:26:59.836576+00:00 OUT sakila	actor_info	last_name	utf8mb4_0900_ai_ci
2026-02-26T18:26:59.842090+00:00 OUT sakila	address	address	utf8mb4_0900_ai_ci
2026-02-26T18:26:59.846955+00:00 OUT sakila	address	address2	utf8mb4_0900_ai_ci
2026-02-26T18:26:59.855932+00:00 OUT sakila	address	district	utf8mb4_0900_ai_ci
2026-02-26T18:26:59.859075+00:00 OUT sakila	address	phone	utf8mb4_0900_ai_ci
2026-02-26T18:26:59.864285+00:00 OUT sakila	address	postal_code	utf8mb4_0900_ai_ci
2026-02-26T18:26:59.869302+00:00 OUT sakila	category	name	utf8mb4_0900_ai_ci
2026-02-26T18:26:59.872799+00:00 OUT sakila	city	city	utf8mb4_0900_ai_ci
2026-02-26T18:26:59.881538+00:00 OUT sakila	country	country	utf8mb4_0900_ai_ci
2026-02-26T18:26:59.885495+00:00 OUT sakila	customer	email	utf8mb4_0900_ai_ci
2026-02-26T18:26:59.891108+00:00 OUT sakila	customer	first_name	utf8mb4_0900_ai_ci
2026-02-26T18:26:59.894705+00:00 OUT sakila	customer	last_name	utf8mb4_0900_ai_ci
2026-02-26T18:26:59.899806+00:00 OUT sakila	customer_list	address	utf8mb4_0900_ai_ci
2026-02-26T18:26:59.908974+00:00 OUT sakila	customer_list	city	utf8mb4_0900_ai_ci
2026-02-26T18:26:59.913473+00:00 OUT sakila	customer_list	country	utf8mb4_0900_ai_ci
2026-02-26T18:26:59.919714+00:00 OUT sakila	customer_list	name	utf8mb4_0900_ai_ci
2026-02-26T18:26:59.926863+00:00 OUT sakila	customer_list	notes	utf8mb4_0900_ai_ci
2026-02-26T18:26:59.935253+00:00 OUT sakila	customer_list	phone	utf8mb4_0900_ai_ci
2026-02-26T18:26:59.939536+00:00 OUT sakila	customer_list	zip code	utf8mb4_0900_ai_ci
2026-02-26T18:26:59.945363+00:00 OUT sakila	film	description	utf8mb4_0900_ai_ci
2026-02-26T18:26:59.949412+00:00 OUT sakila	film	rating	utf8mb4_0900_ai_ci
2026-02-26T18:26:59.960720+00:00 OUT sakila	film	special_features	utf8mb4_0900_ai_ci
2026-02-26T18:26:59.964690+00:00 OUT sakila	film	title	utf8mb4_0900_ai_ci
2026-02-26T18:26:59.968995+00:00 OUT sakila	film_list	actors	utf8mb4_0900_ai_ci
2026-02-26T18:26:59.975302+00:00 OUT sakila	film_list	category	utf8mb4_0900_ai_ci
2026-02-26T18:26:59.980157+00:00 OUT sakila	film_list	description	utf8mb4_0900_ai_ci
2026-02-26T18:26:59.986338+00:00 OUT sakila	film_list	rating	utf8mb4_0900_ai_ci
2026-02-26T18:26:59.990874+00:00 OUT sakila	film_list	title	utf8mb4_0900_ai_ci
2026-02-26T18:26:59.997618+00:00 OUT sakila	film_text	description	utf8mb4_0900_ai_ci
2026-02-26T18:27:00.011864+00:00 OUT sakila	film_text	title	utf8mb4_0900_ai_ci
2026-02-26T18:27:00.027582+00:00 OUT sakila	language	name	utf8mb4_0900_ai_ci
2026-02-26T18:27:00.033832+00:00 OUT sakila	nicer_but_slower_film_list	actors	utf8mb4_0900_ai_ci
2026-02-26T18:27:00.045044+00:00 OUT sakila	nicer_but_slower_film_list	category	utf8mb4_0900_ai_ci
2026-02-26T18:27:00.054271+00:00 OUT sakila	nicer_but_slower_film_list	description	utf8mb4_0900_ai_ci
2026-02-26T18:27:00.059199+00:00 OUT sakila	nicer_but_slower_film_list	rating	utf8mb4_0900_ai_ci
2026-02-26T18:27:00.066741+00:00 OUT sakila	nicer_but_slower_film_list	title	utf8mb4_0900_ai_ci
2026-02-26T18:27:00.074837+00:00 OUT sakila	sales_by_film_category	category	utf8mb4_0900_ai_ci
2026-02-26T18:27:00.083707+00:00 OUT sakila	sales_by_store	manager	utf8mb4_0900_ai_ci
2026-02-26T18:27:00.090619+00:00 OUT sakila	sales_by_store	store	utf8mb4_0900_ai_ci
2026-02-26T18:27:00.095896+00:00 OUT sakila	staff	email	utf8mb4_0900_ai_ci
2026-02-26T18:27:00.101083+00:00 OUT sakila	staff	first_name	utf8mb4_0900_ai_ci
2026-02-26T18:27:00.104968+00:00 OUT sakila	staff	last_name	utf8mb4_0900_ai_ci
2026-02-26T18:27:00.112852+00:00 OUT sakila	staff	username	utf8mb4_0900_ai_ci
2026-02-26T18:27:00.117980+00:00 OUT sakila	staff_list	address	utf8mb4_0900_ai_ci
2026-02-26T18:27:00.124926+00:00 OUT sakila	staff_list	city	utf8mb4_0900_ai_ci
2026-02-26T18:27:00.131286+00:00 OUT sakila	staff_list	country	utf8mb4_0900_ai_ci
2026-02-26T18:27:00.137165+00:00 OUT ... (truncated; full output in /mnt/macshare/artifacts/precheck/mysql8_column_collations.tsv)
2026-02-26T18:27:00.144928+00:00 OUT 
2026-02-26T18:27:00.151201+00:00 OUT ---- sql_mode ----
2026-02-26T18:27:00.353103+00:00 OUT ONLY_FULL_GROUP_BY,STRICT_TRANS_TABLES,NO_ZERO_IN_DATE,NO_ZERO_DATE,ERROR_FOR_DIVISION_BY_ZERO,NO_ENGINE_SUBSTITUTION
2026-02-26T18:27:00.393605+00:00 OUT 
2026-02-26T18:27:00.430916+00:00 OUT ---- definers_inventory ----
2026-02-26T18:27:00.741232+00:00 OUT TRIGGER	root@localhost	6
2026-02-26T18:27:00.749073+00:00 OUT VIEW	root@localhost	7
2026-02-26T18:27:00.780010+00:00 OUT 
2026-02-26T18:27:00.819640+00:00 OUT ---- partitioned_tables ----
2026-02-26T18:27:01.114331+00:00 OUT (no rows)
2026-02-26T18:27:01.137130+00:00 OUT 
2026-02-26T18:27:01.172039+00:00 OUT ---- active_plugins ----
2026-02-26T18:27:01.481218+00:00 OUT ARCHIVE	ACTIVE
2026-02-26T18:27:01.489066+00:00 OUT auth_socket	ACTIVE
2026-02-26T18:27:01.493893+00:00 OUT binlog	ACTIVE
2026-02-26T18:27:01.500124+00:00 OUT BLACKHOLE	ACTIVE
2026-02-26T18:27:01.506567+00:00 OUT caching_sha2_password	ACTIVE
2026-02-26T18:27:01.514137+00:00 OUT CSV	ACTIVE
2026-02-26T18:27:01.522723+00:00 OUT daemon_keyring_proxy_plugin	ACTIVE
2026-02-26T18:27:01.531136+00:00 OUT InnoDB	ACTIVE
2026-02-26T18:27:01.536204+00:00 OUT INNODB_BUFFER_PAGE	ACTIVE
2026-02-26T18:27:01.541116+00:00 OUT INNODB_BUFFER_PAGE_LRU	ACTIVE
2026-02-26T18:27:01.545829+00:00 OUT INNODB_BUFFER_POOL_STATS	ACTIVE
2026-02-26T18:27:01.553167+00:00 OUT INNODB_CACHED_INDEXES	ACTIVE
2026-02-26T18:27:01.558337+00:00 OUT INNODB_CMP	ACTIVE
2026-02-26T18:27:01.563519+00:00 OUT INNODB_CMPMEM	ACTIVE
2026-02-26T18:27:01.570756+00:00 OUT INNODB_CMPMEM_RESET	ACTIVE
2026-02-26T18:27:01.577932+00:00 OUT INNODB_CMP_PER_INDEX	ACTIVE
2026-02-26T18:27:01.583483+00:00 OUT INNODB_CMP_PER_INDEX_RESET	ACTIVE
2026-02-26T18:27:01.588581+00:00 OUT INNODB_CMP_RESET	ACTIVE
2026-02-26T18:27:01.596362+00:00 OUT INNODB_COLUMNS	ACTIVE
2026-02-26T18:27:01.601146+00:00 OUT INNODB_FT_BEING_DELETED	ACTIVE
2026-02-26T18:27:01.607453+00:00 OUT INNODB_FT_CONFIG	ACTIVE
2026-02-26T18:27:01.610403+00:00 OUT INNODB_FT_DEFAULT_STOPWORD	ACTIVE
2026-02-26T18:27:01.620160+00:00 OUT INNODB_FT_DELETED	ACTIVE
2026-02-26T18:27:01.626831+00:00 OUT INNODB_FT_INDEX_CACHE	ACTIVE
2026-02-26T18:27:01.631332+00:00 OUT INNODB_FT_INDEX_TABLE	ACTIVE
2026-02-26T18:27:01.637207+00:00 OUT INNODB_INDEXES	ACTIVE
2026-02-26T18:27:01.641795+00:00 OUT INNODB_METRICS	ACTIVE
2026-02-26T18:27:01.646136+00:00 OUT INNODB_SESSION_TEMP_TABLESPACES	ACTIVE
2026-02-26T18:27:01.650500+00:00 OUT INNODB_TABLES	ACTIVE
2026-02-26T18:27:01.657158+00:00 OUT INNODB_TABLESPACES	ACTIVE
2026-02-26T18:27:01.662017+00:00 OUT INNODB_TABLESTATS	ACTIVE
2026-02-26T18:27:01.668666+00:00 OUT INNODB_TEMP_TABLE_INFO	ACTIVE
2026-02-26T18:27:01.674162+00:00 OUT INNODB_TRX	ACTIVE
2026-02-26T18:27:01.684216+00:00 OUT INNODB_VIRTUAL	ACTIVE
2026-02-26T18:27:01.689893+00:00 OUT MEMORY	ACTIVE
2026-02-26T18:27:01.696307+00:00 OUT MRG_MYISAM	ACTIVE
2026-02-26T18:27:01.701703+00:00 OUT MyISAM	ACTIVE
2026-02-26T18:27:01.706161+00:00 OUT mysqlx	ACTIVE
2026-02-26T18:27:01.710473+00:00 OUT mysqlx_cache_cleaner	ACTIVE
2026-02-26T18:27:01.714982+00:00 OUT mysql_native_password	ACTIVE
2026-02-26T18:27:01.720454+00:00 OUT ngram	ACTIVE
2026-02-26T18:27:01.724744+00:00 OUT PERFORMANCE_SCHEMA	ACTIVE
2026-02-26T18:27:01.729183+00:00 OUT sha256_password	ACTIVE
2026-02-26T18:27:01.734827+00:00 OUT sha2_cache_cleaner	ACTIVE
2026-02-26T18:27:01.738937+00:00 OUT TempTable	ACTIVE
2026-02-26T18:27:01.743094+00:00 OUT 
2026-02-26T18:27:01.747921+00:00 OUT ---- functional_indexes ----
2026-02-26T18:27:01.959861+00:00 OUT (no rows)
2026-02-26T18:27:01.982737+00:00 OUT 
2026-02-26T18:27:02.013523+00:00 OUT ---- functional_defaults ----
2026-02-26T18:27:02.305648+00:00 OUT (no rows)
2026-02-26T18:27:02.327515+00:00 OUT 
2026-02-26T18:27:02.359105+00:00 OUT ---- invisible_columns ----
2026-02-26T18:27:02.660356+00:00 OUT (no rows)
2026-02-26T18:27:02.685493+00:00 OUT 
2026-02-26T18:27:02.720436+00:00 OUT ---- check_constraints ----
2026-02-26T18:27:03.009016+00:00 OUT (no rows)
2026-02-26T18:27:03.031661+00:00 OUT 
2026-02-26T18:27:03.067534+00:00 OUT ---- partial_revokes ----
2026-02-26T18:27:03.351909+00:00 OUT (no rows)
2026-02-26T18:27:03.373071+00:00 OUT 
2026-02-26T18:27:03.405331+00:00 OUT ---- gis_srid_usage ----
2026-02-26T18:27:03.714010+00:00 OUT sakila	address	location	0
2026-02-26T18:27:03.752656+00:00 OUT 
2026-02-26T18:27:03.786901+00:00 OUT ---- resource_groups ----
2026-02-26T18:27:04.088358+00:00 OUT USR_default	USER	1	0-9	0
2026-02-26T18:27:04.096075+00:00 OUT SYS_default	SYSTEM	1	0-9	0
2026-02-26T18:27:04.133592+00:00 OUT 
2026-02-26T18:27:04.165531+00:00 OUT ---- xplugin_status ----
2026-02-26T18:27:04.455023+00:00 OUT mysqlx	ACTIVE
2026-02-26T18:27:04.492717+00:00 OUT 
2026-02-26T18:27:04.530706+00:00 OUT ---- fk_name_lengths ----
2026-02-26T18:27:04.830855+00:00 OUT (no rows)
2026-02-26T18:27:04.851492+00:00 OUT 
2026-02-26T18:27:04.883184+00:00 OUT ---- trigger_order ----
2026-02-26T18:27:05.180440+00:00 OUT (no rows)
2026-02-26T18:27:05.201932+00:00 OUT 
2026-02-26T18:27:05.259090+00:00 OUT Precheck complete.
2026-02-26T18:27:05.279423+00:00 OUT TSV outputs: /mnt/macshare/artifacts/precheck/*.tsv
2026-02-26T18:27:05.309092+00:00 RUN  binlog_seed_dump_restore (Seed target with dump/restore snapshot) -> scripts/14_binlog_seed.sh
2026-02-26T18:27:05.316230+00:00 CMD /mnt/macshare/scripts/14_binlog_seed.sh
2026-02-26T18:27:05.340027+00:00 OUT ==> Binlog migration: seed target from source snapshot
2026-02-26T18:27:05.388205+00:00 OUT Preparing target database(s)...
2026-02-26T18:27:05.651006+00:00 OUT Creating source snapshot with binlog coordinates...
2026-02-26T18:27:06.660395+00:00 OUT Restoring snapshot to target...
2026-02-26T18:27:07.707928+00:00 OUT Seed completed.
2026-02-26T18:27:07.714561+00:00 OUT Coordinates file: artifacts/binlog_coords.env
2026-02-26T18:27:07.718931+00:00 OUT Dump file: artifacts/binlog_seed_20260226_182705.sql
2026-02-26T18:27:07.743052+00:00 RUN  binlog_start_replication (Configure and start MariaDB replication from MySQL binlog) -> scripts/15_binlog_start_replication.sh
2026-02-26T18:27:07.750704+00:00 CMD /mnt/macshare/scripts/15_binlog_start_replication.sh
2026-02-26T18:27:07.776362+00:00 OUT ==> Binlog migration: configure and start replication
2026-02-26T18:27:07.785251+00:00 OUT Ensuring replication user exists on source...
2026-02-26T18:27:08.874217+00:00 OUT Applying replication coordinates: mysql-bin.000012:374
2026-02-26T18:27:09.628501+00:00 OUT Replication started.
2026-02-26T18:27:09.656401+00:00 RUN  binlog_verify_replication (Verify replication status and lag) -> scripts/16_binlog_verify.sh
2026-02-26T18:27:09.662834+00:00 CMD /mnt/macshare/scripts/16_binlog_verify.sh
2026-02-26T18:27:09.692801+00:00 OUT ==> Binlog migration: verify replication
2026-02-26T18:27:10.151755+00:00 OUT IO running: Yes
2026-02-26T18:27:10.158716+00:00 OUT SQL running: Yes
2026-02-26T18:27:10.162990+00:00 OUT Seconds behind master: 0
2026-02-26T18:27:10.166020+00:00 OUT Replication verify passed.
2026-02-26T18:27:10.186218+00:00 FINISH success=True message=Run completed successfully.
