2026-02-14T18:42:15.398818+00:00 START mode=assessment config=config/source.yaml
2026-02-14T18:42:15.431331+00:00 Assessment source auth selected: SRC_ADMIN_USER (admin)
2026-02-14T18:42:15.436540+00:00 RUN precheck -> /mnt/macshare/scripts/00_precheck.sh
2026-02-14T18:42:16.521955+00:00 == Precheck runner ==
2026-02-14T18:42:16.523726+00:00 Host: 192.168.64.7  Port: 3306  User: admin
2026-02-14T18:42:16.526497+00:00 Checks dir: /mnt/macshare/sql/checks
2026-02-14T18:42:16.529854+00:00 Outdir: artifacts/assess_20260214_184215/precheck
2026-02-14T18:42:16.532698+00:00 
2026-02-14T18:42:16.535534+00:00 NOTE: mariadb-migrate-config-file not found; skipping config check.
2026-02-14T18:42:16.538600+00:00 ---- mysql_version ----
2026-02-14T18:42:16.541430+00:00 8.0.45-0ubuntu0.24.04.1
2026-02-14T18:42:16.544075+00:00 
2026-02-14T18:42:16.575815+00:00 ---- innodb_settings ----
2026-02-14T18:42:16.584740+00:00 1	1
2026-02-14T18:42:16.610976+00:00 
2026-02-14T18:42:16.614086+00:00 ---- auth_plugins ----
2026-02-14T18:42:16.626045+00:00 admin	%	caching_sha2_password
2026-02-14T18:42:16.627904+00:00 admin	192.168.64.3	caching_sha2_password
2026-02-14T18:42:16.629698+00:00 admin	192.168.64.7	caching_sha2_password
2026-02-14T18:42:16.631625+00:00 admin	localhost	caching_sha2_password
2026-02-14T18:42:16.633317+00:00 debian-sys-maint	localhost	caching_sha2_password
2026-02-14T18:42:16.635287+00:00 migrate	%	caching_sha2_password
2026-02-14T18:42:16.638935+00:00 
2026-02-14T18:42:16.661641+00:00 ---- json_columns ----
2026-02-14T18:42:16.664576+00:00 testdb	orders_json	data_json	json
2026-02-14T18:42:16.669007+00:00 
2026-02-14T18:42:16.672111+00:00 ---- compression_encryption ----
2026-02-14T18:42:16.676156+00:00 (no rows)
2026-02-14T18:42:16.680437+00:00 
2026-02-14T18:42:16.682825+00:00 ---- engines_summary ----
2026-02-14T18:42:16.685124+00:00 PERFORMANCE_SCHEMA	111
2026-02-14T18:42:16.687439+00:00 InnoDB	56
2026-02-14T18:42:16.689737+00:00 CSV	2
2026-02-14T18:42:16.692252+00:00 
2026-02-14T18:42:16.694530+00:00 ---- schema_sizes ----
2026-02-14T18:42:16.696907+00:00 testdb	38.56
2026-02-14T18:42:16.699283+00:00 sakila	6.45
2026-02-14T18:42:16.702034+00:00 mysql	2.66
2026-02-14T18:42:16.703221+00:00 world	0.77
2026-02-14T18:42:16.705709+00:00 sys	0.02
2026-02-14T18:42:16.706896+00:00 information_schema	0.00
2026-02-14T18:42:16.708880+00:00 performance_schema	0.00
2026-02-14T18:42:16.711267+00:00 
2026-02-14T18:42:16.712871+00:00 ---- schema_charsets ----
2026-02-14T18:42:16.714349+00:00 sakila	utf8mb4	utf8mb4_0900_ai_ci
2026-02-14T18:42:16.715958+00:00 testdb	utf8mb4	utf8mb4_0900_ai_ci
2026-02-14T18:42:16.717450+00:00 world	utf8mb4	utf8mb4_0900_ai_ci
2026-02-14T18:42:16.719236+00:00 
2026-02-14T18:42:16.721071+00:00 ---- mysql8_collations ----
2026-02-14T18:42:16.722519+00:00 sakila	actor	utf8mb4_0900_ai_ci
2026-02-14T18:42:16.724274+00:00 sakila	address	utf8mb4_0900_ai_ci
2026-02-14T18:42:16.725887+00:00 sakila	category	utf8mb4_0900_ai_ci
2026-02-14T18:42:16.727429+00:00 sakila	city	utf8mb4_0900_ai_ci
2026-02-14T18:42:16.729630+00:00 sakila	country	utf8mb4_0900_ai_ci
2026-02-14T18:42:16.731126+00:00 sakila	customer	utf8mb4_0900_ai_ci
2026-02-14T18:42:16.733526+00:00 sakila	film	utf8mb4_0900_ai_ci
2026-02-14T18:42:16.735310+00:00 sakila	film_actor	utf8mb4_0900_ai_ci
2026-02-14T18:42:16.737539+00:00 sakila	film_category	utf8mb4_0900_ai_ci
2026-02-14T18:42:16.739787+00:00 sakila	film_text	utf8mb4_0900_ai_ci
2026-02-14T18:42:16.741306+00:00 sakila	inventory	utf8mb4_0900_ai_ci
2026-02-14T18:42:16.743253+00:00 sakila	language	utf8mb4_0900_ai_ci
2026-02-14T18:42:16.787693+00:00 sakila	payment	utf8mb4_0900_ai_ci
2026-02-14T18:42:16.789938+00:00 sakila	rental	utf8mb4_0900_ai_ci
2026-02-14T18:42:16.794906+00:00 sakila	staff	utf8mb4_0900_ai_ci
2026-02-14T18:42:16.797586+00:00 sakila	store	utf8mb4_0900_ai_ci
2026-02-14T18:42:16.801564+00:00 testdb	orders_json	utf8mb4_0900_ai_ci
2026-02-14T18:42:16.805029+00:00 world	city	utf8mb4_0900_ai_ci
2026-02-14T18:42:16.822556+00:00 world	country	utf8mb4_0900_ai_ci
2026-02-14T18:42:16.880787+00:00 world	countrylanguage	utf8mb4_0900_ai_ci
2026-02-14T18:42:16.883677+00:00 
2026-02-14T18:42:16.886527+00:00 ---- mysql8_column_collations ----
2026-02-14T18:42:16.889590+00:00 sakila	actor	first_name	utf8mb4_0900_ai_ci
2026-02-14T18:42:16.893721+00:00 sakila	actor	last_name	utf8mb4_0900_ai_ci
2026-02-14T18:42:16.896743+00:00 sakila	actor_info	film_info	utf8mb4_0900_ai_ci
2026-02-14T18:42:16.901994+00:00 sakila	actor_info	first_name	utf8mb4_0900_ai_ci
2026-02-14T18:42:16.906131+00:00 sakila	actor_info	last_name	utf8mb4_0900_ai_ci
2026-02-14T18:42:16.909511+00:00 sakila	address	address	utf8mb4_0900_ai_ci
2026-02-14T18:42:16.912227+00:00 sakila	address	address2	utf8mb4_0900_ai_ci
2026-02-14T18:42:16.914559+00:00 sakila	address	district	utf8mb4_0900_ai_ci
2026-02-14T18:42:16.916941+00:00 sakila	address	phone	utf8mb4_0900_ai_ci
2026-02-14T18:42:16.919269+00:00 sakila	address	postal_code	utf8mb4_0900_ai_ci
2026-02-14T18:42:16.921976+00:00 sakila	category	name	utf8mb4_0900_ai_ci
2026-02-14T18:42:16.924220+00:00 sakila	city	city	utf8mb4_0900_ai_ci
2026-02-14T18:42:16.926532+00:00 sakila	country	country	utf8mb4_0900_ai_ci
2026-02-14T18:42:16.928882+00:00 sakila	customer	email	utf8mb4_0900_ai_ci
2026-02-14T18:42:16.931090+00:00 sakila	customer	first_name	utf8mb4_0900_ai_ci
2026-02-14T18:42:16.933346+00:00 sakila	customer	last_name	utf8mb4_0900_ai_ci
2026-02-14T18:42:16.935742+00:00 sakila	customer_list	address	utf8mb4_0900_ai_ci
2026-02-14T18:42:16.938653+00:00 sakila	customer_list	city	utf8mb4_0900_ai_ci
2026-02-14T18:42:16.941345+00:00 sakila	customer_list	country	utf8mb4_0900_ai_ci
2026-02-14T18:42:16.943908+00:00 sakila	customer_list	name	utf8mb4_0900_ai_ci
2026-02-14T18:42:16.946206+00:00 sakila	customer_list	notes	utf8mb4_0900_ai_ci
2026-02-14T18:42:16.948389+00:00 sakila	customer_list	phone	utf8mb4_0900_ai_ci
2026-02-14T18:42:16.950695+00:00 sakila	customer_list	zip code	utf8mb4_0900_ai_ci
2026-02-14T18:42:16.953613+00:00 sakila	film	description	utf8mb4_0900_ai_ci
2026-02-14T18:42:16.956356+00:00 sakila	film	rating	utf8mb4_0900_ai_ci
2026-02-14T18:42:16.959309+00:00 sakila	film	special_features	utf8mb4_0900_ai_ci
2026-02-14T18:42:16.961761+00:00 sakila	film	title	utf8mb4_0900_ai_ci
2026-02-14T18:42:16.964038+00:00 sakila	film_list	actors	utf8mb4_0900_ai_ci
2026-02-14T18:42:16.966773+00:00 sakila	film_list	category	utf8mb4_0900_ai_ci
2026-02-14T18:42:16.968945+00:00 sakila	film_list	description	utf8mb4_0900_ai_ci
2026-02-14T18:42:16.971297+00:00 sakila	film_list	rating	utf8mb4_0900_ai_ci
2026-02-14T18:42:16.973453+00:00 sakila	film_list	title	utf8mb4_0900_ai_ci
2026-02-14T18:42:16.975893+00:00 sakila	film_text	description	utf8mb4_0900_ai_ci
2026-02-14T18:42:16.978198+00:00 sakila	film_text	title	utf8mb4_0900_ai_ci
2026-02-14T18:42:16.981652+00:00 sakila	language	name	utf8mb4_0900_ai_ci
2026-02-14T18:42:16.985581+00:00 sakila	nicer_but_slower_film_list	actors	utf8mb4_0900_ai_ci
2026-02-14T18:42:16.989457+00:00 sakila	nicer_but_slower_film_list	category	utf8mb4_0900_ai_ci
2026-02-14T18:42:16.992044+00:00 sakila	nicer_but_slower_film_list	description	utf8mb4_0900_ai_ci
2026-02-14T18:42:16.994303+00:00 sakila	nicer_but_slower_film_list	rating	utf8mb4_0900_ai_ci
2026-02-14T18:42:16.996461+00:00 sakila	nicer_but_slower_film_list	title	utf8mb4_0900_ai_ci
2026-02-14T18:42:16.999448+00:00 sakila	sales_by_film_category	category	utf8mb4_0900_ai_ci
2026-02-14T18:42:17.000530+00:00 sakila	sales_by_store	manager	utf8mb4_0900_ai_ci
2026-02-14T18:42:17.002648+00:00 sakila	sales_by_store	store	utf8mb4_0900_ai_ci
2026-02-14T18:42:17.004693+00:00 sakila	staff	email	utf8mb4_0900_ai_ci
2026-02-14T18:42:17.006886+00:00 sakila	staff	first_name	utf8mb4_0900_ai_ci
2026-02-14T18:42:17.009009+00:00 sakila	staff	last_name	utf8mb4_0900_ai_ci
2026-02-14T18:42:17.011365+00:00 sakila	staff	username	utf8mb4_0900_ai_ci
2026-02-14T18:42:17.013602+00:00 sakila	staff_list	address	utf8mb4_0900_ai_ci
2026-02-14T18:42:17.015948+00:00 sakila	staff_list	city	utf8mb4_0900_ai_ci
2026-02-14T18:42:17.018315+00:00 sakila	staff_list	country	utf8mb4_0900_ai_ci
2026-02-14T18:42:17.021633+00:00 ... (truncated; full output in artifacts/assess_20260214_184215/precheck/mysql8_column_collations.tsv)
2026-02-14T18:42:17.024227+00:00 
2026-02-14T18:42:17.026917+00:00 ---- sql_mode ----
2026-02-14T18:42:17.030691+00:00 ONLY_FULL_GROUP_BY,STRICT_TRANS_TABLES,NO_ZERO_IN_DATE,NO_ZERO_DATE,ERROR_FOR_DIVISION_BY_ZERO,NO_ENGINE_SUBSTITUTION
2026-02-14T18:42:17.033273+00:00 
2026-02-14T18:42:17.037347+00:00 ---- definers_inventory ----
2026-02-14T18:42:17.043080+00:00 TRIGGER	root@localhost	6
2026-02-14T18:42:17.051892+00:00 VIEW	root@localhost	7
2026-02-14T18:42:17.058146+00:00 
2026-02-14T18:42:17.071615+00:00 ---- partitioned_tables ----
2026-02-14T18:42:17.075370+00:00 (no rows)
2026-02-14T18:42:17.077677+00:00 
2026-02-14T18:42:17.080491+00:00 ---- active_plugins ----
2026-02-14T18:42:17.083137+00:00 ARCHIVE	ACTIVE
2026-02-14T18:42:17.089885+00:00 auth_socket	ACTIVE
2026-02-14T18:42:17.093745+00:00 binlog	ACTIVE
2026-02-14T18:42:17.110208+00:00 BLACKHOLE	ACTIVE
2026-02-14T18:42:17.125596+00:00 caching_sha2_password	ACTIVE
2026-02-14T18:42:17.129455+00:00 CSV	ACTIVE
2026-02-14T18:42:17.134972+00:00 daemon_keyring_proxy_plugin	ACTIVE
2026-02-14T18:42:17.139174+00:00 InnoDB	ACTIVE
2026-02-14T18:42:17.143301+00:00 INNODB_BUFFER_PAGE	ACTIVE
2026-02-14T18:42:17.146153+00:00 INNODB_BUFFER_PAGE_LRU	ACTIVE
2026-02-14T18:42:17.148889+00:00 INNODB_BUFFER_POOL_STATS	ACTIVE
2026-02-14T18:42:17.151257+00:00 INNODB_CACHED_INDEXES	ACTIVE
2026-02-14T18:42:17.154481+00:00 INNODB_CMP	ACTIVE
2026-02-14T18:42:17.161740+00:00 INNODB_CMPMEM	ACTIVE
2026-02-14T18:42:17.163955+00:00 INNODB_CMPMEM_RESET	ACTIVE
2026-02-14T18:42:17.166448+00:00 INNODB_CMP_PER_INDEX	ACTIVE
2026-02-14T18:42:17.168362+00:00 INNODB_CMP_PER_INDEX_RESET	ACTIVE
2026-02-14T18:42:17.170464+00:00 INNODB_CMP_RESET	ACTIVE
2026-02-14T18:42:17.172474+00:00 INNODB_COLUMNS	ACTIVE
2026-02-14T18:42:17.185298+00:00 INNODB_FT_BEING_DELETED	ACTIVE
2026-02-14T18:42:17.208964+00:00 INNODB_FT_CONFIG	ACTIVE
2026-02-14T18:42:17.211201+00:00 INNODB_FT_DEFAULT_STOPWORD	ACTIVE
2026-02-14T18:42:17.216655+00:00 INNODB_FT_DELETED	ACTIVE
2026-02-14T18:42:17.220177+00:00 INNODB_FT_INDEX_CACHE	ACTIVE
2026-02-14T18:42:17.222443+00:00 INNODB_FT_INDEX_TABLE	ACTIVE
2026-02-14T18:42:17.224226+00:00 INNODB_INDEXES	ACTIVE
2026-02-14T18:42:17.226033+00:00 INNODB_METRICS	ACTIVE
2026-02-14T18:42:17.228774+00:00 INNODB_SESSION_TEMP_TABLESPACES	ACTIVE
2026-02-14T18:42:17.232541+00:00 INNODB_TABLES	ACTIVE
2026-02-14T18:42:17.235760+00:00 INNODB_TABLESPACES	ACTIVE
2026-02-14T18:42:17.238031+00:00 INNODB_TABLESTATS	ACTIVE
2026-02-14T18:42:17.239916+00:00 INNODB_TEMP_TABLE_INFO	ACTIVE
2026-02-14T18:42:17.242672+00:00 INNODB_TRX	ACTIVE
2026-02-14T18:42:17.245376+00:00 INNODB_VIRTUAL	ACTIVE
2026-02-14T18:42:17.247626+00:00 MEMORY	ACTIVE
2026-02-14T18:42:17.252365+00:00 MRG_MYISAM	ACTIVE
2026-02-14T18:42:17.256445+00:00 MyISAM	ACTIVE
2026-02-14T18:42:17.258932+00:00 mysqlx	ACTIVE
2026-02-14T18:42:17.261556+00:00 mysqlx_cache_cleaner	ACTIVE
2026-02-14T18:42:17.263808+00:00 mysql_native_password	ACTIVE
2026-02-14T18:42:17.267199+00:00 ngram	ACTIVE
2026-02-14T18:42:17.268477+00:00 PERFORMANCE_SCHEMA	ACTIVE
2026-02-14T18:42:17.270683+00:00 sha256_password	ACTIVE
2026-02-14T18:42:17.272961+00:00 sha2_cache_cleaner	ACTIVE
2026-02-14T18:42:17.275224+00:00 TempTable	ACTIVE
2026-02-14T18:42:17.277459+00:00 
2026-02-14T18:42:17.279671+00:00 ---- functional_indexes ----
2026-02-14T18:42:17.281869+00:00 (no rows)
2026-02-14T18:42:17.284273+00:00 
2026-02-14T18:42:17.287121+00:00 ---- functional_defaults ----
2026-02-14T18:42:17.289534+00:00 (no rows)
2026-02-14T18:42:17.292006+00:00 
2026-02-14T18:42:17.294280+00:00 ---- invisible_columns ----
2026-02-14T18:42:17.296455+00:00 (no rows)
2026-02-14T18:42:17.298546+00:00 
2026-02-14T18:42:17.300494+00:00 ---- check_constraints ----
2026-02-14T18:42:17.303081+00:00 (no rows)
2026-02-14T18:42:17.305823+00:00 
2026-02-14T18:42:17.308042+00:00 ---- partial_revokes ----
2026-02-14T18:42:17.310150+00:00 (no rows)
2026-02-14T18:42:17.312123+00:00 
2026-02-14T18:42:17.314792+00:00 ---- gis_srid_usage ----
2026-02-14T18:42:17.316397+00:00 sakila	address	location	0
2026-02-14T18:42:17.318463+00:00 
2026-02-14T18:42:17.320583+00:00 ---- resource_groups ----
2026-02-14T18:42:17.322482+00:00 USR_default	USER	1	0-9	0
2026-02-14T18:42:17.324575+00:00 SYS_default	SYSTEM	1	0-9	0
2026-02-14T18:42:17.326720+00:00 
2026-02-14T18:42:17.328814+00:00 ---- xplugin_status ----
2026-02-14T18:42:17.331045+00:00 mysqlx	ACTIVE
2026-02-14T18:42:17.333224+00:00 
2026-02-14T18:42:17.335702+00:00 ---- fk_name_lengths ----
2026-02-14T18:42:17.339311+00:00 (no rows)
2026-02-14T18:42:17.340558+00:00 
2026-02-14T18:42:17.342936+00:00 ---- trigger_order ----
2026-02-14T18:42:17.345244+00:00 (no rows)
2026-02-14T18:42:17.347031+00:00 
2026-02-14T18:42:17.348759+00:00 Precheck complete.
2026-02-14T18:42:17.350362+00:00 TSV outputs: artifacts/assess_20260214_184215/precheck/*.tsv
2026-02-14T18:42:17.409899+00:00 FINISH success=True message=Assessment passed. Ready to plan/run.
