2026-02-25T16:56:54.713241+00:00 START mode=assessment config=config/source.yaml
2026-02-25T16:56:55.101108+00:00 Assessment source auth selected: SRC_ADMIN_USER (admin)
2026-02-25T16:56:55.112516+00:00 RUN precheck -> /mnt/macshare/scripts/00_precheck.sh
2026-02-25T16:57:20.097739+00:00 == Precheck runner ==
2026-02-25T16:57:20.102194+00:00 Host: 192.168.64.7  Port: 3306  User: admin
2026-02-25T16:57:20.107914+00:00 Checks dir: /mnt/macshare/sql/checks
2026-02-25T16:57:20.112222+00:00 Outdir: artifacts/assess_20260225_165653/precheck
2026-02-25T16:57:20.116814+00:00 
2026-02-25T16:57:20.121036+00:00 NOTE: mariadb-migrate-config-file not found; skipping config check.
2026-02-25T16:57:20.125337+00:00 ---- mysql_version ----
2026-02-25T16:57:20.129302+00:00 8.0.45-0ubuntu0.24.04.1
2026-02-25T16:57:20.135642+00:00 
2026-02-25T16:57:20.138881+00:00 ---- innodb_settings ----
2026-02-25T16:57:20.143435+00:00 1	1
2026-02-25T16:57:20.146386+00:00 
2026-02-25T16:57:20.150407+00:00 ---- auth_plugins ----
2026-02-25T16:57:20.156628+00:00 debian-sys-maint	localhost	caching_sha2_password
2026-02-25T16:57:20.162150+00:00 
2026-02-25T16:57:20.169331+00:00 ---- json_columns ----
2026-02-25T16:57:20.174372+00:00 testdb	orders_json	data_json	json
2026-02-25T16:57:20.180944+00:00 
2026-02-25T16:57:20.185207+00:00 ---- compression_encryption ----
2026-02-25T16:57:20.189123+00:00 (no rows)
2026-02-25T16:57:20.193604+00:00 
2026-02-25T16:57:20.205882+00:00 ---- engines_summary ----
2026-02-25T16:57:20.209243+00:00 PERFORMANCE_SCHEMA	111
2026-02-25T16:57:20.215042+00:00 InnoDB	56
2026-02-25T16:57:20.220860+00:00 CSV	2
2026-02-25T16:57:20.225303+00:00 
2026-02-25T16:57:20.231512+00:00 ---- schema_sizes ----
2026-02-25T16:57:20.234884+00:00 testdb	38.56
2026-02-25T16:57:20.239650+00:00 sakila	6.45
2026-02-25T16:57:20.244734+00:00 mysql	2.70
2026-02-25T16:57:20.250653+00:00 world	0.77
2026-02-25T16:57:20.255523+00:00 sys	0.02
2026-02-25T16:57:20.262449+00:00 information_schema	0.00
2026-02-25T16:57:20.267656+00:00 performance_schema	0.00
2026-02-25T16:57:20.274286+00:00 
2026-02-25T16:57:20.279560+00:00 ---- schema_charsets ----
2026-02-25T16:57:20.283485+00:00 sakila	utf8mb4	utf8mb4_0900_ai_ci
2026-02-25T16:57:20.289640+00:00 testdb	utf8mb4	utf8mb4_0900_ai_ci
2026-02-25T16:57:20.294600+00:00 world	utf8mb4	utf8mb4_0900_ai_ci
2026-02-25T16:57:20.301152+00:00 
2026-02-25T16:57:20.306036+00:00 ---- mysql8_collations ----
2026-02-25T16:57:20.311258+00:00 sakila	actor	utf8mb4_0900_ai_ci
2026-02-25T16:57:20.316381+00:00 sakila	address	utf8mb4_0900_ai_ci
2026-02-25T16:57:20.321018+00:00 sakila	category	utf8mb4_0900_ai_ci
2026-02-25T16:57:20.326077+00:00 sakila	city	utf8mb4_0900_ai_ci
2026-02-25T16:57:20.331467+00:00 sakila	country	utf8mb4_0900_ai_ci
2026-02-25T16:57:20.338841+00:00 sakila	customer	utf8mb4_0900_ai_ci
2026-02-25T16:57:20.342980+00:00 sakila	film	utf8mb4_0900_ai_ci
2026-02-25T16:57:20.347188+00:00 sakila	film_actor	utf8mb4_0900_ai_ci
2026-02-25T16:57:20.351288+00:00 sakila	film_category	utf8mb4_0900_ai_ci
2026-02-25T16:57:20.356317+00:00 sakila	film_text	utf8mb4_0900_ai_ci
2026-02-25T16:57:20.361690+00:00 sakila	inventory	utf8mb4_0900_ai_ci
2026-02-25T16:57:20.367279+00:00 sakila	language	utf8mb4_0900_ai_ci
2026-02-25T16:57:20.372100+00:00 sakila	payment	utf8mb4_0900_ai_ci
2026-02-25T16:57:20.377992+00:00 sakila	rental	utf8mb4_0900_ai_ci
2026-02-25T16:57:20.382629+00:00 sakila	staff	utf8mb4_0900_ai_ci
2026-02-25T16:57:20.388524+00:00 sakila	store	utf8mb4_0900_ai_ci
2026-02-25T16:57:20.394335+00:00 testdb	orders_json	utf8mb4_0900_ai_ci
2026-02-25T16:57:20.402819+00:00 world	city	utf8mb4_0900_ai_ci
2026-02-25T16:57:20.405902+00:00 world	country	utf8mb4_0900_ai_ci
2026-02-25T16:57:20.411736+00:00 world	countrylanguage	utf8mb4_0900_ai_ci
2026-02-25T16:57:20.417309+00:00 
2026-02-25T16:57:20.422103+00:00 ---- mysql8_column_collations ----
2026-02-25T16:57:20.426926+00:00 sakila	actor	first_name	utf8mb4_0900_ai_ci
2026-02-25T16:57:20.431198+00:00 sakila	actor	last_name	utf8mb4_0900_ai_ci
2026-02-25T16:57:20.435377+00:00 sakila	actor_info	film_info	utf8mb4_0900_ai_ci
2026-02-25T16:57:20.439771+00:00 sakila	actor_info	first_name	utf8mb4_0900_ai_ci
2026-02-25T16:57:20.443802+00:00 sakila	actor_info	last_name	utf8mb4_0900_ai_ci
2026-02-25T16:57:20.447807+00:00 sakila	address	address	utf8mb4_0900_ai_ci
2026-02-25T16:57:20.451769+00:00 sakila	address	address2	utf8mb4_0900_ai_ci
2026-02-25T16:57:20.456159+00:00 sakila	address	district	utf8mb4_0900_ai_ci
2026-02-25T16:57:20.461129+00:00 sakila	address	phone	utf8mb4_0900_ai_ci
2026-02-25T16:57:20.473998+00:00 sakila	address	postal_code	utf8mb4_0900_ai_ci
2026-02-25T16:57:20.478432+00:00 sakila	category	name	utf8mb4_0900_ai_ci
2026-02-25T16:57:20.482447+00:00 sakila	city	city	utf8mb4_0900_ai_ci
2026-02-25T16:57:20.487484+00:00 sakila	country	country	utf8mb4_0900_ai_ci
2026-02-25T16:57:20.491949+00:00 sakila	customer	email	utf8mb4_0900_ai_ci
2026-02-25T16:57:20.498648+00:00 sakila	customer	first_name	utf8mb4_0900_ai_ci
2026-02-25T16:57:20.503284+00:00 sakila	customer	last_name	utf8mb4_0900_ai_ci
2026-02-25T16:57:20.509127+00:00 sakila	customer_list	address	utf8mb4_0900_ai_ci
2026-02-25T16:57:20.515756+00:00 sakila	customer_list	city	utf8mb4_0900_ai_ci
2026-02-25T16:57:20.520891+00:00 sakila	customer_list	country	utf8mb4_0900_ai_ci
2026-02-25T16:57:20.529053+00:00 sakila	customer_list	name	utf8mb4_0900_ai_ci
2026-02-25T16:57:20.534555+00:00 sakila	customer_list	notes	utf8mb4_0900_ai_ci
2026-02-25T16:57:20.540150+00:00 sakila	customer_list	phone	utf8mb4_0900_ai_ci
2026-02-25T16:57:20.546979+00:00 sakila	customer_list	zip code	utf8mb4_0900_ai_ci
2026-02-25T16:57:20.551056+00:00 sakila	film	description	utf8mb4_0900_ai_ci
2026-02-25T16:57:20.556103+00:00 sakila	film	rating	utf8mb4_0900_ai_ci
2026-02-25T16:57:20.563058+00:00 sakila	film	special_features	utf8mb4_0900_ai_ci
2026-02-25T16:57:20.567290+00:00 sakila	film	title	utf8mb4_0900_ai_ci
2026-02-25T16:57:20.572638+00:00 sakila	film_list	actors	utf8mb4_0900_ai_ci
2026-02-25T16:57:20.577600+00:00 sakila	film_list	category	utf8mb4_0900_ai_ci
2026-02-25T16:57:20.584365+00:00 sakila	film_list	description	utf8mb4_0900_ai_ci
2026-02-25T16:57:20.588507+00:00 sakila	film_list	rating	utf8mb4_0900_ai_ci
2026-02-25T16:57:20.592874+00:00 sakila	film_list	title	utf8mb4_0900_ai_ci
2026-02-25T16:57:20.598570+00:00 sakila	film_text	description	utf8mb4_0900_ai_ci
2026-02-25T16:57:20.603046+00:00 sakila	film_text	title	utf8mb4_0900_ai_ci
2026-02-25T16:57:20.609487+00:00 sakila	language	name	utf8mb4_0900_ai_ci
2026-02-25T16:57:20.615366+00:00 sakila	nicer_but_slower_film_list	actors	utf8mb4_0900_ai_ci
2026-02-25T16:57:20.620664+00:00 sakila	nicer_but_slower_film_list	category	utf8mb4_0900_ai_ci
2026-02-25T16:57:20.625425+00:00 sakila	nicer_but_slower_film_list	description	utf8mb4_0900_ai_ci
2026-02-25T16:57:20.631210+00:00 sakila	nicer_but_slower_film_list	rating	utf8mb4_0900_ai_ci
2026-02-25T16:57:20.636111+00:00 sakila	nicer_but_slower_film_list	title	utf8mb4_0900_ai_ci
2026-02-25T16:57:20.639835+00:00 sakila	sales_by_film_category	category	utf8mb4_0900_ai_ci
2026-02-25T16:57:20.644375+00:00 sakila	sales_by_store	manager	utf8mb4_0900_ai_ci
2026-02-25T16:57:20.648639+00:00 sakila	sales_by_store	store	utf8mb4_0900_ai_ci
2026-02-25T16:57:20.652824+00:00 sakila	staff	email	utf8mb4_0900_ai_ci
2026-02-25T16:57:20.658250+00:00 sakila	staff	first_name	utf8mb4_0900_ai_ci
2026-02-25T16:57:20.663677+00:00 sakila	staff	last_name	utf8mb4_0900_ai_ci
2026-02-25T16:57:20.670341+00:00 sakila	staff	username	utf8mb4_0900_ai_ci
2026-02-25T16:57:20.681549+00:00 sakila	staff_list	address	utf8mb4_0900_ai_ci
2026-02-25T16:57:20.686751+00:00 sakila	staff_list	city	utf8mb4_0900_ai_ci
2026-02-25T16:57:20.691903+00:00 sakila	staff_list	country	utf8mb4_0900_ai_ci
2026-02-25T16:57:20.696332+00:00 ... (truncated; full output in artifacts/assess_20260225_165653/precheck/mysql8_column_collations.tsv)
2026-02-25T16:57:20.701486+00:00 
2026-02-25T16:57:20.705914+00:00 ---- sql_mode ----
2026-02-25T16:57:20.709525+00:00 ONLY_FULL_GROUP_BY,STRICT_TRANS_TABLES,NO_ZERO_IN_DATE,NO_ZERO_DATE,ERROR_FOR_DIVISION_BY_ZERO,NO_ENGINE_SUBSTITUTION
2026-02-25T16:57:20.716769+00:00 
2026-02-25T16:57:20.723035+00:00 ---- definers_inventory ----
2026-02-25T16:57:20.726999+00:00 TRIGGER	root@localhost	6
2026-02-25T16:57:20.731673+00:00 VIEW	root@localhost	7
2026-02-25T16:57:20.735741+00:00 
2026-02-25T16:57:20.741626+00:00 ---- partitioned_tables ----
2026-02-25T16:57:20.746277+00:00 (no rows)
2026-02-25T16:57:20.751001+00:00 
2026-02-25T16:57:20.757313+00:00 ---- active_plugins ----
2026-02-25T16:57:20.761643+00:00 ARCHIVE	ACTIVE
2026-02-25T16:57:20.766580+00:00 auth_socket	ACTIVE
2026-02-25T16:57:20.771340+00:00 binlog	ACTIVE
2026-02-25T16:57:20.775270+00:00 BLACKHOLE	ACTIVE
2026-02-25T16:57:20.780636+00:00 caching_sha2_password	ACTIVE
2026-02-25T16:57:20.788289+00:00 CSV	ACTIVE
2026-02-25T16:57:20.793858+00:00 daemon_keyring_proxy_plugin	ACTIVE
2026-02-25T16:57:20.797849+00:00 InnoDB	ACTIVE
2026-02-25T16:57:20.802172+00:00 INNODB_BUFFER_PAGE	ACTIVE
2026-02-25T16:57:20.807392+00:00 INNODB_BUFFER_PAGE_LRU	ACTIVE
2026-02-25T16:57:20.812067+00:00 INNODB_BUFFER_POOL_STATS	ACTIVE
2026-02-25T16:57:20.817044+00:00 INNODB_CACHED_INDEXES	ACTIVE
2026-02-25T16:57:20.820998+00:00 INNODB_CMP	ACTIVE
2026-02-25T16:57:20.826307+00:00 INNODB_CMPMEM	ACTIVE
2026-02-25T16:57:20.832496+00:00 INNODB_CMPMEM_RESET	ACTIVE
2026-02-25T16:57:20.838013+00:00 INNODB_CMP_PER_INDEX	ACTIVE
2026-02-25T16:57:20.843321+00:00 INNODB_CMP_PER_INDEX_RESET	ACTIVE
2026-02-25T16:57:20.849061+00:00 INNODB_CMP_RESET	ACTIVE
2026-02-25T16:57:20.854002+00:00 INNODB_COLUMNS	ACTIVE
2026-02-25T16:57:20.859991+00:00 INNODB_FT_BEING_DELETED	ACTIVE
2026-02-25T16:57:20.866135+00:00 INNODB_FT_CONFIG	ACTIVE
2026-02-25T16:57:20.871210+00:00 INNODB_FT_DEFAULT_STOPWORD	ACTIVE
2026-02-25T16:57:20.876675+00:00 INNODB_FT_DELETED	ACTIVE
2026-02-25T16:57:20.886950+00:00 INNODB_FT_INDEX_CACHE	ACTIVE
2026-02-25T16:57:20.892772+00:00 INNODB_FT_INDEX_TABLE	ACTIVE
2026-02-25T16:57:20.898543+00:00 INNODB_INDEXES	ACTIVE
2026-02-25T16:57:20.904878+00:00 INNODB_METRICS	ACTIVE
2026-02-25T16:57:20.918111+00:00 INNODB_SESSION_TEMP_TABLESPACES	ACTIVE
2026-02-25T16:57:20.925302+00:00 INNODB_TABLES	ACTIVE
2026-02-25T16:57:20.931428+00:00 INNODB_TABLESPACES	ACTIVE
2026-02-25T16:57:20.936782+00:00 INNODB_TABLESTATS	ACTIVE
2026-02-25T16:57:20.943494+00:00 INNODB_TEMP_TABLE_INFO	ACTIVE
2026-02-25T16:57:20.948735+00:00 INNODB_TRX	ACTIVE
2026-02-25T16:57:20.954934+00:00 INNODB_VIRTUAL	ACTIVE
2026-02-25T16:57:20.960323+00:00 MEMORY	ACTIVE
2026-02-25T16:57:20.966674+00:00 MRG_MYISAM	ACTIVE
2026-02-25T16:57:20.970796+00:00 MyISAM	ACTIVE
2026-02-25T16:57:20.975359+00:00 mysqlx	ACTIVE
2026-02-25T16:57:20.979764+00:00 mysqlx_cache_cleaner	ACTIVE
2026-02-25T16:57:20.984850+00:00 mysql_native_password	ACTIVE
2026-02-25T16:57:20.989059+00:00 ngram	ACTIVE
2026-02-25T16:57:20.996431+00:00 PERFORMANCE_SCHEMA	ACTIVE
2026-02-25T16:57:21.000908+00:00 sha256_password	ACTIVE
2026-02-25T16:57:21.005497+00:00 sha2_cache_cleaner	ACTIVE
2026-02-25T16:57:21.010051+00:00 TempTable	ACTIVE
2026-02-25T16:57:21.014679+00:00 
2026-02-25T16:57:21.020711+00:00 ---- functional_indexes ----
2026-02-25T16:57:21.026887+00:00 (no rows)
2026-02-25T16:57:21.031476+00:00 
2026-02-25T16:57:21.037014+00:00 ---- functional_defaults ----
2026-02-25T16:57:21.043803+00:00 (no rows)
2026-02-25T16:57:21.049868+00:00 
2026-02-25T16:57:21.057563+00:00 ---- invisible_columns ----
2026-02-25T16:57:21.063152+00:00 (no rows)
2026-02-25T16:57:21.069263+00:00 
2026-02-25T16:57:21.074773+00:00 ---- check_constraints ----
2026-02-25T16:57:21.080374+00:00 (no rows)
2026-02-25T16:57:21.085745+00:00 
2026-02-25T16:57:21.095564+00:00 ---- partial_revokes ----
2026-02-25T16:57:21.104549+00:00 (no rows)
2026-02-25T16:57:21.108915+00:00 
2026-02-25T16:57:21.112939+00:00 ---- gis_srid_usage ----
2026-02-25T16:57:21.117005+00:00 sakila	address	location	0
2026-02-25T16:57:21.121255+00:00 
2026-02-25T16:57:21.126563+00:00 ---- resource_groups ----
2026-02-25T16:57:21.140621+00:00 USR_default	USER	1	0-9	0
2026-02-25T16:57:21.146257+00:00 SYS_default	SYSTEM	1	0-9	0
2026-02-25T16:57:21.151125+00:00 
2026-02-25T16:57:21.157498+00:00 ---- xplugin_status ----
2026-02-25T16:57:21.162859+00:00 mysqlx	ACTIVE
2026-02-25T16:57:21.168895+00:00 
2026-02-25T16:57:21.177633+00:00 ---- fk_name_lengths ----
2026-02-25T16:57:21.183986+00:00 (no rows)
2026-02-25T16:57:21.189925+00:00 
2026-02-25T16:57:21.195379+00:00 ---- trigger_order ----
2026-02-25T16:57:21.199458+00:00 (no rows)
2026-02-25T16:57:21.205140+00:00 
2026-02-25T16:57:21.211679+00:00 Precheck complete.
2026-02-25T16:57:21.216511+00:00 TSV outputs: artifacts/assess_20260225_165653/precheck/*.tsv
2026-02-25T16:57:22.249960+00:00 FINISH success=True message=Assessment passed. Ready to plan/run.
