2026-02-12T09:02:25.067488+00:00 START mode=assessment config=config/source.yaml
2026-02-12T09:02:25.067878+00:00 RUN precheck -> /Users/balajin/Documents/GitHub/Mysql-to-MariaDB-Migration/scripts/00_precheck.sh
2026-02-12T09:02:25.955107+00:00 == Precheck runner ==
2026-02-12T09:02:25.955286+00:00 Host: 127.0.0.1  Port: 3306  User: root
2026-02-12T09:02:25.955327+00:00 Checks dir: /Users/balajin/Documents/GitHub/Mysql-to-MariaDB-Migration/sql/checks
2026-02-12T09:02:25.955357+00:00 Outdir: artifacts/assess_20260212_143224/precheck
2026-02-12T09:02:25.955383+00:00 
2026-02-12T09:02:25.955410+00:00 NOTE: mariadb-migrate-config-file not found; skipping config check.
2026-02-12T09:02:25.955436+00:00 ---- mysql_version ----
2026-02-12T09:02:25.955459+00:00 8.4.8
2026-02-12T09:02:25.955482+00:00 
2026-02-12T09:02:25.955507+00:00 ---- innodb_settings ----
2026-02-12T09:02:25.955529+00:00 1	1
2026-02-12T09:02:25.955551+00:00 
2026-02-12T09:02:25.955573+00:00 ---- auth_plugins ----
2026-02-12T09:02:25.955595+00:00 migrate	%	caching_sha2_password
2026-02-12T09:02:25.955617+00:00 migrate	192.168.64.2	caching_sha2_password
2026-02-12T09:02:25.955639+00:00 packer	%	caching_sha2_password
2026-02-12T09:02:25.955682+00:00 root	localhost	caching_sha2_password
2026-02-12T09:02:25.955708+00:00 
2026-02-12T09:02:25.955734+00:00 ---- json_columns ----
2026-02-12T09:02:25.955756+00:00 testdb	orders_json	data_json	json
2026-02-12T09:02:25.955778+00:00 
2026-02-12T09:02:25.955800+00:00 ---- compression_encryption ----
2026-02-12T09:02:25.955823+00:00 (no rows)
2026-02-12T09:02:25.955845+00:00 
2026-02-12T09:02:25.955878+00:00 ---- engines_summary ----
2026-02-12T09:02:25.955900+00:00 PERFORMANCE_SCHEMA	113
2026-02-12T09:02:25.955923+00:00 InnoDB	65
2026-02-12T09:02:25.955944+00:00 CSV	2
2026-02-12T09:02:25.955966+00:00 
2026-02-12T09:02:25.955987+00:00 ---- schema_sizes ----
2026-02-12T09:02:25.956009+00:00 testdb	38.56
2026-02-12T09:02:25.956029+00:00 sakila	6.45
2026-02-12T09:02:25.956050+00:00 mysql	2.61
2026-02-12T09:02:25.956071+00:00 world	0.77
2026-02-12T09:02:25.956092+00:00 classicmodels	0.50
2026-02-12T09:02:25.956113+00:00 sys	0.02
2026-02-12T09:02:25.956134+00:00 information_schema	0.00
2026-02-12T09:02:25.956157+00:00 performance_schema	0.00
2026-02-12T09:02:25.956178+00:00 
2026-02-12T09:02:25.956199+00:00 ---- schema_charsets ----
2026-02-12T09:02:25.956220+00:00 classicmodels	latin1	latin1_swedish_ci
2026-02-12T09:02:25.956246+00:00 sakila	utf8mb4	utf8mb4_0900_ai_ci
2026-02-12T09:02:25.956276+00:00 testdb	utf8mb4	utf8mb4_0900_ai_ci
2026-02-12T09:02:25.956310+00:00 world	utf8mb4	utf8mb4_0900_ai_ci
2026-02-12T09:02:25.956347+00:00 
2026-02-12T09:02:25.956385+00:00 ---- mysql8_collations ----
2026-02-12T09:02:25.956423+00:00 sakila	actor	utf8mb4_0900_ai_ci
2026-02-12T09:02:25.956465+00:00 sakila	address	utf8mb4_0900_ai_ci
2026-02-12T09:02:25.956501+00:00 sakila	category	utf8mb4_0900_ai_ci
2026-02-12T09:02:25.956534+00:00 sakila	city	utf8mb4_0900_ai_ci
2026-02-12T09:02:25.956568+00:00 sakila	country	utf8mb4_0900_ai_ci
2026-02-12T09:02:25.956604+00:00 sakila	customer	utf8mb4_0900_ai_ci
2026-02-12T09:02:25.956631+00:00 sakila	film	utf8mb4_0900_ai_ci
2026-02-12T09:02:25.956653+00:00 sakila	film_actor	utf8mb4_0900_ai_ci
2026-02-12T09:02:25.956674+00:00 sakila	film_category	utf8mb4_0900_ai_ci
2026-02-12T09:02:25.956708+00:00 sakila	film_text	utf8mb4_0900_ai_ci
2026-02-12T09:02:25.956731+00:00 sakila	inventory	utf8mb4_0900_ai_ci
2026-02-12T09:02:25.956752+00:00 sakila	language	utf8mb4_0900_ai_ci
2026-02-12T09:02:25.956773+00:00 sakila	payment	utf8mb4_0900_ai_ci
2026-02-12T09:02:25.956807+00:00 sakila	rental	utf8mb4_0900_ai_ci
2026-02-12T09:02:25.956831+00:00 sakila	staff	utf8mb4_0900_ai_ci
2026-02-12T09:02:25.956857+00:00 sakila	store	utf8mb4_0900_ai_ci
2026-02-12T09:02:25.956884+00:00 testdb	orders_json	utf8mb4_0900_ai_ci
2026-02-12T09:02:25.956907+00:00 world	city	utf8mb4_0900_ai_ci
2026-02-12T09:02:25.956929+00:00 world	country	utf8mb4_0900_ai_ci
2026-02-12T09:02:25.956965+00:00 world	countrylanguage	utf8mb4_0900_ai_ci
2026-02-12T09:02:25.956989+00:00 
2026-02-12T09:02:25.957030+00:00 ---- mysql8_column_collations ----
2026-02-12T09:02:25.957053+00:00 sakila	actor	first_name	utf8mb4_0900_ai_ci
2026-02-12T09:02:25.957077+00:00 sakila	actor	last_name	utf8mb4_0900_ai_ci
2026-02-12T09:02:25.957099+00:00 sakila	actor_info	film_info	utf8mb4_0900_ai_ci
2026-02-12T09:02:25.957120+00:00 sakila	actor_info	first_name	utf8mb4_0900_ai_ci
2026-02-12T09:02:25.957141+00:00 sakila	actor_info	last_name	utf8mb4_0900_ai_ci
2026-02-12T09:02:25.957162+00:00 sakila	address	address	utf8mb4_0900_ai_ci
2026-02-12T09:02:25.957185+00:00 sakila	address	address2	utf8mb4_0900_ai_ci
2026-02-12T09:02:25.957208+00:00 sakila	address	district	utf8mb4_0900_ai_ci
2026-02-12T09:02:25.957230+00:00 sakila	address	phone	utf8mb4_0900_ai_ci
2026-02-12T09:02:25.957256+00:00 sakila	address	postal_code	utf8mb4_0900_ai_ci
2026-02-12T09:02:25.957276+00:00 sakila	category	name	utf8mb4_0900_ai_ci
2026-02-12T09:02:25.957297+00:00 sakila	city	city	utf8mb4_0900_ai_ci
2026-02-12T09:02:25.957318+00:00 sakila	country	country	utf8mb4_0900_ai_ci
2026-02-12T09:02:25.957339+00:00 sakila	customer	email	utf8mb4_0900_ai_ci
2026-02-12T09:02:25.957359+00:00 sakila	customer	first_name	utf8mb4_0900_ai_ci
2026-02-12T09:02:25.957381+00:00 sakila	customer	last_name	utf8mb4_0900_ai_ci
2026-02-12T09:02:25.957402+00:00 sakila	customer_list	address	utf8mb4_0900_ai_ci
2026-02-12T09:02:25.957445+00:00 sakila	customer_list	city	utf8mb4_0900_ai_ci
2026-02-12T09:02:25.957505+00:00 sakila	customer_list	country	utf8mb4_0900_ai_ci
2026-02-12T09:02:25.957539+00:00 sakila	customer_list	name	utf8mb4_0900_ai_ci
2026-02-12T09:02:25.957571+00:00 sakila	customer_list	notes	utf8mb4_0900_ai_ci
2026-02-12T09:02:25.957599+00:00 sakila	customer_list	phone	utf8mb4_0900_ai_ci
2026-02-12T09:02:25.957623+00:00 sakila	customer_list	zip code	utf8mb4_0900_ai_ci
2026-02-12T09:02:25.957648+00:00 sakila	film	description	utf8mb4_0900_ai_ci
2026-02-12T09:02:25.957671+00:00 sakila	film	rating	utf8mb4_0900_ai_ci
2026-02-12T09:02:25.957694+00:00 sakila	film	special_features	utf8mb4_0900_ai_ci
2026-02-12T09:02:25.957717+00:00 sakila	film	title	utf8mb4_0900_ai_ci
2026-02-12T09:02:25.957741+00:00 sakila	film_list	actors	utf8mb4_0900_ai_ci
2026-02-12T09:02:25.957768+00:00 sakila	film_list	category	utf8mb4_0900_ai_ci
2026-02-12T09:02:25.957792+00:00 sakila	film_list	description	utf8mb4_0900_ai_ci
2026-02-12T09:02:25.957817+00:00 sakila	film_list	rating	utf8mb4_0900_ai_ci
2026-02-12T09:02:25.957842+00:00 sakila	film_list	title	utf8mb4_0900_ai_ci
2026-02-12T09:02:25.957865+00:00 sakila	film_text	description	utf8mb4_0900_ai_ci
2026-02-12T09:02:25.957887+00:00 sakila	film_text	title	utf8mb4_0900_ai_ci
2026-02-12T09:02:25.957913+00:00 sakila	language	name	utf8mb4_0900_ai_ci
2026-02-12T09:02:25.957939+00:00 sakila	nicer_but_slower_film_list	actors	utf8mb4_0900_ai_ci
2026-02-12T09:02:25.957962+00:00 sakila	nicer_but_slower_film_list	category	utf8mb4_0900_ai_ci
2026-02-12T09:02:25.957988+00:00 sakila	nicer_but_slower_film_list	description	utf8mb4_0900_ai_ci
2026-02-12T09:02:25.958011+00:00 sakila	nicer_but_slower_film_list	rating	utf8mb4_0900_ai_ci
2026-02-12T09:02:25.958033+00:00 sakila	nicer_but_slower_film_list	title	utf8mb4_0900_ai_ci
2026-02-12T09:02:25.958056+00:00 sakila	sales_by_film_category	category	utf8mb4_0900_ai_ci
2026-02-12T09:02:25.958097+00:00 sakila	sales_by_store	manager	utf8mb4_0900_ai_ci
2026-02-12T09:02:25.958142+00:00 sakila	sales_by_store	store	utf8mb4_0900_ai_ci
2026-02-12T09:02:25.958173+00:00 sakila	staff	email	utf8mb4_0900_ai_ci
2026-02-12T09:02:25.958200+00:00 sakila	staff	first_name	utf8mb4_0900_ai_ci
2026-02-12T09:02:25.958225+00:00 sakila	staff	last_name	utf8mb4_0900_ai_ci
2026-02-12T09:02:25.958250+00:00 sakila	staff	username	utf8mb4_0900_ai_ci
2026-02-12T09:02:25.958275+00:00 sakila	staff_list	address	utf8mb4_0900_ai_ci
2026-02-12T09:02:25.958299+00:00 sakila	staff_list	city	utf8mb4_0900_ai_ci
2026-02-12T09:02:25.958328+00:00 sakila	staff_list	country	utf8mb4_0900_ai_ci
2026-02-12T09:02:25.958354+00:00 ... (truncated; full output in artifacts/assess_20260212_143224/precheck/mysql8_column_collations.tsv)
2026-02-12T09:02:25.958394+00:00 
2026-02-12T09:02:25.958419+00:00 ---- sql_mode ----
2026-02-12T09:02:25.958446+00:00 ONLY_FULL_GROUP_BY,STRICT_TRANS_TABLES,NO_ZERO_IN_DATE,NO_ZERO_DATE,ERROR_FOR_DIVISION_BY_ZERO,NO_ENGINE_SUBSTITUTION
2026-02-12T09:02:25.958471+00:00 
2026-02-12T09:02:25.958510+00:00 ---- definers_inventory ----
2026-02-12T09:02:25.958547+00:00 ROUTINE	root@localhost	6
2026-02-12T09:02:25.958574+00:00 TRIGGER	root@localhost	6
2026-02-12T09:02:25.958604+00:00 VIEW	root@localhost	7
2026-02-12T09:02:25.958630+00:00 
2026-02-12T09:02:25.958653+00:00 ---- partitioned_tables ----
2026-02-12T09:02:25.958677+00:00 (no rows)
2026-02-12T09:02:25.958701+00:00 
2026-02-12T09:02:25.958727+00:00 ---- active_plugins ----
2026-02-12T09:02:25.958751+00:00 ARCHIVE	ACTIVE
2026-02-12T09:02:25.958773+00:00 binlog	ACTIVE
2026-02-12T09:02:25.958795+00:00 BLACKHOLE	ACTIVE
2026-02-12T09:02:25.958818+00:00 caching_sha2_password	ACTIVE
2026-02-12T09:02:25.958840+00:00 CSV	ACTIVE
2026-02-12T09:02:25.958869+00:00 daemon_keyring_proxy_plugin	ACTIVE
2026-02-12T09:02:25.958892+00:00 InnoDB	ACTIVE
2026-02-12T09:02:25.958926+00:00 INNODB_BUFFER_PAGE	ACTIVE
2026-02-12T09:02:25.958947+00:00 INNODB_BUFFER_PAGE_LRU	ACTIVE
2026-02-12T09:02:25.958968+00:00 INNODB_BUFFER_POOL_STATS	ACTIVE
2026-02-12T09:02:25.958989+00:00 INNODB_CACHED_INDEXES	ACTIVE
2026-02-12T09:02:25.959011+00:00 INNODB_CMP	ACTIVE
2026-02-12T09:02:25.959032+00:00 INNODB_CMPMEM	ACTIVE
2026-02-12T09:02:25.959056+00:00 INNODB_CMPMEM_RESET	ACTIVE
2026-02-12T09:02:25.959077+00:00 INNODB_CMP_PER_INDEX	ACTIVE
2026-02-12T09:02:25.959102+00:00 INNODB_CMP_PER_INDEX_RESET	ACTIVE
2026-02-12T09:02:25.959123+00:00 INNODB_CMP_RESET	ACTIVE
2026-02-12T09:02:25.959145+00:00 INNODB_COLUMNS	ACTIVE
2026-02-12T09:02:25.959168+00:00 INNODB_FT_BEING_DELETED	ACTIVE
2026-02-12T09:02:25.959197+00:00 INNODB_FT_CONFIG	ACTIVE
2026-02-12T09:02:25.959223+00:00 INNODB_FT_DEFAULT_STOPWORD	ACTIVE
2026-02-12T09:02:25.959245+00:00 INNODB_FT_DELETED	ACTIVE
2026-02-12T09:02:25.959270+00:00 INNODB_FT_INDEX_CACHE	ACTIVE
2026-02-12T09:02:25.959294+00:00 INNODB_FT_INDEX_TABLE	ACTIVE
2026-02-12T09:02:25.959315+00:00 INNODB_INDEXES	ACTIVE
2026-02-12T09:02:25.959336+00:00 INNODB_METRICS	ACTIVE
2026-02-12T09:02:25.959357+00:00 INNODB_SESSION_TEMP_TABLESPACES	ACTIVE
2026-02-12T09:02:25.959379+00:00 INNODB_TABLES	ACTIVE
2026-02-12T09:02:25.959399+00:00 INNODB_TABLESPACES	ACTIVE
2026-02-12T09:02:25.959423+00:00 INNODB_TABLESTATS	ACTIVE
2026-02-12T09:02:25.959444+00:00 INNODB_TEMP_TABLE_INFO	ACTIVE
2026-02-12T09:02:25.959466+00:00 INNODB_TRX	ACTIVE
2026-02-12T09:02:25.959496+00:00 INNODB_VIRTUAL	ACTIVE
2026-02-12T09:02:25.959519+00:00 MEMORY	ACTIVE
2026-02-12T09:02:25.959545+00:00 MRG_MYISAM	ACTIVE
2026-02-12T09:02:25.959569+00:00 MyISAM	ACTIVE
2026-02-12T09:02:25.959590+00:00 mysqlx	ACTIVE
2026-02-12T09:02:25.959611+00:00 mysqlx_cache_cleaner	ACTIVE
2026-02-12T09:02:25.959633+00:00 ngram	ACTIVE
2026-02-12T09:02:25.959654+00:00 PERFORMANCE_SCHEMA	ACTIVE
2026-02-12T09:02:25.959675+00:00 sha256_password	ACTIVE
2026-02-12T09:02:25.959695+00:00 sha2_cache_cleaner	ACTIVE
2026-02-12T09:02:25.959716+00:00 TempTable	ACTIVE
2026-02-12T09:02:25.959737+00:00 
2026-02-12T09:02:25.959758+00:00 ---- functional_indexes ----
2026-02-12T09:02:25.959779+00:00 (no rows)
2026-02-12T09:02:25.959801+00:00 
2026-02-12T09:02:25.959821+00:00 ---- functional_defaults ----
2026-02-12T09:02:25.959842+00:00 (no rows)
2026-02-12T09:02:25.959862+00:00 
2026-02-12T09:02:25.959883+00:00 ---- invisible_columns ----
2026-02-12T09:02:25.959903+00:00 (no rows)
2026-02-12T09:02:25.959924+00:00 
2026-02-12T09:02:25.959945+00:00 ---- check_constraints ----
2026-02-12T09:02:25.959965+00:00 (no rows)
2026-02-12T09:02:25.959986+00:00 
2026-02-12T09:02:25.960006+00:00 ---- partial_revokes ----
2026-02-12T09:02:25.960026+00:00 (no rows)
2026-02-12T09:02:25.960046+00:00 
2026-02-12T09:02:25.960064+00:00 ---- gis_srid_usage ----
2026-02-12T09:02:25.960083+00:00 sakila	address	location	0
2026-02-12T09:02:25.960103+00:00 
2026-02-12T09:02:25.960134+00:00 ---- resource_groups ----
2026-02-12T09:02:25.960154+00:00 (no rows)
2026-02-12T09:02:25.960173+00:00 
2026-02-12T09:02:25.960193+00:00 ---- xplugin_status ----
2026-02-12T09:02:25.960213+00:00 mysqlx	ACTIVE
2026-02-12T09:02:25.960234+00:00 
2026-02-12T09:02:25.960253+00:00 ---- fk_name_lengths ----
2026-02-12T09:02:25.960272+00:00 (no rows)
2026-02-12T09:02:25.960291+00:00 
2026-02-12T09:02:25.960313+00:00 ---- trigger_order ----
2026-02-12T09:02:25.960337+00:00 (no rows)
2026-02-12T09:02:25.960366+00:00 
2026-02-12T09:02:25.960391+00:00 Precheck complete.
2026-02-12T09:02:25.960412+00:00 TSV outputs: artifacts/assess_20260212_143224/precheck/*.tsv
2026-02-12T09:02:25.961368+00:00 FINISH success=True message=Assessment passed. Ready to plan/run.
