2026-02-15T18:00:50.138717+00:00 START mode=run config=config/migration.yaml
2026-02-15T18:00:50.219105+00:00 RUN  preflight_two_step (Preflight checks (two_step)) -> scripts/00_preflight_two_step.sh
2026-02-15T18:00:50.226292+00:00 CMD /mnt/macshare/scripts/00_preflight_two_step.sh
2026-02-15T18:00:50.267548+00:00 OUT ==> Preflight checks (two_step)
2026-02-15T18:00:50.280622+00:00 OUT Checking source connectivity...
2026-02-15T18:00:50.566610+00:00 OUT Checking source migration user connectivity...
2026-02-15T18:00:50.824486+00:00 OUT Checking target migration user connectivity...
2026-02-15T18:00:51.525222+00:00 OUT WARNING: option --ssl-verify-server-cert is disabled, because of an insecure passwordless login.
2026-02-15T18:00:51.548730+00:00 OUT sqldata found in PATH (OK).
2026-02-15T18:00:51.556146+00:00 OUT Preflight complete.
2026-02-15T18:00:51.581609+00:00 RUN  precheck (Precheck source variables and blockers) -> scripts/00_precheck.sh
2026-02-15T18:00:51.588894+00:00 CMD /mnt/macshare/scripts/00_precheck.sh
2026-02-15T18:00:51.680503+00:00 OUT == Precheck runner ==
2026-02-15T18:00:51.716567+00:00 OUT Host: 192.168.64.7  Port: 3306  User: admin
2026-02-15T18:00:51.754616+00:00 OUT Checks dir: /mnt/macshare/sql/checks
2026-02-15T18:00:51.782494+00:00 OUT Outdir: /mnt/macshare/artifacts/precheck
2026-02-15T18:00:51.806449+00:00 OUT 
2026-02-15T18:00:51.837276+00:00 OUT NOTE: mariadb-migrate-config-file not found; skipping config check.
2026-02-15T18:00:51.883778+00:00 OUT ---- mysql_version ----
2026-02-15T18:00:52.218864+00:00 OUT 8.0.45-0ubuntu0.24.04.1
2026-02-15T18:00:52.263260+00:00 OUT 
2026-02-15T18:00:52.301242+00:00 OUT ---- innodb_settings ----
2026-02-15T18:00:52.612583+00:00 OUT 1	1
2026-02-15T18:00:52.662472+00:00 OUT 
2026-02-15T18:00:52.705616+00:00 OUT ---- auth_plugins ----
2026-02-15T18:00:53.003703+00:00 OUT admin	%	caching_sha2_password
2026-02-15T18:00:53.011503+00:00 OUT admin	192.168.64.3	caching_sha2_password
2026-02-15T18:00:53.020044+00:00 OUT admin	192.168.64.7	caching_sha2_password
2026-02-15T18:00:53.029004+00:00 OUT admin	localhost	caching_sha2_password
2026-02-15T18:00:53.032866+00:00 OUT debian-sys-maint	localhost	caching_sha2_password
2026-02-15T18:00:53.039223+00:00 OUT migrate	%	caching_sha2_password
2026-02-15T18:00:53.061326+00:00 OUT 
2026-02-15T18:00:53.100194+00:00 OUT ---- json_columns ----
2026-02-15T18:00:53.401580+00:00 OUT testdb	orders_json	data_json	json
2026-02-15T18:00:53.445972+00:00 OUT 
2026-02-15T18:00:53.484539+00:00 OUT ---- compression_encryption ----
2026-02-15T18:00:53.770792+00:00 OUT (no rows)
2026-02-15T18:00:53.794778+00:00 OUT 
2026-02-15T18:00:53.833223+00:00 OUT ---- engines_summary ----
2026-02-15T18:00:54.131886+00:00 OUT PERFORMANCE_SCHEMA	111
2026-02-15T18:00:54.139101+00:00 OUT InnoDB	56
2026-02-15T18:00:54.145952+00:00 OUT CSV	2
2026-02-15T18:00:54.177300+00:00 OUT 
2026-02-15T18:00:54.214170+00:00 OUT ---- schema_sizes ----
2026-02-15T18:00:54.520450+00:00 OUT testdb	38.56
2026-02-15T18:00:54.529645+00:00 OUT sakila	6.45
2026-02-15T18:00:54.540225+00:00 OUT mysql	2.70
2026-02-15T18:00:54.543996+00:00 OUT world	0.77
2026-02-15T18:00:54.555914+00:00 OUT sys	0.02
2026-02-15T18:00:54.570035+00:00 OUT information_schema	0.00
2026-02-15T18:00:54.578516+00:00 OUT performance_schema	0.00
2026-02-15T18:00:54.585684+00:00 OUT 
2026-02-15T18:00:54.623853+00:00 OUT ---- schema_charsets ----
2026-02-15T18:00:54.961919+00:00 OUT sakila	utf8mb4	utf8mb4_0900_ai_ci
2026-02-15T18:00:54.966596+00:00 OUT testdb	utf8mb4	utf8mb4_0900_ai_ci
2026-02-15T18:00:54.978139+00:00 OUT world	utf8mb4	utf8mb4_0900_ai_ci
2026-02-15T18:00:55.017790+00:00 OUT 
2026-02-15T18:00:55.061577+00:00 OUT ---- mysql8_collations ----
2026-02-15T18:00:55.372966+00:00 OUT sakila	actor	utf8mb4_0900_ai_ci
2026-02-15T18:00:55.378632+00:00 OUT sakila	address	utf8mb4_0900_ai_ci
2026-02-15T18:00:55.386178+00:00 OUT sakila	category	utf8mb4_0900_ai_ci
2026-02-15T18:00:55.391675+00:00 OUT sakila	city	utf8mb4_0900_ai_ci
2026-02-15T18:00:55.397286+00:00 OUT sakila	country	utf8mb4_0900_ai_ci
2026-02-15T18:00:55.402738+00:00 OUT sakila	customer	utf8mb4_0900_ai_ci
2026-02-15T18:00:55.409511+00:00 OUT sakila	film	utf8mb4_0900_ai_ci
2026-02-15T18:00:55.415358+00:00 OUT sakila	film_actor	utf8mb4_0900_ai_ci
2026-02-15T18:00:55.422016+00:00 OUT sakila	film_category	utf8mb4_0900_ai_ci
2026-02-15T18:00:55.430090+00:00 OUT sakila	film_text	utf8mb4_0900_ai_ci
2026-02-15T18:00:55.433960+00:00 OUT sakila	inventory	utf8mb4_0900_ai_ci
2026-02-15T18:00:55.437406+00:00 OUT sakila	language	utf8mb4_0900_ai_ci
2026-02-15T18:00:55.442982+00:00 OUT sakila	payment	utf8mb4_0900_ai_ci
2026-02-15T18:00:55.449212+00:00 OUT sakila	rental	utf8mb4_0900_ai_ci
2026-02-15T18:00:55.453425+00:00 OUT sakila	staff	utf8mb4_0900_ai_ci
2026-02-15T18:00:55.457556+00:00 OUT sakila	store	utf8mb4_0900_ai_ci
2026-02-15T18:00:55.461583+00:00 OUT testdb	orders_json	utf8mb4_0900_ai_ci
2026-02-15T18:00:55.465785+00:00 OUT world	city	utf8mb4_0900_ai_ci
2026-02-15T18:00:55.470784+00:00 OUT world	country	utf8mb4_0900_ai_ci
2026-02-15T18:00:55.478941+00:00 OUT world	countrylanguage	utf8mb4_0900_ai_ci
2026-02-15T18:00:55.483438+00:00 OUT 
2026-02-15T18:00:55.495784+00:00 OUT ---- mysql8_column_collations ----
2026-02-15T18:00:55.801653+00:00 OUT sakila	actor	first_name	utf8mb4_0900_ai_ci
2026-02-15T18:00:55.809285+00:00 OUT sakila	actor	last_name	utf8mb4_0900_ai_ci
2026-02-15T18:00:55.813651+00:00 OUT sakila	actor_info	film_info	utf8mb4_0900_ai_ci
2026-02-15T18:00:55.819749+00:00 OUT sakila	actor_info	first_name	utf8mb4_0900_ai_ci
2026-02-15T18:00:55.823590+00:00 OUT sakila	actor_info	last_name	utf8mb4_0900_ai_ci
2026-02-15T18:00:55.827279+00:00 OUT sakila	address	address	utf8mb4_0900_ai_ci
2026-02-15T18:00:55.832370+00:00 OUT sakila	address	address2	utf8mb4_0900_ai_ci
2026-02-15T18:00:55.836525+00:00 OUT sakila	address	district	utf8mb4_0900_ai_ci
2026-02-15T18:00:55.842762+00:00 OUT sakila	address	phone	utf8mb4_0900_ai_ci
2026-02-15T18:00:55.849365+00:00 OUT sakila	address	postal_code	utf8mb4_0900_ai_ci
2026-02-15T18:00:55.856111+00:00 OUT sakila	category	name	utf8mb4_0900_ai_ci
2026-02-15T18:00:55.861814+00:00 OUT sakila	city	city	utf8mb4_0900_ai_ci
2026-02-15T18:00:55.866139+00:00 OUT sakila	country	country	utf8mb4_0900_ai_ci
2026-02-15T18:00:55.869534+00:00 OUT sakila	customer	email	utf8mb4_0900_ai_ci
2026-02-15T18:00:55.873965+00:00 OUT sakila	customer	first_name	utf8mb4_0900_ai_ci
2026-02-15T18:00:55.882438+00:00 OUT sakila	customer	last_name	utf8mb4_0900_ai_ci
2026-02-15T18:00:55.886740+00:00 OUT sakila	customer_list	address	utf8mb4_0900_ai_ci
2026-02-15T18:00:55.890974+00:00 OUT sakila	customer_list	city	utf8mb4_0900_ai_ci
2026-02-15T18:00:55.895890+00:00 OUT sakila	customer_list	country	utf8mb4_0900_ai_ci
2026-02-15T18:00:55.900634+00:00 OUT sakila	customer_list	name	utf8mb4_0900_ai_ci
2026-02-15T18:00:55.904432+00:00 OUT sakila	customer_list	notes	utf8mb4_0900_ai_ci
2026-02-15T18:00:55.909120+00:00 OUT sakila	customer_list	phone	utf8mb4_0900_ai_ci
2026-02-15T18:00:55.919024+00:00 OUT sakila	customer_list	zip code	utf8mb4_0900_ai_ci
2026-02-15T18:00:55.924046+00:00 OUT sakila	film	description	utf8mb4_0900_ai_ci
2026-02-15T18:00:55.930479+00:00 OUT sakila	film	rating	utf8mb4_0900_ai_ci
2026-02-15T18:00:55.935441+00:00 OUT sakila	film	special_features	utf8mb4_0900_ai_ci
2026-02-15T18:00:55.940563+00:00 OUT sakila	film	title	utf8mb4_0900_ai_ci
2026-02-15T18:00:55.946373+00:00 OUT sakila	film_list	actors	utf8mb4_0900_ai_ci
2026-02-15T18:00:55.950590+00:00 OUT sakila	film_list	category	utf8mb4_0900_ai_ci
2026-02-15T18:00:55.956182+00:00 OUT sakila	film_list	description	utf8mb4_0900_ai_ci
2026-02-15T18:00:55.960984+00:00 OUT sakila	film_list	rating	utf8mb4_0900_ai_ci
2026-02-15T18:00:55.965077+00:00 OUT sakila	film_list	title	utf8mb4_0900_ai_ci
2026-02-15T18:00:55.969390+00:00 OUT sakila	film_text	description	utf8mb4_0900_ai_ci
2026-02-15T18:00:55.974799+00:00 OUT sakila	film_text	title	utf8mb4_0900_ai_ci
2026-02-15T18:00:55.979415+00:00 OUT sakila	language	name	utf8mb4_0900_ai_ci
2026-02-15T18:00:55.986198+00:00 OUT sakila	nicer_but_slower_film_list	actors	utf8mb4_0900_ai_ci
2026-02-15T18:00:55.990791+00:00 OUT sakila	nicer_but_slower_film_list	category	utf8mb4_0900_ai_ci
2026-02-15T18:00:55.996664+00:00 OUT sakila	nicer_but_slower_film_list	description	utf8mb4_0900_ai_ci
2026-02-15T18:00:55.999444+00:00 OUT sakila	nicer_but_slower_film_list	rating	utf8mb4_0900_ai_ci
2026-02-15T18:00:56.003408+00:00 OUT sakila	nicer_but_slower_film_list	title	utf8mb4_0900_ai_ci
2026-02-15T18:00:56.007365+00:00 OUT sakila	sales_by_film_category	category	utf8mb4_0900_ai_ci
2026-02-15T18:00:56.010317+00:00 OUT sakila	sales_by_store	manager	utf8mb4_0900_ai_ci
2026-02-15T18:00:56.014664+00:00 OUT sakila	sales_by_store	store	utf8mb4_0900_ai_ci
2026-02-15T18:00:56.019889+00:00 OUT sakila	staff	email	utf8mb4_0900_ai_ci
2026-02-15T18:00:56.025323+00:00 OUT sakila	staff	first_name	utf8mb4_0900_ai_ci
2026-02-15T18:00:56.030558+00:00 OUT sakila	staff	last_name	utf8mb4_0900_ai_ci
2026-02-15T18:00:56.035224+00:00 OUT sakila	staff	username	utf8mb4_0900_ai_ci
2026-02-15T18:00:56.043228+00:00 OUT sakila	staff_list	address	utf8mb4_0900_ai_ci
2026-02-15T18:00:56.049302+00:00 OUT sakila	staff_list	city	utf8mb4_0900_ai_ci
2026-02-15T18:00:56.053362+00:00 OUT sakila	staff_list	country	utf8mb4_0900_ai_ci
2026-02-15T18:00:56.057888+00:00 OUT ... (truncated; full output in /mnt/macshare/artifacts/precheck/mysql8_column_collations.tsv)
2026-02-15T18:00:56.062127+00:00 OUT 
2026-02-15T18:00:56.068877+00:00 OUT ---- sql_mode ----
2026-02-15T18:00:56.305643+00:00 OUT ONLY_FULL_GROUP_BY,STRICT_TRANS_TABLES,NO_ZERO_IN_DATE,NO_ZERO_DATE,ERROR_FOR_DIVISION_BY_ZERO,NO_ENGINE_SUBSTITUTION
2026-02-15T18:00:56.347204+00:00 OUT 
2026-02-15T18:00:56.384084+00:00 OUT ---- definers_inventory ----
2026-02-15T18:00:56.671265+00:00 OUT TRIGGER	root@localhost	6
2026-02-15T18:00:56.675782+00:00 OUT VIEW	root@localhost	7
2026-02-15T18:00:56.710592+00:00 OUT 
2026-02-15T18:00:56.745402+00:00 OUT ---- partitioned_tables ----
2026-02-15T18:00:57.027851+00:00 OUT (no rows)
2026-02-15T18:00:57.051290+00:00 OUT 
2026-02-15T18:00:57.087568+00:00 OUT ---- active_plugins ----
2026-02-15T18:00:57.379938+00:00 OUT ARCHIVE	ACTIVE
2026-02-15T18:00:57.384854+00:00 OUT auth_socket	ACTIVE
2026-02-15T18:00:57.389078+00:00 OUT binlog	ACTIVE
2026-02-15T18:00:57.397367+00:00 OUT BLACKHOLE	ACTIVE
2026-02-15T18:00:57.401883+00:00 OUT caching_sha2_password	ACTIVE
2026-02-15T18:00:57.406002+00:00 OUT CSV	ACTIVE
2026-02-15T18:00:57.411264+00:00 OUT daemon_keyring_proxy_plugin	ACTIVE
2026-02-15T18:00:57.415774+00:00 OUT InnoDB	ACTIVE
2026-02-15T18:00:57.421643+00:00 OUT INNODB_BUFFER_PAGE	ACTIVE
2026-02-15T18:00:57.426372+00:00 OUT INNODB_BUFFER_PAGE_LRU	ACTIVE
2026-02-15T18:00:57.433304+00:00 OUT INNODB_BUFFER_POOL_STATS	ACTIVE
2026-02-15T18:00:57.437290+00:00 OUT INNODB_CACHED_INDEXES	ACTIVE
2026-02-15T18:00:57.440881+00:00 OUT INNODB_CMP	ACTIVE
2026-02-15T18:00:57.446294+00:00 OUT INNODB_CMPMEM	ACTIVE
2026-02-15T18:00:57.455595+00:00 OUT INNODB_CMPMEM_RESET	ACTIVE
2026-02-15T18:00:57.459782+00:00 OUT INNODB_CMP_PER_INDEX	ACTIVE
2026-02-15T18:00:57.463999+00:00 OUT INNODB_CMP_PER_INDEX_RESET	ACTIVE
2026-02-15T18:00:57.468052+00:00 OUT INNODB_CMP_RESET	ACTIVE
2026-02-15T18:00:57.472107+00:00 OUT INNODB_COLUMNS	ACTIVE
2026-02-15T18:00:57.478935+00:00 OUT INNODB_FT_BEING_DELETED	ACTIVE
2026-02-15T18:00:57.483751+00:00 OUT INNODB_FT_CONFIG	ACTIVE
2026-02-15T18:00:57.487952+00:00 OUT INNODB_FT_DEFAULT_STOPWORD	ACTIVE
2026-02-15T18:00:57.493321+00:00 OUT INNODB_FT_DELETED	ACTIVE
2026-02-15T18:00:57.496803+00:00 OUT INNODB_FT_INDEX_CACHE	ACTIVE
2026-02-15T18:00:57.503240+00:00 OUT INNODB_FT_INDEX_TABLE	ACTIVE
2026-02-15T18:00:57.507496+00:00 OUT INNODB_INDEXES	ACTIVE
2026-02-15T18:00:57.511388+00:00 OUT INNODB_METRICS	ACTIVE
2026-02-15T18:00:57.516888+00:00 OUT INNODB_SESSION_TEMP_TABLESPACES	ACTIVE
2026-02-15T18:00:57.521145+00:00 OUT INNODB_TABLES	ACTIVE
2026-02-15T18:00:57.526316+00:00 OUT INNODB_TABLESPACES	ACTIVE
2026-02-15T18:00:57.530493+00:00 OUT INNODB_TABLESTATS	ACTIVE
2026-02-15T18:00:57.535775+00:00 OUT INNODB_TEMP_TABLE_INFO	ACTIVE
2026-02-15T18:00:57.540833+00:00 OUT INNODB_TRX	ACTIVE
2026-02-15T18:00:57.545949+00:00 OUT INNODB_VIRTUAL	ACTIVE
2026-02-15T18:00:57.550929+00:00 OUT MEMORY	ACTIVE
2026-02-15T18:00:57.557576+00:00 OUT MRG_MYISAM	ACTIVE
2026-02-15T18:00:57.562916+00:00 OUT MyISAM	ACTIVE
2026-02-15T18:00:57.567375+00:00 OUT mysqlx	ACTIVE
2026-02-15T18:00:57.572874+00:00 OUT mysqlx_cache_cleaner	ACTIVE
2026-02-15T18:00:57.578372+00:00 OUT mysql_native_password	ACTIVE
2026-02-15T18:00:57.583888+00:00 OUT ngram	ACTIVE
2026-02-15T18:00:57.589079+00:00 OUT PERFORMANCE_SCHEMA	ACTIVE
2026-02-15T18:00:57.594310+00:00 OUT sha256_password	ACTIVE
2026-02-15T18:00:57.600676+00:00 OUT sha2_cache_cleaner	ACTIVE
2026-02-15T18:00:57.604627+00:00 OUT TempTable	ACTIVE
2026-02-15T18:00:57.610607+00:00 OUT 
2026-02-15T18:00:57.617480+00:00 OUT ---- functional_indexes ----
2026-02-15T18:00:57.834911+00:00 OUT (no rows)
2026-02-15T18:00:57.856625+00:00 OUT 
2026-02-15T18:00:57.893967+00:00 OUT ---- functional_defaults ----
2026-02-15T18:00:58.180881+00:00 OUT (no rows)
2026-02-15T18:00:58.204811+00:00 OUT 
2026-02-15T18:00:58.245828+00:00 OUT ---- invisible_columns ----
2026-02-15T18:00:58.534285+00:00 OUT (no rows)
2026-02-15T18:00:58.556008+00:00 OUT 
2026-02-15T18:00:58.592457+00:00 OUT ---- check_constraints ----
2026-02-15T18:00:58.881943+00:00 OUT (no rows)
2026-02-15T18:00:58.905605+00:00 OUT 
2026-02-15T18:00:58.941326+00:00 OUT ---- partial_revokes ----
2026-02-15T18:00:59.225368+00:00 OUT (no rows)
2026-02-15T18:00:59.249784+00:00 OUT 
2026-02-15T18:00:59.283631+00:00 OUT ---- gis_srid_usage ----
2026-02-15T18:00:59.573161+00:00 OUT sakila	address	location	0
2026-02-15T18:00:59.615610+00:00 OUT 
2026-02-15T18:00:59.653734+00:00 OUT ---- resource_groups ----
2026-02-15T18:00:59.941674+00:00 OUT (no rows)
2026-02-15T18:00:59.964945+00:00 OUT 
2026-02-15T18:01:00.002776+00:00 OUT ---- xplugin_status ----
2026-02-15T18:01:00.354124+00:00 OUT mysqlx	ACTIVE
2026-02-15T18:01:00.392759+00:00 OUT 
2026-02-15T18:01:00.430385+00:00 OUT ---- fk_name_lengths ----
2026-02-15T18:01:00.733064+00:00 OUT (no rows)
2026-02-15T18:01:00.756278+00:00 OUT 
2026-02-15T18:01:00.794353+00:00 OUT ---- trigger_order ----
2026-02-15T18:01:01.083461+00:00 OUT (no rows)
2026-02-15T18:01:01.107004+00:00 OUT 
2026-02-15T18:01:01.167904+00:00 OUT Precheck complete.
2026-02-15T18:01:01.190413+00:00 OUT TSV outputs: /mnt/macshare/artifacts/precheck/*.tsv
2026-02-15T18:01:01.215437+00:00 RUN  two_step_schema_only (Export schema only (no data)) -> scripts/11_two_step_schema.sh
2026-02-15T18:01:01.220941+00:00 CMD /mnt/macshare/scripts/11_two_step_schema.sh
2026-02-15T18:01:01.248508+00:00 OUT ==> Two-step migration: schema only (no data)
2026-02-15T18:01:01.255071+00:00 OUT Source: 192.168.64.7:3306  DB: sakila
2026-02-15T18:01:01.262721+00:00 OUT Target: 192.168.64.3:3306
2026-02-15T18:01:01.677186+00:00 OUT WARNING: option --ssl-verify-server-cert is disabled, because of an insecure passwordless login.
2026-02-15T18:01:02.113822+00:00 OUT WARNING: option --ssl-verify-server-cert is disabled, because of an insecure passwordless login.
2026-02-15T18:01:02.330464+00:00 OUT Schema-only migration completed.
2026-02-15T18:01:02.354684+00:00 RUN  two_step_parallel_data (Parallel data transfer with SQLines Data) -> scripts/12_two_step_sqldata.sh
2026-02-15T18:01:02.360629+00:00 CMD /mnt/macshare/scripts/12_two_step_sqldata.sh
2026-02-15T18:01:02.389254+00:00 OUT ==> Two-step migration: parallel data transfer (SQLines Data)
2026-02-15T18:01:02.416737+00:00 OUT 
2026-02-15T18:01:02.420997+00:00 OUT SQLines Data 3.7.11 x86_64 Linux - Database Migration and Validation Tool.
2026-02-15T18:01:02.427100+00:00 OUT Copyright (c) 2026 SQLines. All Rights Reserved.
2026-02-15T18:01:02.433688+00:00 OUT 
2026-02-15T18:01:02.474701+00:00 OUT 14-DAY EVALUATION USE ONLY, MAY SKIP 1 ROW FROM A TABLE. NO OTHER RESTRICTIONS.
2026-02-15T18:01:02.478210+00:00 OUT 
2026-02-15T18:01:02.554847+00:00 OUT Connecting to databases (16 ms)
2026-02-15T18:01:02.576933+00:00 OUT   MySQL 8.0.45-0ubuntu0.24.04.1 (Ubuntu) aarch64 Linux 1.3 (Ok, 16 ms)
2026-02-15T18:01:02.597262+00:00 OUT   MySQL 11.8.5-2-MariaDB-enterprise MariaDB Enterprise Server aarch64 Linux system a543b7f688b9350edb8cc03534b6bb4b422598ac OpenSSL 3.5.1 1 Jul 2025 (Ok, 8 ms)
2026-02-15T18:01:02.600756+00:00 OUT 
2026-02-15T18:01:02.635971+00:00 OUT Reading the database schema (16 tables, 33 ms)
2026-02-15T18:01:02.639756+00:00 OUT 
2026-02-15T18:01:02.644798+00:00 OUT Transferring database (6 concurrent sessions):
2026-02-15T18:01:02.652871+00:00 OUT 
2026-02-15T18:01:02.672935+00:00 OUT   sakila.actor - Started (1 of 16, session 1)
2026-02-15T18:01:02.699006+00:00 OUT   sakila.actor - Open cursor (200 rows read, 6 ms, session 1)
2026-02-15T18:01:02.721892+00:00 OUT   sakila.address - Started (2 of 16, session 2)
2026-02-15T18:01:02.740685+00:00 OUT   sakila.category - Started (3 of 16, session 3)
2026-02-15T18:01:02.758587+00:00 OUT   sakila.city - Started (4 of 16, session 4)
2026-02-15T18:01:02.784431+00:00 OUT   sakila.address - Open cursor (10 rows read, 7 ms, session 2)
2026-02-15T18:01:02.827034+00:00 OUT   sakila.actor - Drop target table (13 ms, session 1)
2026-02-15T18:01:02.847148+00:00 OUT   sakila.category - Open cursor (16 rows read, 3 ms, session 3)
2026-02-15T18:01:02.860759+00:00 OUT   sakila.country - Started (5 of 16, session 5)
2026-02-15T18:01:02.873252+00:00 OUT   sakila.customer - Started (6 of 16, session 6)
2026-02-15T18:01:02.899496+00:00 OUT   sakila.actor - Create target table (3 ms, session 1)
2026-02-15T18:01:02.920891+00:00 OUT   sakila.city - Open cursor (600 rows read, 14 ms, session 4)
2026-02-15T18:01:02.945554+00:00 OUT   sakila.category - Drop target table (6 ms, session 3)
2026-02-15T18:01:02.972871+00:00 OUT   sakila.address - Drop target table (7 ms, session 2)
2026-02-15T18:01:02.988948+00:00 OUT   sakila.country - Open cursor (109 rows read, 2 ms, session 5)
2026-02-15T18:01:03.005210+00:00 OUT   sakila.customer - Open cursor (599 rows read, 15 ms, session 6)
2026-02-15T18:01:03.017050+00:00 OUT   sakila.actor - Data transfer complete (session 1)
2026-02-15T18:01:03.024519+00:00 OUT      Rows read:     200 (33333 rows/sec)
2026-02-15T18:01:03.030144+00:00 OUT      Rows written:  200 (100000 rows/sec, 7.2 KB, 3.5 MB/sec)
2026-02-15T18:01:03.034491+00:00 OUT      Transfer time: 246 ms (6 ms read, 2 ms write)
2026-02-15T18:01:03.059969+00:00 OUT   sakila.city - Drop target table (7 ms, session 4)
2026-02-15T18:01:03.088106+00:00 OUT   sakila.category - Create target table (4 ms, session 3)
2026-02-15T18:01:03.117368+00:00 OUT   sakila.address - Create target table (2 ms, session 2)
2026-02-15T18:01:03.150217+00:00 OUT   sakila.country - Drop target table (7 ms, session 5)
2026-02-15T18:01:03.173046+00:00 OUT   sakila.customer - Drop target table (18 ms, session 6)
2026-02-15T18:01:03.184269+00:00 OUT   sakila.film - Started (7 of 16, session 1)
2026-02-15T18:01:03.217219+00:00 OUT   sakila.city - Create target table (3 ms, session 4)
2026-02-15T18:01:03.237422+00:00 OUT   sakila.category - Data transfer complete (session 3)
2026-02-15T18:01:03.246976+00:00 OUT      Rows read:     16 (5333 rows/sec)
2026-02-15T18:01:03.258055+00:00 OUT      Rows written:  15 (15000 rows/sec, 449 bytes, 438.5 KB/sec)
2026-02-15T18:01:03.266330+00:00 OUT      Transfer time: 355 ms (3 ms read, 1 ms write)
2026-02-15T18:01:03.285584+00:00 OUT   sakila.film_actor - Started (8 of 16, session 3)
2026-02-15T18:01:03.319080+00:00 OUT   sakila.country - Create target table (3 ms, session 5)
2026-02-15T18:01:03.353805+00:00 OUT   sakila.customer - Create target table (3 ms, session 6)
2026-02-15T18:01:03.368122+00:00 OUT   sakila.city - Data transfer complete (session 4)
2026-02-15T18:01:03.374449+00:00 OUT      Rows read:     600 (42857 rows/sec)
2026-02-15T18:01:03.380239+00:00 OUT      Rows written:  599 (74875 rows/sec, 21.3 KB, 2.6 MB/sec)
2026-02-15T18:01:03.385392+00:00 OUT      Transfer time: 472 ms (14 ms read, 8 ms write)
2026-02-15T18:01:03.397289+00:00 OUT   sakila.address - Data transfer complete (session 2)
2026-02-15T18:01:03.402682+00:00 OUT      Rows read:     603 (86143 rows/sec)
2026-02-15T18:01:03.408595+00:00 OUT      Rows written:  602 (21500 rows/sec, 61.2 KB, 2.1 MB/sec)
2026-02-15T18:01:03.414373+00:00 OUT      Transfer time: 434 ms (7 ms read, 28 ms write)
2026-02-15T18:01:03.431890+00:00 OUT   sakila.film - Open cursor (1000 rows read, 115 ms, session 1)
2026-02-15T18:01:03.447911+00:00 OUT   sakila.film_actor - Open cursor (5462 rows read, 23 ms, session 3)
2026-02-15T18:01:03.459291+00:00 OUT   sakila.country - Data transfer complete (session 5)
2026-02-15T18:01:03.465080+00:00 OUT      Rows read:     109 (54500 rows/sec)
2026-02-15T18:01:03.469166+00:00 OUT      Rows written:  108 (54000 rows/sec, 3.5 KB, 1.7 MB/sec)
2026-02-15T18:01:03.474965+00:00 OUT      Transfer time: 468 ms (2 ms read, 2 ms write)
2026-02-15T18:01:03.486188+00:00 OUT   sakila.inventory - Started (9 of 16, session 5)
2026-02-15T18:01:03.502489+00:00 OUT   sakila.film_category - Started (10 of 16, session 4)
2026-02-15T18:01:03.515289+00:00 OUT   sakila.film_text - Started (11 of 16, session 2)
2026-02-15T18:01:03.547705+00:00 OUT   sakila.film - Drop target table (6 ms, session 1)
2026-02-15T18:01:03.580788+00:00 OUT   sakila.film_actor - Drop target table (4 ms, session 3)
2026-02-15T18:01:03.595126+00:00 OUT   sakila.customer - Data transfer complete (session 6)
2026-02-15T18:01:03.601002+00:00 OUT      Rows read:     599 (39933 rows/sec)
2026-02-15T18:01:03.611116+00:00 OUT      Rows written:  598 (54364 rows/sec, 57.5 KB, 5.1 MB/sec)
2026-02-15T18:01:03.617346+00:00 OUT      Transfer time: 501 ms (15 ms read, 11 ms write)
2026-02-15T18:01:03.632314+00:00 OUT   sakila.inventory - Open cursor (4581 rows read, 18 ms, session 5)
2026-02-15T18:01:03.652056+00:00 OUT   sakila.film_category - Open cursor (1000 rows read, 6 ms, session 4)
2026-02-15T18:01:03.677502+00:00 OUT   sakila.film - Create target table (5 ms, session 1)
2026-02-15T18:01:03.710942+00:00 OUT   sakila.film_actor - Create target table (3 ms, session 3)
2026-02-15T18:01:03.730317+00:00 OUT   sakila.language - Started (12 of 16, session 6)
2026-02-15T18:01:03.751763+00:00 OUT   sakila.language - Open cursor (6 rows read, 2 ms, session 6)
2026-02-15T18:01:03.774042+00:00 OUT   sakila.inventory - Drop target table (5 ms, session 5)
2026-02-15T18:01:03.796079+00:00 OUT   sakila.film_category - Drop target table (4 ms, session 4)
2026-02-15T18:01:03.809694+00:00 OUT   sakila.film - Data transfer complete (session 1)
2026-02-15T18:01:03.817410+00:00 OUT      Rows read:     1000 (1000 rows, 8696 rows/sec)
2026-02-15T18:01:03.822975+00:00 OUT      Rows written:  999 (39960 rows/sec, 188.8 KB, 7.4 MB/sec)
2026-02-15T18:01:03.828928+00:00 OUT      Transfer time: 533 ms (115 ms read, 25 ms write)
2026-02-15T18:01:03.845645+00:00 OUT   sakila.film_text - Open cursor (1000 rows read, 105 ms, session 2)
2026-02-15T18:01:03.858942+00:00 OUT   sakila.film_actor - Data transfer complete (session 3)
2026-02-15T18:01:03.865248+00:00 OUT      Rows read:     5462 (5.5K rows, 237478 rows/sec)
2026-02-15T18:01:03.871414+00:00 OUT      Rows written:  5461 (5.5K rows, 227542 rows/sec, 145.9 KB, 5.9 MB/sec)
2026-02-15T18:01:03.877217+00:00 OUT      Transfer time: 458 ms (23 ms read, 24 ms write)
2026-02-15T18:01:03.886766+00:00 OUT   sakila.rental - Started (13 of 16, session 3)
2026-02-15T18:01:03.924101+00:00 OUT   sakila.inventory - Create target table (2 ms, session 5)
2026-02-15T18:01:03.966901+00:00 OUT   sakila.film_category - Create target table (2 ms, session 4)
2026-02-15T18:01:03.989570+00:00 OUT   sakila.payment - Started (14 of 16, session 1)
2026-02-15T18:01:04.031601+00:00 OUT   sakila.film_text - Drop target table (6 ms, session 2)
2026-02-15T18:01:04.065826+00:00 OUT   sakila.language - Drop target table (4 ms, session 6)
2026-02-15T18:01:04.085774+00:00 OUT   sakila.inventory - Data transfer complete (session 5)
2026-02-15T18:01:04.092068+00:00 OUT      Rows read:     4581 (4.6K rows, 254500 rows/sec)
2026-02-15T18:01:04.100857+00:00 OUT      Rows written:  4580 (4.6K rows, 138788 rows/sec, 137.1 KB, 4.1 MB/sec)
2026-02-15T18:01:04.109067+00:00 OUT      Transfer time: 478 ms (18 ms read, 33 ms write)
2026-02-15T18:01:04.123481+00:00 OUT   sakila.staff - Started (15 of 16, session 5)
2026-02-15T18:01:04.151799+00:00 OUT   sakila.film_text - Create target table (4 ms, session 2)
2026-02-15T18:01:04.173607+00:00 OUT   sakila.rental - Open cursor (16044 rows read, 155 ms, session 3)
2026-02-15T18:01:04.203133+00:00 OUT   sakila.language - Create target table (3 ms, session 6)
2026-02-15T18:01:04.214976+00:00 OUT   sakila.film_category - Data transfer complete (session 4)
2026-02-15T18:01:04.221491+00:00 OUT      Rows read:     1000 (1000 rows, 166667 rows/sec)
2026-02-15T18:01:04.227440+00:00 OUT      Rows written:  999 (142714 rows/sec, 25.7 KB, 3.6 MB/sec)
2026-02-15T18:01:04.233907+00:00 OUT      Transfer time: 477 ms (6 ms read, 7 ms write)
2026-02-15T18:01:04.245303+00:00 OUT   sakila.store - Started (16 of 16, session 4)
2026-02-15T18:01:04.259898+00:00 OUT   sakila.staff - Open cursor (2 rows read, 10 ms, session 5)
2026-02-15T18:01:04.283628+00:00 OUT   sakila.rental - Drop target table (8 ms, session 3)
2026-02-15T18:01:04.294640+00:00 OUT   sakila.film_text - Data transfer complete (session 2)
2026-02-15T18:01:04.300387+00:00 OUT      Rows read:     1000 (1000 rows, 9524 rows/sec)
2026-02-15T18:01:04.306079+00:00 OUT      Rows written:  1000 (1000 rows, 62500 rows/sec, 111.3 KB, 6.8 MB/sec)
2026-02-15T18:01:04.313113+00:00 OUT      Transfer time: 666 ms (105 ms read, 16 ms write)
2026-02-15T18:01:04.324019+00:00 OUT   sakila.language - Data transfer complete (session 6)
2026-02-15T18:01:04.329448+00:00 OUT      Rows read:     6 (3000 rows/sec)
2026-02-15T18:01:04.335626+00:00 OUT      Rows written:  6 (6000 rows/sec, 180 bytes, 175.8 KB/sec)
2026-02-15T18:01:04.342486+00:00 OUT      Transfer time: 484 ms (2 ms read, 1 ms write)
2026-02-15T18:01:04.359766+00:00 OUT   sakila.payment - Open cursor (16044 rows read, 123 ms, session 1)
2026-02-15T18:01:04.376408+00:00 OUT   sakila.store - Open cursor (2 rows read, 2 ms, session 4)
2026-02-15T18:01:04.401160+00:00 OUT   sakila.staff - Drop target table (6 ms, session 5)
2026-02-15T18:01:04.429397+00:00 OUT   sakila.rental - Create target table (2 ms, session 3)
2026-02-15T18:01:04.462917+00:00 OUT   sakila.payment - Drop target table (5 ms, session 1)
2026-02-15T18:01:04.495170+00:00 OUT   sakila.store - Drop target table (4 ms, session 4)
2026-02-15T18:01:04.532926+00:00 OUT   sakila.staff - Create target table (3 ms, session 5)
2026-02-15T18:01:04.567476+00:00 OUT   sakila.payment - Create target table (4 ms, session 1)
2026-02-15T18:01:04.603212+00:00 OUT   sakila.store - Create target table (3 ms, session 4)
2026-02-15T18:01:04.622357+00:00 OUT   sakila.staff - Data transfer complete (session 5)
2026-02-15T18:01:04.631203+00:00 OUT      Rows read:     2 (200 rows/sec)
2026-02-15T18:01:04.638784+00:00 OUT      Rows written:  2 (286 rows/sec, 36.1 KB, 5.0 MB/sec)
2026-02-15T18:01:04.647859+00:00 OUT      Transfer time: 423 ms (10 ms read, 7 ms write)
2026-02-15T18:01:04.664066+00:00 OUT   sakila.rental - Data transfer complete (session 3)
2026-02-15T18:01:04.672938+00:00 OUT      Rows read:     16044 (16.0K rows, 103510 rows/sec)
2026-02-15T18:01:04.682106+00:00 OUT      Rows written:  16044 (16.0K rows, 102191 rows/sec, 1.2 MB, 7.4 MB/sec)
2026-02-15T18:01:04.691246+00:00 OUT      Transfer time: 709 ms (155 ms read, 157 ms write)
2026-02-15T18:01:04.705440+00:00 OUT   sakila.store - Data transfer complete (session 4)
2026-02-15T18:01:04.713498+00:00 OUT      Rows read:     2 (1000 rows/sec)
2026-02-15T18:01:04.720178+00:00 OUT      Rows written:  2 (1000 rows/sec, 52 bytes, 25.4 KB/sec)
2026-02-15T18:01:04.739442+00:00 OUT      Transfer time: 371 ms (2 ms read, 2 ms write)
2026-02-15T18:01:04.750494+00:00 OUT   sakila.payment - Data transfer complete (session 1)
2026-02-15T18:01:04.756320+00:00 OUT      Rows read:     16044 (16.0K rows, 130439 rows/sec)
2026-02-15T18:01:04.761035+00:00 OUT      Rows written:  16044 (16.0K rows, 96651 rows/sec, 962.6 KB, 5.7 MB/sec)
2026-02-15T18:01:04.767976+00:00 OUT      Transfer time: 751 ms (123 ms read, 166 ms write)
2026-02-15T18:01:04.772112+00:00 OUT 
2026-02-15T18:01:04.775827+00:00 OUT Read/write row count differences (9 tables):
2026-02-15T18:01:04.780033+00:00 OUT 
2026-02-15T18:01:04.784483+00:00 OUT    1. sakila.category (16 rows read, 15 rows written, 1 row difference) - THE EVALUATION VERSION RESTRICTION
2026-02-15T18:01:04.787912+00:00 OUT    2. sakila.city (600 rows read, 599 rows written, 1 row difference) - THE EVALUATION VERSION RESTRICTION
2026-02-15T18:01:04.791768+00:00 OUT    3. sakila.address (603 rows read, 602 rows written, 1 row difference) - THE EVALUATION VERSION RESTRICTION
2026-02-15T18:01:04.796058+00:00 OUT    4. sakila.country (109 rows read, 108 rows written, 1 row difference) - THE EVALUATION VERSION RESTRICTION
2026-02-15T18:01:04.800523+00:00 OUT    5. sakila.customer (599 rows read, 598 rows written, 1 row difference) - THE EVALUATION VERSION RESTRICTION
2026-02-15T18:01:04.804443+00:00 OUT    6. sakila.film (1000 rows read, 999 rows written, 1 row difference) - THE EVALUATION VERSION RESTRICTION
2026-02-15T18:01:04.808984+00:00 OUT    7. sakila.film_actor (5462 rows read, 5461 rows written, 1 row difference) - THE EVALUATION VERSION RESTRICTION
2026-02-15T18:01:04.813021+00:00 OUT    8. sakila.inventory (4581 rows read, 4580 rows written, 1 row difference) - THE EVALUATION VERSION RESTRICTION
2026-02-15T18:01:04.817240+00:00 OUT    9. sakila.film_category (1000 rows read, 999 rows written, 1 row difference) - THE EVALUATION VERSION RESTRICTION
2026-02-15T18:01:04.821447+00:00 OUT 
2026-02-15T18:01:04.825315+00:00 OUT Summary:
2026-02-15T18:01:04.829686+00:00 OUT 
2026-02-15T18:01:04.834208+00:00 OUT   Tables:        16 (16 Ok, 0 failed)
2026-02-15T18:01:04.838694+00:00 OUT   Target DDL:    32 (32 Ok, 0 failed)
2026-02-15T18:01:04.843813+00:00 OUT   Rows read:     47268 (47.3K rows)
2026-02-15T18:01:04.847050+00:00 OUT   Rows written:  47259 (47.3K rows) (9 row difference)
2026-02-15T18:01:04.850593+00:00 OUT   Transfer time: 2.1 sec (22281 rows/sec, 2.9 MB, 1.4 MB/sec)
2026-02-15T18:01:04.854426+00:00 OUT 
2026-02-15T18:01:04.859304+00:00 OUT Logs:
2026-02-15T18:01:04.863745+00:00 OUT 
2026-02-15T18:01:04.869541+00:00 OUT   Execution log:             sqldata.log
2026-02-15T18:01:04.874722+00:00 OUT   DDL SQL statements:        sqldata_ddl.sql
2026-02-15T18:01:04.880281+00:00 OUT 
2026-02-15T18:01:04.884387+00:00 OUT SQLines Data transfer completed.
2026-02-15T18:01:04.907759+00:00 RUN  two_step_finalize_objects (Apply constraints/indexes/routines after data load) -> scripts/13_two_step_finalize.sh
2026-02-15T18:01:04.915709+00:00 CMD /mnt/macshare/scripts/13_two_step_finalize.sh
2026-02-15T18:01:04.943352+00:00 OUT ==> Two-step migration: finalize objects (constraints/indexes/routines)
2026-02-15T18:01:04.965232+00:00 OUT 
2026-02-15T18:01:04.969108+00:00 OUT SQLines Data 3.7.11 x86_64 Linux - Database Migration and Validation Tool.
2026-02-15T18:01:04.974073+00:00 OUT Copyright (c) 2026 SQLines. All Rights Reserved.
2026-02-15T18:01:04.977957+00:00 OUT 
2026-02-15T18:01:05.017719+00:00 OUT 14-DAY EVALUATION USE ONLY, MAY SKIP 1 ROW FROM A TABLE. NO OTHER RESTRICTIONS.
2026-02-15T18:01:05.023416+00:00 OUT 
2026-02-15T18:01:05.069433+00:00 OUT Connecting to databases (8 ms)
2026-02-15T18:01:05.091027+00:00 OUT   MySQL 8.0.45-0ubuntu0.24.04.1 (Ubuntu) aarch64 Linux 1.3 (Ok, 7 ms)
2026-02-15T18:01:05.111934+00:00 OUT   MySQL 11.8.5-2-MariaDB-enterprise MariaDB Enterprise Server aarch64 Linux system a543b7f688b9350edb8cc03534b6bb4b422598ac OpenSSL 3.5.1 1 Jul 2025 (Ok, 6 ms)
2026-02-15T18:01:05.115954+00:00 OUT 
2026-02-15T18:01:05.141792+00:00 OUT Reading the database schema (16 tables, 24 ms)
2026-02-15T18:01:05.147324+00:00 OUT 
2026-02-15T18:01:05.153438+00:00 OUT Transferring database (6 concurrent sessions):
2026-02-15T18:01:05.161435+00:00 OUT 
2026-02-15T18:01:05.175459+00:00 OUT   sakila.actor - Started (1 of 16, session 1)
2026-02-15T18:01:05.200596+00:00 OUT   sakila.actor - Open cursor (200 rows read, 5 ms, session 1)
2026-02-15T18:01:05.217927+00:00 OUT   sakila.address - Started (2 of 16, session 2)
2026-02-15T18:01:05.237258+00:00 OUT   sakila.category - Started (3 of 16, session 3)
2026-02-15T18:01:05.256505+00:00 OUT   sakila.city - Started (4 of 16, session 4)
2026-02-15T18:01:05.273948+00:00 OUT   sakila.address - Open cursor (10 rows read, 2 ms, session 2)
2026-02-15T18:01:05.297156+00:00 OUT   sakila.country - Started (5 of 16, session 5)
2026-02-15T18:01:05.313854+00:00 OUT   sakila.category - Open cursor (16 rows read, 5 ms, session 3)
2026-02-15T18:01:05.327200+00:00 OUT   sakila.customer - Started (6 of 16, session 6)
2026-02-15T18:01:05.377837+00:00 OUT   sakila.actor - Drop target table (8 ms, session 1)
2026-02-15T18:01:05.407433+00:00 OUT   sakila.address - Drop target table (4 ms, session 2)
2026-02-15T18:01:05.424400+00:00 OUT   sakila.country - Open cursor (109 rows read, 2 ms, session 5)
2026-02-15T18:01:05.444302+00:00 OUT   sakila.city - Open cursor (600 rows read, 7 ms, session 4)
2026-02-15T18:01:05.474629+00:00 OUT   sakila.category - Drop target table (4 ms, session 3)
2026-02-15T18:01:05.494842+00:00 OUT   sakila.customer - Open cursor (599 rows read, 15 ms, session 6)
2026-02-15T18:01:05.520633+00:00 OUT   sakila.actor - Create target table (3 ms, session 1)
2026-02-15T18:01:05.551608+00:00 OUT   sakila.address - Create target table (4 ms, session 2)
2026-02-15T18:01:05.582386+00:00 OUT   sakila.country - Drop target table (5 ms, session 5)
2026-02-15T18:01:05.608442+00:00 OUT   sakila.city - Drop target table (7 ms, session 4)
2026-02-15T18:01:05.636197+00:00 OUT   sakila.category - Create target table (3 ms, session 3)
2026-02-15T18:01:05.667240+00:00 OUT   sakila.customer - Drop target table (5 ms, session 6)
2026-02-15T18:01:05.684642+00:00 OUT   sakila.actor - Data transfer complete (session 1)
2026-02-15T18:01:05.691767+00:00 OUT      Rows read:     200 (40000 rows/sec)
2026-02-15T18:01:05.698569+00:00 OUT      Rows written:  199 (49750 rows/sec, 7.2 KB, 1.8 MB/sec)
2026-02-15T18:01:05.704120+00:00 OUT      Transfer time: 363 ms (5 ms read, 4 ms write)
2026-02-15T18:01:05.714885+00:00 OUT   sakila.film - Started (7 of 16, session 1)
2026-02-15T18:01:05.746724+00:00 OUT   sakila.country - Create target table (2 ms, session 5)
2026-02-15T18:01:05.783133+00:00 OUT   sakila.city - Create target table (2 ms, session 4)
2026-02-15T18:01:05.805106+00:00 OUT   sakila.category - Data transfer complete (session 3)
2026-02-15T18:01:05.812604+00:00 OUT      Rows read:     16 (3200 rows/sec)
2026-02-15T18:01:05.819565+00:00 OUT      Rows written:  15 (15000 rows/sec, 449 bytes, 438.5 KB/sec)
2026-02-15T18:01:05.829334+00:00 OUT      Transfer time: 407 ms (5 ms read, 1 ms write)
2026-02-15T18:01:05.855215+00:00 OUT   sakila.customer - Create target table (3 ms, session 6)
2026-02-15T18:01:05.870810+00:00 OUT   sakila.address - Data transfer complete (session 2)
2026-02-15T18:01:05.879242+00:00 OUT      Rows read:     603 (150750 rows/sec)
2026-02-15T18:01:05.885348+00:00 OUT      Rows written:  602 (26174 rows/sec, 61.2 KB, 2.6 MB/sec)
2026-02-15T18:01:05.891122+00:00 OUT      Transfer time: 364 ms (4 ms read, 23 ms write)
2026-02-15T18:01:05.902757+00:00 OUT   sakila.film_category - Started (8 of 16, session 2)
2026-02-15T18:01:05.911938+00:00 OUT   sakila.city - Data transfer complete (session 4)
2026-02-15T18:01:05.923217+00:00 OUT      Rows read:     600 (85714 rows/sec)
2026-02-15T18:01:05.929036+00:00 OUT      Rows written:  599 (66556 rows/sec, 21.3 KB, 2.3 MB/sec)
2026-02-15T18:01:05.935162+00:00 OUT      Transfer time: 543 ms (7 ms read, 9 ms write)
2026-02-15T18:01:05.948427+00:00 OUT   sakila.film_text - Started (9 of 16, session 4)
2026-02-15T18:01:05.970104+00:00 OUT   sakila.film - Open cursor (1000 rows read, 119 ms, session 1)
2026-02-15T18:01:05.985107+00:00 OUT   sakila.customer - Data transfer complete (session 6)
2026-02-15T18:01:05.991440+00:00 OUT      Rows read:     599 (39933 rows/sec)
2026-02-15T18:01:05.998614+00:00 OUT      Rows written:  598 (59800 rows/sec, 57.5 KB, 5.6 MB/sec)
2026-02-15T18:01:06.006184+00:00 OUT      Transfer time: 549 ms (15 ms read, 10 ms write)
2026-02-15T18:01:06.020716+00:00 OUT   sakila.inventory - Started (10 of 16, session 6)
2026-02-15T18:01:06.045604+00:00 OUT   sakila.film_category - Open cursor (1000 rows read, 5 ms, session 2)
2026-02-15T18:01:06.061353+00:00 OUT   sakila.film_actor - Started (11 of 16, session 3)
2026-02-15T18:01:06.091097+00:00 OUT   sakila.film - Drop target table (7 ms, session 1)
2026-02-15T18:01:06.102916+00:00 OUT   sakila.country - Data transfer complete (session 5)
2026-02-15T18:01:06.107682+00:00 OUT      Rows read:     109 (54500 rows/sec)
2026-02-15T18:01:06.113718+00:00 OUT      Rows written:  108 (0 rows/sec, 3.5 KB, 0 bytes/sec)
2026-02-15T18:01:06.120537+00:00 OUT      Transfer time: 465 ms (2 ms read, 0 ms write)
2026-02-15T18:01:06.130919+00:00 OUT   sakila.language - Started (12 of 16, session 5)
2026-02-15T18:01:06.153449+00:00 OUT   sakila.film_category - Drop target table (5 ms, session 2)
2026-02-15T18:01:06.169667+00:00 OUT   sakila.film_text - Open cursor (1000 rows read, 116 ms, session 4)
2026-02-15T18:01:06.187911+00:00 OUT   sakila.film_actor - Open cursor (5462 rows read, 17 ms, session 3)
2026-02-15T18:01:06.211588+00:00 OUT   sakila.film - Create target table (5 ms, session 1)
2026-02-15T18:01:06.233145+00:00 OUT   sakila.inventory - Open cursor (4581 rows read, 27 ms, session 6)
2026-02-15T18:01:06.254491+00:00 OUT   sakila.language - Open cursor (6 rows read, 3 ms, session 5)
2026-02-15T18:01:06.279806+00:00 OUT   sakila.film_category - Create target table (2 ms, session 2)
2026-02-15T18:01:06.311736+00:00 OUT   sakila.film_text - Drop target table (5 ms, session 4)
2026-02-15T18:01:06.338585+00:00 OUT   sakila.film_actor - Drop target table (5 ms, session 3)
2026-02-15T18:01:06.365884+00:00 OUT   sakila.inventory - Drop target table (5 ms, session 6)
2026-02-15T18:01:06.376611+00:00 OUT   sakila.film - Data transfer complete (session 1)
2026-02-15T18:01:06.382317+00:00 OUT      Rows read:     1000 (1000 rows, 8403 rows/sec)
2026-02-15T18:01:06.387790+00:00 OUT      Rows written:  1000 (1000 rows, 33333 rows/sec, 189.0 KB, 6.2 MB/sec)
2026-02-15T18:01:06.394345+00:00 OUT      Transfer time: 537 ms (119 ms read, 30 ms write)
2026-02-15T18:01:06.407593+00:00 OUT   sakila.payment - Started (13 of 16, session 1)
2026-02-15T18:01:06.419495+00:00 OUT   sakila.film_category - Data transfer complete (session 2)
2026-02-15T18:01:06.426196+00:00 OUT      Rows read:     1000 (1000 rows, 200000 rows/sec)
2026-02-15T18:01:06.432772+00:00 OUT      Rows written:  1000 (1000 rows, 250000 rows/sec, 25.7 KB, 6.3 MB/sec)
2026-02-15T18:01:06.439868+00:00 OUT      Transfer time: 391 ms (5 ms read, 4 ms write)
2026-02-15T18:01:06.453762+00:00 OUT   sakila.rental - Started (14 of 16, session 2)
2026-02-15T18:01:06.495898+00:00 OUT   sakila.film_actor - Create target table (3 ms, session 3)
2026-02-15T18:01:06.548597+00:00 OUT   sakila.inventory - Create target table (2 ms, session 6)
2026-02-15T18:01:06.594762+00:00 OUT   sakila.language - Drop target table (4 ms, session 5)
2026-02-15T18:01:06.630237+00:00 OUT   sakila.film_text - Create target table (2 ms, session 4)
2026-02-15T18:01:06.646072+00:00 OUT   sakila.film_actor - Data transfer complete (session 3)
2026-02-15T18:01:06.655155+00:00 OUT      Rows read:     5462 (5.5K rows, 321294 rows/sec)
2026-02-15T18:01:06.659420+00:00 OUT      Rows written:  5462 (5.5K rows, 133220 rows/sec, 146.0 KB, 3.5 MB/sec)
2026-02-15T18:01:06.664571+00:00 OUT      Transfer time: 481 ms (17 ms read, 41 ms write)
2026-02-15T18:01:06.675267+00:00 OUT   sakila.staff - Started (15 of 16, session 3)
2026-02-15T18:01:06.687409+00:00 OUT   sakila.inventory - Data transfer complete (session 6)
2026-02-15T18:01:06.693216+00:00 OUT      Rows read:     4581 (4.6K rows, 169667 rows/sec)
2026-02-15T18:01:06.698997+00:00 OUT      Rows written:  4581 (4.6K rows, 143156 rows/sec, 137.1 KB, 4.2 MB/sec)
2026-02-15T18:01:06.703301+00:00 OUT      Transfer time: 565 ms (27 ms read, 32 ms write)
2026-02-15T18:01:06.727156+00:00 OUT   sakila.language - Create target table (2 ms, session 5)
2026-02-15T18:01:06.745840+00:00 OUT   sakila.rental - Open cursor (16044 rows read, 172 ms, session 2)
2026-02-15T18:01:06.756470+00:00 OUT   sakila.film_text - Data transfer complete (session 4)
2026-02-15T18:01:06.761878+00:00 OUT      Rows read:     1000 (1000 rows, 8621 rows/sec)
2026-02-15T18:01:06.767829+00:00 OUT      Rows written:  1000 (1000 rows, 55556 rows/sec, 111.3 KB, 6.0 MB/sec)
2026-02-15T18:01:06.775538+00:00 OUT      Transfer time: 710 ms (116 ms read, 18 ms write)
2026-02-15T18:01:06.793124+00:00 OUT   sakila.payment - Open cursor (16044 rows read, 159 ms, session 1)
2026-02-15T18:01:06.810175+00:00 OUT   sakila.staff - Open cursor (2 rows read, 5 ms, session 3)
2026-02-15T18:01:06.822406+00:00 OUT   sakila.store - Started (16 of 16, session 6)
2026-02-15T18:01:06.833106+00:00 OUT   sakila.language - Data transfer complete (session 5)
2026-02-15T18:01:06.838390+00:00 OUT      Rows read:     6 (2000 rows/sec)
2026-02-15T18:01:06.844856+00:00 OUT      Rows written:  6 (6000 rows/sec, 180 bytes, 175.8 KB/sec)
2026-02-15T18:01:06.852215+00:00 OUT      Transfer time: 601 ms (3 ms read, 1 ms write)
2026-02-15T18:01:06.879340+00:00 OUT   sakila.rental - Drop target table (6 ms, session 2)
2026-02-15T18:01:06.903478+00:00 OUT   sakila.film_actor - Add PRIMARY KEY constraint (9 ms, session 4)
2026-02-15T18:01:06.929672+00:00 OUT   sakila.payment - Drop target table (4 ms, session 1)
2026-02-15T18:01:06.955669+00:00 OUT   sakila.staff - Drop target table (4 ms, session 3)
2026-02-15T18:01:06.973169+00:00 OUT   sakila.store - Open cursor (2 rows read, 2 ms, session 6)
2026-02-15T18:01:06.997297+00:00 OUT   sakila.film_category - Add PRIMARY KEY constraint (6 ms, session 5)
2026-02-15T18:01:07.022885+00:00 OUT   sakila.rental - Create target table (3 ms, session 2)
2026-02-15T18:01:07.054460+00:00 OUT   sakila.film_text - Add PRIMARY KEY constraint (7 ms, session 4)
2026-02-15T18:01:07.092839+00:00 OUT   sakila.payment - Create target table (3 ms, session 1)
2026-02-15T18:01:07.137505+00:00 OUT   sakila.staff - Create target table (3 ms, session 3)
2026-02-15T18:01:07.186780+00:00 OUT   sakila.store - Drop target table (4 ms, session 6)
2026-02-15T18:01:07.224836+00:00 OUT   sakila.address - Add FOREIGN KEY constraint (4 ms, session 5)
2026-02-15T18:01:07.265636+00:00 OUT   sakila.city - Add FOREIGN KEY constraint (5 ms, session 4)
2026-02-15T18:01:07.282117+00:00 OUT   sakila.rental - Data transfer complete (session 2)
2026-02-15T18:01:07.290739+00:00 OUT      Rows read:     16044 (16.0K rows, 93279 rows/sec)
2026-02-15T18:01:07.299849+00:00 OUT      Rows written:  16043 (16.0K rows, 70364 rows/sec, 1.2 MB, 5.1 MB/sec)
2026-02-15T18:01:07.307990+00:00 OUT      Transfer time: 812 ms (172 ms read, 228 ms write)
2026-02-15T18:01:07.332475+00:00 OUT   sakila.store - Create target table (3 ms, session 6)
2026-02-15T18:01:07.361857+00:00 OUT   sakila.customer - Add FOREIGN KEY constraint (6 ms, session 5)
2026-02-15T18:01:07.372159+00:00 OUT   sakila.staff - Data transfer complete (session 3)
2026-02-15T18:01:07.378155+00:00 OUT      Rows read:     2 (400 rows/sec)
2026-02-15T18:01:07.384644+00:00 OUT      Rows written:  1 (1000 rows/sec, 80 bytes, 78.1 KB/sec)
2026-02-15T18:01:07.390749+00:00 OUT      Transfer time: 476 ms (5 ms read, 1 ms write)
2026-02-15T18:01:07.413671+00:00 OUT   sakila.customer - Add FOREIGN KEY constraint (4 ms, session 4)
2026-02-15T18:01:07.439983+00:00 OUT   sakila.film_actor - Add FOREIGN KEY constraint (5 ms, session 2)
2026-02-15T18:01:07.452717+00:00 OUT   sakila.payment - Data transfer complete (session 1)
2026-02-15T18:01:07.458475+00:00 OUT      Rows read:     16044 (16.0K rows, 100906 rows/sec)
2026-02-15T18:01:07.466185+00:00 OUT      Rows written:  16043 (16.0K rows, 71942 rows/sec, 962.6 KB, 4.2 MB/sec)
2026-02-15T18:01:07.472649+00:00 OUT      Transfer time: 919 ms (159 ms read, 223 ms write)
2026-02-15T18:01:07.483710+00:00 OUT   sakila.store - Data transfer complete (session 6)
2026-02-15T18:01:07.489777+00:00 OUT      Rows read:     2 (1000 rows/sec)
2026-02-15T18:01:07.496447+00:00 OUT      Rows written:  1 (0 rows/sec, 26 bytes, 0 bytes/sec)
2026-02-15T18:01:07.502945+00:00 OUT      Transfer time: 518 ms (2 ms read, 0 ms write)
2026-02-15T18:01:07.531189+00:00 OUT   sakila.film_actor - Add FOREIGN KEY constraint (7 ms, session 5)
2026-02-15T18:01:07.555402+00:00 OUT   sakila.film_category - Add FOREIGN KEY constraint (4 ms, session 3)
2026-02-15T18:01:07.581829+00:00 OUT   sakila.film_category - Add FOREIGN KEY constraint (3 ms, session 4)
2026-02-15T18:01:07.607475+00:00 OUT   sakila.film - Add FOREIGN KEY constraint (5 ms, session 2)
2026-02-15T18:01:07.633151+00:00 OUT   sakila.film - Add FOREIGN KEY constraint (4 ms, session 1)
2026-02-15T18:01:07.661677+00:00 OUT   sakila.inventory - Add FOREIGN KEY constraint (8 ms, session 6)
2026-02-15T18:01:07.688416+00:00 OUT   sakila.inventory - Add FOREIGN KEY constraint (7 ms, session 5)
2026-02-15T18:01:07.712896+00:00 OUT   sakila.payment - Add FOREIGN KEY constraint (8 ms, session 3)
2026-02-15T18:01:07.737265+00:00 OUT   sakila.payment - Add FOREIGN KEY constraint (9 ms, session 4)
2026-02-15T18:01:07.765243+00:00 OUT   sakila.payment - Add FOREIGN KEY constraint (8 ms, session 2)
2026-02-15T18:01:07.791644+00:00 OUT   sakila.rental - Add FOREIGN KEY constraint (10 ms, session 1)
2026-02-15T18:01:07.818651+00:00 OUT   sakila.rental - Add FOREIGN KEY constraint (10 ms, session 6)
2026-02-15T18:01:07.845825+00:00 OUT   sakila.rental - Add FOREIGN KEY constraint (10 ms, session 5)
2026-02-15T18:01:07.871115+00:00 OUT   sakila.staff - Add FOREIGN KEY constraint (5 ms, session 3)
2026-02-15T18:01:07.895766+00:00 OUT   sakila.staff - Add FOREIGN KEY constraint (4 ms, session 4)
2026-02-15T18:01:07.919927+00:00 OUT   sakila.store - Add FOREIGN KEY constraint (4 ms, session 2)
2026-02-15T18:01:07.945042+00:00 OUT   sakila.store - Add FOREIGN KEY constraint (4 ms, session 1)
2026-02-15T18:01:07.971109+00:00 OUT   sakila.actor - Create index idx_actor_last_name (4 ms, session 6)
2026-02-15T18:01:07.995697+00:00 OUT   sakila.address - Create index idx_fk_city_id (4 ms, session 5)
2026-02-15T18:01:08.020308+00:00 OUT   sakila.address - Create index idx_location (5 ms, session 3)
2026-02-15T18:01:08.044776+00:00 OUT   sakila.city - Create index idx_fk_country_id (5 ms, session 4)
2026-02-15T18:01:08.068178+00:00 OUT   sakila.customer - Create index idx_fk_address_id (4 ms, session 2)
2026-02-15T18:01:08.094195+00:00 OUT   sakila.customer - Create index idx_fk_store_id (5 ms, session 1)
2026-02-15T18:01:08.121486+00:00 OUT   sakila.customer - Create index idx_last_name (5 ms, session 6)
2026-02-15T18:01:08.146353+00:00 OUT   sakila.film - Create index idx_fk_language_id (5 ms, session 5)
2026-02-15T18:01:08.170466+00:00 OUT   sakila.film - Create index idx_fk_original_language_id (4 ms, session 3)
2026-02-15T18:01:08.193800+00:00 OUT   sakila.film - Create index idx_title (6 ms, session 4)
2026-02-15T18:01:08.220163+00:00 OUT   sakila.film_actor - Create index idx_fk_film_id (8 ms, session 2)
2026-02-15T18:01:08.244819+00:00 OUT   sakila.film_category - Create index fk_film_category_category (7 ms, session 1)
2026-02-15T18:01:08.254309+00:00 OUT   sakila.film_text - Create index idx_title_description (Failed, 3 ms, session 6)
2026-02-15T18:01:08.305007+00:00 OUT 	Specified key was too long; max key length is 3072 bytes
2026-02-15T18:01:08.327910+00:00 OUT   sakila.inventory - Create index idx_fk_film_id (6 ms, session 5)
2026-02-15T18:01:08.353885+00:00 OUT   sakila.inventory - Create index idx_store_id_film_id (5 ms, session 3)
2026-02-15T18:01:08.380110+00:00 OUT   sakila.payment - Create index fk_payment_rental (9 ms, session 4)
2026-02-15T18:01:08.403852+00:00 OUT   sakila.payment - Create index idx_fk_customer_id (8 ms, session 2)
2026-02-15T18:01:08.429372+00:00 OUT   sakila.payment - Create index idx_fk_staff_id (9 ms, session 1)
2026-02-15T18:01:08.454728+00:00 OUT   sakila.rental - Create index idx_fk_customer_id (9 ms, session 6)
2026-02-15T18:01:08.481980+00:00 OUT   sakila.rental - Create index idx_fk_inventory_id (10 ms, session 5)
2026-02-15T18:01:08.509482+00:00 OUT   sakila.rental - Create index idx_fk_staff_id (8 ms, session 3)
2026-02-15T18:01:08.539733+00:00 OUT   sakila.staff - Create index idx_fk_address_id (4 ms, session 4)
2026-02-15T18:01:08.565386+00:00 OUT   sakila.staff - Create index idx_fk_store_id (4 ms, session 2)
2026-02-15T18:01:08.590355+00:00 OUT   sakila.store - Create index idx_fk_address_id (5 ms, session 1)
2026-02-15T18:01:08.615456+00:00 OUT   sakila.rental - Add UNIQUE constraint (9 ms, session 6)
2026-02-15T18:01:08.639248+00:00 OUT   sakila.store - Add UNIQUE constraint (4 ms, session 5)
2026-02-15T18:01:08.643809+00:00 OUT 
2026-02-15T18:01:08.647541+00:00 OUT Read/write row count differences (10 tables):
2026-02-15T18:01:08.651687+00:00 OUT 
2026-02-15T18:01:08.655649+00:00 OUT    1. sakila.actor (200 rows read, 199 rows written, 1 row difference) - THE EVALUATION VERSION RESTRICTION
2026-02-15T18:01:08.659567+00:00 OUT    2. sakila.category (16 rows read, 15 rows written, 1 row difference) - THE EVALUATION VERSION RESTRICTION
2026-02-15T18:01:08.663348+00:00 OUT    3. sakila.address (603 rows read, 602 rows written, 1 row difference) - THE EVALUATION VERSION RESTRICTION
2026-02-15T18:01:08.666738+00:00 OUT    4. sakila.city (600 rows read, 599 rows written, 1 row difference) - THE EVALUATION VERSION RESTRICTION
2026-02-15T18:01:08.670927+00:00 OUT    5. sakila.customer (599 rows read, 598 rows written, 1 row difference) - THE EVALUATION VERSION RESTRICTION
2026-02-15T18:01:08.675710+00:00 OUT    6. sakila.country (109 rows read, 108 rows written, 1 row difference) - THE EVALUATION VERSION RESTRICTION
2026-02-15T18:01:08.679730+00:00 OUT    7. sakila.rental (16044 rows read, 16043 rows written, 1 row difference) - THE EVALUATION VERSION RESTRICTION
2026-02-15T18:01:08.684722+00:00 OUT    8. sakila.staff (2 rows read, 1 rows written, 1 row difference) - THE EVALUATION VERSION RESTRICTION
2026-02-15T18:01:08.689201+00:00 OUT    9. sakila.payment (16044 rows read, 16043 rows written, 1 row difference) - THE EVALUATION VERSION RESTRICTION
2026-02-15T18:01:08.692886+00:00 OUT   10. sakila.store (2 rows read, 1 rows written, 1 row difference) - THE EVALUATION VERSION RESTRICTION
2026-02-15T18:01:08.696577+00:00 OUT 
2026-02-15T18:01:08.700239+00:00 OUT Summary:
2026-02-15T18:01:08.704586+00:00 OUT 
2026-02-15T18:01:08.708229+00:00 OUT   Tables:        16 (16 Ok, 0 failed)
2026-02-15T18:01:08.712661+00:00 OUT   Target DDL:    83 (82 Ok, 1 failed)
2026-02-15T18:01:08.716864+00:00 OUT   Rows read:     47268 (47.3K rows)
2026-02-15T18:01:08.720936+00:00 OUT   Rows written:  47258 (47.3K rows) (10 row difference)
2026-02-15T18:01:08.724938+00:00 OUT   Transfer time: 3.5 sec (13549 rows/sec, 2.8 MB, 834.0 KB/sec)
2026-02-15T18:01:08.728466+00:00 OUT 
2026-02-15T18:01:08.732083+00:00 OUT Logs:
2026-02-15T18:01:08.736197+00:00 OUT 
2026-02-15T18:01:08.740049+00:00 OUT   Execution log:             sqldata.log
2026-02-15T18:01:08.743797+00:00 OUT   DDL SQL statements:        sqldata_ddl.sql
2026-02-15T18:01:08.750663+00:00 OUT   Failed DDL SQL statements: sqldata_failed.sql
2026-02-15T18:01:08.759879+00:00 OUT 
2026-02-15T18:01:08.763917+00:00 OUT SQLines Data finalize completed.
2026-02-15T18:01:08.788165+00:00 RUN  validate (Validate after upgrade) -> scripts/07_validate.sh
2026-02-15T18:01:08.796362+00:00 CMD /mnt/macshare/scripts/07_validate.sh
2026-02-15T18:01:08.825174+00:00 OUT MariaDB version (TCP validation):
2026-02-15T18:01:09.104059+00:00 OUT WARNING: option --ssl-verify-server-cert is disabled, because of an insecure passwordless login.
2026-02-15T18:01:09.112434+00:00 OUT 11.8.5-2-MariaDB-enterprise
2026-02-15T18:01:09.120856+00:00 OUT 
2026-02-15T18:01:09.132513+00:00 OUT User authentication plugins:
2026-02-15T18:01:09.437599+00:00 OUT WARNING: option --ssl-verify-server-cert is disabled, because of an insecure passwordless login.
2026-02-15T18:01:09.447222+00:00 OUT admin	%	mysql_native_password
2026-02-15T18:01:09.453267+00:00 OUT admin	192.168.64.3	mysql_native_password
2026-02-15T18:01:09.459218+00:00 OUT admin	192.168.64.7	mysql_native_password
2026-02-15T18:01:09.464937+00:00 OUT admin	localhost	mysql_native_password
2026-02-15T18:01:09.469253+00:00 OUT mariadb.sys	localhost	mysql_native_password
2026-02-15T18:01:09.473827+00:00 OUT migrate	%	mysql_native_password
2026-02-15T18:01:09.478862+00:00 OUT mysql	localhost	mysql_native_password
2026-02-15T18:01:09.484255+00:00 OUT root	localhost	mysql_native_password
2026-02-15T18:01:09.488501+00:00 OUT 
2026-02-15T18:01:09.492816+00:00 OUT Storage engines:
2026-02-15T18:01:09.783558+00:00 OUT WARNING: option --ssl-verify-server-cert is disabled, because of an insecure passwordless login.
2026-02-15T18:01:09.792148+00:00 OUT SPIDER	YES	Spider storage engine	YES	YES	NO
2026-02-15T18:01:09.798030+00:00 OUT CSV	YES	Stores tables as CSV files	NO	NO	NO
2026-02-15T18:01:09.804025+00:00 OUT MRG_MyISAM	YES	Collection of identical MyISAM tables	NO	NO	NO
2026-02-15T18:01:09.807929+00:00 OUT Aria	YES	Crash-safe tables with MyISAM heritage. Used for internal temporary tables and privilege tables	NO	NO	NO
2026-02-15T18:01:09.811891+00:00 OUT MyISAM	YES	Non-transactional engine with good performance and small data footprint	NO	NO	NO
2026-02-15T18:01:09.816171+00:00 OUT MEMORY	YES	Hash based, stored in memory, useful for temporary tables	NO	NO	NO
2026-02-15T18:01:09.818811+00:00 OUT InnoDB	DEFAULT	Supports transactions, row-level locking, foreign keys and encryption for tables	YES	YES	YES
2026-02-15T18:01:09.821913+00:00 OUT SEQUENCE	YES	Generated tables filled with sequential values	YES	NO	YES
2026-02-15T18:01:09.825717+00:00 OUT PERFORMANCE_SCHEMA	YES	Performance Schema	NO	NO	NO
2026-02-15T18:01:09.829445+00:00 OUT ROCKSDB	YES	RocksDB storage engine	YES	YES	YES
2026-02-15T18:01:09.833482+00:00 OUT 
2026-02-15T18:01:09.838530+00:00 OUT Validation complete (socket-first).
2026-02-15T18:01:09.870319+00:00 FINISH success=True message=Run completed successfully.
