2026-03-04T16:39:31.531164+00:00 START mode=assessment config=config/source.yaml
2026-03-04T16:39:32.734112+00:00 Assessment source auth selected: SRC_ADMIN_USER (admin)
2026-03-04T16:39:32.753504+00:00 RUN precheck -> /mnt/macshare/scripts/00_precheck.sh
2026-03-04T16:40:06.141392+00:00 == Precheck runner ==
2026-03-04T16:40:06.149837+00:00 Host: 192.168.64.7  Port: 3306  User: admin
2026-03-04T16:40:06.156818+00:00 Checks dir: /mnt/macshare/sql/checks
2026-03-04T16:40:06.165117+00:00 Outdir: artifacts/assess_20260304_163924/precheck
2026-03-04T16:40:06.179169+00:00 
2026-03-04T16:40:06.187315+00:00 NOTE: mariadb-migrate-config-file not found; skipping config check.
2026-03-04T16:40:06.195127+00:00 ---- mysql_version ----
2026-03-04T16:40:06.200976+00:00 8.0.45-0ubuntu0.24.04.1
2026-03-04T16:40:06.208623+00:00 
2026-03-04T16:40:06.213506+00:00 ---- innodb_settings ----
2026-03-04T16:40:06.220562+00:00 1	1
2026-03-04T16:40:06.227307+00:00 
2026-03-04T16:40:06.233559+00:00 ---- auth_plugins ----
2026-03-04T16:40:06.238813+00:00 debian-sys-maint	localhost	caching_sha2_password
2026-03-04T16:40:06.248661+00:00 
2026-03-04T16:40:06.255990+00:00 ---- json_columns ----
2026-03-04T16:40:06.263952+00:00 advanced_test	json_test	data	json
2026-03-04T16:40:06.274015+00:00 advanced_test	json_test	metadata	json
2026-03-04T16:40:06.281900+00:00 testdb	orders_json	data_json	json
2026-03-04T16:40:06.287683+00:00 
2026-03-04T16:40:06.297572+00:00 ---- compression_encryption ----
2026-03-04T16:40:06.306160+00:00 (no rows)
2026-03-04T16:40:06.312963+00:00 
2026-03-04T16:40:06.322424+00:00 ---- engines_summary ----
2026-03-04T16:40:06.330705+00:00 PERFORMANCE_SCHEMA	111
2026-03-04T16:40:06.334892+00:00 InnoDB	58
2026-03-04T16:40:06.343895+00:00 CSV	2
2026-03-04T16:40:06.347587+00:00 
2026-03-04T16:40:06.354122+00:00 ---- schema_sizes ----
2026-03-04T16:40:06.363080+00:00 testdb	38.56
2026-03-04T16:40:06.367560+00:00 sakila	6.45
2026-03-04T16:40:06.375682+00:00 mysql	2.73
2026-03-04T16:40:06.380976+00:00 world	0.77
2026-03-04T16:40:06.386340+00:00 sys	0.02
2026-03-04T16:40:06.392735+00:00 advanced_test	0.02
2026-03-04T16:40:06.400284+00:00 test_replication	0.02
2026-03-04T16:40:06.406853+00:00 information_schema	0.00
2026-03-04T16:40:06.410856+00:00 performance_schema	0.00
2026-03-04T16:40:06.418360+00:00 
2026-03-04T16:40:06.424928+00:00 ---- schema_charsets ----
2026-03-04T16:40:06.428159+00:00 advanced_test	utf8mb4	utf8mb4_0900_ai_ci
2026-03-04T16:40:06.435119+00:00 sakila	utf8mb4	utf8mb4_0900_ai_ci
2026-03-04T16:40:06.443488+00:00 test_replication	utf8mb4	utf8mb4_0900_ai_ci
2026-03-04T16:40:06.450799+00:00 testdb	utf8mb4	utf8mb4_0900_ai_ci
2026-03-04T16:40:06.456762+00:00 world	utf8mb4	utf8mb4_0900_ai_ci
2026-03-04T16:40:06.462993+00:00 
2026-03-04T16:40:06.467459+00:00 ---- mysql8_collations ----
2026-03-04T16:40:06.474757+00:00 advanced_test	json_test	utf8mb4_0900_ai_ci
2026-03-04T16:40:06.481285+00:00 sakila	actor	utf8mb4_0900_ai_ci
2026-03-04T16:40:06.492649+00:00 sakila	address	utf8mb4_0900_ai_ci
2026-03-04T16:40:06.501302+00:00 sakila	category	utf8mb4_0900_ai_ci
2026-03-04T16:40:06.508636+00:00 sakila	city	utf8mb4_0900_ai_ci
2026-03-04T16:40:06.517097+00:00 sakila	country	utf8mb4_0900_ai_ci
2026-03-04T16:40:06.523338+00:00 sakila	customer	utf8mb4_0900_ai_ci
2026-03-04T16:40:06.529964+00:00 sakila	film	utf8mb4_0900_ai_ci
2026-03-04T16:40:06.539353+00:00 sakila	film_actor	utf8mb4_0900_ai_ci
2026-03-04T16:40:06.545421+00:00 sakila	film_category	utf8mb4_0900_ai_ci
2026-03-04T16:40:06.554312+00:00 sakila	film_text	utf8mb4_0900_ai_ci
2026-03-04T16:40:06.562847+00:00 sakila	inventory	utf8mb4_0900_ai_ci
2026-03-04T16:40:06.570135+00:00 sakila	language	utf8mb4_0900_ai_ci
2026-03-04T16:40:06.579180+00:00 sakila	payment	utf8mb4_0900_ai_ci
2026-03-04T16:40:06.583701+00:00 sakila	rental	utf8mb4_0900_ai_ci
2026-03-04T16:40:06.591985+00:00 sakila	staff	utf8mb4_0900_ai_ci
2026-03-04T16:40:06.601014+00:00 sakila	store	utf8mb4_0900_ai_ci
2026-03-04T16:40:06.610444+00:00 test_replication	customers	utf8mb4_0900_ai_ci
2026-03-04T16:40:06.618162+00:00 testdb	orders_json	utf8mb4_0900_ai_ci
2026-03-04T16:40:06.625967+00:00 world	city	utf8mb4_0900_ai_ci
2026-03-04T16:40:06.633751+00:00 world	country	utf8mb4_0900_ai_ci
2026-03-04T16:40:06.639292+00:00 world	countrylanguage	utf8mb4_0900_ai_ci
2026-03-04T16:40:06.648578+00:00 
2026-03-04T16:40:06.658074+00:00 ---- mysql8_column_collations ----
2026-03-04T16:40:06.665705+00:00 sakila	actor	first_name	utf8mb4_0900_ai_ci
2026-03-04T16:40:06.672729+00:00 sakila	actor	last_name	utf8mb4_0900_ai_ci
2026-03-04T16:40:06.678492+00:00 sakila	actor_info	film_info	utf8mb4_0900_ai_ci
2026-03-04T16:40:06.689232+00:00 sakila	actor_info	first_name	utf8mb4_0900_ai_ci
2026-03-04T16:40:06.699769+00:00 sakila	actor_info	last_name	utf8mb4_0900_ai_ci
2026-03-04T16:40:06.707921+00:00 sakila	address	address	utf8mb4_0900_ai_ci
2026-03-04T16:40:06.716566+00:00 sakila	address	address2	utf8mb4_0900_ai_ci
2026-03-04T16:40:06.723792+00:00 sakila	address	district	utf8mb4_0900_ai_ci
2026-03-04T16:40:06.731129+00:00 sakila	address	phone	utf8mb4_0900_ai_ci
2026-03-04T16:40:06.736949+00:00 sakila	address	postal_code	utf8mb4_0900_ai_ci
2026-03-04T16:40:06.745050+00:00 sakila	category	name	utf8mb4_0900_ai_ci
2026-03-04T16:40:06.753036+00:00 sakila	city	city	utf8mb4_0900_ai_ci
2026-03-04T16:40:06.761526+00:00 sakila	country	country	utf8mb4_0900_ai_ci
2026-03-04T16:40:06.769525+00:00 sakila	customer	email	utf8mb4_0900_ai_ci
2026-03-04T16:40:06.778008+00:00 sakila	customer	first_name	utf8mb4_0900_ai_ci
2026-03-04T16:40:06.785392+00:00 sakila	customer	last_name	utf8mb4_0900_ai_ci
2026-03-04T16:40:06.792131+00:00 sakila	customer_list	address	utf8mb4_0900_ai_ci
2026-03-04T16:40:06.798040+00:00 sakila	customer_list	city	utf8mb4_0900_ai_ci
2026-03-04T16:40:06.804804+00:00 sakila	customer_list	country	utf8mb4_0900_ai_ci
2026-03-04T16:40:06.811611+00:00 sakila	customer_list	name	utf8mb4_0900_ai_ci
2026-03-04T16:40:06.820340+00:00 sakila	customer_list	notes	utf8mb4_0900_ai_ci
2026-03-04T16:40:06.829219+00:00 sakila	customer_list	phone	utf8mb4_0900_ai_ci
2026-03-04T16:40:06.840370+00:00 sakila	customer_list	zip code	utf8mb4_0900_ai_ci
2026-03-04T16:40:06.845424+00:00 sakila	film	description	utf8mb4_0900_ai_ci
2026-03-04T16:40:06.852551+00:00 sakila	film	rating	utf8mb4_0900_ai_ci
2026-03-04T16:40:06.861291+00:00 sakila	film	special_features	utf8mb4_0900_ai_ci
2026-03-04T16:40:06.869420+00:00 sakila	film	title	utf8mb4_0900_ai_ci
2026-03-04T16:40:06.883369+00:00 sakila	film_list	actors	utf8mb4_0900_ai_ci
2026-03-04T16:40:06.895525+00:00 sakila	film_list	category	utf8mb4_0900_ai_ci
2026-03-04T16:40:06.906953+00:00 sakila	film_list	description	utf8mb4_0900_ai_ci
2026-03-04T16:40:06.915128+00:00 sakila	film_list	rating	utf8mb4_0900_ai_ci
2026-03-04T16:40:06.926976+00:00 sakila	film_list	title	utf8mb4_0900_ai_ci
2026-03-04T16:40:06.935886+00:00 sakila	film_text	description	utf8mb4_0900_ai_ci
2026-03-04T16:40:06.941694+00:00 sakila	film_text	title	utf8mb4_0900_ai_ci
2026-03-04T16:40:06.950674+00:00 sakila	language	name	utf8mb4_0900_ai_ci
2026-03-04T16:40:06.956253+00:00 sakila	nicer_but_slower_film_list	actors	utf8mb4_0900_ai_ci
2026-03-04T16:40:06.965424+00:00 sakila	nicer_but_slower_film_list	category	utf8mb4_0900_ai_ci
2026-03-04T16:40:06.972750+00:00 sakila	nicer_but_slower_film_list	description	utf8mb4_0900_ai_ci
2026-03-04T16:40:06.981883+00:00 sakila	nicer_but_slower_film_list	rating	utf8mb4_0900_ai_ci
2026-03-04T16:40:06.989378+00:00 sakila	nicer_but_slower_film_list	title	utf8mb4_0900_ai_ci
2026-03-04T16:40:06.997324+00:00 sakila	sales_by_film_category	category	utf8mb4_0900_ai_ci
2026-03-04T16:40:07.004559+00:00 sakila	sales_by_store	manager	utf8mb4_0900_ai_ci
2026-03-04T16:40:07.013643+00:00 sakila	sales_by_store	store	utf8mb4_0900_ai_ci
2026-03-04T16:40:07.019400+00:00 sakila	staff	email	utf8mb4_0900_ai_ci
2026-03-04T16:40:07.028398+00:00 sakila	staff	first_name	utf8mb4_0900_ai_ci
2026-03-04T16:40:07.037015+00:00 sakila	staff	last_name	utf8mb4_0900_ai_ci
2026-03-04T16:40:07.044683+00:00 sakila	staff	username	utf8mb4_0900_ai_ci
2026-03-04T16:40:07.052665+00:00 sakila	staff_list	address	utf8mb4_0900_ai_ci
2026-03-04T16:40:07.061159+00:00 sakila	staff_list	city	utf8mb4_0900_ai_ci
2026-03-04T16:40:07.069832+00:00 sakila	staff_list	country	utf8mb4_0900_ai_ci
2026-03-04T16:40:07.076218+00:00 ... (truncated; full output in artifacts/assess_20260304_163924/precheck/mysql8_column_collations.tsv)
2026-03-04T16:40:07.085941+00:00 
2026-03-04T16:40:07.091930+00:00 ---- sql_mode ----
2026-03-04T16:40:07.098807+00:00 ONLY_FULL_GROUP_BY,STRICT_TRANS_TABLES,NO_ZERO_IN_DATE,NO_ZERO_DATE,ERROR_FOR_DIVISION_BY_ZERO,NO_ENGINE_SUBSTITUTION
2026-03-04T16:40:07.105572+00:00 
2026-03-04T16:40:07.111921+00:00 ---- definers_inventory ----
2026-03-04T16:40:07.118545+00:00 TRIGGER	root@localhost	6
2026-03-04T16:40:07.125253+00:00 VIEW	root@localhost	7
2026-03-04T16:40:07.132151+00:00 
2026-03-04T16:40:07.140464+00:00 ---- partitioned_tables ----
2026-03-04T16:40:07.151515+00:00 (no rows)
2026-03-04T16:40:07.160016+00:00 
2026-03-04T16:40:07.167074+00:00 ---- active_plugins ----
2026-03-04T16:40:07.179571+00:00 ARCHIVE	ACTIVE
2026-03-04T16:40:07.188402+00:00 auth_socket	ACTIVE
2026-03-04T16:40:07.199075+00:00 binlog	ACTIVE
2026-03-04T16:40:07.205750+00:00 BLACKHOLE	ACTIVE
2026-03-04T16:40:07.213964+00:00 caching_sha2_password	ACTIVE
2026-03-04T16:40:07.223997+00:00 CSV	ACTIVE
2026-03-04T16:40:07.231032+00:00 daemon_keyring_proxy_plugin	ACTIVE
2026-03-04T16:40:07.238489+00:00 InnoDB	ACTIVE
2026-03-04T16:40:07.244834+00:00 INNODB_BUFFER_PAGE	ACTIVE
2026-03-04T16:40:07.251110+00:00 INNODB_BUFFER_PAGE_LRU	ACTIVE
2026-03-04T16:40:07.258570+00:00 INNODB_BUFFER_POOL_STATS	ACTIVE
2026-03-04T16:40:07.266287+00:00 INNODB_CACHED_INDEXES	ACTIVE
2026-03-04T16:40:07.273209+00:00 INNODB_CMP	ACTIVE
2026-03-04T16:40:07.283168+00:00 INNODB_CMPMEM	ACTIVE
2026-03-04T16:40:07.292861+00:00 INNODB_CMPMEM_RESET	ACTIVE
2026-03-04T16:40:07.303706+00:00 INNODB_CMP_PER_INDEX	ACTIVE
2026-03-04T16:40:07.311163+00:00 INNODB_CMP_PER_INDEX_RESET	ACTIVE
2026-03-04T16:40:07.320323+00:00 INNODB_CMP_RESET	ACTIVE
2026-03-04T16:40:07.329801+00:00 INNODB_COLUMNS	ACTIVE
2026-03-04T16:40:07.340145+00:00 INNODB_FT_BEING_DELETED	ACTIVE
2026-03-04T16:40:07.345287+00:00 INNODB_FT_CONFIG	ACTIVE
2026-03-04T16:40:07.354386+00:00 INNODB_FT_DEFAULT_STOPWORD	ACTIVE
2026-03-04T16:40:07.361050+00:00 INNODB_FT_DELETED	ACTIVE
2026-03-04T16:40:07.369911+00:00 INNODB_FT_INDEX_CACHE	ACTIVE
2026-03-04T16:40:07.380190+00:00 INNODB_FT_INDEX_TABLE	ACTIVE
2026-03-04T16:40:07.387585+00:00 INNODB_INDEXES	ACTIVE
2026-03-04T16:40:07.394607+00:00 INNODB_METRICS	ACTIVE
2026-03-04T16:40:07.402847+00:00 INNODB_SESSION_TEMP_TABLESPACES	ACTIVE
2026-03-04T16:40:07.411375+00:00 INNODB_TABLES	ACTIVE
2026-03-04T16:40:07.419497+00:00 INNODB_TABLESPACES	ACTIVE
2026-03-04T16:40:07.427334+00:00 INNODB_TABLESTATS	ACTIVE
2026-03-04T16:40:07.437541+00:00 INNODB_TEMP_TABLE_INFO	ACTIVE
2026-03-04T16:40:07.443632+00:00 INNODB_TRX	ACTIVE
2026-03-04T16:40:07.450532+00:00 INNODB_VIRTUAL	ACTIVE
2026-03-04T16:40:07.455458+00:00 MEMORY	ACTIVE
2026-03-04T16:40:07.464840+00:00 MRG_MYISAM	ACTIVE
2026-03-04T16:40:07.474640+00:00 MyISAM	ACTIVE
2026-03-04T16:40:07.482705+00:00 mysqlx	ACTIVE
2026-03-04T16:40:07.492491+00:00 mysqlx_cache_cleaner	ACTIVE
2026-03-04T16:40:07.499134+00:00 mysql_native_password	ACTIVE
2026-03-04T16:40:07.506824+00:00 ngram	ACTIVE
2026-03-04T16:40:07.514146+00:00 PERFORMANCE_SCHEMA	ACTIVE
2026-03-04T16:40:07.520975+00:00 sha256_password	ACTIVE
2026-03-04T16:40:07.526589+00:00 sha2_cache_cleaner	ACTIVE
2026-03-04T16:40:07.535014+00:00 TempTable	ACTIVE
2026-03-04T16:40:07.542681+00:00 
2026-03-04T16:40:07.551042+00:00 ---- functional_indexes ----
2026-03-04T16:40:07.560061+00:00 (no rows)
2026-03-04T16:40:07.571908+00:00 
2026-03-04T16:40:07.577235+00:00 ---- functional_defaults ----
2026-03-04T16:40:07.585040+00:00 (no rows)
2026-03-04T16:40:07.592379+00:00 
2026-03-04T16:40:07.602851+00:00 ---- invisible_columns ----
2026-03-04T16:40:07.611365+00:00 (no rows)
2026-03-04T16:40:07.617907+00:00 
2026-03-04T16:40:07.623662+00:00 ---- check_constraints ----
2026-03-04T16:40:07.631203+00:00 (no rows)
2026-03-04T16:40:07.639218+00:00 
2026-03-04T16:40:07.648636+00:00 ---- partial_revokes ----
2026-03-04T16:40:07.657537+00:00 (no rows)
2026-03-04T16:40:07.665828+00:00 
2026-03-04T16:40:07.674266+00:00 ---- gis_srid_usage ----
2026-03-04T16:40:07.680872+00:00 sakila	address	location	0
2026-03-04T16:40:07.688588+00:00 
2026-03-04T16:40:07.695479+00:00 ---- resource_groups ----
2026-03-04T16:40:07.705483+00:00 USR_default	USER	1	0-9	0
2026-03-04T16:40:07.712356+00:00 SYS_default	SYSTEM	1	0-9	0
2026-03-04T16:40:07.718720+00:00 
2026-03-04T16:40:07.726118+00:00 ---- xplugin_status ----
2026-03-04T16:40:07.730668+00:00 mysqlx	ACTIVE
2026-03-04T16:40:07.736892+00:00 
2026-03-04T16:40:07.742939+00:00 ---- fk_name_lengths ----
2026-03-04T16:40:07.748908+00:00 (no rows)
2026-03-04T16:40:07.755289+00:00 
2026-03-04T16:40:07.764601+00:00 ---- trigger_order ----
2026-03-04T16:40:07.770984+00:00 (no rows)
2026-03-04T16:40:07.778608+00:00 
2026-03-04T16:40:07.783351+00:00 Precheck complete.
2026-03-04T16:40:07.792536+00:00 TSV outputs: artifacts/assess_20260304_163924/precheck/*.tsv
2026-03-04T16:40:10.560932+00:00 FINISH success=True message=Assessment passed. Ready to plan/run.
