2026-03-04T16:59:36.066145+00:00 START mode=run config=config/migration.yaml
2026-03-04T16:59:36.157809+00:00 RUN  preflight_binlog (Preflight checks (binlog)) -> scripts/00_preflight_binlog.sh
2026-03-04T16:59:36.166990+00:00 CMD /mnt/macshare/scripts/00_preflight_binlog.sh
2026-03-04T16:59:36.196172+00:00 OUT ==> Preflight checks (binlog)
2026-03-04T16:59:36.205324+00:00 OUT Checking source admin connectivity...
2026-03-04T16:59:36.460105+00:00 OUT Checking target admin connectivity...
2026-03-04T16:59:36.705969+00:00 OUT Checking source binary logging...
2026-03-04T16:59:36.988416+00:00 OUT Checking source binlog format...
2026-03-04T16:59:37.274013+00:00 OUT Checking source master status visibility...
2026-03-04T16:59:37.545782+00:00 OUT Checking source database(s) exist...
2026-03-04T16:59:38.074181+00:00 OUT Preflight complete.
2026-03-04T16:59:38.100889+00:00 RUN  precheck (Precheck source variables and blockers) -> scripts/00_precheck.sh
2026-03-04T16:59:38.112330+00:00 CMD /mnt/macshare/scripts/00_precheck.sh
2026-03-04T16:59:38.181381+00:00 OUT == Precheck runner ==
2026-03-04T16:59:38.202286+00:00 OUT Host: 192.168.64.7  Port: 3306  User: admin
2026-03-04T16:59:38.223749+00:00 OUT Checks dir: /mnt/macshare/sql/checks
2026-03-04T16:59:38.248276+00:00 OUT Outdir: /mnt/macshare/artifacts/precheck
2026-03-04T16:59:38.276507+00:00 OUT 
2026-03-04T16:59:38.302864+00:00 OUT NOTE: mariadb-migrate-config-file not found; skipping config check.
2026-03-04T16:59:38.340329+00:00 OUT ---- mysql_version ----
2026-03-04T16:59:38.630316+00:00 OUT 8.0.45-0ubuntu0.24.04.1
2026-03-04T16:59:38.668868+00:00 OUT 
2026-03-04T16:59:38.701073+00:00 OUT ---- innodb_settings ----
2026-03-04T16:59:38.987320+00:00 OUT 1	1
2026-03-04T16:59:39.026503+00:00 OUT 
2026-03-04T16:59:39.062137+00:00 OUT ---- auth_plugins ----
2026-03-04T16:59:39.355113+00:00 OUT debian-sys-maint	localhost	caching_sha2_password
2026-03-04T16:59:39.394018+00:00 OUT 
2026-03-04T16:59:39.425133+00:00 OUT ---- json_columns ----
2026-03-04T16:59:39.719533+00:00 OUT advanced_test	json_test	data	json
2026-03-04T16:59:39.726245+00:00 OUT advanced_test	json_test	metadata	json
2026-03-04T16:59:39.732997+00:00 OUT testdb	orders_json	data_json	json
2026-03-04T16:59:39.763296+00:00 OUT 
2026-03-04T16:59:39.797818+00:00 OUT ---- compression_encryption ----
2026-03-04T16:59:40.088458+00:00 OUT (no rows)
2026-03-04T16:59:40.109502+00:00 OUT 
2026-03-04T16:59:40.141270+00:00 OUT ---- engines_summary ----
2026-03-04T16:59:40.434244+00:00 OUT PERFORMANCE_SCHEMA	111
2026-03-04T16:59:40.442451+00:00 OUT InnoDB	58
2026-03-04T16:59:40.450401+00:00 OUT CSV	2
2026-03-04T16:59:40.477998+00:00 OUT 
2026-03-04T16:59:40.510259+00:00 OUT ---- schema_sizes ----
2026-03-04T16:59:40.815022+00:00 OUT testdb	38.56
2026-03-04T16:59:40.821912+00:00 OUT sakila	6.45
2026-03-04T16:59:40.831177+00:00 OUT mysql	2.73
2026-03-04T16:59:40.836852+00:00 OUT world	0.77
2026-03-04T16:59:40.843978+00:00 OUT sys	0.02
2026-03-04T16:59:40.848492+00:00 OUT advanced_test	0.02
2026-03-04T16:59:40.858143+00:00 OUT test_replication	0.02
2026-03-04T16:59:40.864855+00:00 OUT information_schema	0.00
2026-03-04T16:59:40.872763+00:00 OUT performance_schema	0.00
2026-03-04T16:59:40.882343+00:00 OUT 
2026-03-04T16:59:40.908482+00:00 OUT ---- schema_charsets ----
2026-03-04T16:59:41.203912+00:00 OUT advanced_test	utf8mb4	utf8mb4_0900_ai_ci
2026-03-04T16:59:41.218234+00:00 OUT sakila	utf8mb4	utf8mb4_0900_ai_ci
2026-03-04T16:59:41.223253+00:00 OUT test_replication	utf8mb4	utf8mb4_0900_ai_ci
2026-03-04T16:59:41.228227+00:00 OUT testdb	utf8mb4	utf8mb4_0900_ai_ci
2026-03-04T16:59:41.237044+00:00 OUT world	utf8mb4	utf8mb4_0900_ai_ci
2026-03-04T16:59:41.255300+00:00 OUT 
2026-03-04T16:59:41.287510+00:00 OUT ---- mysql8_collations ----
2026-03-04T16:59:41.576842+00:00 OUT advanced_test	json_test	utf8mb4_0900_ai_ci
2026-03-04T16:59:41.585479+00:00 OUT sakila	actor	utf8mb4_0900_ai_ci
2026-03-04T16:59:41.593005+00:00 OUT sakila	address	utf8mb4_0900_ai_ci
2026-03-04T16:59:41.598415+00:00 OUT sakila	category	utf8mb4_0900_ai_ci
2026-03-04T16:59:41.605787+00:00 OUT sakila	city	utf8mb4_0900_ai_ci
2026-03-04T16:59:41.620032+00:00 OUT sakila	country	utf8mb4_0900_ai_ci
2026-03-04T16:59:41.623982+00:00 OUT sakila	customer	utf8mb4_0900_ai_ci
2026-03-04T16:59:41.629353+00:00 OUT sakila	film	utf8mb4_0900_ai_ci
2026-03-04T16:59:41.633791+00:00 OUT sakila	film_actor	utf8mb4_0900_ai_ci
2026-03-04T16:59:41.641701+00:00 OUT sakila	film_category	utf8mb4_0900_ai_ci
2026-03-04T16:59:41.646862+00:00 OUT sakila	film_text	utf8mb4_0900_ai_ci
2026-03-04T16:59:41.653134+00:00 OUT sakila	inventory	utf8mb4_0900_ai_ci
2026-03-04T16:59:41.663020+00:00 OUT sakila	language	utf8mb4_0900_ai_ci
2026-03-04T16:59:41.670787+00:00 OUT sakila	payment	utf8mb4_0900_ai_ci
2026-03-04T16:59:41.676488+00:00 OUT sakila	rental	utf8mb4_0900_ai_ci
2026-03-04T16:59:41.681936+00:00 OUT sakila	staff	utf8mb4_0900_ai_ci
2026-03-04T16:59:41.689648+00:00 OUT sakila	store	utf8mb4_0900_ai_ci
2026-03-04T16:59:41.697145+00:00 OUT test_replication	customers	utf8mb4_0900_ai_ci
2026-03-04T16:59:41.704464+00:00 OUT testdb	orders_json	utf8mb4_0900_ai_ci
2026-03-04T16:59:41.708656+00:00 OUT world	city	utf8mb4_0900_ai_ci
2026-03-04T16:59:41.713972+00:00 OUT world	country	utf8mb4_0900_ai_ci
2026-03-04T16:59:41.722867+00:00 OUT world	countrylanguage	utf8mb4_0900_ai_ci
2026-03-04T16:59:41.727841+00:00 OUT 
2026-03-04T16:59:41.733469+00:00 OUT ---- mysql8_column_collations ----
2026-03-04T16:59:41.991930+00:00 OUT sakila	actor	first_name	utf8mb4_0900_ai_ci
2026-03-04T16:59:41.998981+00:00 OUT sakila	actor	last_name	utf8mb4_0900_ai_ci
2026-03-04T16:59:42.008899+00:00 OUT sakila	actor_info	film_info	utf8mb4_0900_ai_ci
2026-03-04T16:59:42.012821+00:00 OUT sakila	actor_info	first_name	utf8mb4_0900_ai_ci
2026-03-04T16:59:42.022473+00:00 OUT sakila	actor_info	last_name	utf8mb4_0900_ai_ci
2026-03-04T16:59:42.033428+00:00 OUT sakila	address	address	utf8mb4_0900_ai_ci
2026-03-04T16:59:42.037110+00:00 OUT sakila	address	address2	utf8mb4_0900_ai_ci
2026-03-04T16:59:42.042346+00:00 OUT sakila	address	district	utf8mb4_0900_ai_ci
2026-03-04T16:59:42.049306+00:00 OUT sakila	address	phone	utf8mb4_0900_ai_ci
2026-03-04T16:59:42.055936+00:00 OUT sakila	address	postal_code	utf8mb4_0900_ai_ci
2026-03-04T16:59:42.067752+00:00 OUT sakila	category	name	utf8mb4_0900_ai_ci
2026-03-04T16:59:42.073165+00:00 OUT sakila	city	city	utf8mb4_0900_ai_ci
2026-03-04T16:59:42.081379+00:00 OUT sakila	country	country	utf8mb4_0900_ai_ci
2026-03-04T16:59:42.085777+00:00 OUT sakila	customer	email	utf8mb4_0900_ai_ci
2026-03-04T16:59:42.094462+00:00 OUT sakila	customer	first_name	utf8mb4_0900_ai_ci
2026-03-04T16:59:42.099708+00:00 OUT sakila	customer	last_name	utf8mb4_0900_ai_ci
2026-03-04T16:59:42.104961+00:00 OUT sakila	customer_list	address	utf8mb4_0900_ai_ci
2026-03-04T16:59:42.117370+00:00 OUT sakila	customer_list	city	utf8mb4_0900_ai_ci
2026-03-04T16:59:42.127565+00:00 OUT sakila	customer_list	country	utf8mb4_0900_ai_ci
2026-03-04T16:59:42.131311+00:00 OUT sakila	customer_list	name	utf8mb4_0900_ai_ci
2026-03-04T16:59:42.142416+00:00 OUT sakila	customer_list	notes	utf8mb4_0900_ai_ci
2026-03-04T16:59:42.146089+00:00 OUT sakila	customer_list	phone	utf8mb4_0900_ai_ci
2026-03-04T16:59:42.149978+00:00 OUT sakila	customer_list	zip code	utf8mb4_0900_ai_ci
2026-03-04T16:59:42.156231+00:00 OUT sakila	film	description	utf8mb4_0900_ai_ci
2026-03-04T16:59:42.161054+00:00 OUT sakila	film	rating	utf8mb4_0900_ai_ci
2026-03-04T16:59:42.167586+00:00 OUT sakila	film	special_features	utf8mb4_0900_ai_ci
2026-03-04T16:59:42.176361+00:00 OUT sakila	film	title	utf8mb4_0900_ai_ci
2026-03-04T16:59:42.182850+00:00 OUT sakila	film_list	actors	utf8mb4_0900_ai_ci
2026-03-04T16:59:42.186637+00:00 OUT sakila	film_list	category	utf8mb4_0900_ai_ci
2026-03-04T16:59:42.194808+00:00 OUT sakila	film_list	description	utf8mb4_0900_ai_ci
2026-03-04T16:59:42.200264+00:00 OUT sakila	film_list	rating	utf8mb4_0900_ai_ci
2026-03-04T16:59:42.207776+00:00 OUT sakila	film_list	title	utf8mb4_0900_ai_ci
2026-03-04T16:59:42.214413+00:00 OUT sakila	film_text	description	utf8mb4_0900_ai_ci
2026-03-04T16:59:42.221159+00:00 OUT sakila	film_text	title	utf8mb4_0900_ai_ci
2026-03-04T16:59:42.229533+00:00 OUT sakila	language	name	utf8mb4_0900_ai_ci
2026-03-04T16:59:42.234914+00:00 OUT sakila	nicer_but_slower_film_list	actors	utf8mb4_0900_ai_ci
2026-03-04T16:59:42.243800+00:00 OUT sakila	nicer_but_slower_film_list	category	utf8mb4_0900_ai_ci
2026-03-04T16:59:42.254446+00:00 OUT sakila	nicer_but_slower_film_list	description	utf8mb4_0900_ai_ci
2026-03-04T16:59:42.258297+00:00 OUT sakila	nicer_but_slower_film_list	rating	utf8mb4_0900_ai_ci
2026-03-04T16:59:42.264667+00:00 OUT sakila	nicer_but_slower_film_list	title	utf8mb4_0900_ai_ci
2026-03-04T16:59:42.273103+00:00 OUT sakila	sales_by_film_category	category	utf8mb4_0900_ai_ci
2026-03-04T16:59:42.278359+00:00 OUT sakila	sales_by_store	manager	utf8mb4_0900_ai_ci
2026-03-04T16:59:42.286146+00:00 OUT sakila	sales_by_store	store	utf8mb4_0900_ai_ci
2026-03-04T16:59:42.296317+00:00 OUT sakila	staff	email	utf8mb4_0900_ai_ci
2026-03-04T16:59:42.301141+00:00 OUT sakila	staff	first_name	utf8mb4_0900_ai_ci
2026-03-04T16:59:42.306580+00:00 OUT sakila	staff	last_name	utf8mb4_0900_ai_ci
2026-03-04T16:59:42.313086+00:00 OUT sakila	staff	username	utf8mb4_0900_ai_ci
2026-03-04T16:59:42.319863+00:00 OUT sakila	staff_list	address	utf8mb4_0900_ai_ci
2026-03-04T16:59:42.329246+00:00 OUT sakila	staff_list	city	utf8mb4_0900_ai_ci
2026-03-04T16:59:42.334903+00:00 OUT sakila	staff_list	country	utf8mb4_0900_ai_ci
2026-03-04T16:59:42.343337+00:00 OUT ... (truncated; full output in /mnt/macshare/artifacts/precheck/mysql8_column_collations.tsv)
2026-03-04T16:59:42.353411+00:00 OUT 
2026-03-04T16:59:42.358599+00:00 OUT ---- sql_mode ----
2026-03-04T16:59:42.538125+00:00 OUT ONLY_FULL_GROUP_BY,STRICT_TRANS_TABLES,NO_ZERO_IN_DATE,NO_ZERO_DATE,ERROR_FOR_DIVISION_BY_ZERO,NO_ENGINE_SUBSTITUTION
2026-03-04T16:59:42.579141+00:00 OUT 
2026-03-04T16:59:42.613405+00:00 OUT ---- definers_inventory ----
2026-03-04T16:59:42.916395+00:00 OUT TRIGGER	root@localhost	6
2026-03-04T16:59:42.924024+00:00 OUT VIEW	root@localhost	7
2026-03-04T16:59:42.957126+00:00 OUT 
2026-03-04T16:59:42.990618+00:00 OUT ---- partitioned_tables ----
2026-03-04T16:59:43.278135+00:00 OUT (no rows)
2026-03-04T16:59:43.299974+00:00 OUT 
2026-03-04T16:59:43.331883+00:00 OUT ---- active_plugins ----
2026-03-04T16:59:43.620173+00:00 OUT ARCHIVE	ACTIVE
2026-03-04T16:59:43.628338+00:00 OUT auth_socket	ACTIVE
2026-03-04T16:59:43.637240+00:00 OUT binlog	ACTIVE
2026-03-04T16:59:43.643861+00:00 OUT BLACKHOLE	ACTIVE
2026-03-04T16:59:43.651304+00:00 OUT caching_sha2_password	ACTIVE
2026-03-04T16:59:43.663603+00:00 OUT CSV	ACTIVE
2026-03-04T16:59:43.667690+00:00 OUT daemon_keyring_proxy_plugin	ACTIVE
2026-03-04T16:59:43.674130+00:00 OUT InnoDB	ACTIVE
2026-03-04T16:59:43.683028+00:00 OUT INNODB_BUFFER_PAGE	ACTIVE
2026-03-04T16:59:43.691823+00:00 OUT INNODB_BUFFER_PAGE_LRU	ACTIVE
2026-03-04T16:59:43.695543+00:00 OUT INNODB_BUFFER_POOL_STATS	ACTIVE
2026-03-04T16:59:43.702683+00:00 OUT INNODB_CACHED_INDEXES	ACTIVE
2026-03-04T16:59:43.710129+00:00 OUT INNODB_CMP	ACTIVE
2026-03-04T16:59:43.716804+00:00 OUT INNODB_CMPMEM	ACTIVE
2026-03-04T16:59:43.721652+00:00 OUT INNODB_CMPMEM_RESET	ACTIVE
2026-03-04T16:59:43.731581+00:00 OUT INNODB_CMP_PER_INDEX	ACTIVE
2026-03-04T16:59:43.734502+00:00 OUT INNODB_CMP_PER_INDEX_RESET	ACTIVE
2026-03-04T16:59:43.738500+00:00 OUT INNODB_CMP_RESET	ACTIVE
2026-03-04T16:59:43.745450+00:00 OUT INNODB_COLUMNS	ACTIVE
2026-03-04T16:59:43.750940+00:00 OUT INNODB_FT_BEING_DELETED	ACTIVE
2026-03-04T16:59:43.763829+00:00 OUT INNODB_FT_CONFIG	ACTIVE
2026-03-04T16:59:43.768271+00:00 OUT INNODB_FT_DEFAULT_STOPWORD	ACTIVE
2026-03-04T16:59:43.778482+00:00 OUT INNODB_FT_DELETED	ACTIVE
2026-03-04T16:59:43.787550+00:00 OUT INNODB_FT_INDEX_CACHE	ACTIVE
2026-03-04T16:59:43.793520+00:00 OUT INNODB_FT_INDEX_TABLE	ACTIVE
2026-03-04T16:59:43.799342+00:00 OUT INNODB_INDEXES	ACTIVE
2026-03-04T16:59:43.810219+00:00 OUT INNODB_METRICS	ACTIVE
2026-03-04T16:59:43.814052+00:00 OUT INNODB_SESSION_TEMP_TABLESPACES	ACTIVE
2026-03-04T16:59:43.818776+00:00 OUT INNODB_TABLES	ACTIVE
2026-03-04T16:59:43.828224+00:00 OUT INNODB_TABLESPACES	ACTIVE
2026-03-04T16:59:43.837765+00:00 OUT INNODB_TABLESTATS	ACTIVE
2026-03-04T16:59:43.841420+00:00 OUT INNODB_TEMP_TABLE_INFO	ACTIVE
2026-03-04T16:59:43.848044+00:00 OUT INNODB_TRX	ACTIVE
2026-03-04T16:59:43.856423+00:00 OUT INNODB_VIRTUAL	ACTIVE
2026-03-04T16:59:43.865293+00:00 OUT MEMORY	ACTIVE
2026-03-04T16:59:43.870341+00:00 OUT MRG_MYISAM	ACTIVE
2026-03-04T16:59:43.875845+00:00 OUT MyISAM	ACTIVE
2026-03-04T16:59:43.882071+00:00 OUT mysqlx	ACTIVE
2026-03-04T16:59:43.889243+00:00 OUT mysqlx_cache_cleaner	ACTIVE
2026-03-04T16:59:43.899371+00:00 OUT mysql_native_password	ACTIVE
2026-03-04T16:59:43.906002+00:00 OUT ngram	ACTIVE
2026-03-04T16:59:43.915426+00:00 OUT PERFORMANCE_SCHEMA	ACTIVE
2026-03-04T16:59:43.924175+00:00 OUT sha256_password	ACTIVE
2026-03-04T16:59:43.928057+00:00 OUT sha2_cache_cleaner	ACTIVE
2026-03-04T16:59:43.933451+00:00 OUT TempTable	ACTIVE
2026-03-04T16:59:43.940526+00:00 OUT 
2026-03-04T16:59:43.950656+00:00 OUT ---- functional_indexes ----
2026-03-04T16:59:44.111535+00:00 OUT (no rows)
2026-03-04T16:59:44.135428+00:00 OUT 
2026-03-04T16:59:44.172278+00:00 OUT ---- functional_defaults ----
2026-03-04T16:59:44.456585+00:00 OUT (no rows)
2026-03-04T16:59:44.479106+00:00 OUT 
2026-03-04T16:59:44.514153+00:00 OUT ---- invisible_columns ----
2026-03-04T16:59:44.802399+00:00 OUT (no rows)
2026-03-04T16:59:44.826965+00:00 OUT 
2026-03-04T16:59:44.859891+00:00 OUT ---- check_constraints ----
2026-03-04T16:59:45.145872+00:00 OUT (no rows)
2026-03-04T16:59:45.166339+00:00 OUT 
2026-03-04T16:59:45.200193+00:00 OUT ---- partial_revokes ----
2026-03-04T16:59:45.490647+00:00 OUT (no rows)
2026-03-04T16:59:45.513670+00:00 OUT 
2026-03-04T16:59:45.546458+00:00 OUT ---- gis_srid_usage ----
2026-03-04T16:59:45.864450+00:00 OUT sakila	address	location	0
2026-03-04T16:59:45.900632+00:00 OUT 
2026-03-04T16:59:45.935347+00:00 OUT ---- resource_groups ----
2026-03-04T16:59:46.223269+00:00 OUT USR_default	USER	1	0-9	0
2026-03-04T16:59:46.231264+00:00 OUT SYS_default	SYSTEM	1	0-9	0
2026-03-04T16:59:46.271044+00:00 OUT 
2026-03-04T16:59:46.305082+00:00 OUT ---- xplugin_status ----
2026-03-04T16:59:46.608078+00:00 OUT mysqlx	ACTIVE
2026-03-04T16:59:46.649081+00:00 OUT 
2026-03-04T16:59:46.685326+00:00 OUT ---- fk_name_lengths ----
2026-03-04T16:59:46.983404+00:00 OUT (no rows)
2026-03-04T16:59:47.007520+00:00 OUT 
2026-03-04T16:59:47.042847+00:00 OUT ---- trigger_order ----
2026-03-04T16:59:47.343955+00:00 OUT (no rows)
2026-03-04T16:59:47.366272+00:00 OUT 
2026-03-04T16:59:47.427288+00:00 OUT Precheck complete.
2026-03-04T16:59:47.448051+00:00 OUT TSV outputs: /mnt/macshare/artifacts/precheck/*.tsv
2026-03-04T16:59:47.475822+00:00 RUN  binlog_seed_dump_restore (Seed target with dump/restore snapshot) -> scripts/14_binlog_seed.sh
2026-03-04T16:59:47.485796+00:00 CMD /mnt/macshare/scripts/14_binlog_seed.sh
2026-03-04T16:59:47.512674+00:00 OUT ==> Binlog migration: seed target from source snapshot
2026-03-04T16:59:47.559292+00:00 OUT Preparing target database(s)...
2026-03-04T16:59:47.821486+00:00 OUT Creating source snapshot with binlog coordinates...
2026-03-04T16:59:48.123783+00:00 OUT mariadb-dump: Got error: 1045: "Access denied for user 'admin'@'192.168.64.11' (using password: YES)" when trying to connect
2026-03-04T16:59:48.151700+00:00 FINISH success=False message=Run failed at step: binlog_seed_dump_restore
