2026-02-26T18:25:40.742182+00:00 START mode=assessment config=config/source.yaml
2026-02-26T18:25:41.996256+00:00 Assessment source auth selected: SRC_ADMIN_USER (admin)
2026-02-26T18:25:42.016876+00:00 RUN precheck -> /mnt/macshare/scripts/00_precheck.sh
2026-02-26T18:26:17.148299+00:00 == Precheck runner ==
2026-02-26T18:26:17.155969+00:00 Host: 192.168.64.7  Port: 3306  User: admin
2026-02-26T18:26:17.163337+00:00 Checks dir: /mnt/macshare/sql/checks
2026-02-26T18:26:17.171015+00:00 Outdir: artifacts/assess_20260226_182532/precheck
2026-02-26T18:26:17.176363+00:00 
2026-02-26T18:26:17.185414+00:00 NOTE: mariadb-migrate-config-file not found; skipping config check.
2026-02-26T18:26:17.191916+00:00 ---- mysql_version ----
2026-02-26T18:26:17.199757+00:00 8.0.45-0ubuntu0.24.04.1
2026-02-26T18:26:17.205862+00:00 
2026-02-26T18:26:17.212734+00:00 ---- innodb_settings ----
2026-02-26T18:26:17.218907+00:00 1	1
2026-02-26T18:26:17.224582+00:00 
2026-02-26T18:26:17.230609+00:00 ---- auth_plugins ----
2026-02-26T18:26:17.240162+00:00 debian-sys-maint	localhost	caching_sha2_password
2026-02-26T18:26:17.248298+00:00 
2026-02-26T18:26:17.253044+00:00 ---- json_columns ----
2026-02-26T18:26:17.260391+00:00 advanced_test	json_test	data	json
2026-02-26T18:26:17.270217+00:00 advanced_test	json_test	metadata	json
2026-02-26T18:26:17.274634+00:00 testdb	orders_json	data_json	json
2026-02-26T18:26:17.282319+00:00 
2026-02-26T18:26:17.288093+00:00 ---- compression_encryption ----
2026-02-26T18:26:17.297477+00:00 (no rows)
2026-02-26T18:26:17.306344+00:00 
2026-02-26T18:26:17.317364+00:00 ---- engines_summary ----
2026-02-26T18:26:17.326385+00:00 PERFORMANCE_SCHEMA	111
2026-02-26T18:26:17.346887+00:00 InnoDB	57
2026-02-26T18:26:17.355594+00:00 CSV	2
2026-02-26T18:26:17.363066+00:00 
2026-02-26T18:26:17.368472+00:00 ---- schema_sizes ----
2026-02-26T18:26:17.375770+00:00 testdb	38.56
2026-02-26T18:26:17.384418+00:00 sakila	6.45
2026-02-26T18:26:17.392527+00:00 mysql	2.73
2026-02-26T18:26:17.398453+00:00 world	0.77
2026-02-26T18:26:17.407707+00:00 sys	0.02
2026-02-26T18:26:17.415514+00:00 advanced_test	0.02
2026-02-26T18:26:17.449474+00:00 information_schema	0.00
2026-02-26T18:26:17.461239+00:00 performance_schema	0.00
2026-02-26T18:26:17.466852+00:00 
2026-02-26T18:26:17.477266+00:00 ---- schema_charsets ----
2026-02-26T18:26:17.485111+00:00 advanced_test	utf8mb4	utf8mb4_0900_ai_ci
2026-02-26T18:26:17.496882+00:00 sakila	utf8mb4	utf8mb4_0900_ai_ci
2026-02-26T18:26:17.505538+00:00 testdb	utf8mb4	utf8mb4_0900_ai_ci
2026-02-26T18:26:17.514903+00:00 world	utf8mb4	utf8mb4_0900_ai_ci
2026-02-26T18:26:17.525559+00:00 
2026-02-26T18:26:17.533801+00:00 ---- mysql8_collations ----
2026-02-26T18:26:17.542064+00:00 advanced_test	json_test	utf8mb4_0900_ai_ci
2026-02-26T18:26:17.548974+00:00 sakila	actor	utf8mb4_0900_ai_ci
2026-02-26T18:26:17.554736+00:00 sakila	address	utf8mb4_0900_ai_ci
2026-02-26T18:26:17.562458+00:00 sakila	category	utf8mb4_0900_ai_ci
2026-02-26T18:26:17.567945+00:00 sakila	city	utf8mb4_0900_ai_ci
2026-02-26T18:26:17.574046+00:00 sakila	country	utf8mb4_0900_ai_ci
2026-02-26T18:26:17.581626+00:00 sakila	customer	utf8mb4_0900_ai_ci
2026-02-26T18:26:17.586393+00:00 sakila	film	utf8mb4_0900_ai_ci
2026-02-26T18:26:17.594123+00:00 sakila	film_actor	utf8mb4_0900_ai_ci
2026-02-26T18:26:17.600989+00:00 sakila	film_category	utf8mb4_0900_ai_ci
2026-02-26T18:26:17.607472+00:00 sakila	film_text	utf8mb4_0900_ai_ci
2026-02-26T18:26:17.614787+00:00 sakila	inventory	utf8mb4_0900_ai_ci
2026-02-26T18:26:17.619718+00:00 sakila	language	utf8mb4_0900_ai_ci
2026-02-26T18:26:17.625844+00:00 sakila	payment	utf8mb4_0900_ai_ci
2026-02-26T18:26:17.633152+00:00 sakila	rental	utf8mb4_0900_ai_ci
2026-02-26T18:26:17.639812+00:00 sakila	staff	utf8mb4_0900_ai_ci
2026-02-26T18:26:17.646170+00:00 sakila	store	utf8mb4_0900_ai_ci
2026-02-26T18:26:17.653842+00:00 testdb	orders_json	utf8mb4_0900_ai_ci
2026-02-26T18:26:17.659091+00:00 world	city	utf8mb4_0900_ai_ci
2026-02-26T18:26:17.664824+00:00 world	country	utf8mb4_0900_ai_ci
2026-02-26T18:26:17.672380+00:00 world	countrylanguage	utf8mb4_0900_ai_ci
2026-02-26T18:26:17.680523+00:00 
2026-02-26T18:26:17.685559+00:00 ---- mysql8_column_collations ----
2026-02-26T18:26:17.693307+00:00 sakila	actor	first_name	utf8mb4_0900_ai_ci
2026-02-26T18:26:17.700007+00:00 sakila	actor	last_name	utf8mb4_0900_ai_ci
2026-02-26T18:26:17.707553+00:00 sakila	actor_info	film_info	utf8mb4_0900_ai_ci
2026-02-26T18:26:17.714671+00:00 sakila	actor_info	first_name	utf8mb4_0900_ai_ci
2026-02-26T18:26:17.721140+00:00 sakila	actor_info	last_name	utf8mb4_0900_ai_ci
2026-02-26T18:26:17.731042+00:00 sakila	address	address	utf8mb4_0900_ai_ci
2026-02-26T18:26:17.738499+00:00 sakila	address	address2	utf8mb4_0900_ai_ci
2026-02-26T18:26:17.745758+00:00 sakila	address	district	utf8mb4_0900_ai_ci
2026-02-26T18:26:17.752659+00:00 sakila	address	phone	utf8mb4_0900_ai_ci
2026-02-26T18:26:17.760205+00:00 sakila	address	postal_code	utf8mb4_0900_ai_ci
2026-02-26T18:26:17.764105+00:00 sakila	category	name	utf8mb4_0900_ai_ci
2026-02-26T18:26:17.772337+00:00 sakila	city	city	utf8mb4_0900_ai_ci
2026-02-26T18:26:17.779999+00:00 sakila	country	country	utf8mb4_0900_ai_ci
2026-02-26T18:26:17.785849+00:00 sakila	customer	email	utf8mb4_0900_ai_ci
2026-02-26T18:26:17.791753+00:00 sakila	customer	first_name	utf8mb4_0900_ai_ci
2026-02-26T18:26:17.797431+00:00 sakila	customer	last_name	utf8mb4_0900_ai_ci
2026-02-26T18:26:17.805632+00:00 sakila	customer_list	address	utf8mb4_0900_ai_ci
2026-02-26T18:26:17.812646+00:00 sakila	customer_list	city	utf8mb4_0900_ai_ci
2026-02-26T18:26:17.819028+00:00 sakila	customer_list	country	utf8mb4_0900_ai_ci
2026-02-26T18:26:17.824640+00:00 sakila	customer_list	name	utf8mb4_0900_ai_ci
2026-02-26T18:26:17.832500+00:00 sakila	customer_list	notes	utf8mb4_0900_ai_ci
2026-02-26T18:26:17.840320+00:00 sakila	customer_list	phone	utf8mb4_0900_ai_ci
2026-02-26T18:26:17.847859+00:00 sakila	customer_list	zip code	utf8mb4_0900_ai_ci
2026-02-26T18:26:17.854829+00:00 sakila	film	description	utf8mb4_0900_ai_ci
2026-02-26T18:26:17.861295+00:00 sakila	film	rating	utf8mb4_0900_ai_ci
2026-02-26T18:26:17.866582+00:00 sakila	film	special_features	utf8mb4_0900_ai_ci
2026-02-26T18:26:17.874621+00:00 sakila	film	title	utf8mb4_0900_ai_ci
2026-02-26T18:26:17.880886+00:00 sakila	film_list	actors	utf8mb4_0900_ai_ci
2026-02-26T18:26:17.886748+00:00 sakila	film_list	category	utf8mb4_0900_ai_ci
2026-02-26T18:26:17.895273+00:00 sakila	film_list	description	utf8mb4_0900_ai_ci
2026-02-26T18:26:17.902159+00:00 sakila	film_list	rating	utf8mb4_0900_ai_ci
2026-02-26T18:26:17.906674+00:00 sakila	film_list	title	utf8mb4_0900_ai_ci
2026-02-26T18:26:17.913307+00:00 sakila	film_text	description	utf8mb4_0900_ai_ci
2026-02-26T18:26:17.919250+00:00 sakila	film_text	title	utf8mb4_0900_ai_ci
2026-02-26T18:26:17.929532+00:00 sakila	language	name	utf8mb4_0900_ai_ci
2026-02-26T18:26:17.941159+00:00 sakila	nicer_but_slower_film_list	actors	utf8mb4_0900_ai_ci
2026-02-26T18:26:17.947482+00:00 sakila	nicer_but_slower_film_list	category	utf8mb4_0900_ai_ci
2026-02-26T18:26:17.955079+00:00 sakila	nicer_but_slower_film_list	description	utf8mb4_0900_ai_ci
2026-02-26T18:26:17.962120+00:00 sakila	nicer_but_slower_film_list	rating	utf8mb4_0900_ai_ci
2026-02-26T18:26:17.967118+00:00 sakila	nicer_but_slower_film_list	title	utf8mb4_0900_ai_ci
2026-02-26T18:26:17.972242+00:00 sakila	sales_by_film_category	category	utf8mb4_0900_ai_ci
2026-02-26T18:26:17.984340+00:00 sakila	sales_by_store	manager	utf8mb4_0900_ai_ci
2026-02-26T18:26:17.993529+00:00 sakila	sales_by_store	store	utf8mb4_0900_ai_ci
2026-02-26T18:26:18.001025+00:00 sakila	staff	email	utf8mb4_0900_ai_ci
2026-02-26T18:26:18.011429+00:00 sakila	staff	first_name	utf8mb4_0900_ai_ci
2026-02-26T18:26:18.019665+00:00 sakila	staff	last_name	utf8mb4_0900_ai_ci
2026-02-26T18:26:18.027910+00:00 sakila	staff	username	utf8mb4_0900_ai_ci
2026-02-26T18:26:18.034824+00:00 sakila	staff_list	address	utf8mb4_0900_ai_ci
2026-02-26T18:26:18.040320+00:00 sakila	staff_list	city	utf8mb4_0900_ai_ci
2026-02-26T18:26:18.048673+00:00 sakila	staff_list	country	utf8mb4_0900_ai_ci
2026-02-26T18:26:18.055024+00:00 ... (truncated; full output in artifacts/assess_20260226_182532/precheck/mysql8_column_collations.tsv)
2026-02-26T18:26:18.066680+00:00 
2026-02-26T18:26:18.082887+00:00 ---- sql_mode ----
2026-02-26T18:26:18.090179+00:00 ONLY_FULL_GROUP_BY,STRICT_TRANS_TABLES,NO_ZERO_IN_DATE,NO_ZERO_DATE,ERROR_FOR_DIVISION_BY_ZERO,NO_ENGINE_SUBSTITUTION
2026-02-26T18:26:18.098304+00:00 
2026-02-26T18:26:18.105300+00:00 ---- definers_inventory ----
2026-02-26T18:26:18.112079+00:00 TRIGGER	root@localhost	6
2026-02-26T18:26:18.119727+00:00 VIEW	root@localhost	7
2026-02-26T18:26:18.125637+00:00 
2026-02-26T18:26:18.132601+00:00 ---- partitioned_tables ----
2026-02-26T18:26:18.142332+00:00 (no rows)
2026-02-26T18:26:18.150643+00:00 
2026-02-26T18:26:18.157445+00:00 ---- active_plugins ----
2026-02-26T18:26:18.164188+00:00 ARCHIVE	ACTIVE
2026-02-26T18:26:18.173759+00:00 auth_socket	ACTIVE
2026-02-26T18:26:18.179770+00:00 binlog	ACTIVE
2026-02-26T18:26:18.186060+00:00 BLACKHOLE	ACTIVE
2026-02-26T18:26:18.193768+00:00 caching_sha2_password	ACTIVE
2026-02-26T18:26:18.199910+00:00 CSV	ACTIVE
2026-02-26T18:26:18.207803+00:00 daemon_keyring_proxy_plugin	ACTIVE
2026-02-26T18:26:18.214576+00:00 InnoDB	ACTIVE
2026-02-26T18:26:18.219779+00:00 INNODB_BUFFER_PAGE	ACTIVE
2026-02-26T18:26:18.229007+00:00 INNODB_BUFFER_PAGE_LRU	ACTIVE
2026-02-26T18:26:18.238161+00:00 INNODB_BUFFER_POOL_STATS	ACTIVE
2026-02-26T18:26:18.244547+00:00 INNODB_CACHED_INDEXES	ACTIVE
2026-02-26T18:26:18.253247+00:00 INNODB_CMP	ACTIVE
2026-02-26T18:26:18.259615+00:00 INNODB_CMPMEM	ACTIVE
2026-02-26T18:26:18.265403+00:00 INNODB_CMPMEM_RESET	ACTIVE
2026-02-26T18:26:18.271443+00:00 INNODB_CMP_PER_INDEX	ACTIVE
2026-02-26T18:26:18.277953+00:00 INNODB_CMP_PER_INDEX_RESET	ACTIVE
2026-02-26T18:26:18.285349+00:00 INNODB_CMP_RESET	ACTIVE
2026-02-26T18:26:18.291259+00:00 INNODB_COLUMNS	ACTIVE
2026-02-26T18:26:18.302071+00:00 INNODB_FT_BEING_DELETED	ACTIVE
2026-02-26T18:26:18.309197+00:00 INNODB_FT_CONFIG	ACTIVE
2026-02-26T18:26:18.317859+00:00 INNODB_FT_DEFAULT_STOPWORD	ACTIVE
2026-02-26T18:26:18.324136+00:00 INNODB_FT_DELETED	ACTIVE
2026-02-26T18:26:18.331796+00:00 INNODB_FT_INDEX_CACHE	ACTIVE
2026-02-26T18:26:18.340332+00:00 INNODB_FT_INDEX_TABLE	ACTIVE
2026-02-26T18:26:18.347606+00:00 INNODB_INDEXES	ACTIVE
2026-02-26T18:26:18.360662+00:00 INNODB_METRICS	ACTIVE
2026-02-26T18:26:18.366289+00:00 INNODB_SESSION_TEMP_TABLESPACES	ACTIVE
2026-02-26T18:26:18.375554+00:00 INNODB_TABLES	ACTIVE
2026-02-26T18:26:18.385559+00:00 INNODB_TABLESPACES	ACTIVE
2026-02-26T18:26:18.393613+00:00 INNODB_TABLESTATS	ACTIVE
2026-02-26T18:26:18.399350+00:00 INNODB_TEMP_TABLE_INFO	ACTIVE
2026-02-26T18:26:18.406223+00:00 INNODB_TRX	ACTIVE
2026-02-26T18:26:18.412337+00:00 INNODB_VIRTUAL	ACTIVE
2026-02-26T18:26:18.425179+00:00 MEMORY	ACTIVE
2026-02-26T18:26:18.431080+00:00 MRG_MYISAM	ACTIVE
2026-02-26T18:26:18.437635+00:00 MyISAM	ACTIVE
2026-02-26T18:26:18.443650+00:00 mysqlx	ACTIVE
2026-02-26T18:26:18.450200+00:00 mysqlx_cache_cleaner	ACTIVE
2026-02-26T18:26:18.459885+00:00 mysql_native_password	ACTIVE
2026-02-26T18:26:18.466104+00:00 ngram	ACTIVE
2026-02-26T18:26:18.473671+00:00 PERFORMANCE_SCHEMA	ACTIVE
2026-02-26T18:26:18.480767+00:00 sha256_password	ACTIVE
2026-02-26T18:26:18.494061+00:00 sha2_cache_cleaner	ACTIVE
2026-02-26T18:26:18.504055+00:00 TempTable	ACTIVE
2026-02-26T18:26:18.515612+00:00 
2026-02-26T18:26:18.529232+00:00 ---- functional_indexes ----
2026-02-26T18:26:18.539730+00:00 (no rows)
2026-02-26T18:26:18.544718+00:00 
2026-02-26T18:26:18.552450+00:00 ---- functional_defaults ----
2026-02-26T18:26:18.562590+00:00 (no rows)
2026-02-26T18:26:18.572765+00:00 
2026-02-26T18:26:18.579552+00:00 ---- invisible_columns ----
2026-02-26T18:26:18.588192+00:00 (no rows)
2026-02-26T18:26:18.596396+00:00 
2026-02-26T18:26:18.605394+00:00 ---- check_constraints ----
2026-02-26T18:26:18.612593+00:00 (no rows)
2026-02-26T18:26:18.619577+00:00 
2026-02-26T18:26:18.623760+00:00 ---- partial_revokes ----
2026-02-26T18:26:18.632246+00:00 (no rows)
2026-02-26T18:26:18.640774+00:00 
2026-02-26T18:26:18.648666+00:00 ---- gis_srid_usage ----
2026-02-26T18:26:18.658493+00:00 sakila	address	location	0
2026-02-26T18:26:18.667457+00:00 
2026-02-26T18:26:18.672928+00:00 ---- resource_groups ----
2026-02-26T18:26:18.681195+00:00 USR_default	USER	1	0-9	0
2026-02-26T18:26:18.687415+00:00 SYS_default	SYSTEM	1	0-9	0
2026-02-26T18:26:18.696656+00:00 
2026-02-26T18:26:18.702422+00:00 ---- xplugin_status ----
2026-02-26T18:26:18.710430+00:00 mysqlx	ACTIVE
2026-02-26T18:26:18.717213+00:00 
2026-02-26T18:26:18.722743+00:00 ---- fk_name_lengths ----
2026-02-26T18:26:18.729692+00:00 (no rows)
2026-02-26T18:26:18.738503+00:00 
2026-02-26T18:26:18.745742+00:00 ---- trigger_order ----
2026-02-26T18:26:18.753075+00:00 (no rows)
2026-02-26T18:26:18.759478+00:00 
2026-02-26T18:26:18.766112+00:00 Precheck complete.
2026-02-26T18:26:18.778760+00:00 TSV outputs: artifacts/assess_20260226_182532/precheck/*.tsv
2026-02-26T18:26:21.270255+00:00 FINISH success=True message=Assessment passed. Ready to plan/run.
