2026-03-04T17:43:33.516127+00:00 START mode=assessment config=config/source.yaml
2026-03-04T17:43:33.798533+00:00 Assessment source auth selected: SRC_ADMIN_USER (admin)
2026-03-04T17:43:33.808157+00:00 RUN precheck -> /mnt/macshare/scripts/00_precheck.sh
2026-03-04T17:43:42.335195+00:00 == Precheck runner ==
2026-03-04T17:43:42.339364+00:00 Host: 192.168.64.7  Port: 3306  User: admin
2026-03-04T17:43:42.345560+00:00 Checks dir: /mnt/macshare/sql/checks
2026-03-04T17:43:42.348966+00:00 Outdir: artifacts/assess_20260304_174332/precheck
2026-03-04T17:43:42.353749+00:00 
2026-03-04T17:43:42.360780+00:00 NOTE: mariadb-migrate-config-file not found; skipping config check.
2026-03-04T17:43:42.363985+00:00 ---- mysql_version ----
2026-03-04T17:43:42.368186+00:00 8.0.45-0ubuntu0.24.04.1
2026-03-04T17:43:42.372725+00:00 
2026-03-04T17:43:42.377297+00:00 ---- innodb_settings ----
2026-03-04T17:43:42.381720+00:00 1	1
2026-03-04T17:43:42.386488+00:00 
2026-03-04T17:43:42.392093+00:00 ---- auth_plugins ----
2026-03-04T17:43:42.399169+00:00 debian-sys-maint	localhost	caching_sha2_password
2026-03-04T17:43:42.402804+00:00 
2026-03-04T17:43:42.407538+00:00 ---- json_columns ----
2026-03-04T17:43:42.414115+00:00 advanced_test	json_test	data	json
2026-03-04T17:43:42.416347+00:00 advanced_test	json_test	metadata	json
2026-03-04T17:43:42.419998+00:00 testdb	orders_json	data_json	json
2026-03-04T17:43:42.423627+00:00 
2026-03-04T17:43:42.428558+00:00 ---- compression_encryption ----
2026-03-04T17:43:42.431966+00:00 (no rows)
2026-03-04T17:43:42.436576+00:00 
2026-03-04T17:43:42.441292+00:00 ---- engines_summary ----
2026-03-04T17:43:42.444541+00:00 PERFORMANCE_SCHEMA	111
2026-03-04T17:43:42.448713+00:00 InnoDB	58
2026-03-04T17:43:42.454301+00:00 CSV	2
2026-03-04T17:43:42.459361+00:00 
2026-03-04T17:43:42.463961+00:00 ---- schema_sizes ----
2026-03-04T17:43:42.466306+00:00 testdb	38.56
2026-03-04T17:43:42.470940+00:00 sakila	6.45
2026-03-04T17:43:42.475421+00:00 mysql	2.73
2026-03-04T17:43:42.480135+00:00 world	0.77
2026-03-04T17:43:42.483787+00:00 sys	0.02
2026-03-04T17:43:42.487916+00:00 advanced_test	0.02
2026-03-04T17:43:42.491586+00:00 test_replication	0.02
2026-03-04T17:43:42.495271+00:00 information_schema	0.00
2026-03-04T17:43:42.502236+00:00 performance_schema	0.00
2026-03-04T17:43:42.505927+00:00 
2026-03-04T17:43:42.509619+00:00 ---- schema_charsets ----
2026-03-04T17:43:42.513329+00:00 advanced_test	utf8mb4	utf8mb4_0900_ai_ci
2026-03-04T17:43:42.516953+00:00 sakila	utf8mb4	utf8mb4_0900_ai_ci
2026-03-04T17:43:42.521800+00:00 test_replication	utf8mb4	utf8mb4_0900_ai_ci
2026-03-04T17:43:42.525574+00:00 testdb	utf8mb4	utf8mb4_0900_ai_ci
2026-03-04T17:43:42.529080+00:00 world	utf8mb4	utf8mb4_0900_ai_ci
2026-03-04T17:43:42.532735+00:00 
2026-03-04T17:43:42.539492+00:00 ---- mysql8_collations ----
2026-03-04T17:43:42.542855+00:00 advanced_test	json_test	utf8mb4_0900_ai_ci
2026-03-04T17:43:42.547159+00:00 sakila	actor	utf8mb4_0900_ai_ci
2026-03-04T17:43:42.550803+00:00 sakila	address	utf8mb4_0900_ai_ci
2026-03-04T17:43:42.558267+00:00 sakila	category	utf8mb4_0900_ai_ci
2026-03-04T17:43:42.564177+00:00 sakila	city	utf8mb4_0900_ai_ci
2026-03-04T17:43:42.569468+00:00 sakila	country	utf8mb4_0900_ai_ci
2026-03-04T17:43:42.574048+00:00 sakila	customer	utf8mb4_0900_ai_ci
2026-03-04T17:43:42.578902+00:00 sakila	film	utf8mb4_0900_ai_ci
2026-03-04T17:43:42.582839+00:00 sakila	film_actor	utf8mb4_0900_ai_ci
2026-03-04T17:43:42.588007+00:00 sakila	film_category	utf8mb4_0900_ai_ci
2026-03-04T17:43:42.594151+00:00 sakila	film_text	utf8mb4_0900_ai_ci
2026-03-04T17:43:42.596919+00:00 sakila	inventory	utf8mb4_0900_ai_ci
2026-03-04T17:43:42.602563+00:00 sakila	language	utf8mb4_0900_ai_ci
2026-03-04T17:43:42.606368+00:00 sakila	payment	utf8mb4_0900_ai_ci
2026-03-04T17:43:42.611880+00:00 sakila	rental	utf8mb4_0900_ai_ci
2026-03-04T17:43:42.615827+00:00 sakila	staff	utf8mb4_0900_ai_ci
2026-03-04T17:43:42.619620+00:00 sakila	store	utf8mb4_0900_ai_ci
2026-03-04T17:43:42.623774+00:00 test_replication	customers	utf8mb4_0900_ai_ci
2026-03-04T17:43:42.627768+00:00 testdb	orders_json	utf8mb4_0900_ai_ci
2026-03-04T17:43:42.632861+00:00 world	city	utf8mb4_0900_ai_ci
2026-03-04T17:43:42.638719+00:00 world	country	utf8mb4_0900_ai_ci
2026-03-04T17:43:42.642711+00:00 world	countrylanguage	utf8mb4_0900_ai_ci
2026-03-04T17:43:42.646711+00:00 
2026-03-04T17:43:42.652582+00:00 ---- mysql8_column_collations ----
2026-03-04T17:43:42.656403+00:00 sakila	actor	first_name	utf8mb4_0900_ai_ci
2026-03-04T17:43:42.661451+00:00 sakila	actor	last_name	utf8mb4_0900_ai_ci
2026-03-04T17:43:42.665664+00:00 sakila	actor_info	film_info	utf8mb4_0900_ai_ci
2026-03-04T17:43:42.671274+00:00 sakila	actor_info	first_name	utf8mb4_0900_ai_ci
2026-03-04T17:43:42.677682+00:00 sakila	actor_info	last_name	utf8mb4_0900_ai_ci
2026-03-04T17:43:42.680436+00:00 sakila	address	address	utf8mb4_0900_ai_ci
2026-03-04T17:43:42.684432+00:00 sakila	address	address2	utf8mb4_0900_ai_ci
2026-03-04T17:43:42.689871+00:00 sakila	address	district	utf8mb4_0900_ai_ci
2026-03-04T17:43:42.694670+00:00 sakila	address	phone	utf8mb4_0900_ai_ci
2026-03-04T17:43:42.699823+00:00 sakila	address	postal_code	utf8mb4_0900_ai_ci
2026-03-04T17:43:42.705561+00:00 sakila	category	name	utf8mb4_0900_ai_ci
2026-03-04T17:43:42.710904+00:00 sakila	city	city	utf8mb4_0900_ai_ci
2026-03-04T17:43:42.716587+00:00 sakila	country	country	utf8mb4_0900_ai_ci
2026-03-04T17:43:42.721560+00:00 sakila	customer	email	utf8mb4_0900_ai_ci
2026-03-04T17:43:42.724790+00:00 sakila	customer	first_name	utf8mb4_0900_ai_ci
2026-03-04T17:43:42.728863+00:00 sakila	customer	last_name	utf8mb4_0900_ai_ci
2026-03-04T17:43:42.734633+00:00 sakila	customer_list	address	utf8mb4_0900_ai_ci
2026-03-04T17:43:42.738901+00:00 sakila	customer_list	city	utf8mb4_0900_ai_ci
2026-03-04T17:43:42.743166+00:00 sakila	customer_list	country	utf8mb4_0900_ai_ci
2026-03-04T17:43:42.750524+00:00 sakila	customer_list	name	utf8mb4_0900_ai_ci
2026-03-04T17:43:42.753365+00:00 sakila	customer_list	notes	utf8mb4_0900_ai_ci
2026-03-04T17:43:42.757402+00:00 sakila	customer_list	phone	utf8mb4_0900_ai_ci
2026-03-04T17:43:42.763154+00:00 sakila	customer_list	zip code	utf8mb4_0900_ai_ci
2026-03-04T17:43:42.766030+00:00 sakila	film	description	utf8mb4_0900_ai_ci
2026-03-04T17:43:42.771155+00:00 sakila	film	rating	utf8mb4_0900_ai_ci
2026-03-04T17:43:42.775079+00:00 sakila	film	special_features	utf8mb4_0900_ai_ci
2026-03-04T17:43:42.780457+00:00 sakila	film	title	utf8mb4_0900_ai_ci
2026-03-04T17:43:42.787245+00:00 sakila	film_list	actors	utf8mb4_0900_ai_ci
2026-03-04T17:43:42.791488+00:00 sakila	film_list	category	utf8mb4_0900_ai_ci
2026-03-04T17:43:42.797413+00:00 sakila	film_list	description	utf8mb4_0900_ai_ci
2026-03-04T17:43:42.803677+00:00 sakila	film_list	rating	utf8mb4_0900_ai_ci
2026-03-04T17:43:42.808128+00:00 sakila	film_list	title	utf8mb4_0900_ai_ci
2026-03-04T17:43:42.813931+00:00 sakila	film_text	description	utf8mb4_0900_ai_ci
2026-03-04T17:43:42.819374+00:00 sakila	film_text	title	utf8mb4_0900_ai_ci
2026-03-04T17:43:42.827832+00:00 sakila	language	name	utf8mb4_0900_ai_ci
2026-03-04T17:43:42.834240+00:00 sakila	nicer_but_slower_film_list	actors	utf8mb4_0900_ai_ci
2026-03-04T17:43:42.838167+00:00 sakila	nicer_but_slower_film_list	category	utf8mb4_0900_ai_ci
2026-03-04T17:43:42.842437+00:00 sakila	nicer_but_slower_film_list	description	utf8mb4_0900_ai_ci
2026-03-04T17:43:42.847415+00:00 sakila	nicer_but_slower_film_list	rating	utf8mb4_0900_ai_ci
2026-03-04T17:43:42.851843+00:00 sakila	nicer_but_slower_film_list	title	utf8mb4_0900_ai_ci
2026-03-04T17:43:42.856624+00:00 sakila	sales_by_film_category	category	utf8mb4_0900_ai_ci
2026-03-04T17:43:42.861823+00:00 sakila	sales_by_store	manager	utf8mb4_0900_ai_ci
2026-03-04T17:43:42.867060+00:00 sakila	sales_by_store	store	utf8mb4_0900_ai_ci
2026-03-04T17:43:42.871281+00:00 sakila	staff	email	utf8mb4_0900_ai_ci
2026-03-04T17:43:42.875414+00:00 sakila	staff	first_name	utf8mb4_0900_ai_ci
2026-03-04T17:43:42.879170+00:00 sakila	staff	last_name	utf8mb4_0900_ai_ci
2026-03-04T17:43:42.883179+00:00 sakila	staff	username	utf8mb4_0900_ai_ci
2026-03-04T17:43:42.889063+00:00 sakila	staff_list	address	utf8mb4_0900_ai_ci
2026-03-04T17:43:42.894892+00:00 sakila	staff_list	city	utf8mb4_0900_ai_ci
2026-03-04T17:43:42.901862+00:00 sakila	staff_list	country	utf8mb4_0900_ai_ci
2026-03-04T17:43:42.907145+00:00 ... (truncated; full output in artifacts/assess_20260304_174332/precheck/mysql8_column_collations.tsv)
2026-03-04T17:43:42.914164+00:00 
2026-03-04T17:43:42.917542+00:00 ---- sql_mode ----
2026-03-04T17:43:42.923225+00:00 ONLY_FULL_GROUP_BY,STRICT_TRANS_TABLES,NO_ZERO_IN_DATE,NO_ZERO_DATE,ERROR_FOR_DIVISION_BY_ZERO,NO_ENGINE_SUBSTITUTION
2026-03-04T17:43:42.927882+00:00 
2026-03-04T17:43:42.933026+00:00 ---- definers_inventory ----
2026-03-04T17:43:42.937678+00:00 TRIGGER	root@localhost	6
2026-03-04T17:43:42.942279+00:00 VIEW	root@localhost	7
2026-03-04T17:43:42.949292+00:00 
2026-03-04T17:43:42.953494+00:00 ---- partitioned_tables ----
2026-03-04T17:43:42.958917+00:00 (no rows)
2026-03-04T17:43:42.964079+00:00 
2026-03-04T17:43:42.968449+00:00 ---- active_plugins ----
2026-03-04T17:43:42.973009+00:00 ARCHIVE	ACTIVE
2026-03-04T17:43:42.977775+00:00 auth_socket	ACTIVE
2026-03-04T17:43:42.983232+00:00 binlog	ACTIVE
2026-03-04T17:43:42.989180+00:00 BLACKHOLE	ACTIVE
2026-03-04T17:43:42.992097+00:00 caching_sha2_password	ACTIVE
2026-03-04T17:43:42.996677+00:00 CSV	ACTIVE
2026-03-04T17:43:43.005797+00:00 daemon_keyring_proxy_plugin	ACTIVE
2026-03-04T17:43:43.009004+00:00 InnoDB	ACTIVE
2026-03-04T17:43:43.014442+00:00 INNODB_BUFFER_PAGE	ACTIVE
2026-03-04T17:43:43.020702+00:00 INNODB_BUFFER_PAGE_LRU	ACTIVE
2026-03-04T17:43:43.023860+00:00 INNODB_BUFFER_POOL_STATS	ACTIVE
2026-03-04T17:43:43.031406+00:00 INNODB_CACHED_INDEXES	ACTIVE
2026-03-04T17:43:43.034472+00:00 INNODB_CMP	ACTIVE
2026-03-04T17:43:43.039915+00:00 INNODB_CMPMEM	ACTIVE
2026-03-04T17:43:43.048192+00:00 INNODB_CMPMEM_RESET	ACTIVE
2026-03-04T17:43:43.053613+00:00 INNODB_CMP_PER_INDEX	ACTIVE
2026-03-04T17:43:43.058309+00:00 INNODB_CMP_PER_INDEX_RESET	ACTIVE
2026-03-04T17:43:43.063613+00:00 INNODB_CMP_RESET	ACTIVE
2026-03-04T17:43:43.068333+00:00 INNODB_COLUMNS	ACTIVE
2026-03-04T17:43:43.073934+00:00 INNODB_FT_BEING_DELETED	ACTIVE
2026-03-04T17:43:43.079206+00:00 INNODB_FT_CONFIG	ACTIVE
2026-03-04T17:43:43.085808+00:00 INNODB_FT_DEFAULT_STOPWORD	ACTIVE
2026-03-04T17:43:43.089135+00:00 INNODB_FT_DELETED	ACTIVE
2026-03-04T17:43:43.094663+00:00 INNODB_FT_INDEX_CACHE	ACTIVE
2026-03-04T17:43:43.099883+00:00 INNODB_FT_INDEX_TABLE	ACTIVE
2026-03-04T17:43:43.105376+00:00 INNODB_INDEXES	ACTIVE
2026-03-04T17:43:43.115172+00:00 INNODB_METRICS	ACTIVE
2026-03-04T17:43:43.122958+00:00 INNODB_SESSION_TEMP_TABLESPACES	ACTIVE
2026-03-04T17:43:43.129210+00:00 INNODB_TABLES	ACTIVE
2026-03-04T17:43:43.135139+00:00 INNODB_TABLESPACES	ACTIVE
2026-03-04T17:43:43.142812+00:00 INNODB_TABLESTATS	ACTIVE
2026-03-04T17:43:43.151263+00:00 INNODB_TEMP_TABLE_INFO	ACTIVE
2026-03-04T17:43:43.156598+00:00 INNODB_TRX	ACTIVE
2026-03-04T17:43:43.162769+00:00 INNODB_VIRTUAL	ACTIVE
2026-03-04T17:43:43.168590+00:00 MEMORY	ACTIVE
2026-03-04T17:43:43.175681+00:00 MRG_MYISAM	ACTIVE
2026-03-04T17:43:43.181417+00:00 MyISAM	ACTIVE
2026-03-04T17:43:43.187694+00:00 mysqlx	ACTIVE
2026-03-04T17:43:43.193278+00:00 mysqlx_cache_cleaner	ACTIVE
2026-03-04T17:43:43.203435+00:00 mysql_native_password	ACTIVE
2026-03-04T17:43:43.210349+00:00 ngram	ACTIVE
2026-03-04T17:43:43.215097+00:00 PERFORMANCE_SCHEMA	ACTIVE
2026-03-04T17:43:43.222314+00:00 sha256_password	ACTIVE
2026-03-04T17:43:43.225330+00:00 sha2_cache_cleaner	ACTIVE
2026-03-04T17:43:43.229245+00:00 TempTable	ACTIVE
2026-03-04T17:43:43.234692+00:00 
2026-03-04T17:43:43.240517+00:00 ---- functional_indexes ----
2026-03-04T17:43:43.244675+00:00 (no rows)
2026-03-04T17:43:43.250470+00:00 
2026-03-04T17:43:43.254868+00:00 ---- functional_defaults ----
2026-03-04T17:43:43.259261+00:00 (no rows)
2026-03-04T17:43:43.265217+00:00 
2026-03-04T17:43:43.270558+00:00 ---- invisible_columns ----
2026-03-04T17:43:43.277899+00:00 (no rows)
2026-03-04T17:43:43.281891+00:00 
2026-03-04T17:43:43.288346+00:00 ---- check_constraints ----
2026-03-04T17:43:43.295370+00:00 (no rows)
2026-03-04T17:43:43.305146+00:00 
2026-03-04T17:43:43.315368+00:00 ---- partial_revokes ----
2026-03-04T17:43:43.322765+00:00 (no rows)
2026-03-04T17:43:43.369692+00:00 
2026-03-04T17:43:43.374841+00:00 ---- gis_srid_usage ----
2026-03-04T17:43:43.383107+00:00 sakila	address	location	0
2026-03-04T17:43:43.387569+00:00 
2026-03-04T17:43:43.394950+00:00 ---- resource_groups ----
2026-03-04T17:43:43.401911+00:00 USR_default	USER	1	0-9	0
2026-03-04T17:43:43.410820+00:00 SYS_default	SYSTEM	1	0-9	0
2026-03-04T17:43:43.417512+00:00 
2026-03-04T17:43:43.423544+00:00 ---- xplugin_status ----
2026-03-04T17:43:43.429292+00:00 mysqlx	ACTIVE
2026-03-04T17:43:43.434677+00:00 
2026-03-04T17:43:43.442527+00:00 ---- fk_name_lengths ----
2026-03-04T17:43:43.446122+00:00 (no rows)
2026-03-04T17:43:43.451757+00:00 
2026-03-04T17:43:43.457386+00:00 ---- trigger_order ----
2026-03-04T17:43:43.464090+00:00 (no rows)
2026-03-04T17:43:43.470493+00:00 
2026-03-04T17:43:43.476747+00:00 Precheck complete.
2026-03-04T17:43:43.482540+00:00 TSV outputs: artifacts/assess_20260304_174332/precheck/*.tsv
2026-03-04T17:43:44.123303+00:00 FINISH success=True message=Assessment passed. Ready to plan/run.
