2026-02-12T13:26:50.625499+00:00 START mode=run config=config/migration.yaml
2026-02-12T13:26:50.628002+00:00 RUN  preflight_one_step (Preflight checks (one_step)) -> scripts/00_preflight_one_step.sh
2026-02-12T13:26:50.628423+00:00 CMD /Users/balajin/Documents/GitHub/Mysql-to-MariaDB-Migration/scripts/00_preflight_one_step.sh
2026-02-12T13:26:50.634446+00:00 OUT ==> Preflight checks (one_step)
2026-02-12T13:26:50.635051+00:00 OUT mariadb-dump not found; mysqldump is available (OK).
2026-02-12T13:26:50.635094+00:00 OUT Checking source connectivity...
2026-02-12T13:26:50.708456+00:00 OUT Checking target SSH connectivity...
2026-02-12T13:26:51.068056+00:00 OUT Checking target mariadb client...
2026-02-12T13:26:51.257895+00:00 OUT Checking target TCP connectivity...
2026-02-12T13:26:51.460689+00:00 OUT pv not found (optional).
2026-02-12T13:26:51.461096+00:00 OUT Preflight complete.
2026-02-12T13:26:51.462715+00:00 RUN  create_migration_user (Create migration user on source and target) -> scripts/09_create_migration_user.sh
2026-02-12T13:26:51.463217+00:00 CMD /Users/balajin/Documents/GitHub/Mysql-to-MariaDB-Migration/scripts/09_create_migration_user.sh
2026-02-12T13:26:51.475603+00:00 OUT ==> Create migration user on source and target
2026-02-12T13:26:51.490245+00:00 OUT Creating migration user on source: 192.168.68.107:3306
2026-02-12T13:26:51.524887+00:00 OUT Creating migration user on target: 192.168.64.3:3306
2026-02-12T13:26:52.146416+00:00 OUT Migration user setup completed.
2026-02-12T13:26:52.148040+00:00 RUN  precheck (Precheck source variables and blockers) -> scripts/00_precheck.sh
2026-02-12T13:26:52.148611+00:00 CMD /Users/balajin/Documents/GitHub/Mysql-to-MariaDB-Migration/scripts/00_precheck.sh
2026-02-12T13:26:52.167459+00:00 OUT == Precheck runner ==
2026-02-12T13:26:52.169830+00:00 OUT Host: 192.168.68.107  Port: 3306  User: migrate
2026-02-12T13:26:52.171532+00:00 OUT Checks dir: /Users/balajin/Documents/GitHub/Mysql-to-MariaDB-Migration/sql/checks
2026-02-12T13:26:52.173828+00:00 OUT Outdir: /Users/balajin/Documents/GitHub/Mysql-to-MariaDB-Migration/artifacts/precheck
2026-02-12T13:26:52.175765+00:00 OUT 
2026-02-12T13:26:52.177737+00:00 OUT NOTE: mariadb-migrate-config-file not found; skipping config check.
2026-02-12T13:26:52.182279+00:00 OUT ---- mysql_version ----
2026-02-12T13:26:52.213775+00:00 OUT 8.4.8
2026-02-12T13:26:52.218160+00:00 OUT 
2026-02-12T13:26:52.221767+00:00 OUT ---- innodb_settings ----
2026-02-12T13:26:52.246366+00:00 OUT 1	1
2026-02-12T13:26:52.250558+00:00 OUT 
2026-02-12T13:26:52.254013+00:00 OUT ---- auth_plugins ----
2026-02-12T13:26:52.274842+00:00 OUT migrate	%	caching_sha2_password
2026-02-12T13:26:52.274920+00:00 OUT migrate	192.168.64.2	caching_sha2_password
2026-02-12T13:26:52.274957+00:00 OUT packer	%	caching_sha2_password
2026-02-12T13:26:52.274987+00:00 OUT root	localhost	caching_sha2_password
2026-02-12T13:26:52.278343+00:00 OUT 
2026-02-12T13:26:52.281301+00:00 OUT ---- json_columns ----
2026-02-12T13:26:52.302800+00:00 OUT testdb	orders_json	data_json	json
2026-02-12T13:26:52.307118+00:00 OUT 
2026-02-12T13:26:52.310285+00:00 OUT ---- compression_encryption ----
2026-02-12T13:26:52.330982+00:00 OUT (no rows)
2026-02-12T13:26:52.332541+00:00 OUT 
2026-02-12T13:26:52.335528+00:00 OUT ---- engines_summary ----
2026-02-12T13:26:52.356127+00:00 OUT PERFORMANCE_SCHEMA	113
2026-02-12T13:26:52.356188+00:00 OUT InnoDB	65
2026-02-12T13:26:52.356214+00:00 OUT CSV	2
2026-02-12T13:26:52.359500+00:00 OUT 
2026-02-12T13:26:52.362488+00:00 OUT ---- schema_sizes ----
2026-02-12T13:26:52.387919+00:00 OUT testdb	38.56
2026-02-12T13:26:52.387974+00:00 OUT sakila	6.45
2026-02-12T13:26:52.388000+00:00 OUT mysql	2.61
2026-02-12T13:26:52.388023+00:00 OUT world	0.77
2026-02-12T13:26:52.388049+00:00 OUT classicmodels	0.50
2026-02-12T13:26:52.388073+00:00 OUT sys	0.02
2026-02-12T13:26:52.388095+00:00 OUT information_schema	0.00
2026-02-12T13:26:52.388117+00:00 OUT performance_schema	0.00
2026-02-12T13:26:52.391122+00:00 OUT 
2026-02-12T13:26:52.393820+00:00 OUT ---- schema_charsets ----
2026-02-12T13:26:52.412728+00:00 OUT classicmodels	latin1	latin1_swedish_ci
2026-02-12T13:26:52.412984+00:00 OUT sakila	utf8mb4	utf8mb4_0900_ai_ci
2026-02-12T13:26:52.413023+00:00 OUT testdb	utf8mb4	utf8mb4_0900_ai_ci
2026-02-12T13:26:52.413057+00:00 OUT world	utf8mb4	utf8mb4_0900_ai_ci
2026-02-12T13:26:52.415925+00:00 OUT 
2026-02-12T13:26:52.418765+00:00 OUT ---- mysql8_collations ----
2026-02-12T13:26:52.441619+00:00 OUT sakila	actor	utf8mb4_0900_ai_ci
2026-02-12T13:26:52.441705+00:00 OUT sakila	address	utf8mb4_0900_ai_ci
2026-02-12T13:26:52.441745+00:00 OUT sakila	category	utf8mb4_0900_ai_ci
2026-02-12T13:26:52.441777+00:00 OUT sakila	city	utf8mb4_0900_ai_ci
2026-02-12T13:26:52.441809+00:00 OUT sakila	country	utf8mb4_0900_ai_ci
2026-02-12T13:26:52.441840+00:00 OUT sakila	customer	utf8mb4_0900_ai_ci
2026-02-12T13:26:52.441883+00:00 OUT sakila	film	utf8mb4_0900_ai_ci
2026-02-12T13:26:52.441922+00:00 OUT sakila	film_actor	utf8mb4_0900_ai_ci
2026-02-12T13:26:52.441951+00:00 OUT sakila	film_category	utf8mb4_0900_ai_ci
2026-02-12T13:26:52.441981+00:00 OUT sakila	film_text	utf8mb4_0900_ai_ci
2026-02-12T13:26:52.442011+00:00 OUT sakila	inventory	utf8mb4_0900_ai_ci
2026-02-12T13:26:52.442040+00:00 OUT sakila	language	utf8mb4_0900_ai_ci
2026-02-12T13:26:52.442064+00:00 OUT sakila	payment	utf8mb4_0900_ai_ci
2026-02-12T13:26:52.442091+00:00 OUT sakila	rental	utf8mb4_0900_ai_ci
2026-02-12T13:26:52.442119+00:00 OUT sakila	staff	utf8mb4_0900_ai_ci
2026-02-12T13:26:52.442149+00:00 OUT sakila	store	utf8mb4_0900_ai_ci
2026-02-12T13:26:52.442179+00:00 OUT testdb	orders_json	utf8mb4_0900_ai_ci
2026-02-12T13:26:52.442205+00:00 OUT world	city	utf8mb4_0900_ai_ci
2026-02-12T13:26:52.442234+00:00 OUT world	country	utf8mb4_0900_ai_ci
2026-02-12T13:26:52.442281+00:00 OUT world	countrylanguage	utf8mb4_0900_ai_ci
2026-02-12T13:26:52.445123+00:00 OUT 
2026-02-12T13:26:52.448123+00:00 OUT ---- mysql8_column_collations ----
2026-02-12T13:26:52.475132+00:00 OUT sakila	actor	first_name	utf8mb4_0900_ai_ci
2026-02-12T13:26:52.475190+00:00 OUT sakila	actor	last_name	utf8mb4_0900_ai_ci
2026-02-12T13:26:52.475221+00:00 OUT sakila	actor_info	film_info	utf8mb4_0900_ai_ci
2026-02-12T13:26:52.475251+00:00 OUT sakila	actor_info	first_name	utf8mb4_0900_ai_ci
2026-02-12T13:26:52.475278+00:00 OUT sakila	actor_info	last_name	utf8mb4_0900_ai_ci
2026-02-12T13:26:52.475307+00:00 OUT sakila	address	address	utf8mb4_0900_ai_ci
2026-02-12T13:26:52.475333+00:00 OUT sakila	address	address2	utf8mb4_0900_ai_ci
2026-02-12T13:26:52.475359+00:00 OUT sakila	address	district	utf8mb4_0900_ai_ci
2026-02-12T13:26:52.475390+00:00 OUT sakila	address	phone	utf8mb4_0900_ai_ci
2026-02-12T13:26:52.475416+00:00 OUT sakila	address	postal_code	utf8mb4_0900_ai_ci
2026-02-12T13:26:52.475442+00:00 OUT sakila	category	name	utf8mb4_0900_ai_ci
2026-02-12T13:26:52.475467+00:00 OUT sakila	city	city	utf8mb4_0900_ai_ci
2026-02-12T13:26:52.475493+00:00 OUT sakila	country	country	utf8mb4_0900_ai_ci
2026-02-12T13:26:52.475523+00:00 OUT sakila	customer	email	utf8mb4_0900_ai_ci
2026-02-12T13:26:52.475548+00:00 OUT sakila	customer	first_name	utf8mb4_0900_ai_ci
2026-02-12T13:26:52.475573+00:00 OUT sakila	customer	last_name	utf8mb4_0900_ai_ci
2026-02-12T13:26:52.475597+00:00 OUT sakila	customer_list	address	utf8mb4_0900_ai_ci
2026-02-12T13:26:52.475622+00:00 OUT sakila	customer_list	city	utf8mb4_0900_ai_ci
2026-02-12T13:26:52.475651+00:00 OUT sakila	customer_list	country	utf8mb4_0900_ai_ci
2026-02-12T13:26:52.475678+00:00 OUT sakila	customer_list	name	utf8mb4_0900_ai_ci
2026-02-12T13:26:52.475703+00:00 OUT sakila	customer_list	notes	utf8mb4_0900_ai_ci
2026-02-12T13:26:52.475728+00:00 OUT sakila	customer_list	phone	utf8mb4_0900_ai_ci
2026-02-12T13:26:52.475752+00:00 OUT sakila	customer_list	zip code	utf8mb4_0900_ai_ci
2026-02-12T13:26:52.475777+00:00 OUT sakila	film	description	utf8mb4_0900_ai_ci
2026-02-12T13:26:52.475802+00:00 OUT sakila	film	rating	utf8mb4_0900_ai_ci
2026-02-12T13:26:52.475826+00:00 OUT sakila	film	special_features	utf8mb4_0900_ai_ci
2026-02-12T13:26:52.475850+00:00 OUT sakila	film	title	utf8mb4_0900_ai_ci
2026-02-12T13:26:52.475892+00:00 OUT sakila	film_list	actors	utf8mb4_0900_ai_ci
2026-02-12T13:26:52.475920+00:00 OUT sakila	film_list	category	utf8mb4_0900_ai_ci
2026-02-12T13:26:52.475947+00:00 OUT sakila	film_list	description	utf8mb4_0900_ai_ci
2026-02-12T13:26:52.475974+00:00 OUT sakila	film_list	rating	utf8mb4_0900_ai_ci
2026-02-12T13:26:52.476002+00:00 OUT sakila	film_list	title	utf8mb4_0900_ai_ci
2026-02-12T13:26:52.476029+00:00 OUT sakila	film_text	description	utf8mb4_0900_ai_ci
2026-02-12T13:26:52.476057+00:00 OUT sakila	film_text	title	utf8mb4_0900_ai_ci
2026-02-12T13:26:52.476085+00:00 OUT sakila	language	name	utf8mb4_0900_ai_ci
2026-02-12T13:26:52.476112+00:00 OUT sakila	nicer_but_slower_film_list	actors	utf8mb4_0900_ai_ci
2026-02-12T13:26:52.476139+00:00 OUT sakila	nicer_but_slower_film_list	category	utf8mb4_0900_ai_ci
2026-02-12T13:26:52.476166+00:00 OUT sakila	nicer_but_slower_film_list	description	utf8mb4_0900_ai_ci
2026-02-12T13:26:52.476194+00:00 OUT sakila	nicer_but_slower_film_list	rating	utf8mb4_0900_ai_ci
2026-02-12T13:26:52.476221+00:00 OUT sakila	nicer_but_slower_film_list	title	utf8mb4_0900_ai_ci
2026-02-12T13:26:52.476249+00:00 OUT sakila	sales_by_film_category	category	utf8mb4_0900_ai_ci
2026-02-12T13:26:52.476276+00:00 OUT sakila	sales_by_store	manager	utf8mb4_0900_ai_ci
2026-02-12T13:26:52.476304+00:00 OUT sakila	sales_by_store	store	utf8mb4_0900_ai_ci
2026-02-12T13:26:52.476330+00:00 OUT sakila	staff	email	utf8mb4_0900_ai_ci
2026-02-12T13:26:52.476357+00:00 OUT sakila	staff	first_name	utf8mb4_0900_ai_ci
2026-02-12T13:26:52.476384+00:00 OUT sakila	staff	last_name	utf8mb4_0900_ai_ci
2026-02-12T13:26:52.476411+00:00 OUT sakila	staff	username	utf8mb4_0900_ai_ci
2026-02-12T13:26:52.476437+00:00 OUT sakila	staff_list	address	utf8mb4_0900_ai_ci
2026-02-12T13:26:52.476464+00:00 OUT sakila	staff_list	city	utf8mb4_0900_ai_ci
2026-02-12T13:26:52.476491+00:00 OUT sakila	staff_list	country	utf8mb4_0900_ai_ci
2026-02-12T13:26:52.478622+00:00 OUT ... (truncated; full output in /Users/balajin/Documents/GitHub/Mysql-to-MariaDB-Migration/artifacts/precheck/mysql8_column_collations.tsv)
2026-02-12T13:26:52.480062+00:00 OUT 
2026-02-12T13:26:52.482915+00:00 OUT ---- sql_mode ----
2026-02-12T13:26:52.500770+00:00 OUT ONLY_FULL_GROUP_BY,STRICT_TRANS_TABLES,NO_ZERO_IN_DATE,NO_ZERO_DATE,ERROR_FOR_DIVISION_BY_ZERO,NO_ENGINE_SUBSTITUTION
2026-02-12T13:26:52.503998+00:00 OUT 
2026-02-12T13:26:52.507024+00:00 OUT ---- definers_inventory ----
2026-02-12T13:26:52.531793+00:00 OUT ROUTINE	root@localhost	6
2026-02-12T13:26:52.531864+00:00 OUT TRIGGER	root@localhost	6
2026-02-12T13:26:52.531906+00:00 OUT VIEW	root@localhost	7
2026-02-12T13:26:52.534900+00:00 OUT 
2026-02-12T13:26:52.537705+00:00 OUT ---- partitioned_tables ----
2026-02-12T13:26:52.561496+00:00 OUT (no rows)
2026-02-12T13:26:52.562931+00:00 OUT 
2026-02-12T13:26:52.565878+00:00 OUT ---- active_plugins ----
2026-02-12T13:26:52.584404+00:00 OUT ARCHIVE	ACTIVE
2026-02-12T13:26:52.584475+00:00 OUT binlog	ACTIVE
2026-02-12T13:26:52.584511+00:00 OUT BLACKHOLE	ACTIVE
2026-02-12T13:26:52.584545+00:00 OUT caching_sha2_password	ACTIVE
2026-02-12T13:26:52.584576+00:00 OUT CSV	ACTIVE
2026-02-12T13:26:52.584607+00:00 OUT daemon_keyring_proxy_plugin	ACTIVE
2026-02-12T13:26:52.584640+00:00 OUT InnoDB	ACTIVE
2026-02-12T13:26:52.584673+00:00 OUT INNODB_BUFFER_PAGE	ACTIVE
2026-02-12T13:26:52.584703+00:00 OUT INNODB_BUFFER_PAGE_LRU	ACTIVE
2026-02-12T13:26:52.584733+00:00 OUT INNODB_BUFFER_POOL_STATS	ACTIVE
2026-02-12T13:26:52.584762+00:00 OUT INNODB_CACHED_INDEXES	ACTIVE
2026-02-12T13:26:52.584791+00:00 OUT INNODB_CMP	ACTIVE
2026-02-12T13:26:52.584819+00:00 OUT INNODB_CMPMEM	ACTIVE
2026-02-12T13:26:52.584847+00:00 OUT INNODB_CMPMEM_RESET	ACTIVE
2026-02-12T13:26:52.584875+00:00 OUT INNODB_CMP_PER_INDEX	ACTIVE
2026-02-12T13:26:52.584903+00:00 OUT INNODB_CMP_PER_INDEX_RESET	ACTIVE
2026-02-12T13:26:52.584933+00:00 OUT INNODB_CMP_RESET	ACTIVE
2026-02-12T13:26:52.584962+00:00 OUT INNODB_COLUMNS	ACTIVE
2026-02-12T13:26:52.584992+00:00 OUT INNODB_FT_BEING_DELETED	ACTIVE
2026-02-12T13:26:52.585020+00:00 OUT INNODB_FT_CONFIG	ACTIVE
2026-02-12T13:26:52.585065+00:00 OUT INNODB_FT_DEFAULT_STOPWORD	ACTIVE
2026-02-12T13:26:52.585097+00:00 OUT INNODB_FT_DELETED	ACTIVE
2026-02-12T13:26:52.585129+00:00 OUT INNODB_FT_INDEX_CACHE	ACTIVE
2026-02-12T13:26:52.585161+00:00 OUT INNODB_FT_INDEX_TABLE	ACTIVE
2026-02-12T13:26:52.585192+00:00 OUT INNODB_INDEXES	ACTIVE
2026-02-12T13:26:52.585224+00:00 OUT INNODB_METRICS	ACTIVE
2026-02-12T13:26:52.585255+00:00 OUT INNODB_SESSION_TEMP_TABLESPACES	ACTIVE
2026-02-12T13:26:52.585286+00:00 OUT INNODB_TABLES	ACTIVE
2026-02-12T13:26:52.585318+00:00 OUT INNODB_TABLESPACES	ACTIVE
2026-02-12T13:26:52.585352+00:00 OUT INNODB_TABLESTATS	ACTIVE
2026-02-12T13:26:52.585386+00:00 OUT INNODB_TEMP_TABLE_INFO	ACTIVE
2026-02-12T13:26:52.585417+00:00 OUT INNODB_TRX	ACTIVE
2026-02-12T13:26:52.585448+00:00 OUT INNODB_VIRTUAL	ACTIVE
2026-02-12T13:26:52.585478+00:00 OUT MEMORY	ACTIVE
2026-02-12T13:26:52.585511+00:00 OUT MRG_MYISAM	ACTIVE
2026-02-12T13:26:52.585542+00:00 OUT MyISAM	ACTIVE
2026-02-12T13:26:52.585572+00:00 OUT mysqlx	ACTIVE
2026-02-12T13:26:52.585602+00:00 OUT mysqlx_cache_cleaner	ACTIVE
2026-02-12T13:26:52.585633+00:00 OUT ngram	ACTIVE
2026-02-12T13:26:52.585664+00:00 OUT PERFORMANCE_SCHEMA	ACTIVE
2026-02-12T13:26:52.585694+00:00 OUT sha256_password	ACTIVE
2026-02-12T13:26:52.585724+00:00 OUT sha2_cache_cleaner	ACTIVE
2026-02-12T13:26:52.585756+00:00 OUT TempTable	ACTIVE
2026-02-12T13:26:52.587829+00:00 OUT 
2026-02-12T13:26:52.590638+00:00 OUT ---- functional_indexes ----
2026-02-12T13:26:52.614983+00:00 OUT (no rows)
2026-02-12T13:26:52.616460+00:00 OUT 
2026-02-12T13:26:52.619415+00:00 OUT ---- functional_defaults ----
2026-02-12T13:26:52.648004+00:00 OUT (no rows)
2026-02-12T13:26:52.649566+00:00 OUT 
2026-02-12T13:26:52.652701+00:00 OUT ---- invisible_columns ----
2026-02-12T13:26:52.678826+00:00 OUT (no rows)
2026-02-12T13:26:52.680396+00:00 OUT 
2026-02-12T13:26:52.683619+00:00 OUT ---- check_constraints ----
2026-02-12T13:26:52.708223+00:00 OUT (no rows)
2026-02-12T13:26:52.709823+00:00 OUT 
2026-02-12T13:26:52.713074+00:00 OUT ---- partial_revokes ----
2026-02-12T13:26:52.733721+00:00 OUT (no rows)
2026-02-12T13:26:52.735345+00:00 OUT 
2026-02-12T13:26:52.738428+00:00 OUT ---- gis_srid_usage ----
2026-02-12T13:26:52.760065+00:00 OUT sakila	address	location	0
2026-02-12T13:26:52.763568+00:00 OUT 
2026-02-12T13:26:52.766537+00:00 OUT ---- resource_groups ----
2026-02-12T13:26:52.785801+00:00 OUT (no rows)
2026-02-12T13:26:52.787463+00:00 OUT 
2026-02-12T13:26:52.790528+00:00 OUT ---- xplugin_status ----
2026-02-12T13:26:52.813206+00:00 OUT mysqlx	ACTIVE
2026-02-12T13:26:52.816890+00:00 OUT 
2026-02-12T13:26:52.819905+00:00 OUT ---- fk_name_lengths ----
2026-02-12T13:26:52.844080+00:00 OUT (no rows)
2026-02-12T13:26:52.845649+00:00 OUT 
2026-02-12T13:26:52.848645+00:00 OUT ---- trigger_order ----
2026-02-12T13:26:52.867205+00:00 OUT (no rows)
2026-02-12T13:26:52.868645+00:00 OUT 
2026-02-12T13:26:52.871895+00:00 OUT Precheck complete.
2026-02-12T13:26:52.873244+00:00 OUT TSV outputs: /Users/balajin/Documents/GitHub/Mysql-to-MariaDB-Migration/artifacts/precheck/*.tsv
2026-02-12T13:26:52.874004+00:00 RUN  one_step_dump_restore (One-step dump/restore (mariadb-dump | mariadb)) -> scripts/10_one_step_migration.sh
2026-02-12T13:26:52.874288+00:00 CMD /Users/balajin/Documents/GitHub/Mysql-to-MariaDB-Migration/scripts/10_one_step_migration.sh
2026-02-12T13:26:52.879307+00:00 OUT ==> One-step migration (mariadb-dump | mariadb)
2026-02-12T13:26:52.879417+00:00 OUT mariadb-dump not found; using mysqldump.
2026-02-12T13:26:52.879457+00:00 OUT Source: 192.168.68.107:3306  DBs: sakila,world,testdb
2026-02-12T13:26:52.879491+00:00 OUT Target: 192.168.64.3:3306
2026-02-12T13:26:52.879527+00:00 OUT pv not found; running without progress meter.
2026-02-12T13:26:53.113860+00:00 OUT WARNING: option --ssl-verify-server-cert is disabled, because of an insecure passwordless login.
2026-02-12T13:26:54.299884+00:00 OUT One-step migration completed.
2026-02-12T13:26:54.300666+00:00 RUN  validate (Validate after upgrade) -> scripts/07_validate.sh
2026-02-12T13:26:54.301086+00:00 CMD /Users/balajin/Documents/GitHub/Mysql-to-MariaDB-Migration/scripts/07_validate.sh
2026-02-12T13:26:54.306831+00:00 OUT MariaDB version (TCP validation):
2026-02-12T13:26:54.514590+00:00 OUT WARNING: option --ssl-verify-server-cert is disabled, because of an insecure passwordless login.
2026-02-12T13:26:54.524178+00:00 OUT 11.8.5-2-MariaDB-enterprise
2026-02-12T13:26:54.525468+00:00 OUT 
2026-02-12T13:26:54.525732+00:00 OUT User authentication plugins:
2026-02-12T13:26:54.715282+00:00 OUT WARNING: option --ssl-verify-server-cert is disabled, because of an insecure passwordless login.
2026-02-12T13:26:54.725345+00:00 OUT mariadb.sys	localhost	mysql_native_password
2026-02-12T13:26:54.725639+00:00 OUT migrate	%	mysql_native_password
2026-02-12T13:26:54.725819+00:00 OUT mysql	localhost	mysql_native_password
2026-02-12T13:26:54.725977+00:00 OUT root	localhost	mysql_native_password
2026-02-12T13:26:54.726983+00:00 OUT 
2026-02-12T13:26:54.727261+00:00 OUT Storage engines:
2026-02-12T13:26:54.918100+00:00 OUT WARNING: option --ssl-verify-server-cert is disabled, because of an insecure passwordless login.
2026-02-12T13:26:54.928585+00:00 OUT SPIDER	YES	Spider storage engine	YES	YES	NO
2026-02-12T13:26:54.928760+00:00 OUT CSV	YES	Stores tables as CSV files	NO	NO	NO
2026-02-12T13:26:54.928860+00:00 OUT MRG_MyISAM	YES	Collection of identical MyISAM tables	NO	NO	NO
2026-02-12T13:26:54.928937+00:00 OUT Aria	YES	Crash-safe tables with MyISAM heritage. Used for internal temporary tables and privilege tables	NO	NO	NO
2026-02-12T13:26:54.928999+00:00 OUT MyISAM	YES	Non-transactional engine with good performance and small data footprint	NO	NO	NO
2026-02-12T13:26:54.929056+00:00 OUT MEMORY	YES	Hash based, stored in memory, useful for temporary tables	NO	NO	NO
2026-02-12T13:26:54.929117+00:00 OUT InnoDB	DEFAULT	Supports transactions, row-level locking, foreign keys and encryption for tables	YES	YES	YES
2026-02-12T13:26:54.929297+00:00 OUT SEQUENCE	YES	Generated tables filled with sequential values	YES	NO	YES
2026-02-12T13:26:54.929376+00:00 OUT PERFORMANCE_SCHEMA	YES	Performance Schema	NO	NO	NO
2026-02-12T13:26:54.929439+00:00 OUT Columnstore	YES	ColumnStore storage engine	YES	NO	NO
2026-02-12T13:26:54.929497+00:00 OUT ROCKSDB	YES	RocksDB storage engine	YES	YES	YES
2026-02-12T13:26:54.929765+00:00 OUT 
2026-02-12T13:26:54.929955+00:00 OUT Validation complete (socket-first).
2026-02-12T13:26:54.931436+00:00 FINISH success=True message=Run completed successfully.
