2026-03-04T16:25:17.883320+00:00 START mode=assessment config=config/source.yaml
2026-03-04T16:25:18.985185+00:00 Assessment source auth selected: SRC_ADMIN_USER (admin)
2026-03-04T16:25:19.012182+00:00 RUN precheck -> /mnt/macshare/scripts/00_precheck.sh
2026-03-04T16:25:52.742124+00:00 == Precheck runner ==
2026-03-04T16:25:52.752460+00:00 Host: 192.168.64.7  Port: 3306  User: admin
2026-03-04T16:25:52.768908+00:00 Checks dir: /mnt/macshare/sql/checks
2026-03-04T16:25:52.775115+00:00 Outdir: artifacts/assess_20260304_162511/precheck
2026-03-04T16:25:52.784383+00:00 
2026-03-04T16:25:52.788645+00:00 NOTE: mariadb-migrate-config-file not found; skipping config check.
2026-03-04T16:25:52.797717+00:00 ---- mysql_version ----
2026-03-04T16:25:52.803363+00:00 8.0.45-0ubuntu0.24.04.1
2026-03-04T16:25:52.810036+00:00 
2026-03-04T16:25:52.816032+00:00 ---- innodb_settings ----
2026-03-04T16:25:52.822926+00:00 1	1
2026-03-04T16:25:52.830631+00:00 
2026-03-04T16:25:52.836889+00:00 ---- auth_plugins ----
2026-03-04T16:25:52.844356+00:00 debian-sys-maint	localhost	caching_sha2_password
2026-03-04T16:25:52.851106+00:00 
2026-03-04T16:25:52.856281+00:00 ---- json_columns ----
2026-03-04T16:25:52.865920+00:00 advanced_test	json_test	data	json
2026-03-04T16:25:52.871210+00:00 advanced_test	json_test	metadata	json
2026-03-04T16:25:52.878036+00:00 testdb	orders_json	data_json	json
2026-03-04T16:25:52.884615+00:00 
2026-03-04T16:25:52.892612+00:00 ---- compression_encryption ----
2026-03-04T16:25:52.900610+00:00 (no rows)
2026-03-04T16:25:52.907414+00:00 
2026-03-04T16:25:52.916250+00:00 ---- engines_summary ----
2026-03-04T16:25:52.921101+00:00 PERFORMANCE_SCHEMA	111
2026-03-04T16:25:52.927890+00:00 InnoDB	58
2026-03-04T16:25:52.934252+00:00 CSV	2
2026-03-04T16:25:52.941671+00:00 
2026-03-04T16:25:52.949494+00:00 ---- schema_sizes ----
2026-03-04T16:25:52.955901+00:00 testdb	38.56
2026-03-04T16:25:52.964367+00:00 sakila	6.45
2026-03-04T16:25:52.975631+00:00 mysql	2.73
2026-03-04T16:25:52.984179+00:00 world	0.77
2026-03-04T16:25:52.989213+00:00 sys	0.02
2026-03-04T16:25:52.995411+00:00 advanced_test	0.02
2026-03-04T16:25:53.001702+00:00 test_replication	0.02
2026-03-04T16:25:53.007590+00:00 information_schema	0.00
2026-03-04T16:25:53.015868+00:00 performance_schema	0.00
2026-03-04T16:25:53.022627+00:00 
2026-03-04T16:25:53.028908+00:00 ---- schema_charsets ----
2026-03-04T16:25:53.032575+00:00 advanced_test	utf8mb4	utf8mb4_0900_ai_ci
2026-03-04T16:25:53.040447+00:00 sakila	utf8mb4	utf8mb4_0900_ai_ci
2026-03-04T16:25:53.047571+00:00 test_replication	utf8mb4	utf8mb4_0900_ai_ci
2026-03-04T16:25:53.055042+00:00 testdb	utf8mb4	utf8mb4_0900_ai_ci
2026-03-04T16:25:53.065083+00:00 world	utf8mb4	utf8mb4_0900_ai_ci
2026-03-04T16:25:53.069519+00:00 
2026-03-04T16:25:53.077870+00:00 ---- mysql8_collations ----
2026-03-04T16:25:53.087697+00:00 advanced_test	json_test	utf8mb4_0900_ai_ci
2026-03-04T16:25:53.095650+00:00 sakila	actor	utf8mb4_0900_ai_ci
2026-03-04T16:25:53.105032+00:00 sakila	address	utf8mb4_0900_ai_ci
2026-03-04T16:25:53.111914+00:00 sakila	category	utf8mb4_0900_ai_ci
2026-03-04T16:25:53.121397+00:00 sakila	city	utf8mb4_0900_ai_ci
2026-03-04T16:25:53.132960+00:00 sakila	country	utf8mb4_0900_ai_ci
2026-03-04T16:25:53.141517+00:00 sakila	customer	utf8mb4_0900_ai_ci
2026-03-04T16:25:53.145908+00:00 sakila	film	utf8mb4_0900_ai_ci
2026-03-04T16:25:53.152060+00:00 sakila	film_actor	utf8mb4_0900_ai_ci
2026-03-04T16:25:53.158705+00:00 sakila	film_category	utf8mb4_0900_ai_ci
2026-03-04T16:25:53.162307+00:00 sakila	film_text	utf8mb4_0900_ai_ci
2026-03-04T16:25:53.170750+00:00 sakila	inventory	utf8mb4_0900_ai_ci
2026-03-04T16:25:53.176921+00:00 sakila	language	utf8mb4_0900_ai_ci
2026-03-04T16:25:53.183309+00:00 sakila	payment	utf8mb4_0900_ai_ci
2026-03-04T16:25:53.191061+00:00 sakila	rental	utf8mb4_0900_ai_ci
2026-03-04T16:25:53.197862+00:00 sakila	staff	utf8mb4_0900_ai_ci
2026-03-04T16:25:53.204631+00:00 sakila	store	utf8mb4_0900_ai_ci
2026-03-04T16:25:53.210625+00:00 test_replication	customers	utf8mb4_0900_ai_ci
2026-03-04T16:25:53.217729+00:00 testdb	orders_json	utf8mb4_0900_ai_ci
2026-03-04T16:25:53.226130+00:00 world	city	utf8mb4_0900_ai_ci
2026-03-04T16:25:53.233583+00:00 world	country	utf8mb4_0900_ai_ci
2026-03-04T16:25:53.238613+00:00 world	countrylanguage	utf8mb4_0900_ai_ci
2026-03-04T16:25:53.246704+00:00 
2026-03-04T16:25:53.253236+00:00 ---- mysql8_column_collations ----
2026-03-04T16:25:53.262073+00:00 sakila	actor	first_name	utf8mb4_0900_ai_ci
2026-03-04T16:25:53.270299+00:00 sakila	actor	last_name	utf8mb4_0900_ai_ci
2026-03-04T16:25:53.274647+00:00 sakila	actor_info	film_info	utf8mb4_0900_ai_ci
2026-03-04T16:25:53.281475+00:00 sakila	actor_info	first_name	utf8mb4_0900_ai_ci
2026-03-04T16:25:53.289609+00:00 sakila	actor_info	last_name	utf8mb4_0900_ai_ci
2026-03-04T16:25:53.294390+00:00 sakila	address	address	utf8mb4_0900_ai_ci
2026-03-04T16:25:53.300195+00:00 sakila	address	address2	utf8mb4_0900_ai_ci
2026-03-04T16:25:53.307712+00:00 sakila	address	district	utf8mb4_0900_ai_ci
2026-03-04T16:25:53.313125+00:00 sakila	address	phone	utf8mb4_0900_ai_ci
2026-03-04T16:25:53.319106+00:00 sakila	address	postal_code	utf8mb4_0900_ai_ci
2026-03-04T16:25:53.325532+00:00 sakila	category	name	utf8mb4_0900_ai_ci
2026-03-04T16:25:53.332483+00:00 sakila	city	city	utf8mb4_0900_ai_ci
2026-03-04T16:25:53.340239+00:00 sakila	country	country	utf8mb4_0900_ai_ci
2026-03-04T16:25:53.347007+00:00 sakila	customer	email	utf8mb4_0900_ai_ci
2026-03-04T16:25:53.354508+00:00 sakila	customer	first_name	utf8mb4_0900_ai_ci
2026-03-04T16:25:53.362622+00:00 sakila	customer	last_name	utf8mb4_0900_ai_ci
2026-03-04T16:25:53.369505+00:00 sakila	customer_list	address	utf8mb4_0900_ai_ci
2026-03-04T16:25:53.374532+00:00 sakila	customer_list	city	utf8mb4_0900_ai_ci
2026-03-04T16:25:53.381617+00:00 sakila	customer_list	country	utf8mb4_0900_ai_ci
2026-03-04T16:25:53.387559+00:00 sakila	customer_list	name	utf8mb4_0900_ai_ci
2026-03-04T16:25:53.393238+00:00 sakila	customer_list	notes	utf8mb4_0900_ai_ci
2026-03-04T16:25:53.401077+00:00 sakila	customer_list	phone	utf8mb4_0900_ai_ci
2026-03-04T16:25:53.408170+00:00 sakila	customer_list	zip code	utf8mb4_0900_ai_ci
2026-03-04T16:25:53.414665+00:00 sakila	film	description	utf8mb4_0900_ai_ci
2026-03-04T16:25:53.421409+00:00 sakila	film	rating	utf8mb4_0900_ai_ci
2026-03-04T16:25:53.428294+00:00 sakila	film	special_features	utf8mb4_0900_ai_ci
2026-03-04T16:25:53.433180+00:00 sakila	film	title	utf8mb4_0900_ai_ci
2026-03-04T16:25:53.439095+00:00 sakila	film_list	actors	utf8mb4_0900_ai_ci
2026-03-04T16:25:53.446606+00:00 sakila	film_list	category	utf8mb4_0900_ai_ci
2026-03-04T16:25:53.453250+00:00 sakila	film_list	description	utf8mb4_0900_ai_ci
2026-03-04T16:25:53.463382+00:00 sakila	film_list	rating	utf8mb4_0900_ai_ci
2026-03-04T16:25:53.471552+00:00 sakila	film_list	title	utf8mb4_0900_ai_ci
2026-03-04T16:25:53.480319+00:00 sakila	film_text	description	utf8mb4_0900_ai_ci
2026-03-04T16:25:53.488308+00:00 sakila	film_text	title	utf8mb4_0900_ai_ci
2026-03-04T16:25:53.498292+00:00 sakila	language	name	utf8mb4_0900_ai_ci
2026-03-04T16:25:53.505737+00:00 sakila	nicer_but_slower_film_list	actors	utf8mb4_0900_ai_ci
2026-03-04T16:25:53.515064+00:00 sakila	nicer_but_slower_film_list	category	utf8mb4_0900_ai_ci
2026-03-04T16:25:53.518606+00:00 sakila	nicer_but_slower_film_list	description	utf8mb4_0900_ai_ci
2026-03-04T16:25:53.524043+00:00 sakila	nicer_but_slower_film_list	rating	utf8mb4_0900_ai_ci
2026-03-04T16:25:53.530183+00:00 sakila	nicer_but_slower_film_list	title	utf8mb4_0900_ai_ci
2026-03-04T16:25:53.537275+00:00 sakila	sales_by_film_category	category	utf8mb4_0900_ai_ci
2026-03-04T16:25:53.543601+00:00 sakila	sales_by_store	manager	utf8mb4_0900_ai_ci
2026-03-04T16:25:53.550460+00:00 sakila	sales_by_store	store	utf8mb4_0900_ai_ci
2026-03-04T16:25:53.563093+00:00 sakila	staff	email	utf8mb4_0900_ai_ci
2026-03-04T16:25:53.572148+00:00 sakila	staff	first_name	utf8mb4_0900_ai_ci
2026-03-04T16:25:53.579631+00:00 sakila	staff	last_name	utf8mb4_0900_ai_ci
2026-03-04T16:25:53.586192+00:00 sakila	staff	username	utf8mb4_0900_ai_ci
2026-03-04T16:25:53.593471+00:00 sakila	staff_list	address	utf8mb4_0900_ai_ci
2026-03-04T16:25:53.602922+00:00 sakila	staff_list	city	utf8mb4_0900_ai_ci
2026-03-04T16:25:53.611905+00:00 sakila	staff_list	country	utf8mb4_0900_ai_ci
2026-03-04T16:25:53.620189+00:00 ... (truncated; full output in artifacts/assess_20260304_162511/precheck/mysql8_column_collations.tsv)
2026-03-04T16:25:53.627627+00:00 
2026-03-04T16:25:53.633143+00:00 ---- sql_mode ----
2026-03-04T16:25:53.640938+00:00 ONLY_FULL_GROUP_BY,STRICT_TRANS_TABLES,NO_ZERO_IN_DATE,NO_ZERO_DATE,ERROR_FOR_DIVISION_BY_ZERO,NO_ENGINE_SUBSTITUTION
2026-03-04T16:25:53.647829+00:00 
2026-03-04T16:25:53.655138+00:00 ---- definers_inventory ----
2026-03-04T16:25:53.661631+00:00 TRIGGER	root@localhost	6
2026-03-04T16:25:53.670244+00:00 VIEW	root@localhost	7
2026-03-04T16:25:53.678744+00:00 
2026-03-04T16:25:53.686416+00:00 ---- partitioned_tables ----
2026-03-04T16:25:53.694100+00:00 (no rows)
2026-03-04T16:25:53.701818+00:00 
2026-03-04T16:25:53.707666+00:00 ---- active_plugins ----
2026-03-04T16:25:53.714235+00:00 ARCHIVE	ACTIVE
2026-03-04T16:25:53.723398+00:00 auth_socket	ACTIVE
2026-03-04T16:25:53.729660+00:00 binlog	ACTIVE
2026-03-04T16:25:53.736350+00:00 BLACKHOLE	ACTIVE
2026-03-04T16:25:53.740311+00:00 caching_sha2_password	ACTIVE
2026-03-04T16:25:53.746205+00:00 CSV	ACTIVE
2026-03-04T16:25:53.752980+00:00 daemon_keyring_proxy_plugin	ACTIVE
2026-03-04T16:25:53.761984+00:00 InnoDB	ACTIVE
2026-03-04T16:25:53.771580+00:00 INNODB_BUFFER_PAGE	ACTIVE
2026-03-04T16:25:53.778941+00:00 INNODB_BUFFER_PAGE_LRU	ACTIVE
2026-03-04T16:25:53.785486+00:00 INNODB_BUFFER_POOL_STATS	ACTIVE
2026-03-04T16:25:53.793232+00:00 INNODB_CACHED_INDEXES	ACTIVE
2026-03-04T16:25:53.804893+00:00 INNODB_CMP	ACTIVE
2026-03-04T16:25:53.808459+00:00 INNODB_CMPMEM	ACTIVE
2026-03-04T16:25:53.815270+00:00 INNODB_CMPMEM_RESET	ACTIVE
2026-03-04T16:25:53.823094+00:00 INNODB_CMP_PER_INDEX	ACTIVE
2026-03-04T16:25:53.838469+00:00 INNODB_CMP_PER_INDEX_RESET	ACTIVE
2026-03-04T16:25:53.852180+00:00 INNODB_CMP_RESET	ACTIVE
2026-03-04T16:25:53.861749+00:00 INNODB_COLUMNS	ACTIVE
2026-03-04T16:25:53.871493+00:00 INNODB_FT_BEING_DELETED	ACTIVE
2026-03-04T16:25:53.879653+00:00 INNODB_FT_CONFIG	ACTIVE
2026-03-04T16:25:53.888177+00:00 INNODB_FT_DEFAULT_STOPWORD	ACTIVE
2026-03-04T16:25:53.895393+00:00 INNODB_FT_DELETED	ACTIVE
2026-03-04T16:25:53.904037+00:00 INNODB_FT_INDEX_CACHE	ACTIVE
2026-03-04T16:25:53.907948+00:00 INNODB_FT_INDEX_TABLE	ACTIVE
2026-03-04T16:25:53.915064+00:00 INNODB_INDEXES	ACTIVE
2026-03-04T16:25:53.924472+00:00 INNODB_METRICS	ACTIVE
2026-03-04T16:25:53.930719+00:00 INNODB_SESSION_TEMP_TABLESPACES	ACTIVE
2026-03-04T16:25:53.937065+00:00 INNODB_TABLES	ACTIVE
2026-03-04T16:25:53.943465+00:00 INNODB_TABLESPACES	ACTIVE
2026-03-04T16:25:53.949227+00:00 INNODB_TABLESTATS	ACTIVE
2026-03-04T16:25:53.952878+00:00 INNODB_TEMP_TABLE_INFO	ACTIVE
2026-03-04T16:25:53.960221+00:00 INNODB_TRX	ACTIVE
2026-03-04T16:25:53.972373+00:00 INNODB_VIRTUAL	ACTIVE
2026-03-04T16:25:53.980901+00:00 MEMORY	ACTIVE
2026-03-04T16:25:53.989622+00:00 MRG_MYISAM	ACTIVE
2026-03-04T16:25:53.996496+00:00 MyISAM	ACTIVE
2026-03-04T16:25:54.004379+00:00 mysqlx	ACTIVE
2026-03-04T16:25:54.011230+00:00 mysqlx_cache_cleaner	ACTIVE
2026-03-04T16:25:54.019292+00:00 mysql_native_password	ACTIVE
2026-03-04T16:25:54.031294+00:00 ngram	ACTIVE
2026-03-04T16:25:54.038039+00:00 PERFORMANCE_SCHEMA	ACTIVE
2026-03-04T16:25:54.044234+00:00 sha256_password	ACTIVE
2026-03-04T16:25:54.052384+00:00 sha2_cache_cleaner	ACTIVE
2026-03-04T16:25:54.061483+00:00 TempTable	ACTIVE
2026-03-04T16:25:54.069340+00:00 
2026-03-04T16:25:54.074722+00:00 ---- functional_indexes ----
2026-03-04T16:25:54.083478+00:00 (no rows)
2026-03-04T16:25:54.093454+00:00 
2026-03-04T16:25:54.099028+00:00 ---- functional_defaults ----
2026-03-04T16:25:54.105976+00:00 (no rows)
2026-03-04T16:25:54.110726+00:00 
2026-03-04T16:25:54.117002+00:00 ---- invisible_columns ----
2026-03-04T16:25:54.125714+00:00 (no rows)
2026-03-04T16:25:54.133171+00:00 
2026-03-04T16:25:54.139495+00:00 ---- check_constraints ----
2026-03-04T16:25:54.146448+00:00 (no rows)
2026-03-04T16:25:54.155614+00:00 
2026-03-04T16:25:54.160068+00:00 ---- partial_revokes ----
2026-03-04T16:25:54.166484+00:00 (no rows)
2026-03-04T16:25:54.173805+00:00 
2026-03-04T16:25:54.183484+00:00 ---- gis_srid_usage ----
2026-03-04T16:25:54.190521+00:00 sakila	address	location	0
2026-03-04T16:25:54.195650+00:00 
2026-03-04T16:25:54.201483+00:00 ---- resource_groups ----
2026-03-04T16:25:54.207950+00:00 USR_default	USER	1	0-9	0
2026-03-04T16:25:54.213379+00:00 SYS_default	SYSTEM	1	0-9	0
2026-03-04T16:25:54.220844+00:00 
2026-03-04T16:25:54.226742+00:00 ---- xplugin_status ----
2026-03-04T16:25:54.232105+00:00 mysqlx	ACTIVE
2026-03-04T16:25:54.239561+00:00 
2026-03-04T16:25:54.248049+00:00 ---- fk_name_lengths ----
2026-03-04T16:25:54.255657+00:00 (no rows)
2026-03-04T16:25:54.265919+00:00 
2026-03-04T16:25:54.272321+00:00 ---- trigger_order ----
2026-03-04T16:25:54.280355+00:00 (no rows)
2026-03-04T16:25:54.286823+00:00 
2026-03-04T16:25:54.292637+00:00 Precheck complete.
2026-03-04T16:25:54.298386+00:00 TSV outputs: artifacts/assess_20260304_162511/precheck/*.tsv
2026-03-04T16:25:56.758231+00:00 FINISH success=True message=Assessment passed. Ready to plan/run.
