2026-03-04T16:59:22.303071+00:00 START mode=assessment config=config/source.yaml
2026-03-04T16:59:22.569620+00:00 Assessment source auth selected: SRC_ADMIN_USER (admin)
2026-03-04T16:59:22.579607+00:00 RUN precheck -> /mnt/macshare/scripts/00_precheck.sh
2026-03-04T16:59:31.197398+00:00 == Precheck runner ==
2026-03-04T16:59:31.200987+00:00 Host: 192.168.64.7  Port: 3306  User: admin
2026-03-04T16:59:31.206403+00:00 Checks dir: /mnt/macshare/sql/checks
2026-03-04T16:59:31.211135+00:00 Outdir: artifacts/assess_20260304_165920/precheck
2026-03-04T16:59:31.216309+00:00 
2026-03-04T16:59:31.219762+00:00 NOTE: mariadb-migrate-config-file not found; skipping config check.
2026-03-04T16:59:31.224364+00:00 ---- mysql_version ----
2026-03-04T16:59:31.231974+00:00 8.0.45-0ubuntu0.24.04.1
2026-03-04T16:59:31.235404+00:00 
2026-03-04T16:59:31.242784+00:00 ---- innodb_settings ----
2026-03-04T16:59:31.247785+00:00 1	1
2026-03-04T16:59:31.253271+00:00 
2026-03-04T16:59:31.259441+00:00 ---- auth_plugins ----
2026-03-04T16:59:31.264017+00:00 debian-sys-maint	localhost	caching_sha2_password
2026-03-04T16:59:31.267970+00:00 
2026-03-04T16:59:31.272751+00:00 ---- json_columns ----
2026-03-04T16:59:31.277742+00:00 advanced_test	json_test	data	json
2026-03-04T16:59:31.283514+00:00 advanced_test	json_test	metadata	json
2026-03-04T16:59:31.286791+00:00 testdb	orders_json	data_json	json
2026-03-04T16:59:31.291274+00:00 
2026-03-04T16:59:31.296425+00:00 ---- compression_encryption ----
2026-03-04T16:59:31.299714+00:00 (no rows)
2026-03-04T16:59:31.306414+00:00 
2026-03-04T16:59:31.311718+00:00 ---- engines_summary ----
2026-03-04T16:59:31.316241+00:00 PERFORMANCE_SCHEMA	111
2026-03-04T16:59:31.320384+00:00 InnoDB	58
2026-03-04T16:59:31.325518+00:00 CSV	2
2026-03-04T16:59:31.330590+00:00 
2026-03-04T16:59:31.337927+00:00 ---- schema_sizes ----
2026-03-04T16:59:31.341423+00:00 testdb	38.56
2026-03-04T16:59:31.349088+00:00 sakila	6.45
2026-03-04T16:59:31.353753+00:00 mysql	2.73
2026-03-04T16:59:31.359348+00:00 world	0.77
2026-03-04T16:59:31.364839+00:00 sys	0.02
2026-03-04T16:59:31.367275+00:00 advanced_test	0.02
2026-03-04T16:59:31.372338+00:00 test_replication	0.02
2026-03-04T16:59:31.377448+00:00 information_schema	0.00
2026-03-04T16:59:31.382340+00:00 performance_schema	0.00
2026-03-04T16:59:31.386574+00:00 
2026-03-04T16:59:31.391569+00:00 ---- schema_charsets ----
2026-03-04T16:59:31.396299+00:00 advanced_test	utf8mb4	utf8mb4_0900_ai_ci
2026-03-04T16:59:31.401337+00:00 sakila	utf8mb4	utf8mb4_0900_ai_ci
2026-03-04T16:59:31.405146+00:00 test_replication	utf8mb4	utf8mb4_0900_ai_ci
2026-03-04T16:59:31.409806+00:00 testdb	utf8mb4	utf8mb4_0900_ai_ci
2026-03-04T16:59:31.415157+00:00 world	utf8mb4	utf8mb4_0900_ai_ci
2026-03-04T16:59:31.418905+00:00 
2026-03-04T16:59:31.424294+00:00 ---- mysql8_collations ----
2026-03-04T16:59:31.430046+00:00 advanced_test	json_test	utf8mb4_0900_ai_ci
2026-03-04T16:59:31.434632+00:00 sakila	actor	utf8mb4_0900_ai_ci
2026-03-04T16:59:31.439770+00:00 sakila	address	utf8mb4_0900_ai_ci
2026-03-04T16:59:31.444145+00:00 sakila	category	utf8mb4_0900_ai_ci
2026-03-04T16:59:31.450394+00:00 sakila	city	utf8mb4_0900_ai_ci
2026-03-04T16:59:31.454609+00:00 sakila	country	utf8mb4_0900_ai_ci
2026-03-04T16:59:31.459499+00:00 sakila	customer	utf8mb4_0900_ai_ci
2026-03-04T16:59:31.464467+00:00 sakila	film	utf8mb4_0900_ai_ci
2026-03-04T16:59:31.471327+00:00 sakila	film_actor	utf8mb4_0900_ai_ci
2026-03-04T16:59:31.475328+00:00 sakila	film_category	utf8mb4_0900_ai_ci
2026-03-04T16:59:31.480769+00:00 sakila	film_text	utf8mb4_0900_ai_ci
2026-03-04T16:59:31.488233+00:00 sakila	inventory	utf8mb4_0900_ai_ci
2026-03-04T16:59:31.492169+00:00 sakila	language	utf8mb4_0900_ai_ci
2026-03-04T16:59:31.499824+00:00 sakila	payment	utf8mb4_0900_ai_ci
2026-03-04T16:59:31.503716+00:00 sakila	rental	utf8mb4_0900_ai_ci
2026-03-04T16:59:31.511357+00:00 sakila	staff	utf8mb4_0900_ai_ci
2026-03-04T16:59:31.514364+00:00 sakila	store	utf8mb4_0900_ai_ci
2026-03-04T16:59:31.520193+00:00 test_replication	customers	utf8mb4_0900_ai_ci
2026-03-04T16:59:31.525907+00:00 testdb	orders_json	utf8mb4_0900_ai_ci
2026-03-04T16:59:31.532471+00:00 world	city	utf8mb4_0900_ai_ci
2026-03-04T16:59:31.539036+00:00 world	country	utf8mb4_0900_ai_ci
2026-03-04T16:59:31.544946+00:00 world	countrylanguage	utf8mb4_0900_ai_ci
2026-03-04T16:59:31.551080+00:00 
2026-03-04T16:59:31.555164+00:00 ---- mysql8_column_collations ----
2026-03-04T16:59:31.559606+00:00 sakila	actor	first_name	utf8mb4_0900_ai_ci
2026-03-04T16:59:31.564682+00:00 sakila	actor	last_name	utf8mb4_0900_ai_ci
2026-03-04T16:59:31.570317+00:00 sakila	actor_info	film_info	utf8mb4_0900_ai_ci
2026-03-04T16:59:31.578514+00:00 sakila	actor_info	first_name	utf8mb4_0900_ai_ci
2026-03-04T16:59:31.581705+00:00 sakila	actor_info	last_name	utf8mb4_0900_ai_ci
2026-03-04T16:59:31.586029+00:00 sakila	address	address	utf8mb4_0900_ai_ci
2026-03-04T16:59:31.593375+00:00 sakila	address	address2	utf8mb4_0900_ai_ci
2026-03-04T16:59:31.596458+00:00 sakila	address	district	utf8mb4_0900_ai_ci
2026-03-04T16:59:31.602184+00:00 sakila	address	phone	utf8mb4_0900_ai_ci
2026-03-04T16:59:31.606940+00:00 sakila	address	postal_code	utf8mb4_0900_ai_ci
2026-03-04T16:59:31.613131+00:00 sakila	category	name	utf8mb4_0900_ai_ci
2026-03-04T16:59:31.619344+00:00 sakila	city	city	utf8mb4_0900_ai_ci
2026-03-04T16:59:31.624258+00:00 sakila	country	country	utf8mb4_0900_ai_ci
2026-03-04T16:59:31.630103+00:00 sakila	customer	email	utf8mb4_0900_ai_ci
2026-03-04T16:59:31.636396+00:00 sakila	customer	first_name	utf8mb4_0900_ai_ci
2026-03-04T16:59:31.641474+00:00 sakila	customer	last_name	utf8mb4_0900_ai_ci
2026-03-04T16:59:31.649011+00:00 sakila	customer_list	address	utf8mb4_0900_ai_ci
2026-03-04T16:59:31.651759+00:00 sakila	customer_list	city	utf8mb4_0900_ai_ci
2026-03-04T16:59:31.660643+00:00 sakila	customer_list	country	utf8mb4_0900_ai_ci
2026-03-04T16:59:31.672309+00:00 sakila	customer_list	name	utf8mb4_0900_ai_ci
2026-03-04T16:59:31.676088+00:00 sakila	customer_list	notes	utf8mb4_0900_ai_ci
2026-03-04T16:59:31.681485+00:00 sakila	customer_list	phone	utf8mb4_0900_ai_ci
2026-03-04T16:59:31.687242+00:00 sakila	customer_list	zip code	utf8mb4_0900_ai_ci
2026-03-04T16:59:31.698647+00:00 sakila	film	description	utf8mb4_0900_ai_ci
2026-03-04T16:59:31.702730+00:00 sakila	film	rating	utf8mb4_0900_ai_ci
2026-03-04T16:59:31.708781+00:00 sakila	film	special_features	utf8mb4_0900_ai_ci
2026-03-04T16:59:31.715822+00:00 sakila	film	title	utf8mb4_0900_ai_ci
2026-03-04T16:59:31.787555+00:00 sakila	film_list	actors	utf8mb4_0900_ai_ci
2026-03-04T16:59:31.793597+00:00 sakila	film_list	category	utf8mb4_0900_ai_ci
2026-03-04T16:59:31.811941+00:00 sakila	film_list	description	utf8mb4_0900_ai_ci
2026-03-04T16:59:31.819425+00:00 sakila	film_list	rating	utf8mb4_0900_ai_ci
2026-03-04T16:59:31.827677+00:00 sakila	film_list	title	utf8mb4_0900_ai_ci
2026-03-04T16:59:31.850164+00:00 sakila	film_text	description	utf8mb4_0900_ai_ci
2026-03-04T16:59:31.856935+00:00 sakila	film_text	title	utf8mb4_0900_ai_ci
2026-03-04T16:59:31.869110+00:00 sakila	language	name	utf8mb4_0900_ai_ci
2026-03-04T16:59:31.875582+00:00 sakila	nicer_but_slower_film_list	actors	utf8mb4_0900_ai_ci
2026-03-04T16:59:31.881276+00:00 sakila	nicer_but_slower_film_list	category	utf8mb4_0900_ai_ci
2026-03-04T16:59:31.887831+00:00 sakila	nicer_but_slower_film_list	description	utf8mb4_0900_ai_ci
2026-03-04T16:59:31.894403+00:00 sakila	nicer_but_slower_film_list	rating	utf8mb4_0900_ai_ci
2026-03-04T16:59:31.900431+00:00 sakila	nicer_but_slower_film_list	title	utf8mb4_0900_ai_ci
2026-03-04T16:59:31.905645+00:00 sakila	sales_by_film_category	category	utf8mb4_0900_ai_ci
2026-03-04T16:59:31.910633+00:00 sakila	sales_by_store	manager	utf8mb4_0900_ai_ci
2026-03-04T16:59:31.916193+00:00 sakila	sales_by_store	store	utf8mb4_0900_ai_ci
2026-03-04T16:59:31.921727+00:00 sakila	staff	email	utf8mb4_0900_ai_ci
2026-03-04T16:59:31.928114+00:00 sakila	staff	first_name	utf8mb4_0900_ai_ci
2026-03-04T16:59:31.934232+00:00 sakila	staff	last_name	utf8mb4_0900_ai_ci
2026-03-04T16:59:31.940313+00:00 sakila	staff	username	utf8mb4_0900_ai_ci
2026-03-04T16:59:31.946312+00:00 sakila	staff_list	address	utf8mb4_0900_ai_ci
2026-03-04T16:59:31.953293+00:00 sakila	staff_list	city	utf8mb4_0900_ai_ci
2026-03-04T16:59:31.959473+00:00 sakila	staff_list	country	utf8mb4_0900_ai_ci
2026-03-04T16:59:31.965294+00:00 ... (truncated; full output in artifacts/assess_20260304_165920/precheck/mysql8_column_collations.tsv)
2026-03-04T16:59:31.973674+00:00 
2026-03-04T16:59:31.977929+00:00 ---- sql_mode ----
2026-03-04T16:59:31.983334+00:00 ONLY_FULL_GROUP_BY,STRICT_TRANS_TABLES,NO_ZERO_IN_DATE,NO_ZERO_DATE,ERROR_FOR_DIVISION_BY_ZERO,NO_ENGINE_SUBSTITUTION
2026-03-04T16:59:31.989471+00:00 
2026-03-04T16:59:31.995288+00:00 ---- definers_inventory ----
2026-03-04T16:59:32.001317+00:00 TRIGGER	root@localhost	6
2026-03-04T16:59:32.007894+00:00 VIEW	root@localhost	7
2026-03-04T16:59:32.016081+00:00 
2026-03-04T16:59:32.021712+00:00 ---- partitioned_tables ----
2026-03-04T16:59:32.026735+00:00 (no rows)
2026-03-04T16:59:32.033274+00:00 
2026-03-04T16:59:32.038205+00:00 ---- active_plugins ----
2026-03-04T16:59:32.042973+00:00 ARCHIVE	ACTIVE
2026-03-04T16:59:32.050145+00:00 auth_socket	ACTIVE
2026-03-04T16:59:32.056652+00:00 binlog	ACTIVE
2026-03-04T16:59:32.062593+00:00 BLACKHOLE	ACTIVE
2026-03-04T16:59:32.068212+00:00 caching_sha2_password	ACTIVE
2026-03-04T16:59:32.073803+00:00 CSV	ACTIVE
2026-03-04T16:59:32.079048+00:00 daemon_keyring_proxy_plugin	ACTIVE
2026-03-04T16:59:32.084493+00:00 InnoDB	ACTIVE
2026-03-04T16:59:32.090651+00:00 INNODB_BUFFER_PAGE	ACTIVE
2026-03-04T16:59:32.096138+00:00 INNODB_BUFFER_PAGE_LRU	ACTIVE
2026-03-04T16:59:32.102063+00:00 INNODB_BUFFER_POOL_STATS	ACTIVE
2026-03-04T16:59:32.107298+00:00 INNODB_CACHED_INDEXES	ACTIVE
2026-03-04T16:59:32.115024+00:00 INNODB_CMP	ACTIVE
2026-03-04T16:59:32.119471+00:00 INNODB_CMPMEM	ACTIVE
2026-03-04T16:59:32.125228+00:00 INNODB_CMPMEM_RESET	ACTIVE
2026-03-04T16:59:32.130341+00:00 INNODB_CMP_PER_INDEX	ACTIVE
2026-03-04T16:59:32.135348+00:00 INNODB_CMP_PER_INDEX_RESET	ACTIVE
2026-03-04T16:59:32.140742+00:00 INNODB_CMP_RESET	ACTIVE
2026-03-04T16:59:32.148201+00:00 INNODB_COLUMNS	ACTIVE
2026-03-04T16:59:32.151646+00:00 INNODB_FT_BEING_DELETED	ACTIVE
2026-03-04T16:59:32.157188+00:00 INNODB_FT_CONFIG	ACTIVE
2026-03-04T16:59:32.161833+00:00 INNODB_FT_DEFAULT_STOPWORD	ACTIVE
2026-03-04T16:59:32.167216+00:00 INNODB_FT_DELETED	ACTIVE
2026-03-04T16:59:32.172419+00:00 INNODB_FT_INDEX_CACHE	ACTIVE
2026-03-04T16:59:32.177015+00:00 INNODB_FT_INDEX_TABLE	ACTIVE
2026-03-04T16:59:32.182210+00:00 INNODB_INDEXES	ACTIVE
2026-03-04T16:59:32.186898+00:00 INNODB_METRICS	ACTIVE
2026-03-04T16:59:32.192913+00:00 INNODB_SESSION_TEMP_TABLESPACES	ACTIVE
2026-03-04T16:59:32.199131+00:00 INNODB_TABLES	ACTIVE
2026-03-04T16:59:32.204768+00:00 INNODB_TABLESPACES	ACTIVE
2026-03-04T16:59:32.209421+00:00 INNODB_TABLESTATS	ACTIVE
2026-03-04T16:59:32.217428+00:00 INNODB_TEMP_TABLE_INFO	ACTIVE
2026-03-04T16:59:32.220890+00:00 INNODB_TRX	ACTIVE
2026-03-04T16:59:32.225480+00:00 INNODB_VIRTUAL	ACTIVE
2026-03-04T16:59:32.233808+00:00 MEMORY	ACTIVE
2026-03-04T16:59:32.237692+00:00 MRG_MYISAM	ACTIVE
2026-03-04T16:59:32.244358+00:00 MyISAM	ACTIVE
2026-03-04T16:59:32.251749+00:00 mysqlx	ACTIVE
2026-03-04T16:59:32.256220+00:00 mysqlx_cache_cleaner	ACTIVE
2026-03-04T16:59:32.264027+00:00 mysql_native_password	ACTIVE
2026-03-04T16:59:32.268268+00:00 ngram	ACTIVE
2026-03-04T16:59:32.274406+00:00 PERFORMANCE_SCHEMA	ACTIVE
2026-03-04T16:59:32.278614+00:00 sha256_password	ACTIVE
2026-03-04T16:59:32.285700+00:00 sha2_cache_cleaner	ACTIVE
2026-03-04T16:59:32.289315+00:00 TempTable	ACTIVE
2026-03-04T16:59:32.294165+00:00 
2026-03-04T16:59:32.300281+00:00 ---- functional_indexes ----
2026-03-04T16:59:32.306095+00:00 (no rows)
2026-03-04T16:59:32.312441+00:00 
2026-03-04T16:59:32.319039+00:00 ---- functional_defaults ----
2026-03-04T16:59:32.325341+00:00 (no rows)
2026-03-04T16:59:32.332604+00:00 
2026-03-04T16:59:32.338214+00:00 ---- invisible_columns ----
2026-03-04T16:59:32.343484+00:00 (no rows)
2026-03-04T16:59:32.349372+00:00 
2026-03-04T16:59:32.356967+00:00 ---- check_constraints ----
2026-03-04T16:59:32.361973+00:00 (no rows)
2026-03-04T16:59:32.369032+00:00 
2026-03-04T16:59:32.375206+00:00 ---- partial_revokes ----
2026-03-04T16:59:32.381427+00:00 (no rows)
2026-03-04T16:59:32.386145+00:00 
2026-03-04T16:59:32.392000+00:00 ---- gis_srid_usage ----
2026-03-04T16:59:32.397291+00:00 sakila	address	location	0
2026-03-04T16:59:32.403663+00:00 
2026-03-04T16:59:32.408213+00:00 ---- resource_groups ----
2026-03-04T16:59:32.414026+00:00 USR_default	USER	1	0-9	0
2026-03-04T16:59:32.419911+00:00 SYS_default	SYSTEM	1	0-9	0
2026-03-04T16:59:32.424246+00:00 
2026-03-04T16:59:32.430495+00:00 ---- xplugin_status ----
2026-03-04T16:59:32.433836+00:00 mysqlx	ACTIVE
2026-03-04T16:59:32.438889+00:00 
2026-03-04T16:59:32.446560+00:00 ---- fk_name_lengths ----
2026-03-04T16:59:32.450477+00:00 (no rows)
2026-03-04T16:59:32.456254+00:00 
2026-03-04T16:59:32.462704+00:00 ---- trigger_order ----
2026-03-04T16:59:32.467960+00:00 (no rows)
2026-03-04T16:59:32.472726+00:00 
2026-03-04T16:59:32.478147+00:00 Precheck complete.
2026-03-04T16:59:32.484310+00:00 TSV outputs: artifacts/assess_20260304_165920/precheck/*.tsv
2026-03-04T16:59:33.120302+00:00 FINISH success=True message=Assessment passed. Ready to plan/run.
