2026-02-15T18:00:36.864903+00:00 START mode=assessment config=config/source.yaml
2026-02-15T18:00:37.242132+00:00 Assessment source auth selected: SRC_ADMIN_USER (admin)
2026-02-15T18:00:37.251997+00:00 RUN precheck -> /mnt/macshare/scripts/00_precheck.sh
2026-02-15T18:00:45.638404+00:00 == Precheck runner ==
2026-02-15T18:00:45.643614+00:00 Host: 192.168.64.7  Port: 3306  User: admin
2026-02-15T18:00:45.648412+00:00 Checks dir: /mnt/macshare/sql/checks
2026-02-15T18:00:45.655043+00:00 Outdir: artifacts/assess_20260215_180035/precheck
2026-02-15T18:00:45.658408+00:00 
2026-02-15T18:00:45.663806+00:00 NOTE: mariadb-migrate-config-file not found; skipping config check.
2026-02-15T18:00:45.667057+00:00 ---- mysql_version ----
2026-02-15T18:00:45.671571+00:00 8.0.45-0ubuntu0.24.04.1
2026-02-15T18:00:45.674826+00:00 
2026-02-15T18:00:45.679382+00:00 ---- innodb_settings ----
2026-02-15T18:00:45.682675+00:00 1	1
2026-02-15T18:00:45.686899+00:00 
2026-02-15T18:00:45.691396+00:00 ---- auth_plugins ----
2026-02-15T18:00:45.697264+00:00 admin	%	caching_sha2_password
2026-02-15T18:00:45.701554+00:00 admin	192.168.64.3	caching_sha2_password
2026-02-15T18:00:45.705710+00:00 admin	192.168.64.7	caching_sha2_password
2026-02-15T18:00:45.710708+00:00 admin	localhost	caching_sha2_password
2026-02-15T18:00:45.715159+00:00 debian-sys-maint	localhost	caching_sha2_password
2026-02-15T18:00:45.719618+00:00 migrate	%	caching_sha2_password
2026-02-15T18:00:45.724634+00:00 
2026-02-15T18:00:45.727562+00:00 ---- json_columns ----
2026-02-15T18:00:45.731837+00:00 testdb	orders_json	data_json	json
2026-02-15T18:00:45.737986+00:00 
2026-02-15T18:00:45.741950+00:00 ---- compression_encryption ----
2026-02-15T18:00:45.747228+00:00 (no rows)
2026-02-15T18:00:45.749881+00:00 
2026-02-15T18:00:45.753294+00:00 ---- engines_summary ----
2026-02-15T18:00:45.757201+00:00 PERFORMANCE_SCHEMA	111
2026-02-15T18:00:45.760730+00:00 InnoDB	56
2026-02-15T18:00:45.765197+00:00 CSV	2
2026-02-15T18:00:45.769736+00:00 
2026-02-15T18:00:45.774227+00:00 ---- schema_sizes ----
2026-02-15T18:00:45.777509+00:00 testdb	38.56
2026-02-15T18:00:45.781942+00:00 sakila	6.45
2026-02-15T18:00:45.786682+00:00 mysql	2.70
2026-02-15T18:00:45.793123+00:00 world	0.77
2026-02-15T18:00:45.796692+00:00 sys	0.02
2026-02-15T18:00:45.800747+00:00 information_schema	0.00
2026-02-15T18:00:45.806327+00:00 performance_schema	0.00
2026-02-15T18:00:45.809769+00:00 
2026-02-15T18:00:45.814968+00:00 ---- schema_charsets ----
2026-02-15T18:00:45.817561+00:00 sakila	utf8mb4	utf8mb4_0900_ai_ci
2026-02-15T18:00:45.823712+00:00 testdb	utf8mb4	utf8mb4_0900_ai_ci
2026-02-15T18:00:45.827800+00:00 world	utf8mb4	utf8mb4_0900_ai_ci
2026-02-15T18:00:45.830928+00:00 
2026-02-15T18:00:45.835380+00:00 ---- mysql8_collations ----
2026-02-15T18:00:45.840047+00:00 sakila	actor	utf8mb4_0900_ai_ci
2026-02-15T18:00:45.844619+00:00 sakila	address	utf8mb4_0900_ai_ci
2026-02-15T18:00:45.848125+00:00 sakila	category	utf8mb4_0900_ai_ci
2026-02-15T18:00:45.853992+00:00 sakila	city	utf8mb4_0900_ai_ci
2026-02-15T18:00:45.857694+00:00 sakila	country	utf8mb4_0900_ai_ci
2026-02-15T18:00:45.862058+00:00 sakila	customer	utf8mb4_0900_ai_ci
2026-02-15T18:00:45.866469+00:00 sakila	film	utf8mb4_0900_ai_ci
2026-02-15T18:00:45.871084+00:00 sakila	film_actor	utf8mb4_0900_ai_ci
2026-02-15T18:00:45.875797+00:00 sakila	film_category	utf8mb4_0900_ai_ci
2026-02-15T18:00:45.880797+00:00 sakila	film_text	utf8mb4_0900_ai_ci
2026-02-15T18:00:45.885332+00:00 sakila	inventory	utf8mb4_0900_ai_ci
2026-02-15T18:00:45.891360+00:00 sakila	language	utf8mb4_0900_ai_ci
2026-02-15T18:00:45.896066+00:00 sakila	payment	utf8mb4_0900_ai_ci
2026-02-15T18:00:45.901066+00:00 sakila	rental	utf8mb4_0900_ai_ci
2026-02-15T18:00:45.905690+00:00 sakila	staff	utf8mb4_0900_ai_ci
2026-02-15T18:00:45.910252+00:00 sakila	store	utf8mb4_0900_ai_ci
2026-02-15T18:00:45.914803+00:00 testdb	orders_json	utf8mb4_0900_ai_ci
2026-02-15T18:00:45.921632+00:00 world	city	utf8mb4_0900_ai_ci
2026-02-15T18:00:45.926291+00:00 world	country	utf8mb4_0900_ai_ci
2026-02-15T18:00:45.933049+00:00 world	countrylanguage	utf8mb4_0900_ai_ci
2026-02-15T18:00:45.937263+00:00 
2026-02-15T18:00:45.942081+00:00 ---- mysql8_column_collations ----
2026-02-15T18:00:45.944798+00:00 sakila	actor	first_name	utf8mb4_0900_ai_ci
2026-02-15T18:00:45.948529+00:00 sakila	actor	last_name	utf8mb4_0900_ai_ci
2026-02-15T18:00:45.953526+00:00 sakila	actor_info	film_info	utf8mb4_0900_ai_ci
2026-02-15T18:00:45.957647+00:00 sakila	actor_info	first_name	utf8mb4_0900_ai_ci
2026-02-15T18:00:45.961800+00:00 sakila	actor_info	last_name	utf8mb4_0900_ai_ci
2026-02-15T18:00:45.965786+00:00 sakila	address	address	utf8mb4_0900_ai_ci
2026-02-15T18:00:45.969661+00:00 sakila	address	address2	utf8mb4_0900_ai_ci
2026-02-15T18:00:45.974557+00:00 sakila	address	district	utf8mb4_0900_ai_ci
2026-02-15T18:00:45.979384+00:00 sakila	address	phone	utf8mb4_0900_ai_ci
2026-02-15T18:00:45.984204+00:00 sakila	address	postal_code	utf8mb4_0900_ai_ci
2026-02-15T18:00:45.989100+00:00 sakila	category	name	utf8mb4_0900_ai_ci
2026-02-15T18:00:45.993095+00:00 sakila	city	city	utf8mb4_0900_ai_ci
2026-02-15T18:00:45.997318+00:00 sakila	country	country	utf8mb4_0900_ai_ci
2026-02-15T18:00:46.006704+00:00 sakila	customer	email	utf8mb4_0900_ai_ci
2026-02-15T18:00:46.010163+00:00 sakila	customer	first_name	utf8mb4_0900_ai_ci
2026-02-15T18:00:46.016150+00:00 sakila	customer	last_name	utf8mb4_0900_ai_ci
2026-02-15T18:00:46.018664+00:00 sakila	customer_list	address	utf8mb4_0900_ai_ci
2026-02-15T18:00:46.022182+00:00 sakila	customer_list	city	utf8mb4_0900_ai_ci
2026-02-15T18:00:46.026184+00:00 sakila	customer_list	country	utf8mb4_0900_ai_ci
2026-02-15T18:00:46.031806+00:00 sakila	customer_list	name	utf8mb4_0900_ai_ci
2026-02-15T18:00:46.035952+00:00 sakila	customer_list	notes	utf8mb4_0900_ai_ci
2026-02-15T18:00:46.039729+00:00 sakila	customer_list	phone	utf8mb4_0900_ai_ci
2026-02-15T18:00:46.045752+00:00 sakila	customer_list	zip code	utf8mb4_0900_ai_ci
2026-02-15T18:00:46.051102+00:00 sakila	film	description	utf8mb4_0900_ai_ci
2026-02-15T18:00:46.055093+00:00 sakila	film	rating	utf8mb4_0900_ai_ci
2026-02-15T18:00:46.060054+00:00 sakila	film	special_features	utf8mb4_0900_ai_ci
2026-02-15T18:00:46.063792+00:00 sakila	film	title	utf8mb4_0900_ai_ci
2026-02-15T18:00:46.068874+00:00 sakila	film_list	actors	utf8mb4_0900_ai_ci
2026-02-15T18:00:46.073924+00:00 sakila	film_list	category	utf8mb4_0900_ai_ci
2026-02-15T18:00:46.078477+00:00 sakila	film_list	description	utf8mb4_0900_ai_ci
2026-02-15T18:00:46.085579+00:00 sakila	film_list	rating	utf8mb4_0900_ai_ci
2026-02-15T18:00:46.089360+00:00 sakila	film_list	title	utf8mb4_0900_ai_ci
2026-02-15T18:00:46.094270+00:00 sakila	film_text	description	utf8mb4_0900_ai_ci
2026-02-15T18:00:46.101300+00:00 sakila	film_text	title	utf8mb4_0900_ai_ci
2026-02-15T18:00:46.106618+00:00 sakila	language	name	utf8mb4_0900_ai_ci
2026-02-15T18:00:46.111874+00:00 sakila	nicer_but_slower_film_list	actors	utf8mb4_0900_ai_ci
2026-02-15T18:00:46.115514+00:00 sakila	nicer_but_slower_film_list	category	utf8mb4_0900_ai_ci
2026-02-15T18:00:46.119080+00:00 sakila	nicer_but_slower_film_list	description	utf8mb4_0900_ai_ci
2026-02-15T18:00:46.123965+00:00 sakila	nicer_but_slower_film_list	rating	utf8mb4_0900_ai_ci
2026-02-15T18:00:46.128635+00:00 sakila	nicer_but_slower_film_list	title	utf8mb4_0900_ai_ci
2026-02-15T18:00:46.139405+00:00 sakila	sales_by_film_category	category	utf8mb4_0900_ai_ci
2026-02-15T18:00:46.144495+00:00 sakila	sales_by_store	manager	utf8mb4_0900_ai_ci
2026-02-15T18:00:46.151956+00:00 sakila	sales_by_store	store	utf8mb4_0900_ai_ci
2026-02-15T18:00:46.155852+00:00 sakila	staff	email	utf8mb4_0900_ai_ci
2026-02-15T18:00:46.161052+00:00 sakila	staff	first_name	utf8mb4_0900_ai_ci
2026-02-15T18:00:46.166144+00:00 sakila	staff	last_name	utf8mb4_0900_ai_ci
2026-02-15T18:00:46.171777+00:00 sakila	staff	username	utf8mb4_0900_ai_ci
2026-02-15T18:00:46.174661+00:00 sakila	staff_list	address	utf8mb4_0900_ai_ci
2026-02-15T18:00:46.180717+00:00 sakila	staff_list	city	utf8mb4_0900_ai_ci
2026-02-15T18:00:46.186659+00:00 sakila	staff_list	country	utf8mb4_0900_ai_ci
2026-02-15T18:00:46.189443+00:00 ... (truncated; full output in artifacts/assess_20260215_180035/precheck/mysql8_column_collations.tsv)
2026-02-15T18:00:46.197461+00:00 
2026-02-15T18:00:46.202897+00:00 ---- sql_mode ----
2026-02-15T18:00:46.207309+00:00 ONLY_FULL_GROUP_BY,STRICT_TRANS_TABLES,NO_ZERO_IN_DATE,NO_ZERO_DATE,ERROR_FOR_DIVISION_BY_ZERO,NO_ENGINE_SUBSTITUTION
2026-02-15T18:00:46.212160+00:00 
2026-02-15T18:00:46.216867+00:00 ---- definers_inventory ----
2026-02-15T18:00:46.221426+00:00 TRIGGER	root@localhost	6
2026-02-15T18:00:46.225638+00:00 VIEW	root@localhost	7
2026-02-15T18:00:46.230463+00:00 
2026-02-15T18:00:46.235458+00:00 ---- partitioned_tables ----
2026-02-15T18:00:46.240248+00:00 (no rows)
2026-02-15T18:00:46.245219+00:00 
2026-02-15T18:00:46.249056+00:00 ---- active_plugins ----
2026-02-15T18:00:46.253266+00:00 ARCHIVE	ACTIVE
2026-02-15T18:00:46.258226+00:00 auth_socket	ACTIVE
2026-02-15T18:00:46.263189+00:00 binlog	ACTIVE
2026-02-15T18:00:46.271545+00:00 BLACKHOLE	ACTIVE
2026-02-15T18:00:46.277351+00:00 caching_sha2_password	ACTIVE
2026-02-15T18:00:46.283667+00:00 CSV	ACTIVE
2026-02-15T18:00:46.287806+00:00 daemon_keyring_proxy_plugin	ACTIVE
2026-02-15T18:00:46.296928+00:00 InnoDB	ACTIVE
2026-02-15T18:00:46.305107+00:00 INNODB_BUFFER_PAGE	ACTIVE
2026-02-15T18:00:46.311377+00:00 INNODB_BUFFER_PAGE_LRU	ACTIVE
2026-02-15T18:00:46.316687+00:00 INNODB_BUFFER_POOL_STATS	ACTIVE
2026-02-15T18:00:46.322098+00:00 INNODB_CACHED_INDEXES	ACTIVE
2026-02-15T18:00:46.328787+00:00 INNODB_CMP	ACTIVE
2026-02-15T18:00:46.331988+00:00 INNODB_CMPMEM	ACTIVE
2026-02-15T18:00:46.337209+00:00 INNODB_CMPMEM_RESET	ACTIVE
2026-02-15T18:00:46.342965+00:00 INNODB_CMP_PER_INDEX	ACTIVE
2026-02-15T18:00:46.348359+00:00 INNODB_CMP_PER_INDEX_RESET	ACTIVE
2026-02-15T18:00:46.354827+00:00 INNODB_CMP_RESET	ACTIVE
2026-02-15T18:00:46.360390+00:00 INNODB_COLUMNS	ACTIVE
2026-02-15T18:00:46.365213+00:00 INNODB_FT_BEING_DELETED	ACTIVE
2026-02-15T18:00:46.370737+00:00 INNODB_FT_CONFIG	ACTIVE
2026-02-15T18:00:46.377467+00:00 INNODB_FT_DEFAULT_STOPWORD	ACTIVE
2026-02-15T18:00:46.383997+00:00 INNODB_FT_DELETED	ACTIVE
2026-02-15T18:00:46.390135+00:00 INNODB_FT_INDEX_CACHE	ACTIVE
2026-02-15T18:00:46.396449+00:00 INNODB_FT_INDEX_TABLE	ACTIVE
2026-02-15T18:00:46.406032+00:00 INNODB_INDEXES	ACTIVE
2026-02-15T18:00:46.410609+00:00 INNODB_METRICS	ACTIVE
2026-02-15T18:00:46.416523+00:00 INNODB_SESSION_TEMP_TABLESPACES	ACTIVE
2026-02-15T18:00:46.419740+00:00 INNODB_TABLES	ACTIVE
2026-02-15T18:00:46.424166+00:00 INNODB_TABLESPACES	ACTIVE
2026-02-15T18:00:46.428909+00:00 INNODB_TABLESTATS	ACTIVE
2026-02-15T18:00:46.435016+00:00 INNODB_TEMP_TABLE_INFO	ACTIVE
2026-02-15T18:00:46.442397+00:00 INNODB_TRX	ACTIVE
2026-02-15T18:00:46.445760+00:00 INNODB_VIRTUAL	ACTIVE
2026-02-15T18:00:46.451961+00:00 MEMORY	ACTIVE
2026-02-15T18:00:46.458151+00:00 MRG_MYISAM	ACTIVE
2026-02-15T18:00:46.463493+00:00 MyISAM	ACTIVE
2026-02-15T18:00:46.468620+00:00 mysqlx	ACTIVE
2026-02-15T18:00:46.475094+00:00 mysqlx_cache_cleaner	ACTIVE
2026-02-15T18:00:46.481936+00:00 mysql_native_password	ACTIVE
2026-02-15T18:00:46.488214+00:00 ngram	ACTIVE
2026-02-15T18:00:46.494920+00:00 PERFORMANCE_SCHEMA	ACTIVE
2026-02-15T18:00:46.501877+00:00 sha256_password	ACTIVE
2026-02-15T18:00:46.510465+00:00 sha2_cache_cleaner	ACTIVE
2026-02-15T18:00:46.516152+00:00 TempTable	ACTIVE
2026-02-15T18:00:46.520960+00:00 
2026-02-15T18:00:46.526630+00:00 ---- functional_indexes ----
2026-02-15T18:00:46.532049+00:00 (no rows)
2026-02-15T18:00:46.537120+00:00 
2026-02-15T18:00:46.543054+00:00 ---- functional_defaults ----
2026-02-15T18:00:46.551318+00:00 (no rows)
2026-02-15T18:00:46.554682+00:00 
2026-02-15T18:00:46.559933+00:00 ---- invisible_columns ----
2026-02-15T18:00:46.566107+00:00 (no rows)
2026-02-15T18:00:46.574406+00:00 
2026-02-15T18:00:46.577829+00:00 ---- check_constraints ----
2026-02-15T18:00:46.584598+00:00 (no rows)
2026-02-15T18:00:46.592283+00:00 
2026-02-15T18:00:46.600867+00:00 ---- partial_revokes ----
2026-02-15T18:00:46.610715+00:00 (no rows)
2026-02-15T18:00:46.614558+00:00 
2026-02-15T18:00:46.619843+00:00 ---- gis_srid_usage ----
2026-02-15T18:00:46.627861+00:00 sakila	address	location	0
2026-02-15T18:00:46.632825+00:00 
2026-02-15T18:00:46.638111+00:00 ---- resource_groups ----
2026-02-15T18:00:46.643476+00:00 (no rows)
2026-02-15T18:00:46.650868+00:00 
2026-02-15T18:00:46.655120+00:00 ---- xplugin_status ----
2026-02-15T18:00:46.659593+00:00 mysqlx	ACTIVE
2026-02-15T18:00:46.664277+00:00 
2026-02-15T18:00:46.669828+00:00 ---- fk_name_lengths ----
2026-02-15T18:00:46.674415+00:00 (no rows)
2026-02-15T18:00:46.680194+00:00 
2026-02-15T18:00:46.684350+00:00 ---- trigger_order ----
2026-02-15T18:00:46.688313+00:00 (no rows)
2026-02-15T18:00:46.692615+00:00 
2026-02-15T18:00:46.695270+00:00 Precheck complete.
2026-02-15T18:00:46.700451+00:00 TSV outputs: artifacts/assess_20260215_180035/precheck/*.tsv
2026-02-15T18:00:47.312611+00:00 FINISH success=True message=Assessment passed. Ready to plan/run.
