2026-02-14T18:50:47.947436+00:00 START mode=run config=config/migration.yaml
2026-02-14T18:50:47.959682+00:00 RUN  preflight_one_step (Preflight checks (one_step)) -> scripts/00_preflight_one_step.sh
2026-02-14T18:50:47.965279+00:00 CMD /mnt/macshare/scripts/00_preflight_one_step.sh
2026-02-14T18:50:47.971718+00:00 OUT ==> Preflight checks (one_step)
2026-02-14T18:50:47.973891+00:00 OUT mariadb-dump not found; mysqldump is available (OK).
2026-02-14T18:50:47.975900+00:00 OUT Checking source connectivity...
2026-02-14T18:50:47.988550+00:00 OUT Checking source migration user readiness...
2026-02-14T18:50:48.004482+00:00 OUT Checking source database(s) exist...
2026-02-14T18:50:48.021359+00:00 OUT Checking target SSH connectivity...
2026-02-14T18:50:48.249930+00:00 OUT Checking target mariadb client...
2026-02-14T18:50:48.455667+00:00 OUT Checking target TCP connectivity...
2026-02-14T18:50:48.677345+00:00 OUT Checking target migration user readiness...
2026-02-14T18:50:49.117636+00:00 OUT WARNING: option --ssl-verify-server-cert is disabled, because of an insecure passwordless login.
2026-02-14T18:50:49.126382+00:00 OUT pv not found (optional).
2026-02-14T18:50:49.129203+00:00 OUT Preflight complete.
2026-02-14T18:50:49.137410+00:00 RUN  create_migration_user (Create migration user on source and target) -> scripts/09_create_migration_user.sh
2026-02-14T18:50:49.140051+00:00 CMD /mnt/macshare/scripts/09_create_migration_user.sh
2026-02-14T18:50:49.145909+00:00 OUT ==> Create migration user on source and target
2026-02-14T18:50:49.155721+00:00 OUT Creating migration user on source: 192.168.64.7:3306
2026-02-14T18:50:49.165983+00:00 OUT ERROR 1045 (28000) at line 2: Access denied for user 'admin'@'localhost' (using password: YES)
2026-02-14T18:50:49.169323+00:00 OUT ERROR 1045 (28000): Access denied for user 'admin'@'localhost' (using password: NO)
2026-02-14T18:50:49.196196+00:00 OUT Creating migration user on target: 192.168.64.3:3306
2026-02-14T18:50:49.917947+00:00 OUT ERROR 1045 (28000): Access denied for user 'admin'@'localhost' (using password: NO)
2026-02-14T18:50:49.929224+00:00 FINISH success=False message=Run failed at step: create_migration_user
