2026-02-25T07:01:14.517836+00:00 START mode=assessment config=config/source.yaml
2026-02-25T07:01:14.933294+00:00 Assessment source auth selected: SRC_ADMIN_USER (admin)
2026-02-25T07:01:14.940968+00:00 RUN precheck -> /mnt/macshare/scripts/00_precheck.sh
2026-02-25T07:01:23.402350+00:00 == Precheck runner ==
2026-02-25T07:01:23.406582+00:00 Host: 192.168.64.7  Port: 3306  User: admin
2026-02-25T07:01:23.410134+00:00 Checks dir: /mnt/macshare/sql/checks
2026-02-25T07:01:23.414647+00:00 Outdir: artifacts/assess_20260225_070112/precheck
2026-02-25T07:01:23.419401+00:00 
2026-02-25T07:01:23.424575+00:00 NOTE: mariadb-migrate-config-file not found; skipping config check.
2026-02-25T07:01:23.429539+00:00 ---- mysql_version ----
2026-02-25T07:01:23.432634+00:00 8.0.45-0ubuntu0.24.04.1
2026-02-25T07:01:23.437083+00:00 
2026-02-25T07:01:23.441229+00:00 ---- innodb_settings ----
2026-02-25T07:01:23.445190+00:00 1	1
2026-02-25T07:01:23.449125+00:00 
2026-02-25T07:01:23.454277+00:00 ---- auth_plugins ----
2026-02-25T07:01:23.460863+00:00 admin	%	caching_sha2_password
2026-02-25T07:01:23.465770+00:00 admin	192.168.64.3	caching_sha2_password
2026-02-25T07:01:23.470833+00:00 admin	192.168.64.7	caching_sha2_password
2026-02-25T07:01:23.475635+00:00 admin	localhost	caching_sha2_password
2026-02-25T07:01:23.480449+00:00 debian-sys-maint	localhost	caching_sha2_password
2026-02-25T07:01:23.485265+00:00 migrate	%	caching_sha2_password
2026-02-25T07:01:23.490307+00:00 
2026-02-25T07:01:23.494336+00:00 ---- json_columns ----
2026-02-25T07:01:23.498838+00:00 testdb	orders_json	data_json	json
2026-02-25T07:01:23.503344+00:00 
2026-02-25T07:01:23.507899+00:00 ---- compression_encryption ----
2026-02-25T07:01:23.513057+00:00 (no rows)
2026-02-25T07:01:23.518176+00:00 
2026-02-25T07:01:23.523451+00:00 ---- engines_summary ----
2026-02-25T07:01:23.528699+00:00 PERFORMANCE_SCHEMA	111
2026-02-25T07:01:23.532792+00:00 InnoDB	56
2026-02-25T07:01:23.537657+00:00 CSV	2
2026-02-25T07:01:23.541766+00:00 
2026-02-25T07:01:23.544228+00:00 ---- schema_sizes ----
2026-02-25T07:01:23.552043+00:00 testdb	38.56
2026-02-25T07:01:23.556646+00:00 sakila	6.45
2026-02-25T07:01:23.561306+00:00 mysql	2.70
2026-02-25T07:01:23.566135+00:00 world	0.77
2026-02-25T07:01:23.570709+00:00 sys	0.02
2026-02-25T07:01:23.575151+00:00 information_schema	0.00
2026-02-25T07:01:23.579799+00:00 performance_schema	0.00
2026-02-25T07:01:23.584207+00:00 
2026-02-25T07:01:23.589940+00:00 ---- schema_charsets ----
2026-02-25T07:01:23.601760+00:00 sakila	utf8mb4	utf8mb4_0900_ai_ci
2026-02-25T07:01:23.607592+00:00 testdb	utf8mb4	utf8mb4_0900_ai_ci
2026-02-25T07:01:23.613678+00:00 world	utf8mb4	utf8mb4_0900_ai_ci
2026-02-25T07:01:23.619302+00:00 
2026-02-25T07:01:23.625239+00:00 ---- mysql8_collations ----
2026-02-25T07:01:23.630286+00:00 sakila	actor	utf8mb4_0900_ai_ci
2026-02-25T07:01:23.635260+00:00 sakila	address	utf8mb4_0900_ai_ci
2026-02-25T07:01:23.640259+00:00 sakila	category	utf8mb4_0900_ai_ci
2026-02-25T07:01:23.645202+00:00 sakila	city	utf8mb4_0900_ai_ci
2026-02-25T07:01:23.650163+00:00 sakila	country	utf8mb4_0900_ai_ci
2026-02-25T07:01:23.655317+00:00 sakila	customer	utf8mb4_0900_ai_ci
2026-02-25T07:01:23.660322+00:00 sakila	film	utf8mb4_0900_ai_ci
2026-02-25T07:01:23.665477+00:00 sakila	film_actor	utf8mb4_0900_ai_ci
2026-02-25T07:01:23.670596+00:00 sakila	film_category	utf8mb4_0900_ai_ci
2026-02-25T07:01:23.675614+00:00 sakila	film_text	utf8mb4_0900_ai_ci
2026-02-25T07:01:23.681315+00:00 sakila	inventory	utf8mb4_0900_ai_ci
2026-02-25T07:01:23.686276+00:00 sakila	language	utf8mb4_0900_ai_ci
2026-02-25T07:01:23.691350+00:00 sakila	payment	utf8mb4_0900_ai_ci
2026-02-25T07:01:23.696644+00:00 sakila	rental	utf8mb4_0900_ai_ci
2026-02-25T07:01:23.701938+00:00 sakila	staff	utf8mb4_0900_ai_ci
2026-02-25T07:01:23.707143+00:00 sakila	store	utf8mb4_0900_ai_ci
2026-02-25T07:01:23.712428+00:00 testdb	orders_json	utf8mb4_0900_ai_ci
2026-02-25T07:01:23.717530+00:00 world	city	utf8mb4_0900_ai_ci
2026-02-25T07:01:23.722803+00:00 world	country	utf8mb4_0900_ai_ci
2026-02-25T07:01:23.727844+00:00 world	countrylanguage	utf8mb4_0900_ai_ci
2026-02-25T07:01:23.734134+00:00 
2026-02-25T07:01:23.738423+00:00 ---- mysql8_column_collations ----
2026-02-25T07:01:23.742022+00:00 sakila	actor	first_name	utf8mb4_0900_ai_ci
2026-02-25T07:01:23.746691+00:00 sakila	actor	last_name	utf8mb4_0900_ai_ci
2026-02-25T07:01:23.751688+00:00 sakila	actor_info	film_info	utf8mb4_0900_ai_ci
2026-02-25T07:01:23.761761+00:00 sakila	actor_info	first_name	utf8mb4_0900_ai_ci
2026-02-25T07:01:23.769411+00:00 sakila	actor_info	last_name	utf8mb4_0900_ai_ci
2026-02-25T07:01:23.773725+00:00 sakila	address	address	utf8mb4_0900_ai_ci
2026-02-25T07:01:23.778145+00:00 sakila	address	address2	utf8mb4_0900_ai_ci
2026-02-25T07:01:23.783941+00:00 sakila	address	district	utf8mb4_0900_ai_ci
2026-02-25T07:01:23.789178+00:00 sakila	address	phone	utf8mb4_0900_ai_ci
2026-02-25T07:01:23.792949+00:00 sakila	address	postal_code	utf8mb4_0900_ai_ci
2026-02-25T07:01:23.797157+00:00 sakila	category	name	utf8mb4_0900_ai_ci
2026-02-25T07:01:23.800976+00:00 sakila	city	city	utf8mb4_0900_ai_ci
2026-02-25T07:01:23.806448+00:00 sakila	country	country	utf8mb4_0900_ai_ci
2026-02-25T07:01:23.813025+00:00 sakila	customer	email	utf8mb4_0900_ai_ci
2026-02-25T07:01:23.818449+00:00 sakila	customer	first_name	utf8mb4_0900_ai_ci
2026-02-25T07:01:23.823912+00:00 sakila	customer	last_name	utf8mb4_0900_ai_ci
2026-02-25T07:01:23.829394+00:00 sakila	customer_list	address	utf8mb4_0900_ai_ci
2026-02-25T07:01:23.834774+00:00 sakila	customer_list	city	utf8mb4_0900_ai_ci
2026-02-25T07:01:23.839084+00:00 sakila	customer_list	country	utf8mb4_0900_ai_ci
2026-02-25T07:01:23.844605+00:00 sakila	customer_list	name	utf8mb4_0900_ai_ci
2026-02-25T07:01:23.848860+00:00 sakila	customer_list	notes	utf8mb4_0900_ai_ci
2026-02-25T07:01:23.854393+00:00 sakila	customer_list	phone	utf8mb4_0900_ai_ci
2026-02-25T07:01:23.858519+00:00 sakila	customer_list	zip code	utf8mb4_0900_ai_ci
2026-02-25T07:01:23.864284+00:00 sakila	film	description	utf8mb4_0900_ai_ci
2026-02-25T07:01:23.869966+00:00 sakila	film	rating	utf8mb4_0900_ai_ci
2026-02-25T07:01:23.875803+00:00 sakila	film	special_features	utf8mb4_0900_ai_ci
2026-02-25T07:01:23.881350+00:00 sakila	film	title	utf8mb4_0900_ai_ci
2026-02-25T07:01:23.886607+00:00 sakila	film_list	actors	utf8mb4_0900_ai_ci
2026-02-25T07:01:23.892493+00:00 sakila	film_list	category	utf8mb4_0900_ai_ci
2026-02-25T07:01:23.897914+00:00 sakila	film_list	description	utf8mb4_0900_ai_ci
2026-02-25T07:01:23.902848+00:00 sakila	film_list	rating	utf8mb4_0900_ai_ci
2026-02-25T07:01:23.907606+00:00 sakila	film_list	title	utf8mb4_0900_ai_ci
2026-02-25T07:01:23.913410+00:00 sakila	film_text	description	utf8mb4_0900_ai_ci
2026-02-25T07:01:23.919154+00:00 sakila	film_text	title	utf8mb4_0900_ai_ci
2026-02-25T07:01:23.926712+00:00 sakila	language	name	utf8mb4_0900_ai_ci
2026-02-25T07:01:23.935077+00:00 sakila	nicer_but_slower_film_list	actors	utf8mb4_0900_ai_ci
2026-02-25T07:01:23.940896+00:00 sakila	nicer_but_slower_film_list	category	utf8mb4_0900_ai_ci
2026-02-25T07:01:23.947444+00:00 sakila	nicer_but_slower_film_list	description	utf8mb4_0900_ai_ci
2026-02-25T07:01:23.951009+00:00 sakila	nicer_but_slower_film_list	rating	utf8mb4_0900_ai_ci
2026-02-25T07:01:23.955791+00:00 sakila	nicer_but_slower_film_list	title	utf8mb4_0900_ai_ci
2026-02-25T07:01:23.962009+00:00 sakila	sales_by_film_category	category	utf8mb4_0900_ai_ci
2026-02-25T07:01:23.972419+00:00 sakila	sales_by_store	manager	utf8mb4_0900_ai_ci
2026-02-25T07:01:23.977956+00:00 sakila	sales_by_store	store	utf8mb4_0900_ai_ci
2026-02-25T07:01:23.982482+00:00 sakila	staff	email	utf8mb4_0900_ai_ci
2026-02-25T07:01:23.987032+00:00 sakila	staff	first_name	utf8mb4_0900_ai_ci
2026-02-25T07:01:23.991472+00:00 sakila	staff	last_name	utf8mb4_0900_ai_ci
2026-02-25T07:01:23.996386+00:00 sakila	staff	username	utf8mb4_0900_ai_ci
2026-02-25T07:01:24.001701+00:00 sakila	staff_list	address	utf8mb4_0900_ai_ci
2026-02-25T07:01:24.007073+00:00 sakila	staff_list	city	utf8mb4_0900_ai_ci
2026-02-25T07:01:24.011399+00:00 sakila	staff_list	country	utf8mb4_0900_ai_ci
2026-02-25T07:01:24.016652+00:00 ... (truncated; full output in artifacts/assess_20260225_070112/precheck/mysql8_column_collations.tsv)
2026-02-25T07:01:24.025576+00:00 
2026-02-25T07:01:24.029823+00:00 ---- sql_mode ----
2026-02-25T07:01:24.033635+00:00 ONLY_FULL_GROUP_BY,STRICT_TRANS_TABLES,NO_ZERO_IN_DATE,NO_ZERO_DATE,ERROR_FOR_DIVISION_BY_ZERO,NO_ENGINE_SUBSTITUTION
2026-02-25T07:01:24.037534+00:00 
2026-02-25T07:01:24.040992+00:00 ---- definers_inventory ----
2026-02-25T07:01:24.046607+00:00 TRIGGER	root@localhost	6
2026-02-25T07:01:24.052556+00:00 VIEW	root@localhost	7
2026-02-25T07:01:24.058953+00:00 
2026-02-25T07:01:24.063039+00:00 ---- partitioned_tables ----
2026-02-25T07:01:24.069724+00:00 (no rows)
2026-02-25T07:01:24.073554+00:00 
2026-02-25T07:01:24.079065+00:00 ---- active_plugins ----
2026-02-25T07:01:24.085734+00:00 ARCHIVE	ACTIVE
2026-02-25T07:01:24.090800+00:00 auth_socket	ACTIVE
2026-02-25T07:01:24.095540+00:00 binlog	ACTIVE
2026-02-25T07:01:24.100464+00:00 BLACKHOLE	ACTIVE
2026-02-25T07:01:24.105879+00:00 caching_sha2_password	ACTIVE
2026-02-25T07:01:24.110057+00:00 CSV	ACTIVE
2026-02-25T07:01:24.115912+00:00 daemon_keyring_proxy_plugin	ACTIVE
2026-02-25T07:01:24.121664+00:00 InnoDB	ACTIVE
2026-02-25T07:01:24.126634+00:00 INNODB_BUFFER_PAGE	ACTIVE
2026-02-25T07:01:24.131670+00:00 INNODB_BUFFER_PAGE_LRU	ACTIVE
2026-02-25T07:01:24.136733+00:00 INNODB_BUFFER_POOL_STATS	ACTIVE
2026-02-25T07:01:24.141575+00:00 INNODB_CACHED_INDEXES	ACTIVE
2026-02-25T07:01:24.146200+00:00 INNODB_CMP	ACTIVE
2026-02-25T07:01:24.150921+00:00 INNODB_CMPMEM	ACTIVE
2026-02-25T07:01:24.154936+00:00 INNODB_CMPMEM_RESET	ACTIVE
2026-02-25T07:01:24.158954+00:00 INNODB_CMP_PER_INDEX	ACTIVE
2026-02-25T07:01:24.164492+00:00 INNODB_CMP_PER_INDEX_RESET	ACTIVE
2026-02-25T07:01:24.173733+00:00 INNODB_CMP_RESET	ACTIVE
2026-02-25T07:01:24.180682+00:00 INNODB_COLUMNS	ACTIVE
2026-02-25T07:01:24.185556+00:00 INNODB_FT_BEING_DELETED	ACTIVE
2026-02-25T07:01:24.189679+00:00 INNODB_FT_CONFIG	ACTIVE
2026-02-25T07:01:24.194718+00:00 INNODB_FT_DEFAULT_STOPWORD	ACTIVE
2026-02-25T07:01:24.201320+00:00 INNODB_FT_DELETED	ACTIVE
2026-02-25T07:01:24.205458+00:00 INNODB_FT_INDEX_CACHE	ACTIVE
2026-02-25T07:01:24.210933+00:00 INNODB_FT_INDEX_TABLE	ACTIVE
2026-02-25T07:01:24.217577+00:00 INNODB_INDEXES	ACTIVE
2026-02-25T07:01:24.221622+00:00 INNODB_METRICS	ACTIVE
2026-02-25T07:01:24.226911+00:00 INNODB_SESSION_TEMP_TABLESPACES	ACTIVE
2026-02-25T07:01:24.232050+00:00 INNODB_TABLES	ACTIVE
2026-02-25T07:01:24.236976+00:00 INNODB_TABLESPACES	ACTIVE
2026-02-25T07:01:24.242274+00:00 INNODB_TABLESTATS	ACTIVE
2026-02-25T07:01:24.246461+00:00 INNODB_TEMP_TABLE_INFO	ACTIVE
2026-02-25T07:01:24.251732+00:00 INNODB_TRX	ACTIVE
2026-02-25T07:01:24.256995+00:00 INNODB_VIRTUAL	ACTIVE
2026-02-25T07:01:24.261105+00:00 MEMORY	ACTIVE
2026-02-25T07:01:24.266678+00:00 MRG_MYISAM	ACTIVE
2026-02-25T07:01:24.272206+00:00 MyISAM	ACTIVE
2026-02-25T07:01:24.278087+00:00 mysqlx	ACTIVE
2026-02-25T07:01:24.283613+00:00 mysqlx_cache_cleaner	ACTIVE
2026-02-25T07:01:24.289474+00:00 mysql_native_password	ACTIVE
2026-02-25T07:01:24.294969+00:00 ngram	ACTIVE
2026-02-25T07:01:24.300624+00:00 PERFORMANCE_SCHEMA	ACTIVE
2026-02-25T07:01:24.306796+00:00 sha256_password	ACTIVE
2026-02-25T07:01:24.311344+00:00 sha2_cache_cleaner	ACTIVE
2026-02-25T07:01:24.317413+00:00 TempTable	ACTIVE
2026-02-25T07:01:24.324528+00:00 
2026-02-25T07:01:24.329580+00:00 ---- functional_indexes ----
2026-02-25T07:01:24.335709+00:00 (no rows)
2026-02-25T07:01:24.340563+00:00 
2026-02-25T07:01:24.345852+00:00 ---- functional_defaults ----
2026-02-25T07:01:24.351695+00:00 (no rows)
2026-02-25T07:01:24.357516+00:00 
2026-02-25T07:01:24.362261+00:00 ---- invisible_columns ----
2026-02-25T07:01:24.366774+00:00 (no rows)
2026-02-25T07:01:24.372945+00:00 
2026-02-25T07:01:24.383178+00:00 ---- check_constraints ----
2026-02-25T07:01:24.388686+00:00 (no rows)
2026-02-25T07:01:24.393298+00:00 
2026-02-25T07:01:24.399086+00:00 ---- partial_revokes ----
2026-02-25T07:01:24.406432+00:00 (no rows)
2026-02-25T07:01:24.412395+00:00 
2026-02-25T07:01:24.417106+00:00 ---- gis_srid_usage ----
2026-02-25T07:01:24.424257+00:00 sakila	address	location	0
2026-02-25T07:01:24.430920+00:00 
2026-02-25T07:01:24.435550+00:00 ---- resource_groups ----
2026-02-25T07:01:24.440395+00:00 (no rows)
2026-02-25T07:01:24.445504+00:00 
2026-02-25T07:01:24.452101+00:00 ---- xplugin_status ----
2026-02-25T07:01:24.456718+00:00 mysqlx	ACTIVE
2026-02-25T07:01:24.461467+00:00 
2026-02-25T07:01:24.467596+00:00 ---- fk_name_lengths ----
2026-02-25T07:01:24.473613+00:00 (no rows)
2026-02-25T07:01:24.478437+00:00 
2026-02-25T07:01:24.484515+00:00 ---- trigger_order ----
2026-02-25T07:01:24.489528+00:00 (no rows)
2026-02-25T07:01:24.495434+00:00 
2026-02-25T07:01:24.501427+00:00 Precheck complete.
2026-02-25T07:01:24.507488+00:00 TSV outputs: artifacts/assess_20260225_070112/precheck/*.tsv
2026-02-25T07:01:25.147827+00:00 FINISH success=True message=Assessment passed. Ready to plan/run.
