2026-02-12T13:33:27.778379+00:00 START mode=assessment config=config/source.yaml
2026-02-12T13:33:27.778594+00:00 RUN precheck -> /Users/balajin/Documents/GitHub/Mysql-to-MariaDB-Migration/scripts/00_precheck.sh
2026-02-12T13:33:28.493614+00:00 == Precheck runner ==
2026-02-12T13:33:28.493769+00:00 Host: 127.0.0.1  Port: 3306  User: root
2026-02-12T13:33:28.493806+00:00 Checks dir: /Users/balajin/Documents/GitHub/Mysql-to-MariaDB-Migration/sql/checks
2026-02-12T13:33:28.493835+00:00 Outdir: artifacts/assess_20260212_190327/precheck
2026-02-12T13:33:28.493861+00:00 
2026-02-12T13:33:28.493884+00:00 NOTE: mariadb-migrate-config-file not found; skipping config check.
2026-02-12T13:33:28.493905+00:00 ---- mysql_version ----
2026-02-12T13:33:28.493927+00:00 8.4.8
2026-02-12T13:33:28.493947+00:00 
2026-02-12T13:33:28.493969+00:00 ---- innodb_settings ----
2026-02-12T13:33:28.493989+00:00 1	1
2026-02-12T13:33:28.494009+00:00 
2026-02-12T13:33:28.494029+00:00 ---- auth_plugins ----
2026-02-12T13:33:28.494049+00:00 migrate	%	caching_sha2_password
2026-02-12T13:33:28.494072+00:00 migrate	192.168.64.2	caching_sha2_password
2026-02-12T13:33:28.494093+00:00 packer	%	caching_sha2_password
2026-02-12T13:33:28.494116+00:00 root	localhost	caching_sha2_password
2026-02-12T13:33:28.494140+00:00 
2026-02-12T13:33:28.494164+00:00 ---- json_columns ----
2026-02-12T13:33:28.494189+00:00 testdb	orders_json	data_json	json
2026-02-12T13:33:28.494214+00:00 
2026-02-12T13:33:28.494250+00:00 ---- compression_encryption ----
2026-02-12T13:33:28.494280+00:00 (no rows)
2026-02-12T13:33:28.494307+00:00 
2026-02-12T13:33:28.494333+00:00 ---- engines_summary ----
2026-02-12T13:33:28.494358+00:00 PERFORMANCE_SCHEMA	113
2026-02-12T13:33:28.494382+00:00 InnoDB	65
2026-02-12T13:33:28.494405+00:00 CSV	2
2026-02-12T13:33:28.494432+00:00 
2026-02-12T13:33:28.494458+00:00 ---- schema_sizes ----
2026-02-12T13:33:28.494481+00:00 testdb	38.56
2026-02-12T13:33:28.494509+00:00 sakila	6.45
2026-02-12T13:33:28.494535+00:00 mysql	2.61
2026-02-12T13:33:28.494561+00:00 world	0.77
2026-02-12T13:33:28.494590+00:00 classicmodels	0.50
2026-02-12T13:33:28.494618+00:00 sys	0.02
2026-02-12T13:33:28.494639+00:00 information_schema	0.00
2026-02-12T13:33:28.494661+00:00 performance_schema	0.00
2026-02-12T13:33:28.494685+00:00 
2026-02-12T13:33:28.494707+00:00 ---- schema_charsets ----
2026-02-12T13:33:28.494730+00:00 classicmodels	latin1	latin1_swedish_ci
2026-02-12T13:33:28.494751+00:00 sakila	utf8mb4	utf8mb4_0900_ai_ci
2026-02-12T13:33:28.494776+00:00 testdb	utf8mb4	utf8mb4_0900_ai_ci
2026-02-12T13:33:28.494799+00:00 world	utf8mb4	utf8mb4_0900_ai_ci
2026-02-12T13:33:28.494818+00:00 
2026-02-12T13:33:28.494839+00:00 ---- mysql8_collations ----
2026-02-12T13:33:28.494860+00:00 sakila	actor	utf8mb4_0900_ai_ci
2026-02-12T13:33:28.494880+00:00 sakila	address	utf8mb4_0900_ai_ci
2026-02-12T13:33:28.494900+00:00 sakila	category	utf8mb4_0900_ai_ci
2026-02-12T13:33:28.494921+00:00 sakila	city	utf8mb4_0900_ai_ci
2026-02-12T13:33:28.494940+00:00 sakila	country	utf8mb4_0900_ai_ci
2026-02-12T13:33:28.494959+00:00 sakila	customer	utf8mb4_0900_ai_ci
2026-02-12T13:33:28.494978+00:00 sakila	film	utf8mb4_0900_ai_ci
2026-02-12T13:33:28.494997+00:00 sakila	film_actor	utf8mb4_0900_ai_ci
2026-02-12T13:33:28.495016+00:00 sakila	film_category	utf8mb4_0900_ai_ci
2026-02-12T13:33:28.495034+00:00 sakila	film_text	utf8mb4_0900_ai_ci
2026-02-12T13:33:28.495055+00:00 sakila	inventory	utf8mb4_0900_ai_ci
2026-02-12T13:33:28.495084+00:00 sakila	language	utf8mb4_0900_ai_ci
2026-02-12T13:33:28.495110+00:00 sakila	payment	utf8mb4_0900_ai_ci
2026-02-12T13:33:28.495134+00:00 sakila	rental	utf8mb4_0900_ai_ci
2026-02-12T13:33:28.495156+00:00 sakila	staff	utf8mb4_0900_ai_ci
2026-02-12T13:33:28.495178+00:00 sakila	store	utf8mb4_0900_ai_ci
2026-02-12T13:33:28.495200+00:00 testdb	orders_json	utf8mb4_0900_ai_ci
2026-02-12T13:33:28.495223+00:00 world	city	utf8mb4_0900_ai_ci
2026-02-12T13:33:28.495246+00:00 world	country	utf8mb4_0900_ai_ci
2026-02-12T13:33:28.495270+00:00 world	countrylanguage	utf8mb4_0900_ai_ci
2026-02-12T13:33:28.495292+00:00 
2026-02-12T13:33:28.495330+00:00 ---- mysql8_column_collations ----
2026-02-12T13:33:28.495353+00:00 sakila	actor	first_name	utf8mb4_0900_ai_ci
2026-02-12T13:33:28.495381+00:00 sakila	actor	last_name	utf8mb4_0900_ai_ci
2026-02-12T13:33:28.495407+00:00 sakila	actor_info	film_info	utf8mb4_0900_ai_ci
2026-02-12T13:33:28.495435+00:00 sakila	actor_info	first_name	utf8mb4_0900_ai_ci
2026-02-12T13:33:28.495460+00:00 sakila	actor_info	last_name	utf8mb4_0900_ai_ci
2026-02-12T13:33:28.495489+00:00 sakila	address	address	utf8mb4_0900_ai_ci
2026-02-12T13:33:28.495514+00:00 sakila	address	address2	utf8mb4_0900_ai_ci
2026-02-12T13:33:28.495541+00:00 sakila	address	district	utf8mb4_0900_ai_ci
2026-02-12T13:33:28.495573+00:00 sakila	address	phone	utf8mb4_0900_ai_ci
2026-02-12T13:33:28.495605+00:00 sakila	address	postal_code	utf8mb4_0900_ai_ci
2026-02-12T13:33:28.495640+00:00 sakila	category	name	utf8mb4_0900_ai_ci
2026-02-12T13:33:28.495671+00:00 sakila	city	city	utf8mb4_0900_ai_ci
2026-02-12T13:33:28.495696+00:00 sakila	country	country	utf8mb4_0900_ai_ci
2026-02-12T13:33:28.495721+00:00 sakila	customer	email	utf8mb4_0900_ai_ci
2026-02-12T13:33:28.495744+00:00 sakila	customer	first_name	utf8mb4_0900_ai_ci
2026-02-12T13:33:28.495766+00:00 sakila	customer	last_name	utf8mb4_0900_ai_ci
2026-02-12T13:33:28.495789+00:00 sakila	customer_list	address	utf8mb4_0900_ai_ci
2026-02-12T13:33:28.495811+00:00 sakila	customer_list	city	utf8mb4_0900_ai_ci
2026-02-12T13:33:28.495833+00:00 sakila	customer_list	country	utf8mb4_0900_ai_ci
2026-02-12T13:33:28.495855+00:00 sakila	customer_list	name	utf8mb4_0900_ai_ci
2026-02-12T13:33:28.495878+00:00 sakila	customer_list	notes	utf8mb4_0900_ai_ci
2026-02-12T13:33:28.495900+00:00 sakila	customer_list	phone	utf8mb4_0900_ai_ci
2026-02-12T13:33:28.495922+00:00 sakila	customer_list	zip code	utf8mb4_0900_ai_ci
2026-02-12T13:33:28.495944+00:00 sakila	film	description	utf8mb4_0900_ai_ci
2026-02-12T13:33:28.495966+00:00 sakila	film	rating	utf8mb4_0900_ai_ci
2026-02-12T13:33:28.495988+00:00 sakila	film	special_features	utf8mb4_0900_ai_ci
2026-02-12T13:33:28.496009+00:00 sakila	film	title	utf8mb4_0900_ai_ci
2026-02-12T13:33:28.496031+00:00 sakila	film_list	actors	utf8mb4_0900_ai_ci
2026-02-12T13:33:28.496056+00:00 sakila	film_list	category	utf8mb4_0900_ai_ci
2026-02-12T13:33:28.496086+00:00 sakila	film_list	description	utf8mb4_0900_ai_ci
2026-02-12T13:33:28.496112+00:00 sakila	film_list	rating	utf8mb4_0900_ai_ci
2026-02-12T13:33:28.496139+00:00 sakila	film_list	title	utf8mb4_0900_ai_ci
2026-02-12T13:33:28.496165+00:00 sakila	film_text	description	utf8mb4_0900_ai_ci
2026-02-12T13:33:28.496194+00:00 sakila	film_text	title	utf8mb4_0900_ai_ci
2026-02-12T13:33:28.496225+00:00 sakila	language	name	utf8mb4_0900_ai_ci
2026-02-12T13:33:28.496250+00:00 sakila	nicer_but_slower_film_list	actors	utf8mb4_0900_ai_ci
2026-02-12T13:33:28.496276+00:00 sakila	nicer_but_slower_film_list	category	utf8mb4_0900_ai_ci
2026-02-12T13:33:28.496304+00:00 sakila	nicer_but_slower_film_list	description	utf8mb4_0900_ai_ci
2026-02-12T13:33:28.496331+00:00 sakila	nicer_but_slower_film_list	rating	utf8mb4_0900_ai_ci
2026-02-12T13:33:28.496358+00:00 sakila	nicer_but_slower_film_list	title	utf8mb4_0900_ai_ci
2026-02-12T13:33:28.496385+00:00 sakila	sales_by_film_category	category	utf8mb4_0900_ai_ci
2026-02-12T13:33:28.496413+00:00 sakila	sales_by_store	manager	utf8mb4_0900_ai_ci
2026-02-12T13:33:28.496439+00:00 sakila	sales_by_store	store	utf8mb4_0900_ai_ci
2026-02-12T13:33:28.496467+00:00 sakila	staff	email	utf8mb4_0900_ai_ci
2026-02-12T13:33:28.496499+00:00 sakila	staff	first_name	utf8mb4_0900_ai_ci
2026-02-12T13:33:28.496527+00:00 sakila	staff	last_name	utf8mb4_0900_ai_ci
2026-02-12T13:33:28.496553+00:00 sakila	staff	username	utf8mb4_0900_ai_ci
2026-02-12T13:33:28.496585+00:00 sakila	staff_list	address	utf8mb4_0900_ai_ci
2026-02-12T13:33:28.496611+00:00 sakila	staff_list	city	utf8mb4_0900_ai_ci
2026-02-12T13:33:28.496632+00:00 sakila	staff_list	country	utf8mb4_0900_ai_ci
2026-02-12T13:33:28.496656+00:00 ... (truncated; full output in artifacts/assess_20260212_190327/precheck/mysql8_column_collations.tsv)
2026-02-12T13:33:28.496690+00:00 
2026-02-12T13:33:28.496717+00:00 ---- sql_mode ----
2026-02-12T13:33:28.496744+00:00 ONLY_FULL_GROUP_BY,STRICT_TRANS_TABLES,NO_ZERO_IN_DATE,NO_ZERO_DATE,ERROR_FOR_DIVISION_BY_ZERO,NO_ENGINE_SUBSTITUTION
2026-02-12T13:33:28.496769+00:00 
2026-02-12T13:33:28.496794+00:00 ---- definers_inventory ----
2026-02-12T13:33:28.496819+00:00 ROUTINE	root@localhost	6
2026-02-12T13:33:28.496844+00:00 TRIGGER	root@localhost	6
2026-02-12T13:33:28.496870+00:00 VIEW	root@localhost	7
2026-02-12T13:33:28.496896+00:00 
2026-02-12T13:33:28.496927+00:00 ---- partitioned_tables ----
2026-02-12T13:33:28.496958+00:00 (no rows)
2026-02-12T13:33:28.496988+00:00 
2026-02-12T13:33:28.497016+00:00 ---- active_plugins ----
2026-02-12T13:33:28.497052+00:00 ARCHIVE	ACTIVE
2026-02-12T13:33:28.497080+00:00 binlog	ACTIVE
2026-02-12T13:33:28.497109+00:00 BLACKHOLE	ACTIVE
2026-02-12T13:33:28.497137+00:00 caching_sha2_password	ACTIVE
2026-02-12T13:33:28.497169+00:00 CSV	ACTIVE
2026-02-12T13:33:28.497198+00:00 daemon_keyring_proxy_plugin	ACTIVE
2026-02-12T13:33:28.497229+00:00 InnoDB	ACTIVE
2026-02-12T13:33:28.497255+00:00 INNODB_BUFFER_PAGE	ACTIVE
2026-02-12T13:33:28.497289+00:00 INNODB_BUFFER_PAGE_LRU	ACTIVE
2026-02-12T13:33:28.497329+00:00 INNODB_BUFFER_POOL_STATS	ACTIVE
2026-02-12T13:33:28.497365+00:00 INNODB_CACHED_INDEXES	ACTIVE
2026-02-12T13:33:28.497397+00:00 INNODB_CMP	ACTIVE
2026-02-12T13:33:28.497430+00:00 INNODB_CMPMEM	ACTIVE
2026-02-12T13:33:28.497465+00:00 INNODB_CMPMEM_RESET	ACTIVE
2026-02-12T13:33:28.497500+00:00 INNODB_CMP_PER_INDEX	ACTIVE
2026-02-12T13:33:28.497542+00:00 INNODB_CMP_PER_INDEX_RESET	ACTIVE
2026-02-12T13:33:28.497581+00:00 INNODB_CMP_RESET	ACTIVE
2026-02-12T13:33:28.497618+00:00 INNODB_COLUMNS	ACTIVE
2026-02-12T13:33:28.497671+00:00 INNODB_FT_BEING_DELETED	ACTIVE
2026-02-12T13:33:28.497735+00:00 INNODB_FT_CONFIG	ACTIVE
2026-02-12T13:33:28.497769+00:00 INNODB_FT_DEFAULT_STOPWORD	ACTIVE
2026-02-12T13:33:28.497804+00:00 INNODB_FT_DELETED	ACTIVE
2026-02-12T13:33:28.497834+00:00 INNODB_FT_INDEX_CACHE	ACTIVE
2026-02-12T13:33:28.497861+00:00 INNODB_FT_INDEX_TABLE	ACTIVE
2026-02-12T13:33:28.497890+00:00 INNODB_INDEXES	ACTIVE
2026-02-12T13:33:28.497917+00:00 INNODB_METRICS	ACTIVE
2026-02-12T13:33:28.497945+00:00 INNODB_SESSION_TEMP_TABLESPACES	ACTIVE
2026-02-12T13:33:28.497982+00:00 INNODB_TABLES	ACTIVE
2026-02-12T13:33:28.498012+00:00 INNODB_TABLESPACES	ACTIVE
2026-02-12T13:33:28.498040+00:00 INNODB_TABLESTATS	ACTIVE
2026-02-12T13:33:28.498067+00:00 INNODB_TEMP_TABLE_INFO	ACTIVE
2026-02-12T13:33:28.498092+00:00 INNODB_TRX	ACTIVE
2026-02-12T13:33:28.498118+00:00 INNODB_VIRTUAL	ACTIVE
2026-02-12T13:33:28.498143+00:00 MEMORY	ACTIVE
2026-02-12T13:33:28.498167+00:00 MRG_MYISAM	ACTIVE
2026-02-12T13:33:28.498199+00:00 MyISAM	ACTIVE
2026-02-12T13:33:28.498233+00:00 mysqlx	ACTIVE
2026-02-12T13:33:28.498262+00:00 mysqlx_cache_cleaner	ACTIVE
2026-02-12T13:33:28.498293+00:00 ngram	ACTIVE
2026-02-12T13:33:28.498325+00:00 PERFORMANCE_SCHEMA	ACTIVE
2026-02-12T13:33:28.498369+00:00 sha256_password	ACTIVE
2026-02-12T13:33:28.498401+00:00 sha2_cache_cleaner	ACTIVE
2026-02-12T13:33:28.498425+00:00 TempTable	ACTIVE
2026-02-12T13:33:28.498450+00:00 
2026-02-12T13:33:28.498474+00:00 ---- functional_indexes ----
2026-02-12T13:33:28.498499+00:00 (no rows)
2026-02-12T13:33:28.498531+00:00 
2026-02-12T13:33:28.498561+00:00 ---- functional_defaults ----
2026-02-12T13:33:28.498590+00:00 (no rows)
2026-02-12T13:33:28.498622+00:00 
2026-02-12T13:33:28.498654+00:00 ---- invisible_columns ----
2026-02-12T13:33:28.498682+00:00 (no rows)
2026-02-12T13:33:28.498715+00:00 
2026-02-12T13:33:28.498748+00:00 ---- check_constraints ----
2026-02-12T13:33:28.498779+00:00 (no rows)
2026-02-12T13:33:28.498810+00:00 
2026-02-12T13:33:28.498840+00:00 ---- partial_revokes ----
2026-02-12T13:33:28.498872+00:00 (no rows)
2026-02-12T13:33:28.498908+00:00 
2026-02-12T13:33:28.498933+00:00 ---- gis_srid_usage ----
2026-02-12T13:33:28.498959+00:00 sakila	address	location	0
2026-02-12T13:33:28.498985+00:00 
2026-02-12T13:33:28.499027+00:00 ---- resource_groups ----
2026-02-12T13:33:28.499053+00:00 (no rows)
2026-02-12T13:33:28.499078+00:00 
2026-02-12T13:33:28.499105+00:00 ---- xplugin_status ----
2026-02-12T13:33:28.499139+00:00 mysqlx	ACTIVE
2026-02-12T13:33:28.499177+00:00 
2026-02-12T13:33:28.499215+00:00 ---- fk_name_lengths ----
2026-02-12T13:33:28.499249+00:00 (no rows)
2026-02-12T13:33:28.499280+00:00 
2026-02-12T13:33:28.499311+00:00 ---- trigger_order ----
2026-02-12T13:33:28.499340+00:00 (no rows)
2026-02-12T13:33:28.499371+00:00 
2026-02-12T13:33:28.499402+00:00 Precheck complete.
2026-02-12T13:33:28.499433+00:00 TSV outputs: artifacts/assess_20260212_190327/precheck/*.tsv
2026-02-12T13:33:28.500273+00:00 FINISH success=True message=Assessment passed. Ready to plan/run.
