2026-01-29T18:40:50.827389+00:00 START mode=run config=config/migration.yaml
2026-01-29T18:40:50.832015+00:00 RUN  preflight_one_step (Preflight checks (one_step)) -> scripts/00_preflight_one_step.sh
2026-01-29T18:40:50.832118+00:00 CMD /Users/balajin/Documents/GitHub/Mysql-to-MariaDB-Migration/scripts/00_preflight_one_step.sh
2026-01-29T18:40:50.843998+00:00 OUT ==> Preflight checks (one_step)
2026-01-29T18:40:50.844151+00:00 OUT mariadb-dump not found; mysqldump is available (OK).
2026-01-29T18:40:50.844183+00:00 OUT Checking source connectivity...
2026-01-29T18:40:50.873695+00:00 OUT Checking target SSH connectivity...
2026-01-29T18:40:51.114948+00:00 OUT Checking target mariadb client...
2026-01-29T18:40:51.291852+00:00 OUT Checking target TCP connectivity...
2026-01-29T18:40:51.509130+00:00 OUT pv not found (optional).
2026-01-29T18:40:51.509620+00:00 OUT Preflight complete.
2026-01-29T18:40:51.511159+00:00 RUN  install_mariadb (Install MariaDB (target host)) -> scripts/05_install_mariadb.sh
2026-01-29T18:40:51.511596+00:00 CMD /Users/balajin/Documents/GitHub/Mysql-to-MariaDB-Migration/scripts/05_install_mariadb.sh
2026-01-29T18:40:51.521439+00:00 OUT Running MariaDB install on remote host: 192.168.64.3
2026-01-29T18:40:51.999414+00:00 OUT Downloading MariaDB Enterprise RPM tarball:
2026-01-29T18:40:52.000126+00:00 OUT   https://dlm.mariadb.com/b5a27492-b13b-4515-8d32-671cf7617d89/mariadb-enterprise-server/11.8.5-2/pkgtar/mariadb-enterprise-11.8.5-2-rhel-10-aarch64-rpms.tar
2026-01-29T18:40:52.001448+00:00 OUT   % Total    % Received % Xferd  Average Speed   Time    Time     Time  Current
2026-01-29T18:40:52.001690+00:00 OUT                                  Dload  Upload   Total   Spent    Left  Speed
2026-01-29T18:40:52.001898+00:00 OUT 
2026-01-29T18:40:52.692428+00:00 OUT   0     0    0     0    0     0      0      0 --:--:-- --:--:-- --:--:--     0
2026-01-29T18:40:52.693789+00:00 OUT   0     0    0     0    0     0      0      0 --:--:-- --:--:-- --:--:--     0
2026-01-29T18:40:52.911456+00:00 OUT 
2026-01-29T18:40:53.983672+00:00 OUT   0     0    0     0    0     0      0      0 --:--:-- --:--:-- --:--:--     0
2026-01-29T18:40:54.854863+00:00 OUT   0  157M    0 83200    0     0  41970      0  1:05:28  0:00:01  1:05:27 77539
2026-01-29T18:40:55.874066+00:00 OUT   0  157M    0 1294k    0     0   453k      0  0:05:54  0:00:02  0:05:52  665k
2026-01-29T18:40:56.853406+00:00 OUT  10  157M   10 15.8M    0     0  4185k      0  0:00:38  0:00:03  0:00:35 5469k
2026-01-29T18:40:57.853002+00:00 OUT  22  157M   22 34.7M    0     0  7341k      0  0:00:21  0:00:04  0:00:17 9033k
2026-01-29T18:40:58.863308+00:00 OUT  34  157M   34 54.4M    0     0  9534k      0  0:00:16  0:00:05  0:00:11 11.0M
2026-01-29T18:40:59.851502+00:00 OUT  46  157M   46 73.3M    0     0  10.6M      0  0:00:14  0:00:06  0:00:08 15.0M
2026-01-29T18:41:00.852124+00:00 OUT  57  157M   57 90.6M    0     0  11.5M      0  0:00:13  0:00:07  0:00:06 17.8M
2026-01-29T18:41:01.867436+00:00 OUT  65  157M   65  103M    0     0  11.6M      0  0:00:13  0:00:08  0:00:05 17.5M
2026-01-29T18:41:02.880735+00:00 OUT  78  157M   78  123M    0     0  12.5M      0  0:00:12  0:00:09  0:00:03 17.7M
2026-01-29T18:41:03.618910+00:00 OUT  90  157M   90  142M    0     0  13.1M      0  0:00:11  0:00:10  0:00:01 17.5M
2026-01-29T18:41:03.620042+00:00 OUT 100  157M  100  157M    0     0  13.5M      0  0:00:11  0:00:11 --:--:-- 17.6M
2026-01-29T18:41:03.625842+00:00 OUT Extracting RPMs...
2026-01-29T18:41:03.772413+00:00 OUT Installing RPM dependencies...
2026-01-29T18:41:04.066205+00:00 OUT Last metadata expiration check: 2:58:07 ago on Thursday 29 January 2026 09:12:57 PM.
2026-01-29T18:41:04.090448+00:00 OUT Package perl-4:5.40.2-512.2.el10_0.aarch64 is already installed.
2026-01-29T18:41:04.090928+00:00 OUT Package perl-DBI-1.643-26.el10.aarch64 is already installed.
2026-01-29T18:41:04.091257+00:00 OUT Package perl-Data-Dumper-2.189-512.el10.aarch64 is already installed.
2026-01-29T18:41:04.091462+00:00 OUT Package perl-File-Copy-2.41-512.2.el10_0.noarch is already installed.
2026-01-29T18:41:04.091684+00:00 OUT Package perl-Sys-Hostname-1.25-512.2.el10_0.aarch64 is already installed.
2026-01-29T18:41:04.092036+00:00 OUT Package libaio-0.3.111-22.el10.aarch64 is already installed.
2026-01-29T18:41:04.092229+00:00 OUT Package libsepol-3.9-1.el10.aarch64 is already installed.
2026-01-29T18:41:04.092423+00:00 OUT Package unixODBC-2.3.12-6.el10.aarch64 is already installed.
2026-01-29T18:41:04.092616+00:00 OUT Package boost-program-options-1.83.0-5.el10.aarch64 is already installed.
2026-01-29T18:41:04.092878+00:00 OUT Package lzo-2.10-14.el10.aarch64 is already installed.
2026-01-29T18:41:04.093145+00:00 OUT Package snappy-1.1.10-7.el10.aarch64 is already installed.
2026-01-29T18:41:04.093427+00:00 OUT Package mysql-selinux-1.0.14-1.el10_0.noarch is already installed.
2026-01-29T18:41:04.104900+00:00 OUT Dependencies resolved.
2026-01-29T18:41:04.105283+00:00 OUT Nothing to do.
2026-01-29T18:41:04.105440+00:00 OUT Complete!
2026-01-29T18:41:04.159169+00:00 OUT MariaDB already installed; skipping RPM install.
2026-01-29T18:41:04.163691+00:00 RUN  create_migration_user (Create migration user on source and target) -> scripts/09_create_migration_user.sh
2026-01-29T18:41:04.164203+00:00 CMD /Users/balajin/Documents/GitHub/Mysql-to-MariaDB-Migration/scripts/09_create_migration_user.sh
2026-01-29T18:41:04.177484+00:00 OUT ==> Create migration user on source and target
2026-01-29T18:41:04.181354+00:00 OUT Creating migration user on source: 192.168.68.104:3306
2026-01-29T18:41:04.224371+00:00 OUT Creating migration user on target: 192.168.64.3:3306
2026-01-29T18:41:04.803633+00:00 OUT Migration user setup completed.
2026-01-29T18:41:04.806414+00:00 RUN  precheck (Precheck source variables and blockers) -> scripts/00_precheck.sh
2026-01-29T18:41:04.806958+00:00 CMD /Users/balajin/Documents/GitHub/Mysql-to-MariaDB-Migration/scripts/00_precheck.sh
2026-01-29T18:41:04.828110+00:00 OUT == Precheck runner ==
2026-01-29T18:41:04.830243+00:00 OUT Host: 192.168.68.104  Port: 3306  User: migrate
2026-01-29T18:41:04.832275+00:00 OUT Checks dir: /Users/balajin/Documents/GitHub/Mysql-to-MariaDB-Migration/sql/checks
2026-01-29T18:41:04.834953+00:00 OUT Outdir: /Users/balajin/Documents/GitHub/Mysql-to-MariaDB-Migration/artifacts/precheck
2026-01-29T18:41:04.836948+00:00 OUT 
2026-01-29T18:41:04.841863+00:00 OUT ---- mysql_version ----
2026-01-29T18:41:04.874879+00:00 OUT 8.4.8
2026-01-29T18:41:04.879500+00:00 OUT 
2026-01-29T18:41:04.883250+00:00 OUT ---- innodb_settings ----
2026-01-29T18:41:04.906857+00:00 OUT 1	1
2026-01-29T18:41:04.910807+00:00 OUT 
2026-01-29T18:41:04.914084+00:00 OUT ---- auth_plugins ----
2026-01-29T18:41:04.938527+00:00 OUT migrate	%	caching_sha2_password
2026-01-29T18:41:04.938612+00:00 OUT migrate	192.168.64.2	caching_sha2_password
2026-01-29T18:41:04.938648+00:00 OUT packer	%	caching_sha2_password
2026-01-29T18:41:04.938680+00:00 OUT root	localhost	caching_sha2_password
2026-01-29T18:41:04.942619+00:00 OUT 
2026-01-29T18:41:04.946187+00:00 OUT ---- json_columns ----
2026-01-29T18:41:04.971464+00:00 OUT testdb	orders_json	data_json	json
2026-01-29T18:41:04.975111+00:00 OUT 
2026-01-29T18:41:04.978160+00:00 OUT ---- compression_encryption ----
2026-01-29T18:41:05.003793+00:00 OUT (no rows)
2026-01-29T18:41:05.005402+00:00 OUT 
2026-01-29T18:41:05.008865+00:00 OUT ---- engines_summary ----
2026-01-29T18:41:05.037269+00:00 OUT PERFORMANCE_SCHEMA	113
2026-01-29T18:41:05.037337+00:00 OUT InnoDB	65
2026-01-29T18:41:05.037373+00:00 OUT CSV	2
2026-01-29T18:41:05.041305+00:00 OUT 
2026-01-29T18:41:05.044636+00:00 OUT ---- schema_sizes ----
2026-01-29T18:41:05.119723+00:00 OUT testdb	38.56
2026-01-29T18:41:05.119813+00:00 OUT sakila	6.45
2026-01-29T18:41:05.119949+00:00 OUT mysql	2.61
2026-01-29T18:41:05.120020+00:00 OUT world	0.77
2026-01-29T18:41:05.120096+00:00 OUT classicmodels	0.50
2026-01-29T18:41:05.120170+00:00 OUT sys	0.02
2026-01-29T18:41:05.120244+00:00 OUT information_schema	0.00
2026-01-29T18:41:05.120300+00:00 OUT performance_schema	0.00
2026-01-29T18:41:05.124436+00:00 OUT 
2026-01-29T18:41:05.128280+00:00 OUT ---- schema_charsets ----
2026-01-29T18:41:05.151297+00:00 OUT classicmodels	latin1	latin1_swedish_ci
2026-01-29T18:41:05.151373+00:00 OUT sakila	utf8mb4	utf8mb4_0900_ai_ci
2026-01-29T18:41:05.151447+00:00 OUT testdb	utf8mb4	utf8mb4_0900_ai_ci
2026-01-29T18:41:05.151489+00:00 OUT world	utf8mb4	utf8mb4_0900_ai_ci
2026-01-29T18:41:05.155049+00:00 OUT 
2026-01-29T18:41:05.158356+00:00 OUT ---- mysql8_collations ----
2026-01-29T18:41:05.185002+00:00 OUT sakila	actor	utf8mb4_0900_ai_ci
2026-01-29T18:41:05.185073+00:00 OUT sakila	address	utf8mb4_0900_ai_ci
2026-01-29T18:41:05.185110+00:00 OUT sakila	category	utf8mb4_0900_ai_ci
2026-01-29T18:41:05.185164+00:00 OUT sakila	city	utf8mb4_0900_ai_ci
2026-01-29T18:41:05.185202+00:00 OUT sakila	country	utf8mb4_0900_ai_ci
2026-01-29T18:41:05.185234+00:00 OUT sakila	customer	utf8mb4_0900_ai_ci
2026-01-29T18:41:05.185385+00:00 OUT sakila	film	utf8mb4_0900_ai_ci
2026-01-29T18:41:05.185420+00:00 OUT sakila	film_actor	utf8mb4_0900_ai_ci
2026-01-29T18:41:05.185449+00:00 OUT sakila	film_category	utf8mb4_0900_ai_ci
2026-01-29T18:41:05.185482+00:00 OUT sakila	film_text	utf8mb4_0900_ai_ci
2026-01-29T18:41:05.185509+00:00 OUT sakila	inventory	utf8mb4_0900_ai_ci
2026-01-29T18:41:05.185537+00:00 OUT sakila	language	utf8mb4_0900_ai_ci
2026-01-29T18:41:05.185564+00:00 OUT sakila	payment	utf8mb4_0900_ai_ci
2026-01-29T18:41:05.185596+00:00 OUT sakila	rental	utf8mb4_0900_ai_ci
2026-01-29T18:41:05.185623+00:00 OUT sakila	staff	utf8mb4_0900_ai_ci
2026-01-29T18:41:05.185651+00:00 OUT sakila	store	utf8mb4_0900_ai_ci
2026-01-29T18:41:05.185678+00:00 OUT testdb	orders_json	utf8mb4_0900_ai_ci
2026-01-29T18:41:05.185707+00:00 OUT world	city	utf8mb4_0900_ai_ci
2026-01-29T18:41:05.185733+00:00 OUT world	country	utf8mb4_0900_ai_ci
2026-01-29T18:41:05.185761+00:00 OUT world	countrylanguage	utf8mb4_0900_ai_ci
2026-01-29T18:41:05.189175+00:00 OUT 
2026-01-29T18:41:05.192499+00:00 OUT ---- mysql8_column_collations ----
2026-01-29T18:41:05.230558+00:00 OUT sakila	actor	first_name	utf8mb4_0900_ai_ci
2026-01-29T18:41:05.230681+00:00 OUT sakila	actor	last_name	utf8mb4_0900_ai_ci
2026-01-29T18:41:05.230753+00:00 OUT sakila	actor_info	film_info	utf8mb4_0900_ai_ci
2026-01-29T18:41:05.230797+00:00 OUT sakila	actor_info	first_name	utf8mb4_0900_ai_ci
2026-01-29T18:41:05.230837+00:00 OUT sakila	actor_info	last_name	utf8mb4_0900_ai_ci
2026-01-29T18:41:05.230871+00:00 OUT sakila	address	address	utf8mb4_0900_ai_ci
2026-01-29T18:41:05.230907+00:00 OUT sakila	address	address2	utf8mb4_0900_ai_ci
2026-01-29T18:41:05.230938+00:00 OUT sakila	address	district	utf8mb4_0900_ai_ci
2026-01-29T18:41:05.230967+00:00 OUT sakila	address	phone	utf8mb4_0900_ai_ci
2026-01-29T18:41:05.231002+00:00 OUT sakila	address	postal_code	utf8mb4_0900_ai_ci
2026-01-29T18:41:05.231037+00:00 OUT sakila	category	name	utf8mb4_0900_ai_ci
2026-01-29T18:41:05.231075+00:00 OUT sakila	city	city	utf8mb4_0900_ai_ci
2026-01-29T18:41:05.231108+00:00 OUT sakila	country	country	utf8mb4_0900_ai_ci
2026-01-29T18:41:05.231135+00:00 OUT sakila	customer	email	utf8mb4_0900_ai_ci
2026-01-29T18:41:05.231169+00:00 OUT sakila	customer	first_name	utf8mb4_0900_ai_ci
2026-01-29T18:41:05.231203+00:00 OUT sakila	customer	last_name	utf8mb4_0900_ai_ci
2026-01-29T18:41:05.231240+00:00 OUT sakila	customer_list	address	utf8mb4_0900_ai_ci
2026-01-29T18:41:05.231271+00:00 OUT sakila	customer_list	city	utf8mb4_0900_ai_ci
2026-01-29T18:41:05.231299+00:00 OUT sakila	customer_list	country	utf8mb4_0900_ai_ci
2026-01-29T18:41:05.231327+00:00 OUT sakila	customer_list	name	utf8mb4_0900_ai_ci
2026-01-29T18:41:05.231354+00:00 OUT sakila	customer_list	notes	utf8mb4_0900_ai_ci
2026-01-29T18:41:05.231382+00:00 OUT sakila	customer_list	phone	utf8mb4_0900_ai_ci
2026-01-29T18:41:05.231416+00:00 OUT sakila	customer_list	zip code	utf8mb4_0900_ai_ci
2026-01-29T18:41:05.231449+00:00 OUT sakila	film	description	utf8mb4_0900_ai_ci
2026-01-29T18:41:05.231500+00:00 OUT sakila	film	rating	utf8mb4_0900_ai_ci
2026-01-29T18:41:05.231530+00:00 OUT sakila	film	special_features	utf8mb4_0900_ai_ci
2026-01-29T18:41:05.231558+00:00 OUT sakila	film	title	utf8mb4_0900_ai_ci
2026-01-29T18:41:05.231614+00:00 OUT sakila	film_list	actors	utf8mb4_0900_ai_ci
2026-01-29T18:41:05.231647+00:00 OUT sakila	film_list	category	utf8mb4_0900_ai_ci
2026-01-29T18:41:05.231684+00:00 OUT sakila	film_list	description	utf8mb4_0900_ai_ci
2026-01-29T18:41:05.231718+00:00 OUT sakila	film_list	rating	utf8mb4_0900_ai_ci
2026-01-29T18:41:05.231754+00:00 OUT sakila	film_list	title	utf8mb4_0900_ai_ci
2026-01-29T18:41:05.231788+00:00 OUT sakila	film_text	description	utf8mb4_0900_ai_ci
2026-01-29T18:41:05.231818+00:00 OUT sakila	film_text	title	utf8mb4_0900_ai_ci
2026-01-29T18:41:05.231853+00:00 OUT sakila	language	name	utf8mb4_0900_ai_ci
2026-01-29T18:41:05.231883+00:00 OUT sakila	nicer_but_slower_film_list	actors	utf8mb4_0900_ai_ci
2026-01-29T18:41:05.231917+00:00 OUT sakila	nicer_but_slower_film_list	category	utf8mb4_0900_ai_ci
2026-01-29T18:41:05.231951+00:00 OUT sakila	nicer_but_slower_film_list	description	utf8mb4_0900_ai_ci
2026-01-29T18:41:05.231981+00:00 OUT sakila	nicer_but_slower_film_list	rating	utf8mb4_0900_ai_ci
2026-01-29T18:41:05.232017+00:00 OUT sakila	nicer_but_slower_film_list	title	utf8mb4_0900_ai_ci
2026-01-29T18:41:05.232047+00:00 OUT sakila	sales_by_film_category	category	utf8mb4_0900_ai_ci
2026-01-29T18:41:05.232086+00:00 OUT sakila	sales_by_store	manager	utf8mb4_0900_ai_ci
2026-01-29T18:41:05.232115+00:00 OUT sakila	sales_by_store	store	utf8mb4_0900_ai_ci
2026-01-29T18:41:05.232150+00:00 OUT sakila	staff	email	utf8mb4_0900_ai_ci
2026-01-29T18:41:05.232180+00:00 OUT sakila	staff	first_name	utf8mb4_0900_ai_ci
2026-01-29T18:41:05.232215+00:00 OUT sakila	staff	last_name	utf8mb4_0900_ai_ci
2026-01-29T18:41:05.232250+00:00 OUT sakila	staff	username	utf8mb4_0900_ai_ci
2026-01-29T18:41:05.232285+00:00 OUT sakila	staff_list	address	utf8mb4_0900_ai_ci
2026-01-29T18:41:05.232321+00:00 OUT sakila	staff_list	city	utf8mb4_0900_ai_ci
2026-01-29T18:41:05.232355+00:00 OUT sakila	staff_list	country	utf8mb4_0900_ai_ci
2026-01-29T18:41:05.234652+00:00 OUT ... (truncated; full output in /Users/balajin/Documents/GitHub/Mysql-to-MariaDB-Migration/artifacts/precheck/mysql8_column_collations.tsv)
2026-01-29T18:41:05.236291+00:00 OUT 
2026-01-29T18:41:05.239493+00:00 OUT ---- sql_mode ----
2026-01-29T18:41:05.259065+00:00 OUT ONLY_FULL_GROUP_BY,STRICT_TRANS_TABLES,NO_ZERO_IN_DATE,NO_ZERO_DATE,ERROR_FOR_DIVISION_BY_ZERO,NO_ENGINE_SUBSTITUTION
2026-01-29T18:41:05.262530+00:00 OUT 
2026-01-29T18:41:05.265701+00:00 OUT ---- definers_inventory ----
2026-01-29T18:41:05.318318+00:00 OUT ROUTINE	root@localhost	6
2026-01-29T18:41:05.318423+00:00 OUT TRIGGER	root@localhost	6
2026-01-29T18:41:05.318526+00:00 OUT VIEW	root@localhost	7
2026-01-29T18:41:05.323875+00:00 OUT 
2026-01-29T18:41:05.327948+00:00 OUT ---- partitioned_tables ----
2026-01-29T18:41:05.376993+00:00 OUT (no rows)
2026-01-29T18:41:05.378724+00:00 OUT 
2026-01-29T18:41:05.382380+00:00 OUT ---- active_plugins ----
2026-01-29T18:41:05.414102+00:00 OUT ARCHIVE	ACTIVE
2026-01-29T18:41:05.414232+00:00 OUT binlog	ACTIVE
2026-01-29T18:41:05.414302+00:00 OUT BLACKHOLE	ACTIVE
2026-01-29T18:41:05.414347+00:00 OUT caching_sha2_password	ACTIVE
2026-01-29T18:41:05.414437+00:00 OUT CSV	ACTIVE
2026-01-29T18:41:05.414497+00:00 OUT daemon_keyring_proxy_plugin	ACTIVE
2026-01-29T18:41:05.414548+00:00 OUT InnoDB	ACTIVE
2026-01-29T18:41:05.414636+00:00 OUT INNODB_BUFFER_PAGE	ACTIVE
2026-01-29T18:41:05.414698+00:00 OUT INNODB_BUFFER_PAGE_LRU	ACTIVE
2026-01-29T18:41:05.414786+00:00 OUT INNODB_BUFFER_POOL_STATS	ACTIVE
2026-01-29T18:41:05.414867+00:00 OUT INNODB_CACHED_INDEXES	ACTIVE
2026-01-29T18:41:05.414922+00:00 OUT INNODB_CMP	ACTIVE
2026-01-29T18:41:05.414988+00:00 OUT INNODB_CMPMEM	ACTIVE
2026-01-29T18:41:05.415051+00:00 OUT INNODB_CMPMEM_RESET	ACTIVE
2026-01-29T18:41:05.415093+00:00 OUT INNODB_CMP_PER_INDEX	ACTIVE
2026-01-29T18:41:05.415150+00:00 OUT INNODB_CMP_PER_INDEX_RESET	ACTIVE
2026-01-29T18:41:05.415204+00:00 OUT INNODB_CMP_RESET	ACTIVE
2026-01-29T18:41:05.415247+00:00 OUT INNODB_COLUMNS	ACTIVE
2026-01-29T18:41:05.415335+00:00 OUT INNODB_FT_BEING_DELETED	ACTIVE
2026-01-29T18:41:05.415496+00:00 OUT INNODB_FT_CONFIG	ACTIVE
2026-01-29T18:41:05.415604+00:00 OUT INNODB_FT_DEFAULT_STOPWORD	ACTIVE
2026-01-29T18:41:05.415658+00:00 OUT INNODB_FT_DELETED	ACTIVE
2026-01-29T18:41:05.415729+00:00 OUT INNODB_FT_INDEX_CACHE	ACTIVE
2026-01-29T18:41:05.415769+00:00 OUT INNODB_FT_INDEX_TABLE	ACTIVE
2026-01-29T18:41:05.415803+00:00 OUT INNODB_INDEXES	ACTIVE
2026-01-29T18:41:05.415844+00:00 OUT INNODB_METRICS	ACTIVE
2026-01-29T18:41:05.415878+00:00 OUT INNODB_SESSION_TEMP_TABLESPACES	ACTIVE
2026-01-29T18:41:05.415913+00:00 OUT INNODB_TABLES	ACTIVE
2026-01-29T18:41:05.416013+00:00 OUT INNODB_TABLESPACES	ACTIVE
2026-01-29T18:41:05.416057+00:00 OUT INNODB_TABLESTATS	ACTIVE
2026-01-29T18:41:05.416102+00:00 OUT INNODB_TEMP_TABLE_INFO	ACTIVE
2026-01-29T18:41:05.416145+00:00 OUT INNODB_TRX	ACTIVE
2026-01-29T18:41:05.416170+00:00 OUT INNODB_VIRTUAL	ACTIVE
2026-01-29T18:41:05.416198+00:00 OUT MEMORY	ACTIVE
2026-01-29T18:41:05.416229+00:00 OUT MRG_MYISAM	ACTIVE
2026-01-29T18:41:05.416277+00:00 OUT MyISAM	ACTIVE
2026-01-29T18:41:05.416374+00:00 OUT mysqlx	ACTIVE
2026-01-29T18:41:05.416408+00:00 OUT mysqlx_cache_cleaner	ACTIVE
2026-01-29T18:41:05.416433+00:00 OUT ngram	ACTIVE
2026-01-29T18:41:05.416496+00:00 OUT PERFORMANCE_SCHEMA	ACTIVE
2026-01-29T18:41:05.416523+00:00 OUT sha256_password	ACTIVE
2026-01-29T18:41:05.416587+00:00 OUT sha2_cache_cleaner	ACTIVE
2026-01-29T18:41:05.416618+00:00 OUT TempTable	ACTIVE
2026-01-29T18:41:05.419149+00:00 OUT 
2026-01-29T18:41:05.423939+00:00 OUT Precheck complete.
2026-01-29T18:41:05.425614+00:00 OUT TSV outputs: /Users/balajin/Documents/GitHub/Mysql-to-MariaDB-Migration/artifacts/precheck/*.tsv
2026-01-29T18:41:05.426525+00:00 RUN  one_step_dump_restore (One-step dump/restore (mariadb-dump | mariadb)) -> scripts/10_one_step_migration.sh
2026-01-29T18:41:05.426704+00:00 CMD /Users/balajin/Documents/GitHub/Mysql-to-MariaDB-Migration/scripts/10_one_step_migration.sh
2026-01-29T18:41:05.432927+00:00 OUT ==> One-step migration (mariadb-dump | mariadb)
2026-01-29T18:41:05.433033+00:00 OUT mariadb-dump not found; using mysqldump.
2026-01-29T18:41:05.433078+00:00 OUT Source: 192.168.68.104:3306  DBs: sakila,world
2026-01-29T18:41:05.433103+00:00 OUT Target: 192.168.64.3:3306
2026-01-29T18:41:05.433133+00:00 OUT pv not found; running without progress meter.
2026-01-29T18:41:05.665028+00:00 OUT WARNING: option --ssl-verify-server-cert is disabled, because of an insecure passwordless login.
2026-01-29T18:41:06.223364+00:00 OUT One-step migration completed.
2026-01-29T18:41:06.225851+00:00 RUN  validate (Validate after upgrade) -> scripts/07_validate.sh
2026-01-29T18:41:06.226708+00:00 CMD /Users/balajin/Documents/GitHub/Mysql-to-MariaDB-Migration/scripts/07_validate.sh
2026-01-29T18:41:06.238393+00:00 OUT MariaDB version (TCP validation):
2026-01-29T18:41:06.409405+00:00 OUT WARNING: option --ssl-verify-server-cert is disabled, because of an insecure passwordless login.
2026-01-29T18:41:06.417864+00:00 OUT 11.8.5-2-MariaDB-enterprise
2026-01-29T18:41:06.419392+00:00 OUT 
2026-01-29T18:41:06.419917+00:00 OUT User authentication plugins:
2026-01-29T18:41:06.602676+00:00 OUT WARNING: option --ssl-verify-server-cert is disabled, because of an insecure passwordless login.
2026-01-29T18:41:06.611168+00:00 OUT mariadb.sys	localhost	mysql_native_password
2026-01-29T18:41:06.611457+00:00 OUT migrate	%	mysql_native_password
2026-01-29T18:41:06.611683+00:00 OUT mysql	localhost	mysql_native_password
2026-01-29T18:41:06.611786+00:00 OUT root	localhost	mysql_native_password
2026-01-29T18:41:06.612461+00:00 OUT 
2026-01-29T18:41:06.612589+00:00 OUT Storage engines:
2026-01-29T18:41:06.803536+00:00 OUT WARNING: option --ssl-verify-server-cert is disabled, because of an insecure passwordless login.
2026-01-29T18:41:06.811464+00:00 OUT SPIDER	YES	Spider storage engine	YES	YES	NO
2026-01-29T18:41:06.811692+00:00 OUT CSV	YES	Stores tables as CSV files	NO	NO	NO
2026-01-29T18:41:06.811797+00:00 OUT MRG_MyISAM	YES	Collection of identical MyISAM tables	NO	NO	NO
2026-01-29T18:41:06.811973+00:00 OUT Aria	YES	Crash-safe tables with MyISAM heritage. Used for internal temporary tables and privilege tables	NO	NO	NO
2026-01-29T18:41:06.812173+00:00 OUT MyISAM	YES	Non-transactional engine with good performance and small data footprint	NO	NO	NO
2026-01-29T18:41:06.812307+00:00 OUT MEMORY	YES	Hash based, stored in memory, useful for temporary tables	NO	NO	NO
2026-01-29T18:41:06.812401+00:00 OUT InnoDB	DEFAULT	Supports transactions, row-level locking, foreign keys and encryption for tables	YES	YES	YES
2026-01-29T18:41:06.812474+00:00 OUT SEQUENCE	YES	Generated tables filled with sequential values	YES	NO	YES
2026-01-29T18:41:06.812622+00:00 OUT PERFORMANCE_SCHEMA	YES	Performance Schema	NO	NO	NO
2026-01-29T18:41:06.812749+00:00 OUT Columnstore	YES	ColumnStore storage engine	YES	NO	NO
2026-01-29T18:41:06.812831+00:00 OUT ROCKSDB	YES	RocksDB storage engine	YES	YES	YES
2026-01-29T18:41:06.812938+00:00 OUT 
2026-01-29T18:41:06.813027+00:00 OUT Validation complete (socket-first).
2026-01-29T18:41:06.814280+00:00 FINISH success=True message=Run completed successfully.
