2026-02-14T18:50:46.220862+00:00 START mode=assessment config=config/source.yaml
2026-02-14T18:50:46.252227+00:00 Assessment source auth selected: SRC_ADMIN_USER (admin)
2026-02-14T18:50:46.258015+00:00 RUN precheck -> /mnt/macshare/scripts/00_precheck.sh
2026-02-14T18:50:47.245344+00:00 == Precheck runner ==
2026-02-14T18:50:47.248858+00:00 Host: 192.168.64.7  Port: 3306  User: admin
2026-02-14T18:50:47.252062+00:00 Checks dir: /mnt/macshare/sql/checks
2026-02-14T18:50:47.254876+00:00 Outdir: artifacts/assess_20260214_185046/precheck
2026-02-14T18:50:47.259338+00:00 
2026-02-14T18:50:47.262173+00:00 NOTE: mariadb-migrate-config-file not found; skipping config check.
2026-02-14T18:50:47.265300+00:00 ---- mysql_version ----
2026-02-14T18:50:47.267699+00:00 8.0.45-0ubuntu0.24.04.1
2026-02-14T18:50:47.269819+00:00 
2026-02-14T18:50:47.271836+00:00 ---- innodb_settings ----
2026-02-14T18:50:47.273723+00:00 1	1
2026-02-14T18:50:47.275609+00:00 
2026-02-14T18:50:47.277483+00:00 ---- auth_plugins ----
2026-02-14T18:50:47.279875+00:00 admin	%	caching_sha2_password
2026-02-14T18:50:47.282302+00:00 admin	192.168.64.3	caching_sha2_password
2026-02-14T18:50:47.284280+00:00 admin	192.168.64.7	caching_sha2_password
2026-02-14T18:50:47.287136+00:00 admin	localhost	caching_sha2_password
2026-02-14T18:50:47.289471+00:00 debian-sys-maint	localhost	caching_sha2_password
2026-02-14T18:50:47.291437+00:00 migrate	%	caching_sha2_password
2026-02-14T18:50:47.293436+00:00 
2026-02-14T18:50:47.295399+00:00 ---- json_columns ----
2026-02-14T18:50:47.297092+00:00 testdb	orders_json	data_json	json
2026-02-14T18:50:47.299147+00:00 
2026-02-14T18:50:47.301002+00:00 ---- compression_encryption ----
2026-02-14T18:50:47.302635+00:00 (no rows)
2026-02-14T18:50:47.304234+00:00 
2026-02-14T18:50:47.305814+00:00 ---- engines_summary ----
2026-02-14T18:50:47.307279+00:00 PERFORMANCE_SCHEMA	111
2026-02-14T18:50:47.308719+00:00 InnoDB	56
2026-02-14T18:50:47.310997+00:00 CSV	2
2026-02-14T18:50:47.311860+00:00 
2026-02-14T18:50:47.313356+00:00 ---- schema_sizes ----
2026-02-14T18:50:47.315252+00:00 testdb	38.56
2026-02-14T18:50:47.317087+00:00 sakila	6.45
2026-02-14T18:50:47.318595+00:00 mysql	2.66
2026-02-14T18:50:47.320087+00:00 world	0.77
2026-02-14T18:50:47.321845+00:00 sys	0.02
2026-02-14T18:50:47.323543+00:00 information_schema	0.00
2026-02-14T18:50:47.325480+00:00 performance_schema	0.00
2026-02-14T18:50:47.327106+00:00 
2026-02-14T18:50:47.328592+00:00 ---- schema_charsets ----
2026-02-14T18:50:47.330161+00:00 sakila	utf8mb4	utf8mb4_0900_ai_ci
2026-02-14T18:50:47.331720+00:00 testdb	utf8mb4	utf8mb4_0900_ai_ci
2026-02-14T18:50:47.334048+00:00 world	utf8mb4	utf8mb4_0900_ai_ci
2026-02-14T18:50:47.334922+00:00 
2026-02-14T18:50:47.336443+00:00 ---- mysql8_collations ----
2026-02-14T18:50:47.337975+00:00 sakila	actor	utf8mb4_0900_ai_ci
2026-02-14T18:50:47.339714+00:00 sakila	address	utf8mb4_0900_ai_ci
2026-02-14T18:50:47.341507+00:00 sakila	category	utf8mb4_0900_ai_ci
2026-02-14T18:50:47.343325+00:00 sakila	city	utf8mb4_0900_ai_ci
2026-02-14T18:50:47.345695+00:00 sakila	country	utf8mb4_0900_ai_ci
2026-02-14T18:50:47.346715+00:00 sakila	customer	utf8mb4_0900_ai_ci
2026-02-14T18:50:47.348876+00:00 sakila	film	utf8mb4_0900_ai_ci
2026-02-14T18:50:47.351062+00:00 sakila	film_actor	utf8mb4_0900_ai_ci
2026-02-14T18:50:47.353120+00:00 sakila	film_category	utf8mb4_0900_ai_ci
2026-02-14T18:50:47.355154+00:00 sakila	film_text	utf8mb4_0900_ai_ci
2026-02-14T18:50:47.357221+00:00 sakila	inventory	utf8mb4_0900_ai_ci
2026-02-14T18:50:47.359703+00:00 sakila	language	utf8mb4_0900_ai_ci
2026-02-14T18:50:47.361513+00:00 sakila	payment	utf8mb4_0900_ai_ci
2026-02-14T18:50:47.363605+00:00 sakila	rental	utf8mb4_0900_ai_ci
2026-02-14T18:50:47.372606+00:00 sakila	staff	utf8mb4_0900_ai_ci
2026-02-14T18:50:47.375271+00:00 sakila	store	utf8mb4_0900_ai_ci
2026-02-14T18:50:47.377196+00:00 testdb	orders_json	utf8mb4_0900_ai_ci
2026-02-14T18:50:47.379262+00:00 world	city	utf8mb4_0900_ai_ci
2026-02-14T18:50:47.384269+00:00 world	country	utf8mb4_0900_ai_ci
2026-02-14T18:50:47.386601+00:00 world	countrylanguage	utf8mb4_0900_ai_ci
2026-02-14T18:50:47.389623+00:00 
2026-02-14T18:50:47.391764+00:00 ---- mysql8_column_collations ----
2026-02-14T18:50:47.393884+00:00 sakila	actor	first_name	utf8mb4_0900_ai_ci
2026-02-14T18:50:47.396042+00:00 sakila	actor	last_name	utf8mb4_0900_ai_ci
2026-02-14T18:50:47.398427+00:00 sakila	actor_info	film_info	utf8mb4_0900_ai_ci
2026-02-14T18:50:47.400983+00:00 sakila	actor_info	first_name	utf8mb4_0900_ai_ci
2026-02-14T18:50:47.403481+00:00 sakila	actor_info	last_name	utf8mb4_0900_ai_ci
2026-02-14T18:50:47.405655+00:00 sakila	address	address	utf8mb4_0900_ai_ci
2026-02-14T18:50:47.408540+00:00 sakila	address	address2	utf8mb4_0900_ai_ci
2026-02-14T18:50:47.410915+00:00 sakila	address	district	utf8mb4_0900_ai_ci
2026-02-14T18:50:47.413753+00:00 sakila	address	phone	utf8mb4_0900_ai_ci
2026-02-14T18:50:47.415952+00:00 sakila	address	postal_code	utf8mb4_0900_ai_ci
2026-02-14T18:50:47.417755+00:00 sakila	category	name	utf8mb4_0900_ai_ci
2026-02-14T18:50:47.419860+00:00 sakila	city	city	utf8mb4_0900_ai_ci
2026-02-14T18:50:47.422206+00:00 sakila	country	country	utf8mb4_0900_ai_ci
2026-02-14T18:50:47.424253+00:00 sakila	customer	email	utf8mb4_0900_ai_ci
2026-02-14T18:50:47.426399+00:00 sakila	customer	first_name	utf8mb4_0900_ai_ci
2026-02-14T18:50:47.428354+00:00 sakila	customer	last_name	utf8mb4_0900_ai_ci
2026-02-14T18:50:47.430070+00:00 sakila	customer_list	address	utf8mb4_0900_ai_ci
2026-02-14T18:50:47.431872+00:00 sakila	customer_list	city	utf8mb4_0900_ai_ci
2026-02-14T18:50:47.433497+00:00 sakila	customer_list	country	utf8mb4_0900_ai_ci
2026-02-14T18:50:47.435360+00:00 sakila	customer_list	name	utf8mb4_0900_ai_ci
2026-02-14T18:50:47.437284+00:00 sakila	customer_list	notes	utf8mb4_0900_ai_ci
2026-02-14T18:50:47.439959+00:00 sakila	customer_list	phone	utf8mb4_0900_ai_ci
2026-02-14T18:50:47.443061+00:00 sakila	customer_list	zip code	utf8mb4_0900_ai_ci
2026-02-14T18:50:47.444525+00:00 sakila	film	description	utf8mb4_0900_ai_ci
2026-02-14T18:50:47.447279+00:00 sakila	film	rating	utf8mb4_0900_ai_ci
2026-02-14T18:50:47.450510+00:00 sakila	film	special_features	utf8mb4_0900_ai_ci
2026-02-14T18:50:47.453042+00:00 sakila	film	title	utf8mb4_0900_ai_ci
2026-02-14T18:50:47.456068+00:00 sakila	film_list	actors	utf8mb4_0900_ai_ci
2026-02-14T18:50:47.458583+00:00 sakila	film_list	category	utf8mb4_0900_ai_ci
2026-02-14T18:50:47.461034+00:00 sakila	film_list	description	utf8mb4_0900_ai_ci
2026-02-14T18:50:47.463397+00:00 sakila	film_list	rating	utf8mb4_0900_ai_ci
2026-02-14T18:50:47.465633+00:00 sakila	film_list	title	utf8mb4_0900_ai_ci
2026-02-14T18:50:47.467643+00:00 sakila	film_text	description	utf8mb4_0900_ai_ci
2026-02-14T18:50:47.469396+00:00 sakila	film_text	title	utf8mb4_0900_ai_ci
2026-02-14T18:50:47.471525+00:00 sakila	language	name	utf8mb4_0900_ai_ci
2026-02-14T18:50:47.473723+00:00 sakila	nicer_but_slower_film_list	actors	utf8mb4_0900_ai_ci
2026-02-14T18:50:47.475710+00:00 sakila	nicer_but_slower_film_list	category	utf8mb4_0900_ai_ci
2026-02-14T18:50:47.477541+00:00 sakila	nicer_but_slower_film_list	description	utf8mb4_0900_ai_ci
2026-02-14T18:50:47.480600+00:00 sakila	nicer_but_slower_film_list	rating	utf8mb4_0900_ai_ci
2026-02-14T18:50:47.481917+00:00 sakila	nicer_but_slower_film_list	title	utf8mb4_0900_ai_ci
2026-02-14T18:50:47.483882+00:00 sakila	sales_by_film_category	category	utf8mb4_0900_ai_ci
2026-02-14T18:50:47.485924+00:00 sakila	sales_by_store	manager	utf8mb4_0900_ai_ci
2026-02-14T18:50:47.487886+00:00 sakila	sales_by_store	store	utf8mb4_0900_ai_ci
2026-02-14T18:50:47.490555+00:00 sakila	staff	email	utf8mb4_0900_ai_ci
2026-02-14T18:50:47.491772+00:00 sakila	staff	first_name	utf8mb4_0900_ai_ci
2026-02-14T18:50:47.493696+00:00 sakila	staff	last_name	utf8mb4_0900_ai_ci
2026-02-14T18:50:47.495612+00:00 sakila	staff	username	utf8mb4_0900_ai_ci
2026-02-14T18:50:47.497423+00:00 sakila	staff_list	address	utf8mb4_0900_ai_ci
2026-02-14T18:50:47.499355+00:00 sakila	staff_list	city	utf8mb4_0900_ai_ci
2026-02-14T18:50:47.501310+00:00 sakila	staff_list	country	utf8mb4_0900_ai_ci
2026-02-14T18:50:47.504049+00:00 ... (truncated; full output in artifacts/assess_20260214_185046/precheck/mysql8_column_collations.tsv)
2026-02-14T18:50:47.505610+00:00 
2026-02-14T18:50:47.507401+00:00 ---- sql_mode ----
2026-02-14T18:50:47.509160+00:00 ONLY_FULL_GROUP_BY,STRICT_TRANS_TABLES,NO_ZERO_IN_DATE,NO_ZERO_DATE,ERROR_FOR_DIVISION_BY_ZERO,NO_ENGINE_SUBSTITUTION
2026-02-14T18:50:47.510802+00:00 
2026-02-14T18:50:47.512429+00:00 ---- definers_inventory ----
2026-02-14T18:50:47.516088+00:00 TRIGGER	root@localhost	6
2026-02-14T18:50:47.517168+00:00 VIEW	root@localhost	7
2026-02-14T18:50:47.519014+00:00 
2026-02-14T18:50:47.520715+00:00 ---- partitioned_tables ----
2026-02-14T18:50:47.522329+00:00 (no rows)
2026-02-14T18:50:47.524104+00:00 
2026-02-14T18:50:47.526487+00:00 ---- active_plugins ----
2026-02-14T18:50:47.527945+00:00 ARCHIVE	ACTIVE
2026-02-14T18:50:47.529572+00:00 auth_socket	ACTIVE
2026-02-14T18:50:47.531732+00:00 binlog	ACTIVE
2026-02-14T18:50:47.534252+00:00 BLACKHOLE	ACTIVE
2026-02-14T18:50:47.536958+00:00 caching_sha2_password	ACTIVE
2026-02-14T18:50:47.539778+00:00 CSV	ACTIVE
2026-02-14T18:50:47.541968+00:00 daemon_keyring_proxy_plugin	ACTIVE
2026-02-14T18:50:47.543893+00:00 InnoDB	ACTIVE
2026-02-14T18:50:47.546001+00:00 INNODB_BUFFER_PAGE	ACTIVE
2026-02-14T18:50:47.548040+00:00 INNODB_BUFFER_PAGE_LRU	ACTIVE
2026-02-14T18:50:47.550058+00:00 INNODB_BUFFER_POOL_STATS	ACTIVE
2026-02-14T18:50:47.552381+00:00 INNODB_CACHED_INDEXES	ACTIVE
2026-02-14T18:50:47.554103+00:00 INNODB_CMP	ACTIVE
2026-02-14T18:50:47.555704+00:00 INNODB_CMPMEM	ACTIVE
2026-02-14T18:50:47.557120+00:00 INNODB_CMPMEM_RESET	ACTIVE
2026-02-14T18:50:47.558643+00:00 INNODB_CMP_PER_INDEX	ACTIVE
2026-02-14T18:50:47.560265+00:00 INNODB_CMP_PER_INDEX_RESET	ACTIVE
2026-02-14T18:50:47.562040+00:00 INNODB_CMP_RESET	ACTIVE
2026-02-14T18:50:47.564331+00:00 INNODB_COLUMNS	ACTIVE
2026-02-14T18:50:47.567158+00:00 INNODB_FT_BEING_DELETED	ACTIVE
2026-02-14T18:50:47.569014+00:00 INNODB_FT_CONFIG	ACTIVE
2026-02-14T18:50:47.570793+00:00 INNODB_FT_DEFAULT_STOPWORD	ACTIVE
2026-02-14T18:50:47.572777+00:00 INNODB_FT_DELETED	ACTIVE
2026-02-14T18:50:47.574523+00:00 INNODB_FT_INDEX_CACHE	ACTIVE
2026-02-14T18:50:47.577079+00:00 INNODB_FT_INDEX_TABLE	ACTIVE
2026-02-14T18:50:47.579211+00:00 INNODB_INDEXES	ACTIVE
2026-02-14T18:50:47.581057+00:00 INNODB_METRICS	ACTIVE
2026-02-14T18:50:47.582899+00:00 INNODB_SESSION_TEMP_TABLESPACES	ACTIVE
2026-02-14T18:50:47.584630+00:00 INNODB_TABLES	ACTIVE
2026-02-14T18:50:47.586258+00:00 INNODB_TABLESPACES	ACTIVE
2026-02-14T18:50:47.588124+00:00 INNODB_TABLESTATS	ACTIVE
2026-02-14T18:50:47.589855+00:00 INNODB_TEMP_TABLE_INFO	ACTIVE
2026-02-14T18:50:47.591719+00:00 INNODB_TRX	ACTIVE
2026-02-14T18:50:47.593674+00:00 INNODB_VIRTUAL	ACTIVE
2026-02-14T18:50:47.596694+00:00 MEMORY	ACTIVE
2026-02-14T18:50:47.599519+00:00 MRG_MYISAM	ACTIVE
2026-02-14T18:50:47.601391+00:00 MyISAM	ACTIVE
2026-02-14T18:50:47.603134+00:00 mysqlx	ACTIVE
2026-02-14T18:50:47.604592+00:00 mysqlx_cache_cleaner	ACTIVE
2026-02-14T18:50:47.606535+00:00 mysql_native_password	ACTIVE
2026-02-14T18:50:47.608605+00:00 ngram	ACTIVE
2026-02-14T18:50:47.610939+00:00 PERFORMANCE_SCHEMA	ACTIVE
2026-02-14T18:50:47.612131+00:00 sha256_password	ACTIVE
2026-02-14T18:50:47.614123+00:00 sha2_cache_cleaner	ACTIVE
2026-02-14T18:50:47.616232+00:00 TempTable	ACTIVE
2026-02-14T18:50:47.618382+00:00 
2026-02-14T18:50:47.620176+00:00 ---- functional_indexes ----
2026-02-14T18:50:47.622812+00:00 (no rows)
2026-02-14T18:50:47.625600+00:00 
2026-02-14T18:50:47.627471+00:00 ---- functional_defaults ----
2026-02-14T18:50:47.629477+00:00 (no rows)
2026-02-14T18:50:47.631397+00:00 
2026-02-14T18:50:47.635177+00:00 ---- invisible_columns ----
2026-02-14T18:50:47.636330+00:00 (no rows)
2026-02-14T18:50:47.638972+00:00 
2026-02-14T18:50:47.641393+00:00 ---- check_constraints ----
2026-02-14T18:50:47.643544+00:00 (no rows)
2026-02-14T18:50:47.645588+00:00 
2026-02-14T18:50:47.647594+00:00 ---- partial_revokes ----
2026-02-14T18:50:47.649662+00:00 (no rows)
2026-02-14T18:50:47.653735+00:00 
2026-02-14T18:50:47.656075+00:00 ---- gis_srid_usage ----
2026-02-14T18:50:47.658433+00:00 sakila	address	location	0
2026-02-14T18:50:47.660526+00:00 
2026-02-14T18:50:47.662245+00:00 ---- resource_groups ----
2026-02-14T18:50:47.663995+00:00 USR_default	USER	1	0-9	0
2026-02-14T18:50:47.666522+00:00 SYS_default	SYSTEM	1	0-9	0
2026-02-14T18:50:47.668908+00:00 
2026-02-14T18:50:47.671949+00:00 ---- xplugin_status ----
2026-02-14T18:50:47.674299+00:00 mysqlx	ACTIVE
2026-02-14T18:50:47.676615+00:00 
2026-02-14T18:50:47.678889+00:00 ---- fk_name_lengths ----
2026-02-14T18:50:47.681219+00:00 (no rows)
2026-02-14T18:50:47.684345+00:00 
2026-02-14T18:50:47.685432+00:00 ---- trigger_order ----
2026-02-14T18:50:47.687447+00:00 (no rows)
2026-02-14T18:50:47.689721+00:00 
2026-02-14T18:50:47.691786+00:00 Precheck complete.
2026-02-14T18:50:47.693819+00:00 TSV outputs: artifacts/assess_20260214_185046/precheck/*.tsv
2026-02-14T18:50:47.753423+00:00 FINISH success=True message=Assessment passed. Ready to plan/run.
