2026-03-04T17:25:27.119858+00:00 START mode=assessment config=config/source.yaml
2026-03-04T17:25:27.397717+00:00 Assessment source auth selected: SRC_ADMIN_USER (admin)
2026-03-04T17:25:27.408039+00:00 RUN precheck -> /mnt/macshare/scripts/00_precheck.sh
2026-03-04T17:25:36.185815+00:00 == Precheck runner ==
2026-03-04T17:25:36.189789+00:00 Host: 192.168.64.7  Port: 3306  User: admin
2026-03-04T17:25:36.195555+00:00 Checks dir: /mnt/macshare/sql/checks
2026-03-04T17:25:36.199846+00:00 Outdir: artifacts/assess_20260304_172525/precheck
2026-03-04T17:25:36.206257+00:00 
2026-03-04T17:25:36.212700+00:00 NOTE: mariadb-migrate-config-file not found; skipping config check.
2026-03-04T17:25:36.217343+00:00 ---- mysql_version ----
2026-03-04T17:25:36.226114+00:00 8.0.45-0ubuntu0.24.04.1
2026-03-04T17:25:36.231567+00:00 
2026-03-04T17:25:36.237879+00:00 ---- innodb_settings ----
2026-03-04T17:25:36.247710+00:00 1	1
2026-03-04T17:25:36.257098+00:00 
2026-03-04T17:25:36.261659+00:00 ---- auth_plugins ----
2026-03-04T17:25:36.268137+00:00 debian-sys-maint	localhost	caching_sha2_password
2026-03-04T17:25:36.273258+00:00 
2026-03-04T17:25:36.277986+00:00 ---- json_columns ----
2026-03-04T17:25:36.283305+00:00 advanced_test	json_test	data	json
2026-03-04T17:25:36.290752+00:00 advanced_test	json_test	metadata	json
2026-03-04T17:25:36.295600+00:00 testdb	orders_json	data_json	json
2026-03-04T17:25:36.306097+00:00 
2026-03-04T17:25:36.311064+00:00 ---- compression_encryption ----
2026-03-04T17:25:36.317174+00:00 (no rows)
2026-03-04T17:25:36.324568+00:00 
2026-03-04T17:25:36.329796+00:00 ---- engines_summary ----
2026-03-04T17:25:36.334076+00:00 PERFORMANCE_SCHEMA	111
2026-03-04T17:25:36.340195+00:00 InnoDB	58
2026-03-04T17:25:36.343802+00:00 CSV	2
2026-03-04T17:25:36.348790+00:00 
2026-03-04T17:25:36.354182+00:00 ---- schema_sizes ----
2026-03-04T17:25:36.359851+00:00 testdb	38.56
2026-03-04T17:25:36.362405+00:00 sakila	6.45
2026-03-04T17:25:36.367822+00:00 mysql	2.73
2026-03-04T17:25:36.373396+00:00 world	0.77
2026-03-04T17:25:36.378029+00:00 sys	0.02
2026-03-04T17:25:36.383764+00:00 advanced_test	0.02
2026-03-04T17:25:36.389015+00:00 test_replication	0.02
2026-03-04T17:25:36.393558+00:00 information_schema	0.00
2026-03-04T17:25:36.399401+00:00 performance_schema	0.00
2026-03-04T17:25:36.402960+00:00 
2026-03-04T17:25:36.408741+00:00 ---- schema_charsets ----
2026-03-04T17:25:36.413590+00:00 advanced_test	utf8mb4	utf8mb4_0900_ai_ci
2026-03-04T17:25:36.419507+00:00 sakila	utf8mb4	utf8mb4_0900_ai_ci
2026-03-04T17:25:36.427013+00:00 test_replication	utf8mb4	utf8mb4_0900_ai_ci
2026-03-04T17:25:36.431738+00:00 testdb	utf8mb4	utf8mb4_0900_ai_ci
2026-03-04T17:25:36.438446+00:00 world	utf8mb4	utf8mb4_0900_ai_ci
2026-03-04T17:25:36.445358+00:00 
2026-03-04T17:25:36.449104+00:00 ---- mysql8_collations ----
2026-03-04T17:25:36.454090+00:00 advanced_test	json_test	utf8mb4_0900_ai_ci
2026-03-04T17:25:36.459469+00:00 sakila	actor	utf8mb4_0900_ai_ci
2026-03-04T17:25:36.465242+00:00 sakila	address	utf8mb4_0900_ai_ci
2026-03-04T17:25:36.470905+00:00 sakila	category	utf8mb4_0900_ai_ci
2026-03-04T17:25:36.477187+00:00 sakila	city	utf8mb4_0900_ai_ci
2026-03-04T17:25:36.484096+00:00 sakila	country	utf8mb4_0900_ai_ci
2026-03-04T17:25:36.491646+00:00 sakila	customer	utf8mb4_0900_ai_ci
2026-03-04T17:25:36.495975+00:00 sakila	film	utf8mb4_0900_ai_ci
2026-03-04T17:25:36.511208+00:00 sakila	film_actor	utf8mb4_0900_ai_ci
2026-03-04T17:25:36.517226+00:00 sakila	film_category	utf8mb4_0900_ai_ci
2026-03-04T17:25:36.523740+00:00 sakila	film_text	utf8mb4_0900_ai_ci
2026-03-04T17:25:36.528397+00:00 sakila	inventory	utf8mb4_0900_ai_ci
2026-03-04T17:25:36.533414+00:00 sakila	language	utf8mb4_0900_ai_ci
2026-03-04T17:25:36.539573+00:00 sakila	payment	utf8mb4_0900_ai_ci
2026-03-04T17:25:36.545948+00:00 sakila	rental	utf8mb4_0900_ai_ci
2026-03-04T17:25:36.551230+00:00 sakila	staff	utf8mb4_0900_ai_ci
2026-03-04T17:25:36.557938+00:00 sakila	store	utf8mb4_0900_ai_ci
2026-03-04T17:25:36.563294+00:00 test_replication	customers	utf8mb4_0900_ai_ci
2026-03-04T17:25:36.570063+00:00 testdb	orders_json	utf8mb4_0900_ai_ci
2026-03-04T17:25:36.576327+00:00 world	city	utf8mb4_0900_ai_ci
2026-03-04T17:25:36.582119+00:00 world	country	utf8mb4_0900_ai_ci
2026-03-04T17:25:36.587396+00:00 world	countrylanguage	utf8mb4_0900_ai_ci
2026-03-04T17:25:36.591851+00:00 
2026-03-04T17:25:36.596741+00:00 ---- mysql8_column_collations ----
2026-03-04T17:25:36.601412+00:00 sakila	actor	first_name	utf8mb4_0900_ai_ci
2026-03-04T17:25:36.606134+00:00 sakila	actor	last_name	utf8mb4_0900_ai_ci
2026-03-04T17:25:36.610674+00:00 sakila	actor_info	film_info	utf8mb4_0900_ai_ci
2026-03-04T17:25:36.615056+00:00 sakila	actor_info	first_name	utf8mb4_0900_ai_ci
2026-03-04T17:25:36.620026+00:00 sakila	actor_info	last_name	utf8mb4_0900_ai_ci
2026-03-04T17:25:36.626752+00:00 sakila	address	address	utf8mb4_0900_ai_ci
2026-03-04T17:25:36.632556+00:00 sakila	address	address2	utf8mb4_0900_ai_ci
2026-03-04T17:25:36.638819+00:00 sakila	address	district	utf8mb4_0900_ai_ci
2026-03-04T17:25:36.643846+00:00 sakila	address	phone	utf8mb4_0900_ai_ci
2026-03-04T17:25:36.649932+00:00 sakila	address	postal_code	utf8mb4_0900_ai_ci
2026-03-04T17:25:36.655880+00:00 sakila	category	name	utf8mb4_0900_ai_ci
2026-03-04T17:25:36.661280+00:00 sakila	city	city	utf8mb4_0900_ai_ci
2026-03-04T17:25:36.666848+00:00 sakila	country	country	utf8mb4_0900_ai_ci
2026-03-04T17:25:36.672600+00:00 sakila	customer	email	utf8mb4_0900_ai_ci
2026-03-04T17:25:36.678557+00:00 sakila	customer	first_name	utf8mb4_0900_ai_ci
2026-03-04T17:25:36.684200+00:00 sakila	customer	last_name	utf8mb4_0900_ai_ci
2026-03-04T17:25:36.690425+00:00 sakila	customer_list	address	utf8mb4_0900_ai_ci
2026-03-04T17:25:36.696585+00:00 sakila	customer_list	city	utf8mb4_0900_ai_ci
2026-03-04T17:25:36.702209+00:00 sakila	customer_list	country	utf8mb4_0900_ai_ci
2026-03-04T17:25:36.707686+00:00 sakila	customer_list	name	utf8mb4_0900_ai_ci
2026-03-04T17:25:36.713025+00:00 sakila	customer_list	notes	utf8mb4_0900_ai_ci
2026-03-04T17:25:36.718166+00:00 sakila	customer_list	phone	utf8mb4_0900_ai_ci
2026-03-04T17:25:36.726276+00:00 sakila	customer_list	zip code	utf8mb4_0900_ai_ci
2026-03-04T17:25:36.732257+00:00 sakila	film	description	utf8mb4_0900_ai_ci
2026-03-04T17:25:36.740395+00:00 sakila	film	rating	utf8mb4_0900_ai_ci
2026-03-04T17:25:36.751027+00:00 sakila	film	special_features	utf8mb4_0900_ai_ci
2026-03-04T17:25:36.757019+00:00 sakila	film	title	utf8mb4_0900_ai_ci
2026-03-04T17:25:36.763366+00:00 sakila	film_list	actors	utf8mb4_0900_ai_ci
2026-03-04T17:25:36.771001+00:00 sakila	film_list	category	utf8mb4_0900_ai_ci
2026-03-04T17:25:36.777451+00:00 sakila	film_list	description	utf8mb4_0900_ai_ci
2026-03-04T17:25:36.783104+00:00 sakila	film_list	rating	utf8mb4_0900_ai_ci
2026-03-04T17:25:36.788776+00:00 sakila	film_list	title	utf8mb4_0900_ai_ci
2026-03-04T17:25:36.796014+00:00 sakila	film_text	description	utf8mb4_0900_ai_ci
2026-03-04T17:25:36.801192+00:00 sakila	film_text	title	utf8mb4_0900_ai_ci
2026-03-04T17:25:36.806651+00:00 sakila	language	name	utf8mb4_0900_ai_ci
2026-03-04T17:25:36.812482+00:00 sakila	nicer_but_slower_film_list	actors	utf8mb4_0900_ai_ci
2026-03-04T17:25:36.817862+00:00 sakila	nicer_but_slower_film_list	category	utf8mb4_0900_ai_ci
2026-03-04T17:25:36.823776+00:00 sakila	nicer_but_slower_film_list	description	utf8mb4_0900_ai_ci
2026-03-04T17:25:36.832828+00:00 sakila	nicer_but_slower_film_list	rating	utf8mb4_0900_ai_ci
2026-03-04T17:25:36.841207+00:00 sakila	nicer_but_slower_film_list	title	utf8mb4_0900_ai_ci
2026-03-04T17:25:36.847252+00:00 sakila	sales_by_film_category	category	utf8mb4_0900_ai_ci
2026-03-04T17:25:36.858377+00:00 sakila	sales_by_store	manager	utf8mb4_0900_ai_ci
2026-03-04T17:25:36.864308+00:00 sakila	sales_by_store	store	utf8mb4_0900_ai_ci
2026-03-04T17:25:36.870704+00:00 sakila	staff	email	utf8mb4_0900_ai_ci
2026-03-04T17:25:36.876550+00:00 sakila	staff	first_name	utf8mb4_0900_ai_ci
2026-03-04T17:25:36.883984+00:00 sakila	staff	last_name	utf8mb4_0900_ai_ci
2026-03-04T17:25:36.895642+00:00 sakila	staff	username	utf8mb4_0900_ai_ci
2026-03-04T17:25:36.907376+00:00 sakila	staff_list	address	utf8mb4_0900_ai_ci
2026-03-04T17:25:36.915048+00:00 sakila	staff_list	city	utf8mb4_0900_ai_ci
2026-03-04T17:25:36.921729+00:00 sakila	staff_list	country	utf8mb4_0900_ai_ci
2026-03-04T17:25:36.927706+00:00 ... (truncated; full output in artifacts/assess_20260304_172525/precheck/mysql8_column_collations.tsv)
2026-03-04T17:25:36.934652+00:00 
2026-03-04T17:25:36.939860+00:00 ---- sql_mode ----
2026-03-04T17:25:36.949197+00:00 ONLY_FULL_GROUP_BY,STRICT_TRANS_TABLES,NO_ZERO_IN_DATE,NO_ZERO_DATE,ERROR_FOR_DIVISION_BY_ZERO,NO_ENGINE_SUBSTITUTION
2026-03-04T17:25:36.953985+00:00 
2026-03-04T17:25:36.958737+00:00 ---- definers_inventory ----
2026-03-04T17:25:36.963529+00:00 TRIGGER	root@localhost	6
2026-03-04T17:25:36.968885+00:00 VIEW	root@localhost	7
2026-03-04T17:25:36.975545+00:00 
2026-03-04T17:25:36.981334+00:00 ---- partitioned_tables ----
2026-03-04T17:25:36.986533+00:00 (no rows)
2026-03-04T17:25:36.993375+00:00 
2026-03-04T17:25:37.000076+00:00 ---- active_plugins ----
2026-03-04T17:25:37.009118+00:00 ARCHIVE	ACTIVE
2026-03-04T17:25:37.023804+00:00 auth_socket	ACTIVE
2026-03-04T17:25:37.032686+00:00 binlog	ACTIVE
2026-03-04T17:25:37.042688+00:00 BLACKHOLE	ACTIVE
2026-03-04T17:25:37.049935+00:00 caching_sha2_password	ACTIVE
2026-03-04T17:25:37.056370+00:00 CSV	ACTIVE
2026-03-04T17:25:37.062769+00:00 daemon_keyring_proxy_plugin	ACTIVE
2026-03-04T17:25:37.069709+00:00 InnoDB	ACTIVE
2026-03-04T17:25:37.079172+00:00 INNODB_BUFFER_PAGE	ACTIVE
2026-03-04T17:25:37.087483+00:00 INNODB_BUFFER_PAGE_LRU	ACTIVE
2026-03-04T17:25:37.093878+00:00 INNODB_BUFFER_POOL_STATS	ACTIVE
2026-03-04T17:25:37.100369+00:00 INNODB_CACHED_INDEXES	ACTIVE
2026-03-04T17:25:37.107214+00:00 INNODB_CMP	ACTIVE
2026-03-04T17:25:37.113909+00:00 INNODB_CMPMEM	ACTIVE
2026-03-04T17:25:37.120016+00:00 INNODB_CMPMEM_RESET	ACTIVE
2026-03-04T17:25:37.126620+00:00 INNODB_CMP_PER_INDEX	ACTIVE
2026-03-04T17:25:37.135004+00:00 INNODB_CMP_PER_INDEX_RESET	ACTIVE
2026-03-04T17:25:37.142567+00:00 INNODB_CMP_RESET	ACTIVE
2026-03-04T17:25:37.149828+00:00 INNODB_COLUMNS	ACTIVE
2026-03-04T17:25:37.156295+00:00 INNODB_FT_BEING_DELETED	ACTIVE
2026-03-04T17:25:37.163698+00:00 INNODB_FT_CONFIG	ACTIVE
2026-03-04T17:25:37.170280+00:00 INNODB_FT_DEFAULT_STOPWORD	ACTIVE
2026-03-04T17:25:37.175520+00:00 INNODB_FT_DELETED	ACTIVE
2026-03-04T17:25:37.182465+00:00 INNODB_FT_INDEX_CACHE	ACTIVE
2026-03-04T17:25:37.187518+00:00 INNODB_FT_INDEX_TABLE	ACTIVE
2026-03-04T17:25:37.193382+00:00 INNODB_INDEXES	ACTIVE
2026-03-04T17:25:37.199622+00:00 INNODB_METRICS	ACTIVE
2026-03-04T17:25:37.204878+00:00 INNODB_SESSION_TEMP_TABLESPACES	ACTIVE
2026-03-04T17:25:37.209689+00:00 INNODB_TABLES	ACTIVE
2026-03-04T17:25:37.214540+00:00 INNODB_TABLESPACES	ACTIVE
2026-03-04T17:25:37.218710+00:00 INNODB_TABLESTATS	ACTIVE
2026-03-04T17:25:37.224284+00:00 INNODB_TEMP_TABLE_INFO	ACTIVE
2026-03-04T17:25:37.229155+00:00 INNODB_TRX	ACTIVE
2026-03-04T17:25:37.233985+00:00 INNODB_VIRTUAL	ACTIVE
2026-03-04T17:25:37.239114+00:00 MEMORY	ACTIVE
2026-03-04T17:25:37.248926+00:00 MRG_MYISAM	ACTIVE
2026-03-04T17:25:37.254735+00:00 MyISAM	ACTIVE
2026-03-04T17:25:37.261228+00:00 mysqlx	ACTIVE
2026-03-04T17:25:37.266693+00:00 mysqlx_cache_cleaner	ACTIVE
2026-03-04T17:25:37.271225+00:00 mysql_native_password	ACTIVE
2026-03-04T17:25:37.277349+00:00 ngram	ACTIVE
2026-03-04T17:25:37.281688+00:00 PERFORMANCE_SCHEMA	ACTIVE
2026-03-04T17:25:37.288469+00:00 sha256_password	ACTIVE
2026-03-04T17:25:37.293043+00:00 sha2_cache_cleaner	ACTIVE
2026-03-04T17:25:37.297983+00:00 TempTable	ACTIVE
2026-03-04T17:25:37.303443+00:00 
2026-03-04T17:25:37.308739+00:00 ---- functional_indexes ----
2026-03-04T17:25:37.315001+00:00 (no rows)
2026-03-04T17:25:37.320459+00:00 
2026-03-04T17:25:37.325563+00:00 ---- functional_defaults ----
2026-03-04T17:25:37.330557+00:00 (no rows)
2026-03-04T17:25:37.335404+00:00 
2026-03-04T17:25:37.342780+00:00 ---- invisible_columns ----
2026-03-04T17:25:37.349531+00:00 (no rows)
2026-03-04T17:25:37.354124+00:00 
2026-03-04T17:25:37.360623+00:00 ---- check_constraints ----
2026-03-04T17:25:37.365543+00:00 (no rows)
2026-03-04T17:25:37.371969+00:00 
2026-03-04T17:25:37.377297+00:00 ---- partial_revokes ----
2026-03-04T17:25:37.383593+00:00 (no rows)
2026-03-04T17:25:37.388660+00:00 
2026-03-04T17:25:37.393934+00:00 ---- gis_srid_usage ----
2026-03-04T17:25:37.400432+00:00 sakila	address	location	0
2026-03-04T17:25:37.407011+00:00 
2026-03-04T17:25:37.411861+00:00 ---- resource_groups ----
2026-03-04T17:25:37.417408+00:00 USR_default	USER	1	0-9	0
2026-03-04T17:25:37.423354+00:00 SYS_default	SYSTEM	1	0-9	0
2026-03-04T17:25:37.429572+00:00 
2026-03-04T17:25:37.435468+00:00 ---- xplugin_status ----
2026-03-04T17:25:37.445836+00:00 mysqlx	ACTIVE
2026-03-04T17:25:37.452870+00:00 
2026-03-04T17:25:37.459664+00:00 ---- fk_name_lengths ----
2026-03-04T17:25:37.465506+00:00 (no rows)
2026-03-04T17:25:37.471281+00:00 
2026-03-04T17:25:37.477279+00:00 ---- trigger_order ----
2026-03-04T17:25:37.482748+00:00 (no rows)
2026-03-04T17:25:37.488437+00:00 
2026-03-04T17:25:37.499040+00:00 Precheck complete.
2026-03-04T17:25:37.512571+00:00 TSV outputs: artifacts/assess_20260304_172525/precheck/*.tsv
2026-03-04T17:25:38.161530+00:00 FINISH success=True message=Assessment passed. Ready to plan/run.
