2026-03-04T16:40:14.873910+00:00 START mode=run config=config/migration.yaml
2026-03-04T16:40:14.961863+00:00 RUN  preflight_binlog (Preflight checks (binlog)) -> scripts/00_preflight_binlog.sh
2026-03-04T16:40:14.967663+00:00 CMD /mnt/macshare/scripts/00_preflight_binlog.sh
2026-03-04T16:40:14.997512+00:00 OUT ==> Preflight checks (binlog)
2026-03-04T16:40:15.006084+00:00 OUT Checking source admin connectivity...
2026-03-04T16:40:15.251047+00:00 OUT ERROR 1045 (28000): Access denied for user 'admin'@'192.168.64.11' (using password: YES)
2026-03-04T16:40:15.275437+00:00 FINISH success=False message=Run failed at step: preflight_binlog
2026-03-04T16:45:52.844859+00:00 START mode=run config=config/migration.yaml
2026-03-04T16:45:52.938289+00:00 RUN  preflight_binlog (Preflight checks (binlog)) -> scripts/00_preflight_binlog.sh
2026-03-04T16:45:52.944131+00:00 CMD /mnt/macshare/scripts/00_preflight_binlog.sh
2026-03-04T16:45:52.970772+00:00 OUT ==> Preflight checks (binlog)
2026-03-04T16:45:52.979518+00:00 OUT Checking source admin connectivity...
2026-03-04T16:45:53.248757+00:00 OUT Checking target admin connectivity...
2026-03-04T16:45:53.512262+00:00 OUT Checking source binary logging...
2026-03-04T16:45:53.796113+00:00 OUT Checking source binlog format...
2026-03-04T16:45:54.075408+00:00 OUT Checking source master status visibility...
2026-03-04T16:45:54.355941+00:00 OUT Checking source database(s) exist...
2026-03-04T16:45:54.875278+00:00 OUT ERROR: Target DB already exists: sakila
2026-03-04T16:45:54.882129+00:00 OUT Set ALLOW_TARGET_DB_OVERWRITE=1 only if overwrite is intended.
2026-03-04T16:45:54.906247+00:00 FINISH success=False message=Run failed at step: preflight_binlog
2026-03-04T16:48:13.343020+00:00 START mode=run config=config/migration.yaml
2026-03-04T16:48:13.426425+00:00 RUN  preflight_binlog (Preflight checks (binlog)) -> scripts/00_preflight_binlog.sh
2026-03-04T16:48:13.433095+00:00 CMD /mnt/macshare/scripts/00_preflight_binlog.sh
2026-03-04T16:48:13.459108+00:00 OUT ==> Preflight checks (binlog)
2026-03-04T16:48:13.466080+00:00 OUT Checking source admin connectivity...
2026-03-04T16:48:13.717986+00:00 OUT Checking target admin connectivity...
2026-03-04T16:48:13.974472+00:00 OUT Checking source binary logging...
2026-03-04T16:48:14.246293+00:00 OUT Checking source binlog format...
2026-03-04T16:48:14.521213+00:00 OUT Checking source master status visibility...
2026-03-04T16:48:14.789335+00:00 OUT Checking source database(s) exist...
2026-03-04T16:48:15.300802+00:00 OUT Preflight complete.
2026-03-04T16:48:15.322826+00:00 RUN  precheck (Precheck source variables and blockers) -> scripts/00_precheck.sh
2026-03-04T16:48:15.330084+00:00 CMD /mnt/macshare/scripts/00_precheck.sh
2026-03-04T16:48:15.400172+00:00 OUT == Precheck runner ==
2026-03-04T16:48:15.420432+00:00 OUT Host: 192.168.64.7  Port: 3306  User: admin
2026-03-04T16:48:15.442178+00:00 OUT Checks dir: /mnt/macshare/sql/checks
2026-03-04T16:48:15.461690+00:00 OUT Outdir: /mnt/macshare/artifacts/precheck
2026-03-04T16:48:15.482861+00:00 OUT 
2026-03-04T16:48:15.513291+00:00 OUT NOTE: mariadb-migrate-config-file not found; skipping config check.
2026-03-04T16:48:15.548303+00:00 OUT ---- mysql_version ----
2026-03-04T16:48:15.820160+00:00 OUT ERROR: mysql failed for mysql_version (see /mnt/macshare/artifacts/precheck/precheck.err)
2026-03-04T16:48:15.841944+00:00 FINISH success=False message=Run failed at step: precheck
