2026-03-04T17:03:07.475205+00:00 START mode=assessment config=config/source.yaml
2026-03-04T17:03:07.742574+00:00 Assessment source auth selected: SRC_ADMIN_USER (admin)
2026-03-04T17:03:07.750538+00:00 RUN precheck -> /mnt/macshare/scripts/00_precheck.sh
2026-03-04T17:03:16.420601+00:00 == Precheck runner ==
2026-03-04T17:03:16.424479+00:00 Host: 192.168.64.7  Port: 3306  User: admin
2026-03-04T17:03:16.428768+00:00 Checks dir: /mnt/macshare/sql/checks
2026-03-04T17:03:16.433807+00:00 Outdir: artifacts/assess_20260304_170305/precheck
2026-03-04T17:03:16.438199+00:00 
2026-03-04T17:03:16.442444+00:00 NOTE: mariadb-migrate-config-file not found; skipping config check.
2026-03-04T17:03:16.446885+00:00 ---- mysql_version ----
2026-03-04T17:03:16.451135+00:00 8.0.45-0ubuntu0.24.04.1
2026-03-04T17:03:16.456821+00:00 
2026-03-04T17:03:16.462917+00:00 ---- innodb_settings ----
2026-03-04T17:03:16.467391+00:00 1	1
2026-03-04T17:03:16.472076+00:00 
2026-03-04T17:03:16.477860+00:00 ---- auth_plugins ----
2026-03-04T17:03:16.482813+00:00 debian-sys-maint	localhost	caching_sha2_password
2026-03-04T17:03:16.486613+00:00 
2026-03-04T17:03:16.490883+00:00 ---- json_columns ----
2026-03-04T17:03:16.496359+00:00 advanced_test	json_test	data	json
2026-03-04T17:03:16.502186+00:00 advanced_test	json_test	metadata	json
2026-03-04T17:03:16.507561+00:00 testdb	orders_json	data_json	json
2026-03-04T17:03:16.512356+00:00 
2026-03-04T17:03:16.517559+00:00 ---- compression_encryption ----
2026-03-04T17:03:16.523562+00:00 (no rows)
2026-03-04T17:03:16.528269+00:00 
2026-03-04T17:03:16.532962+00:00 ---- engines_summary ----
2026-03-04T17:03:16.537852+00:00 PERFORMANCE_SCHEMA	111
2026-03-04T17:03:16.542325+00:00 InnoDB	58
2026-03-04T17:03:16.546795+00:00 CSV	2
2026-03-04T17:03:16.551094+00:00 
2026-03-04T17:03:16.557605+00:00 ---- schema_sizes ----
2026-03-04T17:03:16.564445+00:00 testdb	38.56
2026-03-04T17:03:16.570230+00:00 sakila	6.45
2026-03-04T17:03:16.574891+00:00 mysql	2.73
2026-03-04T17:03:16.579425+00:00 world	0.77
2026-03-04T17:03:16.584168+00:00 sys	0.02
2026-03-04T17:03:16.590163+00:00 advanced_test	0.02
2026-03-04T17:03:16.595820+00:00 test_replication	0.02
2026-03-04T17:03:16.601863+00:00 information_schema	0.00
2026-03-04T17:03:16.607511+00:00 performance_schema	0.00
2026-03-04T17:03:16.612131+00:00 
2026-03-04T17:03:16.617120+00:00 ---- schema_charsets ----
2026-03-04T17:03:16.622980+00:00 advanced_test	utf8mb4	utf8mb4_0900_ai_ci
2026-03-04T17:03:16.628487+00:00 sakila	utf8mb4	utf8mb4_0900_ai_ci
2026-03-04T17:03:16.635936+00:00 test_replication	utf8mb4	utf8mb4_0900_ai_ci
2026-03-04T17:03:16.641579+00:00 testdb	utf8mb4	utf8mb4_0900_ai_ci
2026-03-04T17:03:16.646742+00:00 world	utf8mb4	utf8mb4_0900_ai_ci
2026-03-04T17:03:16.652099+00:00 
2026-03-04T17:03:16.663579+00:00 ---- mysql8_collations ----
2026-03-04T17:03:16.668517+00:00 advanced_test	json_test	utf8mb4_0900_ai_ci
2026-03-04T17:03:16.673332+00:00 sakila	actor	utf8mb4_0900_ai_ci
2026-03-04T17:03:16.680937+00:00 sakila	address	utf8mb4_0900_ai_ci
2026-03-04T17:03:16.686093+00:00 sakila	category	utf8mb4_0900_ai_ci
2026-03-04T17:03:16.691462+00:00 sakila	city	utf8mb4_0900_ai_ci
2026-03-04T17:03:16.696967+00:00 sakila	country	utf8mb4_0900_ai_ci
2026-03-04T17:03:16.702768+00:00 sakila	customer	utf8mb4_0900_ai_ci
2026-03-04T17:03:16.709137+00:00 sakila	film	utf8mb4_0900_ai_ci
2026-03-04T17:03:16.714741+00:00 sakila	film_actor	utf8mb4_0900_ai_ci
2026-03-04T17:03:16.720599+00:00 sakila	film_category	utf8mb4_0900_ai_ci
2026-03-04T17:03:16.727258+00:00 sakila	film_text	utf8mb4_0900_ai_ci
2026-03-04T17:03:16.733867+00:00 sakila	inventory	utf8mb4_0900_ai_ci
2026-03-04T17:03:16.739106+00:00 sakila	language	utf8mb4_0900_ai_ci
2026-03-04T17:03:16.745652+00:00 sakila	payment	utf8mb4_0900_ai_ci
2026-03-04T17:03:16.751506+00:00 sakila	rental	utf8mb4_0900_ai_ci
2026-03-04T17:03:16.756830+00:00 sakila	staff	utf8mb4_0900_ai_ci
2026-03-04T17:03:16.764006+00:00 sakila	store	utf8mb4_0900_ai_ci
2026-03-04T17:03:16.771022+00:00 test_replication	customers	utf8mb4_0900_ai_ci
2026-03-04T17:03:16.777923+00:00 testdb	orders_json	utf8mb4_0900_ai_ci
2026-03-04T17:03:16.784293+00:00 world	city	utf8mb4_0900_ai_ci
2026-03-04T17:03:16.788744+00:00 world	country	utf8mb4_0900_ai_ci
2026-03-04T17:03:16.793714+00:00 world	countrylanguage	utf8mb4_0900_ai_ci
2026-03-04T17:03:16.798032+00:00 
2026-03-04T17:03:16.805349+00:00 ---- mysql8_column_collations ----
2026-03-04T17:03:16.811085+00:00 sakila	actor	first_name	utf8mb4_0900_ai_ci
2026-03-04T17:03:16.815639+00:00 sakila	actor	last_name	utf8mb4_0900_ai_ci
2026-03-04T17:03:16.820166+00:00 sakila	actor_info	film_info	utf8mb4_0900_ai_ci
2026-03-04T17:03:16.824077+00:00 sakila	actor_info	first_name	utf8mb4_0900_ai_ci
2026-03-04T17:03:16.828113+00:00 sakila	actor_info	last_name	utf8mb4_0900_ai_ci
2026-03-04T17:03:16.836720+00:00 sakila	address	address	utf8mb4_0900_ai_ci
2026-03-04T17:03:16.841699+00:00 sakila	address	address2	utf8mb4_0900_ai_ci
2026-03-04T17:03:16.847258+00:00 sakila	address	district	utf8mb4_0900_ai_ci
2026-03-04T17:03:16.851548+00:00 sakila	address	phone	utf8mb4_0900_ai_ci
2026-03-04T17:03:16.857245+00:00 sakila	address	postal_code	utf8mb4_0900_ai_ci
2026-03-04T17:03:16.862019+00:00 sakila	category	name	utf8mb4_0900_ai_ci
2026-03-04T17:03:16.867424+00:00 sakila	city	city	utf8mb4_0900_ai_ci
2026-03-04T17:03:16.873200+00:00 sakila	country	country	utf8mb4_0900_ai_ci
2026-03-04T17:03:16.879120+00:00 sakila	customer	email	utf8mb4_0900_ai_ci
2026-03-04T17:03:16.884277+00:00 sakila	customer	first_name	utf8mb4_0900_ai_ci
2026-03-04T17:03:16.889625+00:00 sakila	customer	last_name	utf8mb4_0900_ai_ci
2026-03-04T17:03:16.895539+00:00 sakila	customer_list	address	utf8mb4_0900_ai_ci
2026-03-04T17:03:16.901967+00:00 sakila	customer_list	city	utf8mb4_0900_ai_ci
2026-03-04T17:03:16.907296+00:00 sakila	customer_list	country	utf8mb4_0900_ai_ci
2026-03-04T17:03:16.912153+00:00 sakila	customer_list	name	utf8mb4_0900_ai_ci
2026-03-04T17:03:16.920312+00:00 sakila	customer_list	notes	utf8mb4_0900_ai_ci
2026-03-04T17:03:16.925489+00:00 sakila	customer_list	phone	utf8mb4_0900_ai_ci
2026-03-04T17:03:16.933520+00:00 sakila	customer_list	zip code	utf8mb4_0900_ai_ci
2026-03-04T17:03:16.940048+00:00 sakila	film	description	utf8mb4_0900_ai_ci
2026-03-04T17:03:16.946737+00:00 sakila	film	rating	utf8mb4_0900_ai_ci
2026-03-04T17:03:16.952695+00:00 sakila	film	special_features	utf8mb4_0900_ai_ci
2026-03-04T17:03:16.958547+00:00 sakila	film	title	utf8mb4_0900_ai_ci
2026-03-04T17:03:16.964587+00:00 sakila	film_list	actors	utf8mb4_0900_ai_ci
2026-03-04T17:03:16.970435+00:00 sakila	film_list	category	utf8mb4_0900_ai_ci
2026-03-04T17:03:16.976563+00:00 sakila	film_list	description	utf8mb4_0900_ai_ci
2026-03-04T17:03:16.984315+00:00 sakila	film_list	rating	utf8mb4_0900_ai_ci
2026-03-04T17:03:16.991470+00:00 sakila	film_list	title	utf8mb4_0900_ai_ci
2026-03-04T17:03:16.997974+00:00 sakila	film_text	description	utf8mb4_0900_ai_ci
2026-03-04T17:03:17.003419+00:00 sakila	film_text	title	utf8mb4_0900_ai_ci
2026-03-04T17:03:17.009073+00:00 sakila	language	name	utf8mb4_0900_ai_ci
2026-03-04T17:03:17.015612+00:00 sakila	nicer_but_slower_film_list	actors	utf8mb4_0900_ai_ci
2026-03-04T17:03:17.022395+00:00 sakila	nicer_but_slower_film_list	category	utf8mb4_0900_ai_ci
2026-03-04T17:03:17.029520+00:00 sakila	nicer_but_slower_film_list	description	utf8mb4_0900_ai_ci
2026-03-04T17:03:17.035511+00:00 sakila	nicer_but_slower_film_list	rating	utf8mb4_0900_ai_ci
2026-03-04T17:03:17.040739+00:00 sakila	nicer_but_slower_film_list	title	utf8mb4_0900_ai_ci
2026-03-04T17:03:17.046756+00:00 sakila	sales_by_film_category	category	utf8mb4_0900_ai_ci
2026-03-04T17:03:17.052968+00:00 sakila	sales_by_store	manager	utf8mb4_0900_ai_ci
2026-03-04T17:03:17.061115+00:00 sakila	sales_by_store	store	utf8mb4_0900_ai_ci
2026-03-04T17:03:17.067591+00:00 sakila	staff	email	utf8mb4_0900_ai_ci
2026-03-04T17:03:17.073962+00:00 sakila	staff	first_name	utf8mb4_0900_ai_ci
2026-03-04T17:03:17.080537+00:00 sakila	staff	last_name	utf8mb4_0900_ai_ci
2026-03-04T17:03:17.087479+00:00 sakila	staff	username	utf8mb4_0900_ai_ci
2026-03-04T17:03:17.093426+00:00 sakila	staff_list	address	utf8mb4_0900_ai_ci
2026-03-04T17:03:17.101137+00:00 sakila	staff_list	city	utf8mb4_0900_ai_ci
2026-03-04T17:03:17.107625+00:00 sakila	staff_list	country	utf8mb4_0900_ai_ci
2026-03-04T17:03:17.115243+00:00 ... (truncated; full output in artifacts/assess_20260304_170305/precheck/mysql8_column_collations.tsv)
2026-03-04T17:03:17.121129+00:00 
2026-03-04T17:03:17.126877+00:00 ---- sql_mode ----
2026-03-04T17:03:17.132808+00:00 ONLY_FULL_GROUP_BY,STRICT_TRANS_TABLES,NO_ZERO_IN_DATE,NO_ZERO_DATE,ERROR_FOR_DIVISION_BY_ZERO,NO_ENGINE_SUBSTITUTION
2026-03-04T17:03:17.138367+00:00 
2026-03-04T17:03:17.144316+00:00 ---- definers_inventory ----
2026-03-04T17:03:17.150445+00:00 TRIGGER	root@localhost	6
2026-03-04T17:03:17.155373+00:00 VIEW	root@localhost	7
2026-03-04T17:03:17.160295+00:00 
2026-03-04T17:03:17.166356+00:00 ---- partitioned_tables ----
2026-03-04T17:03:17.171841+00:00 (no rows)
2026-03-04T17:03:17.176767+00:00 
2026-03-04T17:03:17.181611+00:00 ---- active_plugins ----
2026-03-04T17:03:17.187284+00:00 ARCHIVE	ACTIVE
2026-03-04T17:03:17.193234+00:00 auth_socket	ACTIVE
2026-03-04T17:03:17.198883+00:00 binlog	ACTIVE
2026-03-04T17:03:17.205516+00:00 BLACKHOLE	ACTIVE
2026-03-04T17:03:17.211330+00:00 caching_sha2_password	ACTIVE
2026-03-04T17:03:17.216583+00:00 CSV	ACTIVE
2026-03-04T17:03:17.222958+00:00 daemon_keyring_proxy_plugin	ACTIVE
2026-03-04T17:03:17.229924+00:00 InnoDB	ACTIVE
2026-03-04T17:03:17.235528+00:00 INNODB_BUFFER_PAGE	ACTIVE
2026-03-04T17:03:17.240906+00:00 INNODB_BUFFER_PAGE_LRU	ACTIVE
2026-03-04T17:03:17.252424+00:00 INNODB_BUFFER_POOL_STATS	ACTIVE
2026-03-04T17:03:17.260739+00:00 INNODB_CACHED_INDEXES	ACTIVE
2026-03-04T17:03:17.270201+00:00 INNODB_CMP	ACTIVE
2026-03-04T17:03:17.276181+00:00 INNODB_CMPMEM	ACTIVE
2026-03-04T17:03:17.283051+00:00 INNODB_CMPMEM_RESET	ACTIVE
2026-03-04T17:03:17.289274+00:00 INNODB_CMP_PER_INDEX	ACTIVE
2026-03-04T17:03:17.297007+00:00 INNODB_CMP_PER_INDEX_RESET	ACTIVE
2026-03-04T17:03:17.303589+00:00 INNODB_CMP_RESET	ACTIVE
2026-03-04T17:03:17.309560+00:00 INNODB_COLUMNS	ACTIVE
2026-03-04T17:03:17.315742+00:00 INNODB_FT_BEING_DELETED	ACTIVE
2026-03-04T17:03:17.322202+00:00 INNODB_FT_CONFIG	ACTIVE
2026-03-04T17:03:17.327460+00:00 INNODB_FT_DEFAULT_STOPWORD	ACTIVE
2026-03-04T17:03:17.334994+00:00 INNODB_FT_DELETED	ACTIVE
2026-03-04T17:03:17.341350+00:00 INNODB_FT_INDEX_CACHE	ACTIVE
2026-03-04T17:03:17.346883+00:00 INNODB_FT_INDEX_TABLE	ACTIVE
2026-03-04T17:03:17.352514+00:00 INNODB_INDEXES	ACTIVE
2026-03-04T17:03:17.358035+00:00 INNODB_METRICS	ACTIVE
2026-03-04T17:03:17.362445+00:00 INNODB_SESSION_TEMP_TABLESPACES	ACTIVE
2026-03-04T17:03:17.367235+00:00 INNODB_TABLES	ACTIVE
2026-03-04T17:03:17.373898+00:00 INNODB_TABLESPACES	ACTIVE
2026-03-04T17:03:17.379047+00:00 INNODB_TABLESTATS	ACTIVE
2026-03-04T17:03:17.384522+00:00 INNODB_TEMP_TABLE_INFO	ACTIVE
2026-03-04T17:03:17.389958+00:00 INNODB_TRX	ACTIVE
2026-03-04T17:03:17.395490+00:00 INNODB_VIRTUAL	ACTIVE
2026-03-04T17:03:17.401405+00:00 MEMORY	ACTIVE
2026-03-04T17:03:17.406205+00:00 MRG_MYISAM	ACTIVE
2026-03-04T17:03:17.410994+00:00 MyISAM	ACTIVE
2026-03-04T17:03:17.416507+00:00 mysqlx	ACTIVE
2026-03-04T17:03:17.422552+00:00 mysqlx_cache_cleaner	ACTIVE
2026-03-04T17:03:17.427080+00:00 mysql_native_password	ACTIVE
2026-03-04T17:03:17.431598+00:00 ngram	ACTIVE
2026-03-04T17:03:17.436483+00:00 PERFORMANCE_SCHEMA	ACTIVE
2026-03-04T17:03:17.441100+00:00 sha256_password	ACTIVE
2026-03-04T17:03:17.445456+00:00 sha2_cache_cleaner	ACTIVE
2026-03-04T17:03:17.450727+00:00 TempTable	ACTIVE
2026-03-04T17:03:17.455322+00:00 
2026-03-04T17:03:17.461349+00:00 ---- functional_indexes ----
2026-03-04T17:03:17.466155+00:00 (no rows)
2026-03-04T17:03:17.472564+00:00 
2026-03-04T17:03:17.477553+00:00 ---- functional_defaults ----
2026-03-04T17:03:17.482602+00:00 (no rows)
2026-03-04T17:03:17.487296+00:00 
2026-03-04T17:03:17.497658+00:00 ---- invisible_columns ----
2026-03-04T17:03:17.503801+00:00 (no rows)
2026-03-04T17:03:17.507224+00:00 
2026-03-04T17:03:17.511765+00:00 ---- check_constraints ----
2026-03-04T17:03:17.517175+00:00 (no rows)
2026-03-04T17:03:17.523039+00:00 
2026-03-04T17:03:17.528404+00:00 ---- partial_revokes ----
2026-03-04T17:03:17.533391+00:00 (no rows)
2026-03-04T17:03:17.538471+00:00 
2026-03-04T17:03:17.543898+00:00 ---- gis_srid_usage ----
2026-03-04T17:03:17.549196+00:00 sakila	address	location	0
2026-03-04T17:03:17.554828+00:00 
2026-03-04T17:03:17.561261+00:00 ---- resource_groups ----
2026-03-04T17:03:17.565610+00:00 USR_default	USER	1	0-9	0
2026-03-04T17:03:17.570198+00:00 SYS_default	SYSTEM	1	0-9	0
2026-03-04T17:03:17.576053+00:00 
2026-03-04T17:03:17.582229+00:00 ---- xplugin_status ----
2026-03-04T17:03:17.587008+00:00 mysqlx	ACTIVE
2026-03-04T17:03:17.592355+00:00 
2026-03-04T17:03:17.599410+00:00 ---- fk_name_lengths ----
2026-03-04T17:03:17.604347+00:00 (no rows)
2026-03-04T17:03:17.609233+00:00 
2026-03-04T17:03:17.614629+00:00 ---- trigger_order ----
2026-03-04T17:03:17.619710+00:00 (no rows)
2026-03-04T17:03:17.624577+00:00 
2026-03-04T17:03:17.629194+00:00 Precheck complete.
2026-03-04T17:03:17.635399+00:00 TSV outputs: artifacts/assess_20260304_170305/precheck/*.tsv
2026-03-04T17:03:18.300567+00:00 FINISH success=True message=Assessment passed. Ready to plan/run.
